PRT1
423
1239
4 0 3 (0 3072 -1312 ) (0 3072 3776 ) (0 3876.919922 3776 ) (0 3876.919922 -1312 ) 
4 0 1 (755.200073 3072 3776 ) (0 3072 3776 ) (0 3072 -1312 ) (755.200073 3072 -1312 ) 
4 1 5 (0 2048 -1312 ) (0 2048 3776 ) (0 3072 3776 ) (0 3072 -1312 ) 
4 1 2 (0 2048 3776 ) (0 2048 -1312 ) (755.200073 2048 -1312 ) (755.200073 2048 3776 ) 
4 2 30 (0 1024 -88 ) (0 1024 -1312 ) (64 1024 -1312 ) (64 1024 -88 ) 
4 2 29 (0 1024 -80 ) (0 1024 -88 ) (64 1024 -88 ) (64 1024 -80 ) 
4 2 27 (0 1024 48 ) (0 1024 -80 ) (64 1024 -80 ) (64 1024 48 ) 
4 2 25 (64 1024 3776 ) (0 1024 3776 ) (0 1024 48 ) (64 1024 48 ) 
4 2 22 (80 1024 3776 ) (64 1024 3776 ) (64 1024 -1312 ) (80 1024 -1312 ) 
4 2 21 (755.200073 1024 3776 ) (80 1024 3776 ) (80 1024 -1312 ) (755.200073 1024 -1312 ) 
4 2 7 (0 1024 -1312 ) (0 1024 3776 ) (0 2048 3776 ) (0 2048 -1312 ) 
4 3 5 (0 3072 -1312 ) (0 3072 3776 ) (-1024 3072 3776 ) (-1024 3072 -1312 ) 
4 3 4 (-1024 3072 -1312 ) (-1024 3072 3776 ) (-1024 3876.919922 3776 ) (-1024 3876.919922 -1312 ) 
4 4 9 (-2048 3072 -1312 ) (-2048 3072 3776 ) (-2048 3876.919922 3776 ) (-2048 3876.919922 -1312 ) 
4 4 6 (-1024 3072 -1312 ) (-1024 3072 3776 ) (-2048 3072 3776 ) (-2048 3072 -1312 ) 
4 5 7 (0 2048 -1312 ) (0 2048 3776 ) (-1024 2048 3776 ) (-1024 2048 -1312 ) 
4 5 6 (-1024 2048 -1312 ) (-1024 2048 3776 ) (-1024 3072 3776 ) (-1024 3072 -1312 ) 
4 6 11 (-2048 2048 -1312 ) (-2048 2048 3776 ) (-2048 3072 3776 ) (-2048 3072 -1312 ) 
4 6 8 (-2048 2048 3776 ) (-2048 2048 -1312 ) (-1024 2048 -1312 ) (-1024 2048 3776 ) 
4 7 61 (-1024 1024 -696 ) (-1024 1024 -1312 ) (-960 1024 -1312 ) (-960 1024 -696 ) 
4 7 59 (-960 1024 3776 ) (-1024 1024 3776 ) (-1024 1024 -696 ) (-960 1024 -696 ) 
4 7 58 (0 1024 -1312 ) (0 1024 -216 ) (-960 1024 -216 ) (-960 1024 -1312 ) 
4 7 57 (-712 1024 -88 ) (-960 1024 -88 ) (-960 1024 -216 ) (-712 1024 -216 ) 
4 7 56 (0 1024 -216 ) (0 1024 -88 ) (-712 1024 -88 ) (-712 1024 -216 ) 
4 7 55 (-704 1024 -80 ) (-960 1024 -80 ) (-960 1024 -88 ) (-704 1024 -88 ) 
4 7 54 (0 1024 -88 ) (0 1024 -80 ) (-704 1024 -80 ) (-704 1024 -88 ) 
4 7 53 (-960 1024 304 ) (-960 1024 -80 ) (-448 1024 -80 ) (-448 1024 304 ) 
4 7 52 (-448 1024 3776 ) (-960 1024 3776 ) (-960 1024 304 ) (-448 1024 304 ) 
4 7 51 (0 1024 -80 ) (0 1024 48 ) (-448 1024 48 ) (-448 1024 -80 ) 
4 7 50 (0 1024 48 ) (0 1024 3776 ) (-448 1024 3776 ) (-448 1024 48 ) 
4 7 8 (-1024 2048 3776 ) (-1024 2048 -1312 ) (-1024 1024 -1312 ) (-1024 1024 3776 ) 
4 8 101 (-2048 1024 528 ) (-2048 1024 -1312 ) (-1968 1024 -1312 ) (-1968 1024 528 ) 
4 8 100 (-2048 1024 624 ) (-2048 1024 528 ) (-1968 1024 528 ) (-1968 1024 624 ) 
4 8 99 (-2048 1024 816 ) (-2048 1024 624 ) (-1968 1024 624 ) (-1968 1024 816 ) 
4 8 98 (-2048 1024 880 ) (-2048 1024 816 ) (-1968 1024 816 ) (-1968 1024 880 ) 
4 8 97 (-2048 1024 1088 ) (-2048 1024 880 ) (-1968 1024 880 ) (-1968 1024 1088 ) 
4 8 96 (-1968 1024 3776 ) (-2048 1024 3776 ) (-2048 1024 1088 ) (-1968 1024 1088 ) 
4 8 95 (-1968 1024 80 ) (-1968 1024 -1312 ) (-1312 1024 -1312 ) (-1312 1024 80 ) 
4 8 93 (-1312 1024 304 ) (-1792 1024 304 ) (-1792 1024 80 ) (-1312 1024 80 ) 
4 8 94 (-1792 1024 304 ) (-1968 1024 304 ) (-1968 1024 80 ) (-1792 1024 80 ) 
4 8 92 (-1024 1024 -1312 ) (-1024 1024 -696 ) (-1312 1024 -696 ) (-1312 1024 -1312 ) 
4 8 91 (-1024 1024 -696 ) (-1024 1024 304 ) (-1312 1024 304 ) (-1312 1024 -696 ) 
4 8 89 (-1664 1024 528 ) (-1792 1024 528 ) (-1792 1024 304 ) (-1664 1024 304 ) 
4 8 88 (-1024 1024 304 ) (-1024 1024 528 ) (-1664 1024 528 ) (-1664 1024 304 ) 
4 8 90 (-1792 1024 528 ) (-1968 1024 528 ) (-1968 1024 304 ) (-1792 1024 304 ) 
4 8 87 (-1664 1024 672 ) (-1968 1024 672 ) (-1968 1024 528 ) (-1664 1024 528 ) 
4 8 86 (-1024 1024 528 ) (-1024 1024 672 ) (-1664 1024 672 ) (-1664 1024 528 ) 
4 8 85 (-1024 1024 672 ) (-1024 1024 3776 ) (-1968 1024 3776 ) (-1968 1024 672 ) 
4 8 13 (-2048 1024 -1312 ) (-2048 1024 3776 ) (-2048 2048 3776 ) (-2048 2048 -1312 ) 
4 9 11 (-2048 3072 -1312 ) (-2048 3072 3776 ) (-3072 3072 3776 ) (-3072 3072 -1312 ) 
4 9 10 (-3072 3072 -1312 ) (-3072 3072 3776 ) (-3072 3876.919922 3776 ) (-3072 3876.919922 -1312 ) 
4 10 15 (-4096 3072 -1312 ) (-4096 3072 3776 ) (-4096 3876.919922 3776 ) (-4096 3876.919922 -1312 ) 
4 10 12 (-3072 3072 -1312 ) (-3072 3072 3776 ) (-4096 3072 3776 ) (-4096 3072 -1312 ) 
4 11 13 (-2048 2048 -1312 ) (-2048 2048 3776 ) (-3072 2048 3776 ) (-3072 2048 -1312 ) 
4 11 12 (-3072 2048 -1312 ) (-3072 2048 3776 ) (-3072 3072 3776 ) (-3072 3072 -1312 ) 
4 12 17 (-4096 2048 -1312 ) (-4096 2048 3776 ) (-4096 3072 3776 ) (-4096 3072 -1312 ) 
4 12 14 (-4096 2048 3776 ) (-4096 2048 -1312 ) (-3072 2048 -1312 ) (-3072 2048 3776 ) 
4 13 282 (-3072 1024 768 ) (-3072 1024 -1312 ) (-2880 1024 -1312 ) (-2880 1024 768 ) 
4 13 280 (-3008 1024 768 ) (-2880 1024 768 ) (-2880 1024 784 ) (-3008 1024 784 ) 
4 13 281 (-3072 1024 784 ) (-3072 1024 768 ) (-3008 1024 768 ) (-3008 1024 784 ) 
4 13 275 (-3072 1024 912 ) (-3072 1024 784 ) (-2880 1024 784 ) (-2880 1024 912 ) 
4 13 272 (-3024 1024 912 ) (-3008 1024 912 ) (-3008 1024 976 ) (-3024 1024 976 ) 
4 13 273 (-3072 1024 976 ) (-3072 1024 912 ) (-3024 1024 912 ) (-3024 1024 976 ) 
4 13 271 (-3008 1024 3776 ) (-3072 1024 3776 ) (-3072 1024 976 ) (-3008 1024 976 ) 
4 13 261 (-3008 1024 984 ) (-3008 1024 912 ) (-2880 1024 912 ) (-2880 1024 984 ) 
4 13 251 (-3008 1024 1016 ) (-3008 1024 984 ) (-2880 1024 984 ) (-2880 1024 1016 ) 
4 13 247 (-2992 1024 1016 ) (-2896 1024 1016 ) (-2896 1024 1088 ) (-2992 1024 1088 ) 
4 13 246 (-2896 1024 1016 ) (-2880 1024 1016 ) (-2880 1024 1088 ) (-2896 1024 1088 ) 
4 13 249 (-3008 1024 1088 ) (-3008 1024 1016 ) (-2992 1024 1016 ) (-2992 1024 1088 ) 
4 13 245 (-2880 1024 3776 ) (-3008 1024 3776 ) (-3008 1024 1088 ) (-2880 1024 1088 ) 
4 13 242 (-2880 1024 656 ) (-2880 1024 -1312 ) (-2752 1024 -1312 ) (-2752 1024 656 ) 
4 13 239 (-2864 1024 3776 ) (-2880 1024 3776 ) (-2880 1024 656 ) (-2864 1024 656 ) 
4 13 237 (-2768 1024 656 ) (-2752 1024 656 ) (-2752 1024 1040 ) (-2768 1024 1040 ) 
4 13 238 (-2864 1024 1040 ) (-2864 1024 656 ) (-2768 1024 656 ) (-2768 1024 1040 ) 
4 13 236 (-2752 1024 3776 ) (-2864 1024 3776 ) (-2864 1024 1040 ) (-2752 1024 1040 ) 
4 13 235 (-2048 1024 -1312 ) (-2048 1024 624 ) (-2752 1024 624 ) (-2752 1024 -1312 ) 
4 13 234 (-2432 1024 656 ) (-2752 1024 656 ) (-2752 1024 624 ) (-2432 1024 624 ) 
4 13 233 (-2048 1024 624 ) (-2048 1024 656 ) (-2432 1024 656 ) (-2432 1024 624 ) 
4 13 231 (-2432 1024 1040 ) (-2752 1024 1040 ) (-2752 1024 656 ) (-2432 1024 656 ) 
4 13 229 (-2416 1024 1040 ) (-2432 1024 1040 ) (-2432 1024 656 ) (-2416 1024 656 ) 
4 13 228 (-2048 1024 656 ) (-2048 1024 1040 ) (-2416 1024 1040 ) (-2416 1024 656 ) 
4 13 226 (-2432 1024 3776 ) (-2752 1024 3776 ) (-2752 1024 1040 ) (-2432 1024 1040 ) 
4 13 225 (-2048 1024 1040 ) (-2048 1024 3776 ) (-2432 1024 3776 ) (-2432 1024 1040 ) 
4 13 14 (-3072 2048 3776 ) (-3072 2048 -1312 ) (-3072 1024 -1312 ) (-3072 1024 3776 ) 
4 14 333 (-3072 1024 -1312 ) (-3072 1024 512 ) (-4096 1024 512 ) (-4096 1024 -1312 ) 
4 14 331 (-3072 1024 512 ) (-3072 1024 528 ) (-3296 1024 528 ) (-3296 1024 512 ) 
4 14 332 (-3296 1024 528 ) (-4096 1024 528 ) (-4096 1024 512 ) (-3296 1024 512 ) 
4 14 326 (-3072 1024 528 ) (-3072 1024 624 ) (-3616 1024 624 ) (-3616 1024 528 ) 
4 14 327 (-3616 1024 624 ) (-4096 1024 624 ) (-4096 1024 528 ) (-3616 1024 528 ) 
4 14 316 (-3072 1024 624 ) (-3072 1024 784 ) (-3616 1024 784 ) (-3616 1024 624 ) 
4 14 317 (-3616 1024 784 ) (-4096 1024 784 ) (-4096 1024 624 ) (-3616 1024 624 ) 
4 14 314 (-3072 1024 784 ) (-3072 1024 912 ) (-3616 1024 912 ) (-3616 1024 784 ) 
4 14 315 (-3616 1024 912 ) (-4096 1024 912 ) (-4096 1024 784 ) (-3616 1024 784 ) 
4 14 311 (-3072 1024 912 ) (-3072 1024 3776 ) (-3616 1024 3776 ) (-3616 1024 912 ) 
4 14 313 (-3616 1024 3776 ) (-4096 1024 3776 ) (-4096 1024 912 ) (-3616 1024 912 ) 
4 14 18 (-4096 1024 -1312 ) (-4096 1024 3776 ) (-4096 2048 3776 ) (-4096 2048 -1312 ) 
4 15 17 (-4096 3072 -1312 ) (-4096 3072 3776 ) (-5120 3072 3776 ) (-5120 3072 -1312 ) 
4 15 16 (-5120 3072 -1312 ) (-5120 3072 3776 ) (-5120 3876.919922 3776 ) (-5120 3876.919922 -1312 ) 
4 16 19 (-5120 3072 -1312 ) (-5120 3072 3776 ) (-6003.200684 3072 3776 ) (-6003.200684 3072 -1312 ) 
4 17 19 (-5120 3072 3776 ) (-5120 3072 -1312 ) (-5120 2048 -1312 ) (-5120 2048 3776 ) 
4 17 18 (-4096 2048 -1312 ) (-4096 2048 3776 ) (-5120 2048 3776 ) (-5120 2048 -1312 ) 
4 18 409 (-4096 1024 -1312 ) (-4096 1024 3776 ) (-5120 1024 3776 ) (-5120 1024 -1312 ) 
4 18 20 (-5120 1024 -1312 ) (-5120 1024 3776 ) (-5120 2048 3776 ) (-5120 2048 -1312 ) 
4 19 20 (-5120 2048 -1312 ) (-5120 2048 3776 ) (-6003.200684 2048 3776 ) (-6003.200684 2048 -1312 ) 
4 20 410 (-5120 1024 -1312 ) (-5120 1024 3776 ) (-6003.200684 1024 3776 ) (-6003.200684 1024 -1312 ) 
4 21 31 (755.200073 0 3776 ) (80 0 3776 ) (80 0 -1312 ) (755.200073 0 -1312 ) 
4 21 23 (80 0 48 ) (80 0 3776 ) (80 96 3776 ) (80 96 48 ) 
4 21 24 (80 96 -1312 ) (80 0 -1312 ) (80 0 -80 ) (80 96 -80 ) 
4 21 22 (80 1024 -1312 ) (80 96 -1312 ) (80 96 3776 ) (80 1024 3776 ) 
4 22 30 (64 1024 -88 ) (64 1024 -1312 ) (64 96 -1312 ) (64 96 -88 ) 
4 22 29 (64 1024 -80 ) (64 1024 -88 ) (64 96 -88 ) (64 96 -80 ) 
4 22 27 (64 1024 48 ) (64 1024 -80 ) (64 112 -80 ) (64 112 48 ) 
4 22 25 (64 96 3776 ) (64 1024 3776 ) (64 1024 48 ) (64 96 48 ) 
4 22 23 (80 96 48 ) (80 96 3776 ) (64 96 3776 ) (64 96 48 ) 
4 22 24 (64 96 -1312 ) (80 96 -1312 ) (80 96 -80 ) (64 96 -80 ) 
4 23 32 (80 0 3776 ) (64 0 3776 ) (64 0 48 ) (80 0 48 ) 
4 23 26 (64 0 64 ) (64 0 3776 ) (64 96 3776 ) (64 96 64 ) 
4 24 33 (64 0 -80 ) (64 0 -1312 ) (80 0 -1312 ) (80 0 -80 ) 
4 24 30 (64 0 -1312 ) (64 0 -88 ) (64 96 -88 ) (64 96 -1312 ) 
4 25 50 (0 1024 3776 ) (0 1024 48 ) (0 96 48 ) (0 96 3776 ) 
4 25 27 (0 1024 48 ) (64 1024 48 ) (64 112 48 ) (0 112 48 ) 
4 25 26 (64 96 64 ) (64 96 3776 ) (0 96 3776 ) (0 96 64 ) 
4 26 65 (0 0 64 ) (0 0 304 ) (0 96 304 ) (0 96 64 ) 
4 26 63 (0 0 304 ) (0 0 312 ) (0 96 312 ) (0 96 304 ) 
4 26 62 (0 0 312 ) (0 0 3776 ) (0 96 3776 ) (0 96 312 ) 
4 26 37 (64 0 64 ) (64 0 3776 ) (0 0 3776 ) (0 0 64 ) 
4 27 51 (0 1024 48 ) (0 1024 -80 ) (0 112 -80 ) (0 112 48 ) 
4 27 29 (0 112 -80 ) (0 1024 -80 ) (64 1024 -80 ) (64 112 -80 ) 
4 28 66 (0 96 -80 ) (0 0 -80 ) (0 0 48 ) (0 96 48 ) 
4 28 38 (64 0 -80 ) (64 0 48 ) (0 0 48 ) (0 0 -80 ) 
4 29 54 (0 1024 -80 ) (0 1024 -88 ) (0 96 -88 ) (0 96 -80 ) 
4 29 30 (0 1024 -88 ) (64 1024 -88 ) (64 96 -88 ) (0 96 -88 ) 
4 30 76 (0 96 -1312 ) (0 0 -1312 ) (0 0 -216 ) (0 96 -216 ) 
4 30 75 (0 0 -216 ) (0 0 -88 ) (0 96 -88 ) (0 96 -216 ) 
4 30 58 (0 1024 -216 ) (0 1024 -1312 ) (0 96 -1312 ) (0 96 -216 ) 
4 30 56 (0 1024 -88 ) (0 1024 -216 ) (0 96 -216 ) (0 96 -88 ) 
4 30 41 (64 0 -1312 ) (64 0 -88 ) (0 0 -88 ) (0 0 -1312 ) 
4 31 49 (755.200073 -1024 3776 ) (80 -1024 3776 ) (80 -1024 -1312 ) (755.200073 -1024 -1312 ) 
4 31 34 (80 -304 40 ) (80 -304 3776 ) (80 -192 3776 ) (80 -192 40 ) 
4 31 35 (80 -192 -1312 ) (80 -304 -1312 ) (80 -304 -88 ) (80 -192 -88 ) 
4 31 36 (80 -304 -1312 ) (80 -1024 -1312 ) (80 -1024 3776 ) (80 -304 3776 ) 
4 31 32 (80 -192 48 ) (80 -192 3776 ) (80 0 3776 ) (80 0 48 ) 
4 31 33 (80 0 -1312 ) (80 -192 -1312 ) (80 -192 -80 ) (80 0 -80 ) 
4 32 40 (64 -192 64 ) (64 -192 3776 ) (64 -176 3776 ) (64 -176 64 ) 
4 32 37 (64 0 3776 ) (64 0 64 ) (64 -176 64 ) (64 -176 3776 ) 
4 32 34 (80 -192 48 ) (80 -192 3776 ) (64 -192 3776 ) (64 -192 48 ) 
4 33 42 (64 -32 -1312 ) (64 -192 -1312 ) (64 -192 -96 ) (64 -32 -96 ) 
4 33 41 (64 0 -88 ) (64 0 -1312 ) (64 -32 -1312 ) (64 -32 -88 ) 
4 33 35 (64 -192 -1312 ) (80 -192 -1312 ) (80 -192 -88 ) (64 -192 -88 ) 
4 34 43 (64 -304 56 ) (64 -304 3776 ) (64 -192 3776 ) (64 -192 56 ) 
4 34 36 (80 -304 40 ) (80 -304 3776 ) (64 -304 3776 ) (64 -304 40 ) 
4 35 48 (64 -192 -1312 ) (64 -304 -1312 ) (64 -304 -104 ) (64 -192 -104 ) 
4 35 36 (64 -304 -1312 ) (80 -304 -1312 ) (80 -304 -88 ) (64 -304 -88 ) 
4 36 49 (80 -1024 3776 ) (64 -1024 3776 ) (64 -1024 -1312 ) (80 -1024 -1312 ) 
4 36 48 (64 -304 -1312 ) (64 -1024 -1312 ) (64 -1024 -104 ) (64 -304 -104 ) 
4 36 47 (64 -1024 -104 ) (64 -1024 -88 ) (64 -304 -88 ) (64 -304 -104 ) 
4 36 46 (64 -1024 -88 ) (64 -1024 40 ) (64 -320 40 ) (64 -320 -88 ) 
4 36 44 (64 -1024 40 ) (64 -1024 3776 ) (64 -304 3776 ) (64 -304 40 ) 
4 37 148 (0 -32 64 ) (0 -176 64 ) (0 -176 3776 ) (0 -32 3776 ) 
4 37 131 (0 0 304 ) (0 0 64 ) (0 -32 64 ) (0 -32 304 ) 
4 37 128 (0 0 3776 ) (0 0 304 ) (0 -32 304 ) (0 -32 3776 ) 
4 37 40 (64 -176 64 ) (64 -176 3776 ) (0 -176 3776 ) (0 -176 64 ) 
4 38 149 (0 -32 -80 ) (0 -176 -80 ) (0 -176 48 ) (0 -32 48 ) 
4 38 133 (0 0 48 ) (0 0 -80 ) (0 -32 -80 ) (0 -32 48 ) 
6 38 39 (0 -176 -80 ) (40 -176 -80 ) (60 -176 -44 ) (56 -176 -15.998218 ) (36 -176 12 ) (0 -176 24 ) 
4 39 150 (0 -192 -80 ) (0 -192 24 ) (0 -176 24 ) (0 -176 -80 ) 
6 39 45 (60 -192 -44 ) (56 -192 -15.998219 ) (36 -192 12 ) (0 -192 24 ) (0 -192 -80 ) (40 -192 -80 ) 
4 40 148 (0 -192 64 ) (0 -192 3776 ) (0 -176 3776 ) (0 -176 64 ) 
4 40 43 (64 -192 64 ) (64 -192 3776 ) (0 -192 3776 ) (0 -192 64 ) 
4 41 139 (0 -32 -1312 ) (0 -32 -216 ) (0 0 -216 ) (0 0 -1312 ) 
4 41 138 (0 -32 -216 ) (0 -32 -88 ) (0 0 -88 ) (0 0 -216 ) 
4 41 42 (64 -32 -1312 ) (64 -32 -96 ) (0 -32 -96 ) (0 -32 -1312 ) 
4 42 151 (0 -192 -1312 ) (0 -192 -96 ) (0 -32 -96 ) (0 -32 -1312 ) 
4 42 48 (64 -192 -1312 ) (64 -192 -104 ) (0 -192 -104 ) (0 -192 -1312 ) 
4 43 163 (0 -304 3776 ) (0 -192 3776 ) (0 -192 56 ) (0 -304 56 ) 
4 43 44 (64 -304 56 ) (64 -304 3776 ) (0 -304 3776 ) (0 -304 56 ) 
4 44 164 (0 -1024 40 ) (0 -1024 3776 ) (0 -304 3776 ) (0 -304 40 ) 
4 44 49 (0 -1024 3776 ) (0 -1024 40 ) (64 -1024 40 ) (64 -1024 3776 ) 
4 44 46 (64 -320 40 ) (64 -1024 40 ) (0 -1024 40 ) (0 -320 40 ) 
4 45 166 (0 -304 40 ) (0 -192 40 ) (0 -192 -88 ) (0 -304 -88 ) 
4 46 167 (0 -1024 -88 ) (0 -1024 40 ) (0 -320 40 ) (0 -320 -88 ) 
4 46 49 (0 -1024 40 ) (0 -1024 -88 ) (64 -1024 -88 ) (64 -1024 40 ) 
4 46 47 (0 -1024 -88 ) (0 -320 -88 ) (64 -320 -88 ) (64 -1024 -88 ) 
4 47 170 (0 -1024 -104 ) (0 -1024 -88 ) (0 -304 -88 ) (0 -304 -104 ) 
4 47 49 (0 -1024 -88 ) (0 -1024 -104 ) (64 -1024 -104 ) (64 -1024 -88 ) 
4 47 48 (64 -304 -104 ) (64 -1024 -104 ) (0 -1024 -104 ) (0 -304 -104 ) 
4 48 172 (0 -1024 -1312 ) (0 -1024 -104 ) (0 -192 -104 ) (0 -192 -1312 ) 
4 48 49 (0 -1024 -104 ) (0 -1024 -1312 ) (64 -1024 -1312 ) (64 -1024 -104 ) 
4 49 219 (755.200073 -2048 3776 ) (0 -2048 3776 ) (0 -2048 -1312 ) (755.200073 -2048 -1312 ) 
4 49 217 (0 -2048 -1312 ) (0 -2048 3776 ) (0 -1024 3776 ) (0 -1024 -1312 ) 
4 50 65 (0 96 64 ) (0 96 304 ) (-64 96 304 ) (-64 96 64 ) 
4 50 63 (0 96 304 ) (0 96 312 ) (-432 96 312 ) (-432 96 304 ) 
4 50 62 (0 96 312 ) (0 96 3776 ) (-448 96 3776 ) (-448 96 312 ) 
4 50 53 (-448 1024 304 ) (-448 1024 48 ) (-448 112 48 ) (-448 112 304 ) 
4 50 52 (-448 1024 3776 ) (-448 1024 304 ) (-448 96 304 ) (-448 96 3776 ) 
4 50 51 (-448 112 48 ) (-448 1024 48 ) (0 1024 48 ) (0 112 48 ) 
4 51 54 (-448 112 -80 ) (-448 1024 -80 ) (0 1024 -80 ) (0 112 -80 ) 
4 51 53 (-448 1024 48 ) (-448 1024 -80 ) (-448 112 -80 ) (-448 112 48 ) 
4 52 64 (-960 96 3776 ) (-960 96 672 ) (-448 96 672 ) (-448 96 3776 ) 
4 52 60 (-960 112 304 ) (-960 96 304 ) (-960 96 3776 ) (-960 112 3776 ) 
4 52 59 (-960 1024 3776 ) (-960 1024 304 ) (-960 112 304 ) (-960 112 3776 ) 
4 52 53 (-960 112 304 ) (-960 1024 304 ) (-448 1024 304 ) (-448 112 304 ) 
4 53 59 (-960 1024 304 ) (-960 1024 -80 ) (-960 112 -80 ) (-960 112 304 ) 
4 53 55 (-960 112 -80 ) (-960 1024 -80 ) (-704 1024 -80 ) (-704 112 -80 ) 
4 53 54 (-704 1024 -80 ) (-448 1024 -80 ) (-448 112 -80 ) (-704 112 -80 ) 
4 54 56 (0 96 -88 ) (-704 96 -88 ) (-704 1024 -88 ) (0 1024 -88 ) 
4 54 55 (-704 1024 -88 ) (-704 104 -88 ) (-704 104 -80 ) (-704 1024 -80 ) 
4 55 59 (-960 1024 -80 ) (-960 1024 -88 ) (-960 112 -88 ) (-960 112 -80 ) 
4 55 57 (-960 104 -88 ) (-960 1024 -88 ) (-712 1024 -88 ) (-712 104 -88 ) 
4 55 56 (-712 1024 -88 ) (-704 1024 -88 ) (-704 104 -88 ) (-712 104 -88 ) 
4 56 75 (0 96 -216 ) (0 96 -88 ) (-704 96 -88 ) (-704 96 -216 ) 
4 56 58 (0 96 -216 ) (-712 96 -216 ) (-712 1024 -216 ) (0 1024 -216 ) 
4 56 57 (-712 1024 -216 ) (-712 104 -216 ) (-712 104 -88 ) (-712 1024 -88 ) 
4 57 59 (-960 1024 -88 ) (-960 1024 -216 ) (-960 112 -216 ) (-960 112 -88 ) 
4 57 58 (-960 104 -216 ) (-960 1024 -216 ) (-712 1024 -216 ) (-712 104 -216 ) 
4 58 79 (-960 96 -220 ) (-960 96 -1312 ) (-712 96 -1312 ) (-712 96 -220 ) 
4 58 76 (0 96 -1312 ) (0 96 -216 ) (-712 96 -216 ) (-712 96 -1312 ) 
4 58 61 (-960 1024 -696 ) (-960 1024 -1312 ) (-960 96 -1312 ) (-960 96 -696 ) 
4 58 59 (-960 1024 -216 ) (-960 1024 -696 ) (-960 112 -696 ) (-960 112 -216 ) 
4 59 91 (-1024 1024 304 ) (-1024 1024 -696 ) (-1024 112 -696 ) (-1024 112 304 ) 
4 59 88 (-1024 1024 528 ) (-1024 1024 304 ) (-1024 112 304 ) (-1024 112 528 ) 
4 59 86 (-1024 1024 672 ) (-1024 1024 528 ) (-1024 112 528 ) (-1024 112 672 ) 
4 59 85 (-1024 1024 3776 ) (-1024 1024 672 ) (-1024 112 672 ) (-1024 112 3776 ) 
4 59 61 (-1024 1024 -696 ) (-960 1024 -696 ) (-960 112 -696 ) (-1024 112 -696 ) 
4 59 60 (-960 112 304 ) (-960 112 3776 ) (-1024 112 3776 ) (-1024 112 304 ) 
4 60 88 (-1024 96 304 ) (-1024 96 528 ) (-1024 112 528 ) (-1024 112 304 ) 
4 60 86 (-1024 96 528 ) (-1024 96 672 ) (-1024 112 672 ) (-1024 112 528 ) 
4 60 85 (-1024 96 672 ) (-1024 96 3776 ) (-1024 112 3776 ) (-1024 112 672 ) 
4 60 64 (-960 96 672 ) (-960 96 3776 ) (-1024 96 3776 ) (-1024 96 672 ) 
4 61 92 (-1024 1024 -696 ) (-1024 1024 -1312 ) (-1024 96 -1312 ) (-1024 96 -696 ) 
4 61 84 (-1024 96 -704 ) (-1024 96 -1312 ) (-992 96 -1312 ) (-992 96 -704 ) 
4 61 80 (-960 96 -1312 ) (-960 96 -696 ) (-992 96 -696 ) (-992 96 -1312 ) 
4 62 129 (-432 0 3776 ) (-448 0 3776 ) (-448 0 312 ) (-432 0 312 ) 
4 62 128 (0 0 312 ) (0 0 3776 ) (-432 0 3776 ) (-432 0 312 ) 
4 62 64 (-448 96 3776 ) (-448 96 672 ) (-448 0 672 ) (-448 0 3776 ) 
4 62 63 (0 0 312 ) (-432 0 312 ) (-432 96 312 ) (0 96 312 ) 
4 63 128 (0 0 304 ) (0 0 312 ) (-432 0 312 ) (-432 0 304 ) 
4 63 65 (0 0 304 ) (-64 0 304 ) (-64 96 304 ) (0 96 304 ) 
4 64 130 (-1024 0 3776 ) (-1024 0 672 ) (-448 0 672 ) (-448 0 3776 ) 
4 64 103 (-1024 0 672 ) (-1024 0 680 ) (-1024 96 680 ) (-1024 96 672 ) 
4 64 102 (-1024 0 680 ) (-1024 0 3776 ) (-1024 96 3776 ) (-1024 96 680 ) 
4 65 131 (0 0 64 ) (0 0 304 ) (-64 0 304 ) (-64 0 64 ) 
4 66 133 (0 0 -80 ) (0 0 48 ) (-64 0 48 ) (-64 0 -80 ) 
4 66 67 (-64 96 -80 ) (-64 0 -80 ) (-64 0 48 ) (-64 96 48 ) 
4 67 133 (-448 0 48 ) (-448 0 -80 ) (-64 0 -80 ) (-64 0 48 ) 
4 67 68 (-448 96 -80 ) (-448 0 -80 ) (-448 0 48 ) (-448 96 48 ) 
4 68 134 (-640 0 -80 ) (-576 0 -80 ) (-576 0 48 ) (-640 0 48 ) 
4 68 133 (-576 0 -80 ) (-448 0 -80 ) (-448 0 48 ) (-576 0 48 ) 
4 68 135 (-864 0 48 ) (-864 0 -80 ) (-640 0 -80 ) (-640 0 48 ) 
4 68 132 (-448 0 304 ) (-864 0 304 ) (-864 0 48 ) (-448 0 48 ) 
4 68 73 (-864 96 -80 ) (-712 96 -80 ) (-712 0 -80 ) (-864 0 -80 ) 
4 68 69 (-864 88 208 ) (-864 88 304 ) (-864 96 304 ) (-864 96 208 ) 
4 68 70 (-864 96 -80 ) (-864 88 -80 ) (-864 88 80 ) (-864 96 80 ) 
4 68 71 (-864 88 -80 ) (-864 0 -80 ) (-864 0 304 ) (-864 88 304 ) 
4 69 72 (-992 88 208 ) (-992 88 304 ) (-992 96 304 ) (-992 96 208 ) 
4 69 71 (-992 88 304 ) (-992 88 208 ) (-864 88 208 ) (-864 88 304 ) 
4 70 73 (-960 96 -80 ) (-864 96 -80 ) (-864 88 -80 ) (-960 88 -80 ) 
4 70 71 (-992 88 80 ) (-992 88 -80 ) (-864 88 -80 ) (-864 88 80 ) 
4 70 72 (-992 96 -80 ) (-992 88 -80 ) (-992 88 80 ) (-992 96 80 ) 
4 71 135 (-992 0 48 ) (-992 0 -80 ) (-864 0 -80 ) (-864 0 48 ) 
4 71 132 (-864 0 304 ) (-992 0 304 ) (-992 0 48 ) (-864 0 48 ) 
4 71 73 (-864 88 -80 ) (-864 0 -80 ) (-960 0 -80 ) (-960 88 -80 ) 
4 71 72 (-992 88 -80 ) (-992 0 -80 ) (-992 0 304 ) (-992 88 304 ) 
4 72 135 (-1024 0 48 ) (-1024 0 -80 ) (-992 0 -80 ) (-992 0 48 ) 
4 72 132 (-992 0 304 ) (-1024 0 304 ) (-1024 0 48 ) (-992 0 48 ) 
4 72 110 (-1024 0 -80 ) (-1024 0 304 ) (-1024 92 304 ) (-1024 92 -80 ) 
4 72 109 (-1024 92 304 ) (-1024 96 304 ) (-1024 96 -80 ) (-1024 92 -80 ) 
4 72 74 (-1024 0 -80 ) (-1024 96 -80 ) (-992 96 -80 ) (-992 0 -80 ) 
4 73 136 (-712 0 -80 ) (-960 0 -80 ) (-960 0 -88 ) (-712 0 -88 ) 
4 73 77 (-960 96 -88 ) (-712 96 -88 ) (-712 0 -88 ) (-960 0 -88 ) 
4 74 137 (-992 0 -80 ) (-1024 0 -80 ) (-1024 0 -88 ) (-992 0 -88 ) 
4 74 110 (-1024 0 -88 ) (-1024 0 -80 ) (-1024 92 -80 ) (-1024 92 -88 ) 
4 74 109 (-1024 92 -80 ) (-1024 96 -80 ) (-1024 96 -88 ) (-1024 92 -88 ) 
4 74 83 (-1024 0 -88 ) (-1024 92 -88 ) (-996 92 -88 ) (-996 0 -88 ) 
4 74 82 (-1024 92 -88 ) (-1024 96 -88 ) (-996 96 -88 ) (-996 92 -88 ) 
4 74 81 (-996 96 -88 ) (-992 96 -88 ) (-992 0 -88 ) (-996 0 -88 ) 
4 75 138 (0 0 -216 ) (0 0 -88 ) (-704 0 -88 ) (-704 0 -216 ) 
4 75 76 (0 0 -216 ) (-704 0 -216 ) (-704 96 -216 ) (0 96 -216 ) 
4 76 139 (0 0 -1312 ) (0 0 -216 ) (-712 0 -216 ) (-712 0 -1312 ) 
4 76 79 (-712 96 -220 ) (-712 96 -1312 ) (-712 0 -1312 ) (-712 0 -220 ) 
4 77 140 (-712 0 -96 ) (-712 0 -88 ) (-960 0 -88 ) (-960 0 -96 ) 
4 77 78 (-960 0 -96 ) (-960 96 -96 ) (-712 96 -96 ) (-712 0 -96 ) 
4 78 141 (-712 0 -212 ) (-712 0 -96 ) (-960 0 -96 ) (-960 0 -212 ) 
4 79 142 (-712 0 -1312 ) (-712 0 -220 ) (-960 0 -220 ) (-960 0 -1312 ) 
4 79 80 (-960 0 -1312 ) (-960 0 -696.194031 ) (-960 96 -696.194031 ) (-960 96 -1312 ) 
4 80 143 (-960 0 -1312 ) (-960 0 -696.194031 ) (-992 0 -696.194031 ) (-992 0 -1312 ) 
4 80 84 (-992 96 -704 ) (-992 96 -1312 ) (-992 0 -1312 ) (-992 0 -704 ) 
4 81 144 (-992 0 -696 ) (-992 0 -88 ) (-996 0 -88 ) (-996 0 -696 ) 
4 81 83 (-996 0 -688 ) (-996 0 -88 ) (-996 92 -88 ) (-996 92 -688 ) 
4 81 82 (-996 96 -696 ) (-996 92 -696 ) (-996 92 -88 ) (-996 96 -88 ) 
4 82 109 (-1024 92 -88 ) (-1024 96 -88 ) (-1024 96 -696 ) (-1024 92 -696 ) 
4 82 83 (-996 92 -688 ) (-996 92 -88 ) (-1024 92 -88 ) (-1024 92 -688 ) 
4 83 145 (-996 0 -88 ) (-1024 0 -88 ) (-1024 0 -688 ) (-996 0 -688 ) 
4 83 110 (-1024 0 -688 ) (-1024 0 -88 ) (-1024 92 -88 ) (-1024 92 -688 ) 
4 84 147 (-992 0 -1312 ) (-992 0 -704 ) (-1024 0 -704 ) (-1024 0 -1312 ) 
4 84 116 (-1024 0 -1312 ) (-1024 0 -704 ) (-1024 96 -704 ) (-1024 96 -1312 ) 
4 85 117 (-1952 96 3776 ) (-1968 96 3776 ) (-1968 96 1040 ) (-1952 96 1040 ) 
4 85 103 (-1024 96 672 ) (-1024 96 680 ) (-1664 96 680 ) (-1664 96 672 ) 
4 85 102 (-1024 96 680 ) (-1024 96 3776 ) (-1952 96 3776 ) (-1952 96 680 ) 
4 85 99 (-1968 1024 816 ) (-1968 1024 672 ) (-1968 320 672 ) (-1968 320 816 ) 
4 85 98 (-1968 1024 880 ) (-1968 1024 816 ) (-1968 320 816 ) (-1968 320 880 ) 
4 85 97 (-1968 1024 1088 ) (-1968 1024 880 ) (-1968 320 880 ) (-1968 320 1088 ) 
4 85 96 (-1968 1024 3776 ) (-1968 1024 1088 ) (-1968 96 1088 ) (-1968 96 3776 ) 
4 85 87 (-1968 112 672 ) (-1968 1024 672 ) (-1664 1024 672 ) (-1664 112 672 ) 
4 85 86 (-1024 96 672 ) (-1664 96 672 ) (-1664 1024 672 ) (-1024 1024 672 ) 
4 86 88 (-1024 96 528 ) (-1664 96 528 ) (-1664 1024 528 ) (-1024 1024 528 ) 
4 86 87 (-1664 1024 528 ) (-1664 112 528 ) (-1664 112 672 ) (-1664 1024 672 ) 
4 87 100 (-1968 1024 624 ) (-1968 1024 528 ) (-1968 112 528 ) (-1968 112 624 ) 
4 87 99 (-1968 1024 672 ) (-1968 1024 624 ) (-1968 320 624 ) (-1968 320 672 ) 
4 87 89 (-1792 1024 528 ) (-1664 1024 528 ) (-1664 112 528 ) (-1792 112 528 ) 
4 87 90 (-1968 112 528 ) (-1968 1024 528 ) (-1792 1024 528 ) (-1792 112 528 ) 
4 88 93 (-1664 112 304 ) (-1664 1024 304 ) (-1312 1024 304 ) (-1312 112 304 ) 
4 88 91 (-1312 112 304 ) (-1312 1024 304 ) (-1024 1024 304 ) (-1024 112 304 ) 
4 88 89 (-1664 1024 304 ) (-1664 112 304 ) (-1664 112 528 ) (-1664 1024 528 ) 
4 89 93 (-1792 112 304 ) (-1792 1024 304 ) (-1664 1024 304 ) (-1664 112 304 ) 
4 89 90 (-1792 1024 304 ) (-1792 112 304 ) (-1792 112 528 ) (-1792 1024 528 ) 
4 90 101 (-1968 1024 528 ) (-1968 1024 304 ) (-1968 96 304 ) (-1968 96 528 ) 
4 90 94 (-1792 96 304 ) (-1968 96 304 ) (-1968 1024 304 ) (-1792 1024 304 ) 
4 91 95 (-1312 1024 80 ) (-1312 1024 -696 ) (-1312 112 -696 ) (-1312 112 80 ) 
4 91 93 (-1312 112 304 ) (-1312 1024 304 ) (-1312 1024 80 ) (-1312 112 80 ) 
4 91 92 (-1312 112 -696 ) (-1312 1024 -696 ) (-1024 1024 -696 ) (-1024 112 -696 ) 
4 92 116 (-1024 96 -1312 ) (-1024 96 -704 ) (-1312 96 -704 ) (-1312 96 -1312 ) 
4 92 95 (-1312 96 -1312 ) (-1312 96 -696 ) (-1312 1024 -696 ) (-1312 1024 -1312 ) 
4 93 95 (-1792 1024 80 ) (-1312 1024 80 ) (-1312 112 80 ) (-1792 112 80 ) 
4 93 94 (-1792 1024 80 ) (-1792 112 80 ) (-1792 112 304 ) (-1792 1024 304 ) 
4 94 127 (-1952 96 304 ) (-1968 96 304 ) (-1968 96 80 ) (-1952 96 80 ) 
4 94 114 (-1808 96 304 ) (-1952 96 304 ) (-1952 96 80 ) (-1808 96 80 ) 
4 94 101 (-1968 1024 304 ) (-1968 1024 80 ) (-1968 96 80 ) (-1968 96 304 ) 
4 94 95 (-1968 96 80 ) (-1968 1024 80 ) (-1792 1024 80 ) (-1792 96 80 ) 
4 95 127 (-1952 96 80 ) (-1968 96 80 ) (-1968 96 -1312 ) (-1952 96 -1312 ) 
4 95 116 (-1312 96 -1312 ) (-1312 96 -704 ) (-1952 96 -704 ) (-1952 96 -1312 ) 
4 95 115 (-1312 96 -704 ) (-1312 96 -696 ) (-1952 96 -696 ) (-1952 96 -704 ) 
4 95 113 (-1792 96 80 ) (-1808 96 80 ) (-1808 96 -696 ) (-1792 96 -696 ) 
4 95 114 (-1808 96 80 ) (-1952 96 80 ) (-1952 96 -696 ) (-1808 96 -696 ) 
4 95 101 (-1968 1024 80 ) (-1968 1024 -1312 ) (-1968 96 -1312 ) (-1968 96 80 ) 
4 96 284 (-2048 320 1088 ) (-2048 96 1088 ) (-2048 96 3776 ) (-2048 320 3776 ) 
4 96 225 (-2048 1024 3776 ) (-2048 1024 1088 ) (-2048 320 1088 ) (-2048 320 3776 ) 
4 96 117 (-1968 96 1088 ) (-1968 96 3776 ) (-2048 96 3776 ) (-2048 96 1088 ) 
4 96 97 (-2048 1024 1088 ) (-1968 1024 1088 ) (-1968 320 1088 ) (-2048 320 1088 ) 
4 97 228 (-2048 1024 1040 ) (-2048 1024 880 ) (-2048 320 880 ) (-2048 320 1040 ) 
4 97 225 (-2048 1024 1088 ) (-2048 1024 1040 ) (-2048 320 1040 ) (-2048 320 1088 ) 
4 97 98 (-1968 1024 880 ) (-1968 320 880 ) (-2048 320 880 ) (-2048 1024 880 ) 
4 98 228 (-2048 1024 880 ) (-2048 1024 816 ) (-2048 320 816 ) (-2048 320 880 ) 
4 98 99 (-2048 1024 816 ) (-1968 1024 816 ) (-1968 320 816 ) (-2048 320 816 ) 
4 99 233 (-2048 1024 656 ) (-2048 1024 624 ) (-2048 320 624 ) (-2048 320 656 ) 
4 99 228 (-2048 1024 816 ) (-2048 1024 656 ) (-2048 320 656 ) (-2048 320 816 ) 
4 99 100 (-1968 1024 624 ) (-1968 320 624 ) (-2048 320 624 ) (-2048 1024 624 ) 
4 100 286 (-2048 320 528 ) (-2048 112 528 ) (-2048 112 624 ) (-2048 320 624 ) 
4 100 235 (-2048 1024 624 ) (-2048 1024 528 ) (-2048 320 528 ) (-2048 320 624 ) 
4 100 101 (-2048 1024 528 ) (-1968 1024 528 ) (-1968 112 528 ) (-2048 112 528 ) 
4 101 287 (-2048 112 -1312 ) (-2048 96 -1312 ) (-2048 96 528 ) (-2048 112 528 ) 
4 101 286 (-2048 320 -1312 ) (-2048 112 -1312 ) (-2048 112 528 ) (-2048 320 528 ) 
4 101 235 (-2048 1024 528 ) (-2048 1024 -1312 ) (-2048 320 -1312 ) (-2048 320 528 ) 
4 101 127 (-1968 96 -1312 ) (-1968 96 304 ) (-2048 96 304 ) (-2048 96 -1312 ) 
4 102 173 (-1024 0 680 ) (-1024 0 3776 ) (-1952 0 3776 ) (-1952 0 680 ) 
4 102 117 (-1952 96 3776 ) (-1952 96 1040 ) (-1952 0 1040 ) (-1952 0 3776 ) 
4 102 103 (-1664 96 680 ) (-1024 96 680 ) (-1024 0 680 ) (-1664 0 680 ) 
4 103 174 (-1024 0 672 ) (-1024 0 680 ) (-1664 0 680 ) (-1664 0 672 ) 
4 104 178 (-1668 0 656 ) (-1668 0 304 ) (-1664 0 304 ) (-1664 0 656 ) 
4 104 175 (-1664 0 672 ) (-1668 0 672 ) (-1668 0 656 ) (-1664 0 656 ) 
4 104 112 (-1668 96 304 ) (-1664 96 304 ) (-1664 0 304 ) (-1668 0 304 ) 
4 104 107 (-1668 96 304 ) (-1668 0 304 ) (-1668 0 656 ) (-1668 96 656 ) 
4 104 105 (-1668 92 672 ) (-1668 96 672 ) (-1668 96 656 ) (-1668 92 656 ) 
4 105 108 (-1948 96 656 ) (-1792 96 656 ) (-1792 92 656 ) (-1948 92 656 ) 
4 105 107 (-1792 96 656 ) (-1668 96 656 ) (-1668 92 656 ) (-1792 92 656 ) 
4 105 106 (-1948 96 656 ) (-1948 92 656 ) (-1948 92 672 ) (-1948 96 672 ) 
4 106 177 (-1948 0 672 ) (-1952 0 672 ) (-1952 0 656 ) (-1948 0 656 ) 
4 106 108 (-1952 0 656 ) (-1952 96 656 ) (-1948 96 656 ) (-1948 0 656 ) 
4 107 178 (-1792 0 304 ) (-1668 0 304 ) (-1668 0 656 ) (-1792 0 656 ) 
4 107 112 (-1792 96 304 ) (-1668 96 304 ) (-1668 0 304 ) (-1792 0 304 ) 
4 107 108 (-1792 0 528 ) (-1792 0 656 ) (-1792 96 656 ) (-1792 96 528 ) 
4 108 179 (-1952 0 656 ) (-1952 0 528 ) (-1792 0 528 ) (-1792 0 656 ) 
7 108 125 (-1952 72 528 ) (-1952 0 528 ) (-1952 0 619.199951 ) (-1952 32 632 ) (-1952 72 616 ) (-1952 92 591.998291 ) (-1952 92 552 ) 
4 109 111 (-1308 96 -696 ) (-1308 92 -696 ) (-1308 92 304 ) (-1308 96 304 ) 
4 109 110 (-1308 92 304 ) (-1308 92 -688 ) (-1024 92 -688 ) (-1024 92 304 ) 
4 110 180 (-1024 0 -688 ) (-1024 0 304 ) (-1308 0 304 ) (-1308 0 -688 ) 
4 110 111 (-1308 0 -688 ) (-1308 0 304 ) (-1308 92 304 ) (-1308 92 -688 ) 
4 111 182 (-1308 0 304 ) (-1312 0 304 ) (-1312 0 -696 ) (-1308 0 -696 ) 
4 111 112 (-1312 0 80 ) (-1312 0 304 ) (-1312 96 304 ) (-1312 96 80 ) 
4 112 183 (-1312 0 304 ) (-1792 0 304 ) (-1792 0 80 ) (-1312 0 80 ) 
4 113 184 (-1808 0 80 ) (-1808 0 -696 ) (-1792 0 -696 ) (-1792 0 80 ) 
4 113 115 (-1792 0 -696 ) (-1808 0 -696 ) (-1808 96 -696 ) (-1792 96 -696 ) 
4 113 114 (-1808 96 -696 ) (-1808 0 -696 ) (-1808 0 80 ) (-1808 96 80 ) 
4 114 185 (-1808 0 304 ) (-1952 0 304 ) (-1952 0 -696 ) (-1808 0 -696 ) 
4 114 127 (-1952 96 304 ) (-1952 96 -696 ) (-1952 0 -696 ) (-1952 0 304 ) 
4 114 115 (-1808 0 -696 ) (-1952 0 -696 ) (-1952 96 -696 ) (-1808 96 -696 ) 
4 115 186 (-1312 0 -696 ) (-1952 0 -696 ) (-1952 0 -704 ) (-1312 0 -704 ) 
4 115 127 (-1952 96 -696 ) (-1952 96 -704 ) (-1952 0 -704 ) (-1952 0 -696 ) 
4 115 116 (-1952 0 -704 ) (-1952 96 -704 ) (-1312 96 -704 ) (-1312 0 -704 ) 
4 116 187 (-1024 0 -1312 ) (-1024 0 -704 ) (-1952 0 -704 ) (-1952 0 -1312 ) 
4 116 127 (-1952 96 -704 ) (-1952 96 -1312 ) (-1952 0 -1312 ) (-1952 0 -704 ) 
4 117 289 (-2048 0 1040 ) (-2048 0 3776 ) (-2048 96 3776 ) (-2048 96 1040 ) 
4 117 188 (-1952 0 1040 ) (-1952 0 3776 ) (-2048 0 3776 ) (-2048 0 1040 ) 
4 118 290 (-2048 0 976 ) (-2048 0 1008 ) (-2048 96 1008 ) (-2048 96 976 ) 
4 118 189 (-1984 0 1008 ) (-2048 0 1008 ) (-2048 0 976 ) (-1984 0 976 ) 
4 118 120 (-2048 96 976 ) (-1984 96 976 ) (-1984 0 976 ) (-2048 0 976 ) 
4 119 190 (-1968 0 976 ) (-1984 0 976 ) (-1984 0 848 ) (-1968 0 848 ) 
4 119 120 (-1984 92 848 ) (-1984 0 848 ) (-1984 0 976 ) (-1984 92 976 ) 
4 120 290 (-2048 0 848 ) (-2048 0 976 ) (-2048 96 976 ) (-2048 96 848 ) 
4 120 191 (-1984 0 976 ) (-2048 0 976 ) (-2048 0 848 ) (-1984 0 848 ) 
4 120 121 (-2048 0 848 ) (-2048 96 848 ) (-1984 96 848 ) (-1984 0 848 ) 
4 121 290 (-2048 0 816 ) (-2048 0 848 ) (-2048 96 848 ) (-2048 96 816 ) 
4 121 192 (-1984 0 848 ) (-2048 0 848 ) (-2048 0 816 ) (-1984 0 816 ) 
4 121 123 (-2048 0 816 ) (-2048 96 816 ) (-1984 96 816 ) (-1984 0 816 ) 
4 122 193 (-1968 0 816 ) (-1984 0 816 ) (-1984 0 688 ) (-1968 0 688 ) 
4 122 123 (-1984 92 688 ) (-1984 0 688 ) (-1984 0 816 ) (-1984 92 816 ) 
4 123 290 (-2048 0 688 ) (-2048 0 816 ) (-2048 96 816 ) (-2048 96 688 ) 
4 123 194 (-1984 0 816 ) (-2048 0 816 ) (-2048 0 688 ) (-1984 0 688 ) 
4 123 124 (-2048 96 688 ) (-1984 96 688 ) (-1984 0 688 ) (-2048 0 688 ) 
4 124 290 (-2048 0 656 ) (-2048 0 688 ) (-2048 96 688 ) (-2048 96 656 ) 
4 124 195 (-1984 0 688 ) (-2048 0 688 ) (-2048 0 656 ) (-1984 0 656 ) 
4 124 126 (-2048 96 656 ) (-1984 96 656 ) (-1984 0 656 ) (-2048 0 656 ) 
4 125 196 (-1952 0 528 ) (-1952 0 619.199951 ) (-1968 0 619.199951 ) (-1968 0 528 ) 
7 125 126 (-1968 72 528 ) (-1968 0 528 ) (-1968 0 619.199951 ) (-1968 32 632 ) (-1968 72 616 ) (-1968 92 591.998291 ) (-1968 92 552 ) 
4 126 294 (-2048 0 528 ) (-2048 0 656 ) (-2048 96 656 ) (-2048 96 528 ) 
4 126 197 (-1968 0 656 ) (-2048 0 656 ) (-2048 0 528 ) (-1968 0 528 ) 
4 127 299 (-2048 0 -1312 ) (-2048 0 304 ) (-2048 96 304 ) (-2048 96 -1312 ) 
4 127 198 (-1952 0 -1312 ) (-1952 0 304 ) (-2048 0 304 ) (-2048 0 -1312 ) 
4 128 152 (-64 -32 3776 ) (-432 -32 3776 ) (-432 -32 304 ) (-64 -32 304 ) 
4 128 148 (0 -32 304 ) (0 -32 3776 ) (-64 -32 3776 ) (-64 -32 304 ) 
4 128 131 (0 -32 304 ) (-64 -32 304 ) (-64 0 304 ) (0 0 304 ) 
4 128 129 (-432 -32 312 ) (-432 -32 3776 ) (-432 0 3776 ) (-432 0 312 ) 
4 129 152 (-432 -32 3776 ) (-448 -32 3776 ) (-448 -32 312 ) (-432 -32 312 ) 
4 129 130 (-448 0 3776 ) (-448 0 672 ) (-448 -32 672 ) (-448 -32 3776 ) 
4 130 174 (-1024 -32 672 ) (-1024 -32 680 ) (-1024 0 680 ) (-1024 0 672 ) 
4 130 173 (-1024 -32 680 ) (-1024 -32 3776 ) (-1024 0 3776 ) (-1024 0 680 ) 
4 130 160 (-1024 -32 3776 ) (-1024 -32 672 ) (-960 -32 672 ) (-960 -32 3776 ) 
4 130 153 (-960 -32 672 ) (-448 -32 672 ) (-448 -32 3776 ) (-960 -32 3776 ) 
4 131 148 (0 -32 64 ) (0 -32 304 ) (-64 -32 304 ) (-64 -32 64 ) 
4 132 180 (-1024 -28 304 ) (-1024 0 304 ) (-1024 0 48 ) (-1024 -28 48 ) 
4 132 181 (-1024 -32 48 ) (-1024 -32 304 ) (-1024 -28 304 ) (-1024 -28 48 ) 
4 132 134 (-640 -24 48 ) (-640 0 48 ) (-576 0 48 ) (-576 -24 48 ) 
4 132 133 (-448 -32 48 ) (-576 -32 48 ) (-576 0 48 ) (-448 0 48 ) 
4 132 135 (-640 -32 48 ) (-1024 -32 48 ) (-1024 0 48 ) (-640 0 48 ) 
4 133 149 (0 -32 -80 ) (0 -32 48 ) (-64 -32 48 ) (-64 -32 -80 ) 
4 133 134 (-576 0 -80 ) (-576 -24 -80 ) (-576 -24 48 ) (-576 0 48 ) 
4 134 135 (-640 0 -80 ) (-640 -24 -80 ) (-640 -24 48 ) (-640 0 48 ) 
4 135 180 (-1024 -28 48 ) (-1024 0 48 ) (-1024 0 -80 ) (-1024 -28 -80 ) 
4 135 181 (-1024 -32 -80 ) (-1024 -32 48 ) (-1024 -28 48 ) (-1024 -28 -80 ) 
4 135 136 (-712 -32 -80 ) (-960 -32 -80 ) (-960 0 -80 ) (-712 0 -80 ) 
4 135 137 (-992 -32 -80 ) (-1024 -32 -80 ) (-1024 0 -80 ) (-992 0 -80 ) 
4 136 140 (-712 -32 -88 ) (-960 -32 -88 ) (-960 0 -88 ) (-712 0 -88 ) 
4 137 180 (-1024 -28 -80 ) (-1024 0 -80 ) (-1024 0 -88 ) (-1024 -28 -88 ) 
4 137 181 (-1024 -32 -88 ) (-1024 -32 -80 ) (-1024 -28 -80 ) (-1024 -28 -88 ) 
4 137 145 (-1024 -28 -88 ) (-1024 0 -88 ) (-996 0 -88 ) (-996 -28 -88 ) 
4 137 146 (-996 -32 -88 ) (-1024 -32 -88 ) (-1024 -28 -88 ) (-996 -28 -88 ) 
4 137 144 (-992 -32 -88 ) (-996 -32 -88 ) (-996 0 -88 ) (-992 0 -88 ) 
4 138 157 (-64 -32 -88 ) (-704 -32 -88 ) (-704 -32 -216 ) (-64 -32 -216 ) 
4 138 151 (0 -32 -216 ) (0 -32 -96 ) (-64 -32 -96 ) (-64 -32 -216 ) 
4 138 139 (0 -32 -216 ) (-704 -32 -216 ) (-704 0 -216 ) (0 0 -216 ) 
4 139 159 (-64 -32 -216 ) (-712 -32 -216 ) (-712 -32 -1312 ) (-64 -32 -1312 ) 
4 139 151 (0 -32 -1312 ) (0 -32 -216 ) (-64 -32 -216 ) (-64 -32 -1312 ) 
4 139 142 (-712 -32 -1312 ) (-712 -32 -220 ) (-712 0 -220 ) (-712 0 -1312 ) 
4 140 141 (-960 -32 -96 ) (-960 0 -96 ) (-712 0 -96 ) (-712 -32 -96 ) 
4 142 159 (-712 -32 -1312 ) (-712 -32 -220 ) (-960 -32 -220 ) (-960 -32 -1312 ) 
4 142 143 (-960 -32 -1312 ) (-960 -32 -696.194031 ) (-960 0 -696.194031 ) (-960 0 -1312 ) 
4 143 162 (-960 -32 -1312 ) (-960 -32 -696.194031 ) (-992 -32 -696.194031 ) (-992 -32 -1312 ) 
4 143 147 (-992 -32 -1312 ) (-992 -32 -704 ) (-992 0 -704 ) (-992 0 -1312 ) 
4 144 145 (-996 -28 -688 ) (-996 -28 -88 ) (-996 0 -88 ) (-996 0 -688 ) 
4 144 146 (-996 -28 -696 ) (-996 -32 -696 ) (-996 -32 -88 ) (-996 -28 -88 ) 
4 145 180 (-1024 -28 -88 ) (-1024 0 -88 ) (-1024 0 -688 ) (-1024 -28 -688 ) 
4 145 146 (-996 -28 -688 ) (-996 -28 -88 ) (-1024 -28 -88 ) (-1024 -28 -688 ) 
4 146 181 (-1024 -32 -696 ) (-1024 -32 -88 ) (-1024 -28 -88 ) (-1024 -28 -696 ) 
4 147 187 (-1024 -32 -1312 ) (-1024 -32 -704 ) (-1024 0 -704 ) (-1024 0 -1312 ) 
4 147 162 (-992 -32 -1312 ) (-992 -32 -704 ) (-1024 -32 -704 ) (-1024 -32 -1312 ) 
4 148 163 (0 -192 64 ) (0 -192 3776 ) (-64 -192 3776 ) (-64 -192 64 ) 
4 148 152 (-64 -32 3776 ) (-64 -32 64 ) (-64 -192 64 ) (-64 -192 3776 ) 
6 149 150 (-40 -176 -80 ) (0 -176 -80 ) (0 -176 24 ) (-36 -176 12 ) (-56 -176 -12 ) (-60 -176 -44.002048 ) 
6 150 166 (0 -192 -80 ) (0 -192 24 ) (-36 -192 12 ) (-56 -192 -12 ) (-60 -192 -44.002048 ) (-40 -192 -80 ) 
4 151 172 (0 -192 -1312 ) (0 -192 -104 ) (-64 -192 -104 ) (-64 -192 -1312 ) 
4 151 159 (-64 -32 -216 ) (-64 -32 -1312 ) (-64 -192 -1312 ) (-64 -192 -216 ) 
4 151 157 (-64 -32 -96 ) (-64 -32 -216 ) (-64 -192 -216 ) (-64 -192 -96 ) 
4 152 165 (-64 -192 48 ) (-64 -192 3776 ) (-448 -192 3776 ) (-448 -192 48 ) 
4 152 154 (-448 -48 48 ) (-448 -192 48 ) (-448 -192 304 ) (-448 -48 304 ) 
4 152 153 (-448 -32 3776 ) (-448 -32 304 ) (-448 -192 304 ) (-448 -192 3776 ) 
4 153 165 (-960 -192 3776 ) (-960 -192 304 ) (-448 -192 304 ) (-448 -192 3776 ) 
4 153 160 (-960 -32 3776 ) (-960 -32 304 ) (-960 -48 304 ) (-960 -48 3776 ) 
4 153 161 (-960 -48 304 ) (-960 -192 304 ) (-960 -192 3776 ) (-960 -48 3776 ) 
4 153 154 (-960 -192 304 ) (-960 -48 304 ) (-448 -48 304 ) (-448 -192 304 ) 
4 154 169 (-960 -192 40 ) (-960 -192 -80 ) (-448 -192 -80 ) (-448 -192 40 ) 
4 154 165 (-960 -192 304 ) (-960 -192 40 ) (-448 -192 40 ) (-448 -192 304 ) 
4 154 161 (-960 -48 -80 ) (-960 -192 -80 ) (-960 -192 304 ) (-960 -48 304 ) 
4 154 156 (-960 -192 -80 ) (-960 -48 -80 ) (-704 -48 -80 ) (-704 -192 -80 ) 
4 154 155 (-704 -48 -80 ) (-448 -48 -80 ) (-448 -192 -80 ) (-704 -192 -80 ) 
4 155 169 (-80 -192 -80 ) (-704 -192 -80 ) (-704 -192 -88 ) (-80 -192 -88 ) 
4 155 157 (-704 -32 -88 ) (-64 -32 -88 ) (-64 -192 -88 ) (-704 -192 -88 ) 
4 155 156 (-704 -40 -88 ) (-704 -192 -88 ) (-704 -192 -80 ) (-704 -40 -80 ) 
4 156 169 (-704 -192 -80 ) (-960 -192 -80 ) (-960 -192 -88 ) (-704 -192 -88 ) 
4 156 161 (-960 -48 -88 ) (-960 -192 -88 ) (-960 -192 -80 ) (-960 -48 -80 ) 
4 156 158 (-960 -192 -88 ) (-960 -40 -88 ) (-712 -40 -88 ) (-712 -192 -88 ) 
4 156 157 (-712 -40 -88 ) (-704 -40 -88 ) (-704 -192 -88 ) (-712 -192 -88 ) 
4 157 172 (-64 -192 -216 ) (-64 -192 -104 ) (-712 -192 -104 ) (-712 -192 -216 ) 
4 157 171 (-64 -192 -104 ) (-64 -192 -88 ) (-712 -192 -88 ) (-712 -192 -104 ) 
4 157 159 (-712 -32 -216 ) (-64 -32 -216 ) (-64 -192 -216 ) (-712 -192 -216 ) 
4 157 158 (-712 -40 -216 ) (-712 -192 -216 ) (-712 -192 -88 ) (-712 -40 -88 ) 
4 158 172 (-960 -192 -104 ) (-960 -192 -216 ) (-712 -192 -216 ) (-712 -192 -104 ) 
4 158 171 (-712 -192 -88 ) (-960 -192 -88 ) (-960 -192 -104 ) (-712 -192 -104 ) 
4 158 161 (-960 -48 -216 ) (-960 -192 -216 ) (-960 -192 -88 ) (-960 -48 -88 ) 
4 158 159 (-960 -192 -216 ) (-960 -40 -216 ) (-712 -40 -216 ) (-712 -192 -216 ) 
4 159 172 (-64 -192 -1312 ) (-64 -192 -216 ) (-960 -192 -216 ) (-960 -192 -1312 ) 
4 159 162 (-960 -32 -696 ) (-960 -32 -1312 ) (-960 -192 -1312 ) (-960 -192 -696 ) 
4 159 161 (-960 -48 -696 ) (-960 -192 -696 ) (-960 -192 -216 ) (-960 -48 -216 ) 
4 160 209 (-1024 -32 528 ) (-1024 -32 304 ) (-1024 -48 304 ) (-1024 -48 528 ) 
4 160 204 (-1024 -32 816 ) (-1024 -32 528 ) (-1024 -48 528 ) (-1024 -48 816 ) 
4 160 202 (-1024 -32 880 ) (-1024 -32 816 ) (-1024 -48 816 ) (-1024 -48 880 ) 
4 160 200 (-1024 -32 1088 ) (-1024 -32 880 ) (-1024 -48 880 ) (-1024 -48 1088 ) 
4 160 199 (-1024 -48 3776 ) (-1024 -32 3776 ) (-1024 -32 1088 ) (-1024 -48 1088 ) 
4 160 161 (-960 -48 304 ) (-960 -48 3776 ) (-1024 -48 3776 ) (-1024 -48 304 ) 
4 161 213 (-1024 -192 -696 ) (-1024 -192 304 ) (-1024 -48 304 ) (-1024 -48 -696 ) 
4 161 209 (-1024 -192 304 ) (-1024 -192 528 ) (-1024 -48 528 ) (-1024 -48 304 ) 
4 161 204 (-1024 -192 528 ) (-1024 -192 816 ) (-1024 -48 816 ) (-1024 -48 528 ) 
4 161 202 (-1024 -192 816 ) (-1024 -192 880 ) (-1024 -48 880 ) (-1024 -48 816 ) 
4 161 200 (-1024 -192 880 ) (-1024 -192 1088 ) (-1024 -48 1088 ) (-1024 -48 880 ) 
4 161 199 (-1024 -192 1088 ) (-1024 -192 3776 ) (-1024 -48 3776 ) (-1024 -48 1088 ) 
4 161 172 (-1024 -192 -104 ) (-1024 -192 -696 ) (-960 -192 -696 ) (-960 -192 -104 ) 
4 161 171 (-1024 -192 -88 ) (-1024 -192 -104 ) (-960 -192 -104 ) (-960 -192 -88 ) 
4 161 169 (-1024 -192 40 ) (-1024 -192 -88 ) (-960 -192 -88 ) (-960 -192 40 ) 
4 161 165 (-1024 -192 3776 ) (-1024 -192 40 ) (-960 -192 40 ) (-960 -192 3776 ) 
4 161 162 (-960 -48 -696 ) (-960 -192 -696 ) (-1024 -192 -696 ) (-1024 -48 -696 ) 
4 162 212 (-1024 -48 -696 ) (-1024 -32 -696 ) (-1024 -32 -1312 ) (-1024 -48 -1312 ) 
4 162 213 (-1024 -192 -1312 ) (-1024 -192 -696 ) (-1024 -48 -696 ) (-1024 -48 -1312 ) 
4 162 172 (-1024 -192 -696 ) (-1024 -192 -1312 ) (-960 -192 -1312 ) (-960 -192 -696 ) 
4 163 164 (-64 -304 3776 ) (-64 -304 56 ) (0 -304 56 ) (0 -304 3776 ) 
4 163 165 (-64 -304 56 ) (-64 -304 3776 ) (-64 -192 3776 ) (-64 -192 56 ) 
4 164 217 (0 -1024 40 ) (0 -1024 3776 ) (-64 -1024 3776 ) (-64 -1024 40 ) 
4 164 167 (0 -1024 40 ) (-64 -1024 40 ) (-64 -320 40 ) (0 -320 40 ) 
4 164 165 (-64 -304 40 ) (-64 -1024 40 ) (-64 -1024 3776 ) (-64 -304 3776 ) 
4 165 217 (-64 -1024 3776 ) (-1024 -1024 3776 ) (-1024 -1024 40 ) (-64 -1024 40 ) 
4 165 213 (-1024 -1024 40 ) (-1024 -1024 304 ) (-1024 -192 304 ) (-1024 -192 40 ) 
4 165 209 (-1024 -1024 304 ) (-1024 -1024 528 ) (-1024 -192 528 ) (-1024 -192 304 ) 
4 165 204 (-1024 -1024 528 ) (-1024 -1024 816 ) (-1024 -192 816 ) (-1024 -192 528 ) 
4 165 202 (-1024 -1024 816 ) (-1024 -1024 880 ) (-1024 -192 880 ) (-1024 -192 816 ) 
4 165 200 (-1024 -1024 880 ) (-1024 -1024 1088 ) (-1024 -192 1088 ) (-1024 -192 880 ) 
4 165 199 (-1024 -1024 1088 ) (-1024 -1024 3776 ) (-1024 -192 3776 ) (-1024 -192 1088 ) 
4 165 168 (-64 -1024 40 ) (-80 -1024 40 ) (-80 -304 40 ) (-64 -304 40 ) 
4 165 169 (-80 -1024 40 ) (-1024 -1024 40 ) (-1024 -192 40 ) (-80 -192 40 ) 
4 167 217 (0 -1024 -88 ) (0 -1024 40 ) (-64 -1024 40 ) (-64 -1024 -88 ) 
4 167 170 (0 -320 -88 ) (0 -1024 -88 ) (-64 -1024 -88 ) (-64 -320 -88 ) 
4 167 168 (-64 -320 -88 ) (-64 -1024 -88 ) (-64 -1024 40 ) (-64 -320 40 ) 
4 168 217 (-64 -1024 40 ) (-80 -1024 40 ) (-80 -1024 -88 ) (-64 -1024 -88 ) 
4 168 171 (-64 -304 -88 ) (-64 -1024 -88 ) (-80 -1024 -88 ) (-80 -304 -88 ) 
4 168 169 (-80 -304 -88 ) (-80 -1024 -88 ) (-80 -1024 40 ) (-80 -304 40 ) 
4 169 217 (-80 -1024 40 ) (-1024 -1024 40 ) (-1024 -1024 -88 ) (-80 -1024 -88 ) 
4 169 213 (-1024 -1024 -88 ) (-1024 -1024 40 ) (-1024 -192 40 ) (-1024 -192 -88 ) 
4 169 171 (-1024 -1024 -88 ) (-1024 -192 -88 ) (-80 -192 -88 ) (-80 -1024 -88 ) 
4 170 217 (0 -1024 -104 ) (0 -1024 -88 ) (-64 -1024 -88 ) (-64 -1024 -104 ) 
4 170 172 (0 -1024 -104 ) (-64 -1024 -104 ) (-64 -304 -104 ) (0 -304 -104 ) 
4 170 171 (-64 -304 -104 ) (-64 -1024 -104 ) (-64 -1024 -88 ) (-64 -304 -88 ) 
4 171 217 (-64 -1024 -88 ) (-1024 -1024 -88 ) (-1024 -1024 -104 ) (-64 -1024 -104 ) 
4 171 213 (-1024 -1024 -104 ) (-1024 -1024 -88 ) (-1024 -192 -88 ) (-1024 -192 -104 ) 
4 171 172 (-64 -1024 -104 ) (-1024 -1024 -104 ) (-1024 -192 -104 ) (-64 -192 -104 ) 
4 172 217 (0 -1024 -1312 ) (0 -1024 -104 ) (-1024 -1024 -104 ) (-1024 -1024 -1312 ) 
4 172 213 (-1024 -1024 -1312 ) (-1024 -1024 -104 ) (-1024 -192 -104 ) (-1024 -192 -1312 ) 
4 173 205 (-1664 -32 816 ) (-1952 -32 816 ) (-1952 -32 680 ) (-1664 -32 680 ) 
4 173 204 (-1024 -32 680 ) (-1024 -32 816 ) (-1664 -32 816 ) (-1664 -32 680 ) 
4 173 202 (-1024 -32 816 ) (-1024 -32 880 ) (-1952 -32 880 ) (-1952 -32 816 ) 
4 173 200 (-1024 -32 880 ) (-1024 -32 1088 ) (-1952 -32 1088 ) (-1952 -32 880 ) 
4 173 199 (-1024 -32 1088 ) (-1024 -32 3776 ) (-1952 -32 3776 ) (-1952 -32 1088 ) 
4 173 188 (-1952 -32 1040 ) (-1952 -32 3776 ) (-1952 0 3776 ) (-1952 0 1040 ) 
4 173 174 (-1024 -32 680 ) (-1664 -32 680 ) (-1664 0 680 ) (-1024 0 680 ) 
4 174 204 (-1024 -32 672 ) (-1024 -32 680 ) (-1664 -32 680 ) (-1664 -32 672 ) 
4 175 178 (-1668 0 656 ) (-1664 0 656 ) (-1664 -32 656 ) (-1668 -32 656 ) 
4 175 176 (-1668 -28 656 ) (-1668 -32 656 ) (-1668 -32 672 ) (-1668 -28 672 ) 
4 176 179 (-1792 -32 656 ) (-1948 -32 656 ) (-1948 -28 656 ) (-1792 -28 656 ) 
4 176 178 (-1668 -28 656 ) (-1668 -32 656 ) (-1792 -32 656 ) (-1792 -28 656 ) 
4 176 177 (-1948 -28 656 ) (-1948 -32 656 ) (-1948 -32 672 ) (-1948 -28 672 ) 
4 177 179 (-1952 -32 656 ) (-1952 0 656 ) (-1948 0 656 ) (-1948 -32 656 ) 
4 178 183 (-1664 -32 304 ) (-1792 -32 304 ) (-1792 0 304 ) (-1664 0 304 ) 
4 178 179 (-1792 -32 528 ) (-1792 -32 656 ) (-1792 0 656 ) (-1792 0 528 ) 
6 179 196 (-1952 0 619.200012 ) (-1952 0 528 ) (-1952 -8 528 ) (-1952 -28 552 ) (-1952 -28 592 ) (-1952 -8 616 ) 
4 180 181 (-1308 -28 304 ) (-1308 -28 -688 ) (-1024 -28 -688 ) (-1024 -28 304 ) 
4 180 182 (-1308 -28 -688 ) (-1308 -28 304 ) (-1308 0 304 ) (-1308 0 -688 ) 
4 181 182 (-1308 -28 -696 ) (-1308 -32 -696 ) (-1308 -32 304 ) (-1308 -28 304 ) 
4 182 183 (-1312 -32 80 ) (-1312 -32 304 ) (-1312 0 304 ) (-1312 0 80 ) 
4 184 216 (-1808 -32 80 ) (-1808 -32 -696 ) (-1792 -32 -696 ) (-1792 -32 80 ) 
4 184 186 (-1792 -32 -696 ) (-1808 -32 -696 ) (-1808 0 -696 ) (-1792 0 -696 ) 
4 184 185 (-1808 0 -696 ) (-1808 -32 -696 ) (-1808 -32 80 ) (-1808 0 80 ) 
4 185 216 (-1808 -32 304 ) (-1952 -32 304 ) (-1952 -32 -696 ) (-1808 -32 -696 ) 
4 185 198 (-1952 -32 -696 ) (-1952 -32 304 ) (-1952 0 304 ) (-1952 0 -696 ) 
4 185 186 (-1808 -32 -696 ) (-1952 -32 -696 ) (-1952 0 -696 ) (-1808 0 -696 ) 
4 186 214 (-1312 -32 -696 ) (-1792 -32 -696 ) (-1792 -32 -704 ) (-1312 -32 -704 ) 
4 186 216 (-1792 -32 -696 ) (-1952 -32 -696 ) (-1952 -32 -704 ) (-1792 -32 -704 ) 
4 186 198 (-1952 -32 -704 ) (-1952 -32 -696 ) (-1952 0 -696 ) (-1952 0 -704 ) 
4 186 187 (-1312 -32 -704 ) (-1952 -32 -704 ) (-1952 0 -704 ) (-1312 0 -704 ) 
4 187 214 (-1312 -32 -704 ) (-1792 -32 -704 ) (-1792 -32 -1312 ) (-1312 -32 -1312 ) 
4 187 216 (-1792 -32 -704 ) (-1952 -32 -704 ) (-1952 -32 -1312 ) (-1792 -32 -1312 ) 
4 187 212 (-1024 -32 -1312 ) (-1024 -32 -704 ) (-1312 -32 -704 ) (-1312 -32 -1312 ) 
4 187 198 (-1952 -32 -1312 ) (-1952 -32 -704 ) (-1952 0 -704 ) (-1952 0 -1312 ) 
4 188 334 (-2048 -32 1040 ) (-2048 -32 3776 ) (-2048 0 3776 ) (-2048 0 1040 ) 
4 188 200 (-1968 -32 1040 ) (-1952 -32 1040 ) (-1952 -32 1088 ) (-1968 -32 1088 ) 
4 188 199 (-2048 -32 3776 ) (-2048 -32 1088 ) (-1952 -32 1088 ) (-1952 -32 3776 ) 
4 189 335 (-2048 -32 976 ) (-2048 -32 1008 ) (-2048 0 1008 ) (-2048 0 976 ) 
4 189 191 (-1984 -32 976 ) (-2048 -32 976 ) (-2048 0 976 ) (-1984 0 976 ) 
4 190 191 (-1984 0 848 ) (-1984 -28 848 ) (-1984 -28 976 ) (-1984 0 976 ) 
4 191 336 (-2048 -32 848 ) (-2048 -32 912 ) (-2048 0 912 ) (-2048 0 848 ) 
4 191 335 (-2048 -32 912 ) (-2048 -32 976 ) (-2048 0 976 ) (-2048 0 912 ) 
4 191 192 (-1984 -32 848 ) (-2048 -32 848 ) (-2048 0 848 ) (-1984 0 848 ) 
4 192 336 (-2048 -32 816 ) (-2048 -32 848 ) (-2048 0 848 ) (-2048 0 816 ) 
4 192 194 (-2048 0 816 ) (-1984 0 816 ) (-1984 -32 816 ) (-2048 -32 816 ) 
4 193 194 (-1984 0 688 ) (-1984 -28 688 ) (-1984 -28 816 ) (-1984 0 816 ) 
4 194 336 (-2048 -32 688 ) (-2048 -32 816 ) (-2048 0 816 ) (-2048 0 688 ) 
4 194 195 (-2048 0 688 ) (-1984 0 688 ) (-1984 -32 688 ) (-2048 -32 688 ) 
4 195 336 (-2048 -32 656 ) (-2048 -32 688 ) (-2048 0 688 ) (-2048 0 656 ) 
4 195 197 (-1984 -32 656 ) (-2048 -32 656 ) (-2048 0 656 ) (-1984 0 656 ) 
6 196 197 (-1968 0 528 ) (-1968 -8 528 ) (-1968 -28 552 ) (-1968 -28 592 ) (-1968 -8 616 ) (-1968 0 619.200012 ) 
4 197 336 (-2048 -32 528 ) (-2048 -32 656 ) (-2048 0 656 ) (-2048 0 528 ) 
4 198 340 (-2048 -32 -1312 ) (-2048 -32 304 ) (-2048 0 304 ) (-2048 0 -1312 ) 
4 198 216 (-2048 -32 304 ) (-2048 -32 -1312 ) (-1952 -32 -1312 ) (-1952 -32 304 ) 
4 199 347 (-2048 -1024 1088 ) (-2048 -1024 3776 ) (-2048 -256 3776 ) (-2048 -256 1088 ) 
4 199 342 (-2048 -256 3776 ) (-2048 -32 3776 ) (-2048 -32 1088 ) (-2048 -256 1088 ) 
4 199 218 (-2048 -1024 3776 ) (-2048 -1024 1088 ) (-1024 -1024 1088 ) (-1024 -1024 3776 ) 
4 199 201 (-1968 -256 1088 ) (-1968 -1024 1088 ) (-2048 -1024 1088 ) (-2048 -256 1088 ) 
4 199 200 (-1968 -32 1088 ) (-1024 -32 1088 ) (-1024 -1024 1088 ) (-1968 -1024 1088 ) 
4 200 218 (-1968 -1024 880 ) (-1024 -1024 880 ) (-1024 -1024 1088 ) (-1968 -1024 1088 ) 
4 200 202 (-1024 -1024 880 ) (-1968 -1024 880 ) (-1968 -32 880 ) (-1024 -32 880 ) 
4 200 201 (-1968 -256 880 ) (-1968 -1024 880 ) (-1968 -1024 1088 ) (-1968 -256 1088 ) 
4 201 348 (-2048 -1024 880 ) (-2048 -1024 1040 ) (-2048 -256 1040 ) (-2048 -256 880 ) 
4 201 347 (-2048 -1024 1040 ) (-2048 -1024 1088 ) (-2048 -256 1088 ) (-2048 -256 1040 ) 
4 201 218 (-2048 -1024 1088 ) (-2048 -1024 880 ) (-1968 -1024 880 ) (-1968 -1024 1088 ) 
4 201 203 (-1968 -1024 880 ) (-2048 -1024 880 ) (-2048 -256 880 ) (-1968 -256 880 ) 
4 202 218 (-1968 -1024 816 ) (-1024 -1024 816 ) (-1024 -1024 880 ) (-1968 -1024 880 ) 
4 202 205 (-1968 -32 816 ) (-1664 -32 816 ) (-1664 -256 816 ) (-1968 -256 816 ) 
4 202 208 (-1664 -256 816 ) (-1664 -1024 816 ) (-1968 -1024 816 ) (-1968 -256 816 ) 
4 202 204 (-1664 -32 816 ) (-1024 -32 816 ) (-1024 -1024 816 ) (-1664 -1024 816 ) 
4 202 203 (-1968 -256 816 ) (-1968 -1024 816 ) (-1968 -1024 880 ) (-1968 -256 880 ) 
4 203 348 (-2048 -1024 816 ) (-2048 -1024 880 ) (-2048 -256 880 ) (-2048 -256 816 ) 
4 203 218 (-2048 -1024 880 ) (-2048 -1024 816 ) (-1968 -1024 816 ) (-1968 -1024 880 ) 
4 203 208 (-1968 -256 816 ) (-1968 -1024 816 ) (-2048 -1024 816 ) (-2048 -256 816 ) 
4 204 218 (-1664 -1024 528 ) (-1024 -1024 528 ) (-1024 -1024 816 ) (-1664 -1024 816 ) 
4 204 209 (-1024 -1024 528 ) (-1664 -1024 528 ) (-1664 -32 528 ) (-1024 -32 528 ) 
4 204 206 (-1664 -48 528 ) (-1664 -256 528 ) (-1664 -256 672 ) (-1664 -48 672 ) 
4 204 205 (-1664 -256 672 ) (-1664 -256 816 ) (-1664 -32 816 ) (-1664 -32 672 ) 
4 204 208 (-1664 -256 528 ) (-1664 -1024 528 ) (-1664 -1024 816 ) (-1664 -256 816 ) 
4 205 206 (-1664 -256 672 ) (-1968 -256 672 ) (-1968 -48 672 ) (-1664 -48 672 ) 
4 205 208 (-1664 -256 672 ) (-1664 -256 816 ) (-1968 -256 816 ) (-1968 -256 672 ) 
4 206 210 (-1664 -48 528 ) (-1664 -256 528 ) (-1792 -256 528 ) (-1792 -48 528 ) 
4 206 211 (-1792 -256 528 ) (-1968 -256 528 ) (-1968 -48 528 ) (-1792 -48 528 ) 
4 206 207 (-1968 -48 528 ) (-1968 -256 528 ) (-1968 -256 624 ) (-1968 -48 624 ) 
4 206 208 (-1968 -256 528 ) (-1664 -256 528 ) (-1664 -256 672 ) (-1968 -256 672 ) 
4 207 345 (-2048 -48 528 ) (-2048 -256 528 ) (-2048 -256 624 ) (-2048 -48 624 ) 
4 207 211 (-2048 -256 528 ) (-2048 -48 528 ) (-1968 -48 528 ) (-1968 -256 528 ) 
4 207 208 (-2048 -256 528 ) (-1968 -256 528 ) (-1968 -256 624 ) (-2048 -256 624 ) 
4 208 350 (-2048 -1024 528 ) (-2048 -1024 656 ) (-2048 -256 656 ) (-2048 -256 528 ) 
4 208 348 (-2048 -1024 656 ) (-2048 -1024 816 ) (-2048 -256 816 ) (-2048 -256 656 ) 
4 208 218 (-2048 -1024 816 ) (-2048 -1024 528 ) (-1664 -1024 528 ) (-1664 -1024 816 ) 
4 208 210 (-1664 -1024 528 ) (-1792 -1024 528 ) (-1792 -256 528 ) (-1664 -256 528 ) 
4 208 211 (-1792 -1024 528 ) (-2048 -1024 528 ) (-2048 -256 528 ) (-1792 -256 528 ) 
4 209 218 (-1664 -1024 304 ) (-1024 -1024 304 ) (-1024 -1024 528 ) (-1664 -1024 528 ) 
4 209 215 (-1312 -1024 304 ) (-1664 -1024 304 ) (-1664 -48 304 ) (-1312 -48 304 ) 
4 209 213 (-1024 -1024 304 ) (-1312 -1024 304 ) (-1312 -48 304 ) (-1024 -48 304 ) 
4 209 210 (-1664 -48 304 ) (-1664 -1024 304 ) (-1664 -1024 528 ) (-1664 -48 528 ) 
4 210 218 (-1792 -1024 304 ) (-1664 -1024 304 ) (-1664 -1024 528 ) (-1792 -1024 528 ) 
4 210 215 (-1664 -1024 304 ) (-1792 -1024 304 ) (-1792 -48 304 ) (-1664 -48 304 ) 
4 210 211 (-1792 -48 304 ) (-1792 -1024 304 ) (-1792 -1024 528 ) (-1792 -48 528 ) 
4 211 360 (-2048 -1024 304 ) (-2048 -1024 528 ) (-2048 -256 528 ) (-2048 -256 304 ) 
4 211 344 (-2048 -48 528 ) (-2048 -32 528 ) (-2048 -32 304 ) (-2048 -48 304 ) 
4 211 345 (-2048 -256 528 ) (-2048 -48 528 ) (-2048 -48 304 ) (-2048 -256 304 ) 
4 211 218 (-2048 -1024 528 ) (-2048 -1024 304 ) (-1792 -1024 304 ) (-1792 -1024 528 ) 
4 211 216 (-1792 -1024 304 ) (-2048 -1024 304 ) (-2048 -32 304 ) (-1792 -32 304 ) 
4 212 214 (-1312 -32 -696 ) (-1312 -32 -1312 ) (-1312 -48 -1312 ) (-1312 -48 -696 ) 
4 212 213 (-1312 -48 -696 ) (-1312 -48 -1312 ) (-1024 -48 -1312 ) (-1024 -48 -696 ) 
4 213 218 (-1024 -1024 -1312 ) (-1024 -1024 304 ) (-1312 -1024 304 ) (-1312 -1024 -1312 ) 
4 213 215 (-1312 -1024 -1312 ) (-1312 -1024 304 ) (-1312 -48 304 ) (-1312 -48 -1312 ) 
4 214 215 (-1792 -48 80 ) (-1792 -48 -1312 ) (-1312 -48 -1312 ) (-1312 -48 80 ) 
4 214 216 (-1792 -32 -1312 ) (-1792 -48 -1312 ) (-1792 -48 80 ) (-1792 -32 80 ) 
4 215 218 (-1792 -1024 -1312 ) (-1312 -1024 -1312 ) (-1312 -1024 304 ) (-1792 -1024 304 ) 
4 215 216 (-1792 -48 -1312 ) (-1792 -1024 -1312 ) (-1792 -1024 304 ) (-1792 -48 304 ) 
4 216 360 (-2048 -1024 -1312 ) (-2048 -1024 304 ) (-2048 -256 304 ) (-2048 -256 -1312 ) 
4 216 344 (-2048 -48 304 ) (-2048 -32 304 ) (-2048 -32 -1312 ) (-2048 -48 -1312 ) 
4 216 345 (-2048 -256 304 ) (-2048 -48 304 ) (-2048 -48 -1312 ) (-2048 -256 -1312 ) 
4 216 218 (-2048 -1024 304 ) (-2048 -1024 -1312 ) (-1792 -1024 -1312 ) (-1792 -1024 304 ) 
4 217 221 (0 -2048 -1312 ) (0 -2048 3776 ) (-1024 -2048 3776 ) (-1024 -2048 -1312 ) 
4 217 218 (-1024 -1024 3776 ) (-1024 -1024 -1312 ) (-1024 -2048 -1312 ) (-1024 -2048 3776 ) 
4 218 407 (-2048 -2048 -1312 ) (-2048 -2048 3776 ) (-2048 -1024 3776 ) (-2048 -1024 -1312 ) 
4 218 222 (-1024 -2048 -1312 ) (-1024 -2048 3776 ) (-2048 -2048 3776 ) (-2048 -2048 -1312 ) 
4 219 221 (0 -2048 3776 ) (0 -2048 -1312 ) (0 -3072 -1312 ) (0 -3072 3776 ) 
4 219 220 (755.200073 -3072 3776 ) (0 -3072 3776 ) (0 -3072 -1312 ) (755.200073 -3072 -1312 ) 
4 220 223 (0 -3780.919922 3776 ) (0 -3072 3776 ) (0 -3072 -1312 ) (0 -3780.919922 -1312 ) 
4 221 223 (0 -3072 -1312 ) (0 -3072 3776 ) (-1024 -3072 3776 ) (-1024 -3072 -1312 ) 
4 221 222 (-1024 -2048 3776 ) (-1024 -2048 -1312 ) (-1024 -3072 -1312 ) (-1024 -3072 3776 ) 
4 222 415 (-2048 -3072 -1312 ) (-2048 -3072 3776 ) (-2048 -2048 3776 ) (-2048 -2048 -1312 ) 
4 222 224 (-1024 -3072 -1312 ) (-1024 -3072 3776 ) (-2048 -3072 3776 ) (-2048 -3072 -1312 ) 
4 223 224 (-1024 -3780.919922 3776 ) (-1024 -3072 3776 ) (-1024 -3072 -1312 ) (-1024 -3780.919922 -1312 ) 
4 224 417 (-2048 -3780.919922 3776 ) (-2048 -3072 3776 ) (-2048 -3072 -1312 ) (-2048 -3780.919922 -1312 ) 
4 225 284 (-2048 320 1088 ) (-2048 320 3776 ) (-2432 320 3776 ) (-2432 320 1088 ) 
4 225 229 (-2432 608 1040 ) (-2432 1024 1040 ) (-2416 1024 1040 ) (-2416 608 1040 ) 
4 225 230 (-2416 320 1040 ) (-2432 320 1040 ) (-2432 336 1040 ) (-2416 336 1040 ) 
4 225 228 (-2048 320 1040 ) (-2416 320 1040 ) (-2416 1024 1040 ) (-2048 1024 1040 ) 
4 225 227 (-2432 320 1072 ) (-2432 320 3776 ) (-2432 608 3776 ) (-2432 608 1072 ) 
4 225 226 (-2432 1024 1040 ) (-2432 608 1040 ) (-2432 608 3776 ) (-2432 1024 3776 ) 
4 226 236 (-2752 608 3776 ) (-2752 1024 3776 ) (-2752 1024 1040 ) (-2752 608 1040 ) 
4 226 231 (-2752 624 1040 ) (-2752 1024 1040 ) (-2432 1024 1040 ) (-2432 624 1040 ) 
4 226 227 (-2432 608 1072 ) (-2432 608 3776 ) (-2752 608 3776 ) (-2752 608 1072 ) 
4 227 300 (-2432 320 3776 ) (-2752 320 3776 ) (-2752 320 1088 ) (-2432 320 1088 ) 
4 227 243 (-2752 320 1088 ) (-2752 320 3776 ) (-2752 336 3776 ) (-2752 336 1088 ) 
4 227 236 (-2752 336 3776 ) (-2752 608 3776 ) (-2752 608 1072 ) (-2752 336 1072 ) 
4 228 233 (-2048 320 656 ) (-2416 320 656 ) (-2416 1024 656 ) (-2048 1024 656 ) 
4 228 229 (-2416 1024 656 ) (-2416 608 656 ) (-2416 608 1040 ) (-2416 1024 1040 ) 
4 228 230 (-2416 336 656 ) (-2416 320 656 ) (-2416 320 1040 ) (-2416 336 1040 ) 
4 229 233 (-2432 608 656 ) (-2432 1024 656 ) (-2416 1024 656 ) (-2416 608 656 ) 
4 229 231 (-2432 1024 656 ) (-2432 624 656 ) (-2432 624 1040 ) (-2432 1024 1040 ) 
4 230 233 (-2416 320 656 ) (-2432 320 656 ) (-2432 336 656 ) (-2416 336 656 ) 
4 230 232 (-2432 336 656 ) (-2432 320 656 ) (-2432 320 1040 ) (-2432 336 1040 ) 
4 231 237 (-2752 624 1040 ) (-2752 1024 1040 ) (-2752 1024 656 ) (-2752 624 656 ) 
4 231 234 (-2752 624 656 ) (-2752 1024 656 ) (-2432 1024 656 ) (-2432 624 656 ) 
4 232 302 (-2436 320 1040 ) (-2752 320 1040 ) (-2752 320 656 ) (-2436 320 656 ) 
4 232 301 (-2432 320 1040 ) (-2436 320 1040 ) (-2436 320 656 ) (-2432 320 656 ) 
4 233 235 (-2048 320 624 ) (-2432 320 624 ) (-2432 1024 624 ) (-2048 1024 624 ) 
4 233 234 (-2432 1024 624 ) (-2432 608 624 ) (-2432 608 656 ) (-2432 1024 656 ) 
4 234 242 (-2752 608 656 ) (-2752 1024 656 ) (-2752 1024 624 ) (-2752 608 624 ) 
4 234 235 (-2752 608 624 ) (-2752 1024 624 ) (-2432 1024 624 ) (-2432 608 624 ) 
4 235 310 (-2752 320 512 ) (-2752 320 -1312 ) (-2432 320 -1312 ) (-2432 320 512 ) 
4 235 309 (-2752 320 528 ) (-2752 320 512 ) (-2432 320 512 ) (-2432 320 528 ) 
4 235 307 (-2752 320 608 ) (-2752 320 528 ) (-2432 320 528 ) (-2432 320 608 ) 
4 235 286 (-2048 320 -1312 ) (-2048 320 624 ) (-2256 320 624 ) (-2256 320 -1312 ) 
4 235 288 (-2256 320 624 ) (-2432 320 624 ) (-2432 320 -1312 ) (-2256 320 -1312 ) 
4 235 244 (-2752 320 -1312 ) (-2752 320 528 ) (-2752 336 528 ) (-2752 336 -1312 ) 
4 235 242 (-2752 336 624 ) (-2752 1024 624 ) (-2752 1024 -1312 ) (-2752 336 -1312 ) 
4 236 243 (-2752 336 1088 ) (-2752 336 3776 ) (-2864 336 3776 ) (-2864 336 1088 ) 
4 236 240 (-2864 576 1040 ) (-2864 336 1040 ) (-2864 336 3776 ) (-2864 576 3776 ) 
4 236 239 (-2864 1024 3776 ) (-2864 1024 1040 ) (-2864 576 1040 ) (-2864 576 3776 ) 
4 236 237 (-2768 608 1040 ) (-2768 1024 1040 ) (-2752 1024 1040 ) (-2752 608 1040 ) 
4 236 238 (-2768 336 1040 ) (-2864 336 1040 ) (-2864 1024 1040 ) (-2768 1024 1040 ) 
4 237 242 (-2768 608 656 ) (-2768 1024 656 ) (-2752 1024 656 ) (-2752 608 656 ) 
4 237 238 (-2768 1024 656 ) (-2768 608 656 ) (-2768 608 1040 ) (-2768 1024 1040 ) 
4 238 242 (-2768 336 656 ) (-2864 336 656 ) (-2864 1024 656 ) (-2768 1024 656 ) 
4 238 241 (-2864 576 656 ) (-2864 336 656 ) (-2864 336 784 ) (-2864 576 784 ) 
4 238 240 (-2864 336 976 ) (-2864 336 1040 ) (-2864 576 1040 ) (-2864 576 976 ) 
4 238 239 (-2864 1024 1040 ) (-2864 1024 656 ) (-2864 576 656 ) (-2864 576 1040 ) 
4 239 282 (-2880 1024 768 ) (-2880 1024 656 ) (-2880 576 656 ) (-2880 576 768 ) 
4 239 280 (-2880 1024 784 ) (-2880 1024 768 ) (-2880 576 768 ) (-2880 576 784 ) 
4 239 275 (-2880 1024 912 ) (-2880 1024 784 ) (-2880 592 784 ) (-2880 592 912 ) 
4 239 262 (-2880 576 976 ) (-2880 576 984 ) (-2880 592 984 ) (-2880 592 976 ) 
4 239 261 (-2880 1024 984 ) (-2880 1024 912 ) (-2880 592 912 ) (-2880 592 984 ) 
4 239 251 (-2880 1024 1016 ) (-2880 1024 984 ) (-2880 576 984 ) (-2880 576 1016 ) 
4 239 246 (-2880 1024 1088 ) (-2880 1024 1016 ) (-2880 576 1016 ) (-2880 576 1088 ) 
4 239 245 (-2880 1024 3776 ) (-2880 1024 1088 ) (-2880 576 1088 ) (-2880 576 3776 ) 
4 239 242 (-2880 576 656 ) (-2880 1024 656 ) (-2864 1024 656 ) (-2864 576 656 ) 
4 239 241 (-2880 576 656 ) (-2864 576 656 ) (-2864 576 784 ) (-2880 576 784 ) 
4 239 240 (-2864 576 976 ) (-2864 576 3776 ) (-2880 576 3776 ) (-2880 576 976 ) 
4 240 260 (-2880 336 992 ) (-2880 336 1016 ) (-2880 376 1016 ) (-2880 376 992 ) 
4 240 259 (-2880 376 1016 ) (-2880 392 1016 ) (-2880 392 984 ) (-2880 376 984 ) 
4 240 257 (-2880 392 1016 ) (-2880 408 1016 ) (-2880 408 984 ) (-2880 392 984 ) 
4 240 254 (-2880 504 1016 ) (-2880 520 1016 ) (-2880 520 984 ) (-2880 504 984 ) 
4 240 252 (-2880 536 1016 ) (-2880 576 1016 ) (-2880 576 992 ) (-2880 536 992 ) 
4 240 253 (-2880 520 1016 ) (-2880 536 1016 ) (-2880 536 984 ) (-2880 520 984 ) 
4 240 250 (-2880 336 1016 ) (-2880 336 1088 ) (-2880 408 1088 ) (-2880 408 1016 ) 
4 240 246 (-2880 408 1088 ) (-2880 576 1088 ) (-2880 576 1016 ) (-2880 408 1016 ) 
4 240 245 (-2880 336 1088 ) (-2880 336 3776 ) (-2880 576 3776 ) (-2880 576 1088 ) 
4 240 243 (-2880 336 3776 ) (-2880 336 1088 ) (-2864 336 1088 ) (-2864 336 3776 ) 
4 241 282 (-2880 576 656 ) (-2880 336 656 ) (-2880 336 768 ) (-2880 576 768 ) 
4 241 242 (-2864 336 656 ) (-2880 336 656 ) (-2880 576 656 ) (-2864 576 656 ) 
4 242 282 (-2880 1024 656 ) (-2880 1024 -1312 ) (-2880 336 -1312 ) (-2880 336 656 ) 
4 242 244 (-2880 336 528 ) (-2880 336 -1312 ) (-2752 336 -1312 ) (-2752 336 528 ) 
4 243 300 (-2752 320 1088 ) (-2752 320 3776 ) (-2880 320 3776 ) (-2880 320 1088 ) 
4 243 245 (-2880 320 1088 ) (-2880 320 3776 ) (-2880 336 3776 ) (-2880 336 1088 ) 
4 244 310 (-2752 320 -1312 ) (-2752 320 512 ) (-2880 320 512 ) (-2880 320 -1312 ) 
4 244 309 (-2752 320 512 ) (-2752 320 528 ) (-2768 320 528 ) (-2768 320 512 ) 
4 244 283 (-2880 320 -1312 ) (-2880 320 528 ) (-2880 336 528 ) (-2880 336 -1312 ) 
4 245 300 (-2880 320 1088 ) (-2880 320 3776 ) (-3008 320 3776 ) (-3008 320 1088 ) 
4 245 274 (-3008 336 1088 ) (-3008 320 1088 ) (-3008 320 3776 ) (-3008 336 3776 ) 
4 245 271 (-3008 1024 3776 ) (-3008 1024 1088 ) (-3008 336 1088 ) (-3008 336 3776 ) 
4 245 250 (-3008 336 1088 ) (-3008 408 1088 ) (-2880 408 1088 ) (-2880 336 1088 ) 
4 245 248 (-2896 504 1088 ) (-2896 408 1088 ) (-2992 408 1088 ) (-2992 504 1088 ) 
4 245 247 (-2992 1024 1088 ) (-2896 1024 1088 ) (-2896 504 1088 ) (-2992 504 1088 ) 
4 245 246 (-2896 1024 1088 ) (-2880 1024 1088 ) (-2880 408 1088 ) (-2896 408 1088 ) 
4 245 249 (-3008 408 1088 ) (-3008 1024 1088 ) (-2992 1024 1088 ) (-2992 408 1088 ) 
4 246 254 (-2880 520 1016 ) (-2880 504 1016 ) (-2896 504 1016 ) (-2896 520 1016 ) 
4 246 252 (-2880 576 1016 ) (-2880 536 1016 ) (-2896 536 1016 ) (-2896 576 1016 ) 
4 246 251 (-2896 1024 1016 ) (-2880 1024 1016 ) (-2880 576 1016 ) (-2896 576 1016 ) 
4 246 253 (-2880 536 1016 ) (-2880 520 1016 ) (-2896 520 1016 ) (-2896 536 1016 ) 
4 246 250 (-2896 408 1016 ) (-2880 408 1016 ) (-2880 408 1088 ) (-2896 408 1088 ) 
4 246 248 (-2896 408 1032 ) (-2896 408 1088 ) (-2896 504 1088 ) (-2896 504 1032 ) 
4 246 247 (-2896 1024 1016 ) (-2896 504 1016 ) (-2896 504 1088 ) (-2896 1024 1088 ) 
4 247 252 (-2896 576 1016 ) (-2896 536 1016 ) (-2992 536 1016 ) (-2992 576 1016 ) 
4 247 251 (-2992 1024 1016 ) (-2896 1024 1016 ) (-2896 576 1016 ) (-2992 576 1016 ) 
4 247 253 (-2896 536 1016 ) (-2896 520 1016 ) (-2992 520 1016 ) (-2992 536 1016 ) 
4 247 248 (-2992 504 1088 ) (-2992 504 1032 ) (-2896 504 1032 ) (-2896 504 1088 ) 
4 247 249 (-2992 1024 1016 ) (-2992 504 1016 ) (-2992 504 1088 ) (-2992 1024 1088 ) 
4 248 250 (-2896 408 1032 ) (-2896 408 1088 ) (-2992 408 1088 ) (-2992 408 1032 ) 
4 248 249 (-2992 408 1032 ) (-2992 408 1088 ) (-2992 504 1088 ) (-2992 504 1032 ) 
4 249 271 (-3008 1024 1088 ) (-3008 1024 1016 ) (-3008 408 1016 ) (-3008 408 1088 ) 
4 249 255 (-3008 504 1016 ) (-3008 520 1016 ) (-2992 520 1016 ) (-2992 504 1016 ) 
4 249 252 (-3008 536 1016 ) (-3008 576 1016 ) (-2992 576 1016 ) (-2992 536 1016 ) 
4 249 251 (-3008 576 1016 ) (-3008 1024 1016 ) (-2992 1024 1016 ) (-2992 576 1016 ) 
4 249 253 (-3008 520 1016 ) (-3008 536 1016 ) (-2992 536 1016 ) (-2992 520 1016 ) 
4 249 250 (-3008 408 1016 ) (-2992 408 1016 ) (-2992 408 1088 ) (-3008 408 1088 ) 
4 250 271 (-3008 408 1016 ) (-3008 336 1016 ) (-3008 336 1088 ) (-3008 408 1088 ) 
4 250 260 (-3008 336 1016 ) (-3008 376 1016 ) (-2880 376 1016 ) (-2880 336 1016 ) 
4 250 259 (-3008 376 1016 ) (-3008 392 1016 ) (-2880 392 1016 ) (-2880 376 1016 ) 
4 250 257 (-2896 408 1016 ) (-2880 408 1016 ) (-2880 392 1016 ) (-2896 392 1016 ) 
4 250 258 (-3008 392 1016 ) (-3008 408 1016 ) (-2992 408 1016 ) (-2992 392 1016 ) 
4 251 271 (-3008 1024 1016 ) (-3008 1024 984 ) (-3008 576 984 ) (-3008 576 1016 ) 
4 251 262 (-3008 576 984 ) (-3008 592 984 ) (-2880 592 984 ) (-2880 576 984 ) 
4 251 261 (-3008 592 984 ) (-3008 1024 984 ) (-2880 1024 984 ) (-2880 592 984 ) 
4 251 252 (-2880 576 992 ) (-2880 576 1016 ) (-3008 576 1016 ) (-3008 576 992 ) 
4 252 271 (-3008 536 992 ) (-3008 536 1016 ) (-3008 576 1016 ) (-3008 576 992 ) 
4 252 253 (-2880 536 992 ) (-2880 536 1016 ) (-3008 536 1016 ) (-3008 536 992 ) 
4 253 271 (-3008 536 984 ) (-3008 520 984 ) (-3008 520 1016 ) (-3008 536 1016 ) 
4 253 254 (-2896 520 984 ) (-2880 520 984 ) (-2880 520 1016 ) (-2896 520 1016 ) 
4 253 255 (-3008 520 984 ) (-2992 520 984 ) (-2992 520 1016 ) (-3008 520 1016 ) 
4 255 271 (-3008 520 984 ) (-3008 504 984 ) (-3008 504 1016 ) (-3008 520 1016 ) 
4 256 266 (-2992 504 984 ) (-2896 504 984 ) (-2896 408 984 ) (-2992 408 984 ) 
4 257 259 (-2896 392 984 ) (-2880 392 984 ) (-2880 392 1016 ) (-2896 392 1016 ) 
4 258 271 (-3008 408 984 ) (-3008 392 984 ) (-3008 392 1016 ) (-3008 408 1016 ) 
4 258 259 (-3008 392 984 ) (-2992 392 984 ) (-2992 392 1016 ) (-3008 392 1016 ) 
4 259 271 (-3008 392 984 ) (-3008 376 984 ) (-3008 376 1016 ) (-3008 392 1016 ) 
4 259 260 (-2880 376 992 ) (-2880 376 1016 ) (-3008 376 1016 ) (-3008 376 992 ) 
4 260 271 (-3008 336 992 ) (-3008 336 1016 ) (-3008 376 1016 ) (-3008 376 992 ) 
4 261 275 (-3008 1024 912 ) (-2880 1024 912 ) (-2880 592 912 ) (-3008 592 912 ) 
4 261 272 (-3008 1024 976 ) (-3008 1024 912 ) (-3008 592 912 ) (-3008 592 976 ) 
4 261 271 (-3008 1024 984 ) (-3008 1024 976 ) (-3008 592 976 ) (-3008 592 984 ) 
4 261 262 (-2880 592 984 ) (-3008 592 984 ) (-3008 592 976 ) (-2880 592 976 ) 
4 262 271 (-3008 576 976 ) (-3008 576 984 ) (-3008 592 984 ) (-3008 592 976 ) 
4 263 277 (-2880 576 912 ) (-2880 536 912 ) (-3008 536 912 ) (-3008 576 912 ) 
4 263 264 (-3008 536 976 ) (-3008 536 968 ) (-2880 536 968 ) (-2880 536 976 ) 
4 263 265 (-3008 536 968 ) (-3008 536 912 ) (-2880 536 912 ) (-2880 536 968 ) 
4 264 265 (-3008 520 968 ) (-3008 536 968 ) (-2880 536 968 ) (-2880 520 968 ) 
4 265 277 (-2880 536 912 ) (-2880 504 912 ) (-3008 504 912 ) (-3008 536 912 ) 
4 265 267 (-3008 504 968 ) (-3008 504 912 ) (-2880 504 912 ) (-2880 504 968 ) 
4 266 267 (-2896 408 968 ) (-2992 408 968 ) (-2992 504 968 ) (-2896 504 968 ) 
4 267 277 (-2880 504 912 ) (-2880 408 912 ) (-3008 408 912 ) (-3008 504 912 ) 
4 267 269 (-3008 408 968 ) (-3008 408 912 ) (-2880 408 912 ) (-2880 408 968 ) 
4 268 270 (-3008 376 976 ) (-3008 376 968 ) (-2880 376 968 ) (-2880 376 976 ) 
4 268 269 (-2880 376 968 ) (-3008 376 968 ) (-3008 392 968 ) (-2880 392 968 ) 
4 269 277 (-2880 408 912 ) (-2880 376 912 ) (-3008 376 912 ) (-3008 408 912 ) 
4 269 270 (-3008 376 968 ) (-3008 376 912 ) (-2880 376 912 ) (-2880 376 968 ) 
4 270 277 (-2880 376 912 ) (-2880 336 912 ) (-3008 336 912 ) (-3008 376 912 ) 
4 271 311 (-3072 1024 3776 ) (-3072 1024 976 ) (-3072 336 976 ) (-3072 336 3776 ) 
4 271 274 (-3008 336 1088 ) (-3008 336 3776 ) (-3072 336 3776 ) (-3072 336 1088 ) 
4 271 272 (-3024 576 976 ) (-3024 1024 976 ) (-3008 1024 976 ) (-3008 576 976 ) 
4 271 273 (-3024 336 976 ) (-3072 336 976 ) (-3072 1024 976 ) (-3024 1024 976 ) 
4 272 276 (-3008 592 912 ) (-3008 576 912 ) (-3024 576 912 ) (-3024 592 912 ) 
4 272 275 (-3024 1024 912 ) (-3008 1024 912 ) (-3008 592 912 ) (-3024 592 912 ) 
4 272 273 (-3024 1024 912 ) (-3024 576 912 ) (-3024 576 976 ) (-3024 1024 976 ) 
4 273 311 (-3072 1024 976 ) (-3072 1024 912 ) (-3072 336 912 ) (-3072 336 976 ) 
4 273 278 (-3024 576 912 ) (-3024 336 912 ) (-3072 336 912 ) (-3072 576 912 ) 
4 273 276 (-3024 592 912 ) (-3024 576 912 ) (-3072 576 912 ) (-3072 592 912 ) 
4 273 275 (-3072 1024 912 ) (-3024 1024 912 ) (-3024 592 912 ) (-3072 592 912 ) 
4 274 312 (-3072 320 1088 ) (-3072 320 3776 ) (-3072 336 3776 ) (-3072 336 1088 ) 
4 274 300 (-3072 320 3776 ) (-3072 320 1088 ) (-3008 320 1088 ) (-3008 320 3776 ) 
4 275 314 (-3072 1024 912 ) (-3072 1024 784 ) (-3072 592 784 ) (-3072 592 912 ) 
4 275 280 (-2880 1024 784 ) (-2880 592 784 ) (-3008 592 784 ) (-3008 1024 784 ) 
4 275 281 (-3008 592 784 ) (-3072 592 784 ) (-3072 1024 784 ) (-3008 1024 784 ) 
4 275 276 (-3072 592 784 ) (-3008 592 784 ) (-3008 592 912 ) (-3072 592 912 ) 
4 276 314 (-3072 592 784 ) (-3072 576 784 ) (-3072 576 912 ) (-3072 592 912 ) 
4 276 281 (-3008 576 784 ) (-3072 576 784 ) (-3072 592 784 ) (-3008 592 784 ) 
4 276 278 (-3072 576 784 ) (-3024 576 784 ) (-3024 576 912 ) (-3072 576 912 ) 
4 277 279 (-3008 336 784 ) (-2880 336 784 ) (-2880 336 912 ) (-3008 336 912 ) 
4 278 314 (-3072 576 784 ) (-3072 336 784 ) (-3072 336 912 ) (-3072 576 912 ) 
4 278 281 (-3024 336 784 ) (-3072 336 784 ) (-3072 576 784 ) (-3024 576 784 ) 
4 279 302 (-2880 320 784 ) (-2880 320 912 ) (-3008 320 912 ) (-3008 320 784 ) 
4 280 282 (-3008 576 768 ) (-3008 1024 768 ) (-2880 1024 768 ) (-2880 576 768 ) 
4 280 281 (-3008 1024 768 ) (-3008 576 768 ) (-3008 576 784 ) (-3008 1024 784 ) 
4 281 316 (-3072 1024 784 ) (-3072 1024 768 ) (-3072 336 768 ) (-3072 336 784 ) 
4 281 282 (-3008 336 768 ) (-3072 336 768 ) (-3072 1024 768 ) (-3008 1024 768 ) 
4 282 333 (-3072 1024 512 ) (-3072 1024 -1312 ) (-3072 336 -1312 ) (-3072 336 512 ) 
4 282 331 (-3072 1024 528 ) (-3072 1024 512 ) (-3072 336 512 ) (-3072 336 528 ) 
4 282 326 (-3072 1024 624 ) (-3072 1024 528 ) (-3072 336 528 ) (-3072 336 624 ) 
4 282 316 (-3072 1024 768 ) (-3072 1024 624 ) (-3072 336 624 ) (-3072 336 768 ) 
4 282 283 (-2880 336 -1312 ) (-2880 336 528 ) (-3072 336 528 ) (-3072 336 -1312 ) 
4 283 333 (-3072 320 -1312 ) (-3072 320 512 ) (-3072 336 512 ) (-3072 336 -1312 ) 
4 283 331 (-3072 320 512 ) (-3072 320 528 ) (-3072 336 528 ) (-3072 336 512 ) 
4 283 310 (-2880 320 -1312 ) (-2880 320 512 ) (-3072 320 512 ) (-3072 320 -1312 ) 
4 284 300 (-2432 320 3776 ) (-2432 320 1088 ) (-2432 96 1088 ) (-2432 96 3776 ) 
4 284 289 (-2432 96 3776 ) (-2432 96 1088 ) (-2048 96 1088 ) (-2048 96 3776 ) 
4 285 301 (-2432 224 816 ) (-2432 160 816 ) (-2432 160 880 ) (-2432 224 880 ) 
4 286 287 (-2256 112 528 ) (-2256 112 -1312 ) (-2048 112 -1312 ) (-2048 112 528 ) 
4 286 288 (-2256 320 -1312 ) (-2256 112 -1312 ) (-2256 112 624 ) (-2256 320 624 ) 
4 287 299 (-2256 96 -1312 ) (-2048 96 -1312 ) (-2048 96 304 ) (-2256 96 304 ) 
4 287 298 (-2112 96 528 ) (-2256 96 528 ) (-2256 96 304 ) (-2112 96 304 ) 
4 287 288 (-2256 112 -1312 ) (-2256 96 -1312 ) (-2256 96 528 ) (-2256 112 528 ) 
4 288 310 (-2432 320 512 ) (-2432 320 -1312 ) (-2432 96 -1312 ) (-2432 96 512 ) 
4 288 309 (-2432 320 528 ) (-2432 320 512 ) (-2432 96 512 ) (-2432 96 528 ) 
4 288 307 (-2432 320 608 ) (-2432 320 528 ) (-2432 96 528 ) (-2432 96 608 ) 
4 288 299 (-2432 96 304 ) (-2432 96 -1312 ) (-2256 96 -1312 ) (-2256 96 304 ) 
4 288 298 (-2432 96 528 ) (-2432 96 304 ) (-2256 96 304 ) (-2256 96 528 ) 
4 288 297 (-2432 96 624 ) (-2432 96 528 ) (-2256 96 528 ) (-2256 96 624 ) 
4 289 334 (-2048 0 1040 ) (-2048 0 3776 ) (-2432 0 3776 ) (-2432 0 1040 ) 
4 289 301 (-2432 0 1040 ) (-2432 0 1072 ) (-2432 96 1072 ) (-2432 96 1040 ) 
4 289 300 (-2432 0 1088 ) (-2432 0 3776 ) (-2432 96 3776 ) (-2432 96 1088 ) 
4 290 337 (-2112 0 912 ) (-2168 0 912 ) (-2168 0 656 ) (-2112 0 656 ) 
4 290 336 (-2048 0 656 ) (-2048 0 912 ) (-2112 0 912 ) (-2112 0 656 ) 
4 290 335 (-2048 0 912 ) (-2048 0 1008 ) (-2168 0 1008 ) (-2168 0 912 ) 
4 290 294 (-2048 0 656 ) (-2112 0 656 ) (-2112 96 656 ) (-2048 96 656 ) 
4 290 292 (-2168 0 664 ) (-2168 0 1008 ) (-2168 64 1008 ) (-2168 64 664 ) 
4 290 291 (-2168 96 656 ) (-2168 64 656 ) (-2168 64 1008 ) (-2168 96 1008 ) 
4 291 292 (-2232 64 1008 ) (-2232 64 664 ) (-2168 64 664 ) (-2168 64 1008 ) 
4 291 293 (-2232 96 656 ) (-2232 64 656 ) (-2232 64 1008 ) (-2232 96 1008 ) 
4 292 337 (-2232 0 912 ) (-2232 0 664 ) (-2168 0 664 ) (-2168 0 912 ) 
4 292 335 (-2168 0 1008 ) (-2232 0 1008 ) (-2232 0 912 ) (-2168 0 912 ) 
4 292 293 (-2232 0 664 ) (-2232 0 1008 ) (-2232 64 1008 ) (-2232 64 664 ) 
4 293 337 (-2240 0 912 ) (-2240 0 656 ) (-2232 0 656 ) (-2232 0 912 ) 
4 293 335 (-2232 0 1008 ) (-2240 0 1008 ) (-2240 0 912 ) (-2232 0 912 ) 
4 293 295 (-2240 0 784 ) (-2240 0 1008 ) (-2240 96 1008 ) (-2240 96 784 ) 
4 294 336 (-2048 0 528 ) (-2048 0 656 ) (-2112 0 656 ) (-2112 0 528 ) 
4 295 338 (-2368 0 912 ) (-2368 0 784 ) (-2240 0 784 ) (-2240 0 912 ) 
4 295 335 (-2368 0 1008 ) (-2368 0 912 ) (-2240 0 912 ) (-2240 0 1008 ) 
4 295 296 (-2368 96 784 ) (-2368 0 784 ) (-2368 0 912 ) (-2368 96 912 ) 
4 296 338 (-2432 0 912 ) (-2432 0 784 ) (-2368 0 784 ) (-2368 0 912 ) 
4 296 301 (-2432 0 784 ) (-2432 0 912 ) (-2432 96 912 ) (-2432 96 784 ) 
4 297 339 (-2432 0 624 ) (-2432 0 528 ) (-2240 0 528 ) (-2240 0 624 ) 
4 297 307 (-2432 0 528 ) (-2432 0 608 ) (-2432 96 608 ) (-2432 96 528 ) 
4 297 298 (-2432 0 528 ) (-2432 96 528 ) (-2240 96 528 ) (-2240 0 528 ) 
4 298 341 (-2112 0 528 ) (-2432 0 528 ) (-2432 0 304 ) (-2112 0 304 ) 
4 298 310 (-2432 0 304 ) (-2432 0 512 ) (-2432 96 512 ) (-2432 96 304 ) 
4 298 309 (-2432 0 512 ) (-2432 0 528 ) (-2432 96 528 ) (-2432 96 512 ) 
4 298 299 (-2112 0 304 ) (-2432 0 304 ) (-2432 96 304 ) (-2112 96 304 ) 
4 299 340 (-2048 0 -1312 ) (-2048 0 304 ) (-2112 0 304 ) (-2112 0 -1312 ) 
4 299 341 (-2112 0 304 ) (-2432 0 304 ) (-2432 0 -1312 ) (-2112 0 -1312 ) 
4 299 310 (-2432 0 -1312 ) (-2432 0 304 ) (-2432 96 304 ) (-2432 96 -1312 ) 
4 300 361 (-2432 0 1088 ) (-2432 0 3776 ) (-3072 0 3776 ) (-3072 0 1088 ) 
4 300 318 (-3072 0 1088 ) (-3072 0 3776 ) (-3072 320 3776 ) (-3072 320 1088 ) 
4 301 364 (-2432 0 656 ) (-2432 0 1040 ) (-2436 0 1040 ) (-2436 0 656 ) 
4 301 362 (-2432 0 1040 ) (-2432 0 1072 ) (-2436 0 1072 ) (-2436 0 1040 ) 
4 301 304 (-2436 320 656 ) (-2432 320 656 ) (-2432 0 656 ) (-2436 0 656 ) 
4 301 303 (-2436 316 656 ) (-2436 0 656 ) (-2436 0 1040 ) (-2436 316 1040 ) 
4 301 302 (-2436 320 656 ) (-2436 316 656 ) (-2436 316 1072 ) (-2436 320 1072 ) 
4 302 320 (-3072 316 1072 ) (-3072 320 1072 ) (-3072 320 656 ) (-3072 316 656 ) 
4 302 306 (-3072 320 656 ) (-2780 320 656 ) (-2780 316 656 ) (-3072 316 656 ) 
4 302 305 (-2752 320 656 ) (-2436 320 656 ) (-2436 316 656 ) (-2752 316 656 ) 
4 302 303 (-3072 316 656 ) (-2436 316 656 ) (-2436 316 1040 ) (-3072 316 1040 ) 
4 303 365 (-3040 0 656 ) (-2976 0 656 ) (-2976 0 1040 ) (-3040 0 1040 ) 
4 303 364 (-2976 0 656 ) (-2436 0 656 ) (-2436 0 1040 ) (-2976 0 1040 ) 
4 303 368 (-3072 0 1040 ) (-3072 0 656 ) (-3040 0 656 ) (-3040 0 1040 ) 
4 303 321 (-3072 0 656 ) (-3072 0 1040 ) (-3072 316 1040 ) (-3072 316 656 ) 
4 303 306 (-2780 0 656 ) (-3072 0 656 ) (-3072 316 656 ) (-2780 316 656 ) 
4 304 369 (-2432 0 624 ) (-2432 0 656 ) (-2436 0 656 ) (-2436 0 624 ) 
4 304 305 (-2436 320 624 ) (-2436 316 624 ) (-2436 316 656 ) (-2436 320 656 ) 
4 306 371 (-2780 0 656 ) (-3072 0 656 ) (-3072 0 624 ) (-2780 0 624 ) 
4 306 323 (-3072 0 624 ) (-3072 0 656 ) (-3072 320 656 ) (-3072 320 624 ) 
4 306 308 (-3072 320 624 ) (-2780 320 624 ) (-2780 0 624 ) (-3072 0 624 ) 
4 307 372 (-2432 0 528 ) (-2432 0 608 ) (-2752 0 608 ) (-2752 0 528 ) 
4 307 309 (-2752 320 528 ) (-2432 320 528 ) (-2432 0 528 ) (-2752 0 528 ) 
4 308 373 (-2780 0 624 ) (-3072 0 624 ) (-3072 0 528 ) (-2780 0 528 ) 
4 308 328 (-3072 0 528 ) (-3072 0 624 ) (-3072 320 624 ) (-3072 320 528 ) 
4 309 374 (-2432 0 512 ) (-2432 0 528 ) (-2768 0 528 ) (-2768 0 512 ) 
4 309 310 (-2768 320 512 ) (-2432 320 512 ) (-2432 0 512 ) (-2768 0 512 ) 
4 310 375 (-2768 0 512 ) (-3072 0 512 ) (-3072 0 -1312 ) (-2768 0 -1312 ) 
4 310 374 (-2432 0 -1312 ) (-2432 0 512 ) (-2768 0 512 ) (-2768 0 -1312 ) 
4 310 333 (-3072 0 -1312 ) (-3072 0 512 ) (-3072 320 512 ) (-3072 320 -1312 ) 
4 311 314 (-3616 336 912 ) (-3616 1024 912 ) (-3072 1024 912 ) (-3072 336 912 ) 
4 311 312 (-3616 336 3776 ) (-3616 336 1088 ) (-3072 336 1088 ) (-3072 336 3776 ) 
4 311 313 (-3616 1024 912 ) (-3616 336 912 ) (-3616 336 3776 ) (-3616 1024 3776 ) 
4 312 318 (-3072 320 1088 ) (-3072 320 3776 ) (-3600 320 3776 ) (-3600 320 1088 ) 
4 312 319 (-3600 320 3776 ) (-3616 320 3776 ) (-3616 320 1088 ) (-3600 320 1088 ) 
4 312 313 (-3616 320 1088 ) (-3616 320 3776 ) (-3616 336 3776 ) (-3616 336 1088 ) 
4 313 409 (-4096 1024 3776 ) (-4096 1024 912 ) (-4096 320 912 ) (-4096 320 3776 ) 
4 313 322 (-4096 320 1072 ) (-4096 320 912 ) (-3616 320 912 ) (-3616 320 1072 ) 
4 313 319 (-4096 320 3776 ) (-4096 320 1072 ) (-3616 320 1072 ) (-3616 320 3776 ) 
4 313 315 (-3616 320 912 ) (-4096 320 912 ) (-4096 1024 912 ) (-3616 1024 912 ) 
4 314 316 (-3616 336 784 ) (-3616 1024 784 ) (-3072 1024 784 ) (-3072 336 784 ) 
4 314 315 (-3616 1024 784 ) (-3616 336 784 ) (-3616 336 912 ) (-3616 1024 912 ) 
4 315 409 (-4096 1024 912 ) (-4096 1024 784 ) (-4096 320 784 ) (-4096 320 912 ) 
4 315 322 (-4096 320 912 ) (-4096 320 784 ) (-3616 320 784 ) (-3616 320 912 ) 
4 315 317 (-3616 320 784 ) (-4096 320 784 ) (-4096 1024 784 ) (-3616 1024 784 ) 
4 316 326 (-3616 1024 624 ) (-3072 1024 624 ) (-3072 336 624 ) (-3616 336 624 ) 
4 316 317 (-3616 1024 624 ) (-3616 336 624 ) (-3616 336 784 ) (-3616 1024 784 ) 
4 317 409 (-4096 1024 784 ) (-4096 1024 624 ) (-4096 320 624 ) (-4096 320 784 ) 
4 317 327 (-4096 1024 624 ) (-3616 1024 624 ) (-3616 320 624 ) (-4096 320 624 ) 
4 317 324 (-3640 320 624 ) (-3616 320 624 ) (-3616 320 656 ) (-3640 320 656 ) 
4 317 325 (-4096 320 656 ) (-4096 320 624 ) (-3640 320 624 ) (-3640 320 656 ) 
4 317 322 (-4096 320 784 ) (-4096 320 656 ) (-3616 320 656 ) (-3616 320 784 ) 
4 318 388 (-3072 0 1088 ) (-3072 0 3776 ) (-3600 0 3776 ) (-3600 0 1088 ) 
4 318 319 (-3600 0 1088 ) (-3600 0 3776 ) (-3600 320 3776 ) (-3600 320 1088 ) 
4 319 409 (-4096 0 1072 ) (-4096 0 3776 ) (-4096 320 3776 ) (-4096 320 1072 ) 
4 319 389 (-3600 0 3776 ) (-4096 0 3776 ) (-4096 0 1072 ) (-3600 0 1072 ) 
4 319 322 (-4096 320 1072 ) (-3600 320 1072 ) (-3600 0 1072 ) (-4096 0 1072 ) 
4 320 324 (-3596 316 656 ) (-3596 320 656 ) (-3324 320 656 ) (-3324 316 656 ) 
4 320 323 (-3296 320 656 ) (-3072 320 656 ) (-3072 316 656 ) (-3296 316 656 ) 
4 320 321 (-3596 316 1040 ) (-3596 316 656 ) (-3072 316 656 ) (-3072 316 1040 ) 
4 320 322 (-3596 320 656 ) (-3596 316 656 ) (-3596 316 1072 ) (-3596 320 1072 ) 
4 321 390 (-3072 0 656 ) (-3072 0 1040 ) (-3596 0 1040 ) (-3596 0 656 ) 
4 321 323 (-3072 0 656 ) (-3296 0 656 ) (-3296 316 656 ) (-3072 316 656 ) 
4 321 322 (-3596 316 656 ) (-3596 0 656 ) (-3596 0 1040 ) (-3596 316 1040 ) 
4 322 409 (-4096 0 656 ) (-4096 0 1072 ) (-4096 320 1072 ) (-4096 320 656 ) 
4 322 392 (-3596 0 1072 ) (-4096 0 1072 ) (-4096 0 656 ) (-3596 0 656 ) 
4 322 324 (-3640 316 656 ) (-3640 320 656 ) (-3596 320 656 ) (-3596 316 656 ) 
4 322 325 (-3640 0 656 ) (-4096 0 656 ) (-4096 320 656 ) (-3640 320 656 ) 
4 323 393 (-3072 0 624 ) (-3072 0 656 ) (-3296 0 656 ) (-3296 0 624 ) 
4 323 328 (-3072 320 624 ) (-3072 0 624 ) (-3296 0 624 ) (-3296 320 624 ) 
4 324 325 (-3640 316 656 ) (-3640 320 656 ) (-3640 320 624 ) (-3640 316 624 ) 
4 325 409 (-4096 320 624 ) (-4096 0 624 ) (-4096 0 656 ) (-4096 320 656 ) 
4 325 395 (-3640 0 656 ) (-4096 0 656 ) (-4096 0 624 ) (-3640 0 624 ) 
4 325 330 (-3644 0 624 ) (-4096 0 624 ) (-4096 320 624 ) (-3644 320 624 ) 
4 326 331 (-3296 1024 528 ) (-3072 1024 528 ) (-3072 336 528 ) (-3296 336 528 ) 
4 326 332 (-3616 1024 528 ) (-3296 1024 528 ) (-3296 336 528 ) (-3616 336 528 ) 
4 326 327 (-3616 1024 528 ) (-3616 336 528 ) (-3616 336 624 ) (-3616 1024 624 ) 
4 327 409 (-4096 1024 624 ) (-4096 1024 528 ) (-4096 320 528 ) (-4096 320 624 ) 
4 327 332 (-4096 320 528 ) (-4096 1024 528 ) (-3616 1024 528 ) (-3616 320 528 ) 
4 327 329 (-3644 320 528 ) (-3616 320 528 ) (-3616 320 608 ) (-3644 320 608 ) 
4 327 330 (-4096 320 528 ) (-3644 320 528 ) (-3644 320 624 ) (-4096 320 624 ) 
4 328 399 (-3072 0 528 ) (-3072 0 624 ) (-3296 0 624 ) (-3296 0 528 ) 
4 329 400 (-3644 0 608 ) (-3644 0 528 ) (-3324 0 528 ) (-3324 0 608 ) 
4 329 332 (-3324 0 528 ) (-3644 0 528 ) (-3644 320 528 ) (-3324 320 528 ) 
4 329 330 (-3644 320 608 ) (-3644 320 528 ) (-3644 0 528 ) (-3644 0 608 ) 
4 330 409 (-4096 320 528 ) (-4096 0 528 ) (-4096 0 624 ) (-4096 320 624 ) 
4 330 401 (-3644 0 624 ) (-4096 0 624 ) (-4096 0 528 ) (-3644 0 528 ) 
4 330 332 (-3644 0 528 ) (-4096 0 528 ) (-4096 320 528 ) (-3644 320 528 ) 
4 331 333 (-3296 1024 512 ) (-3072 1024 512 ) (-3072 320 512 ) (-3296 320 512 ) 
4 331 332 (-3296 1024 512 ) (-3296 320 512 ) (-3296 320 528 ) (-3296 1024 528 ) 
4 332 409 (-4096 1024 528 ) (-4096 1024 512 ) (-4096 0 512 ) (-4096 0 528 ) 
4 332 405 (-3296 0 528 ) (-4096 0 528 ) (-4096 0 512 ) (-3296 0 512 ) 
4 332 333 (-4096 1024 512 ) (-3296 1024 512 ) (-3296 0 512 ) (-4096 0 512 ) 
4 333 409 (-4096 1024 512 ) (-4096 1024 -1312 ) (-4096 0 -1312 ) (-4096 0 512 ) 
4 333 406 (-3072 0 -1312 ) (-3072 0 512 ) (-4096 0 512 ) (-4096 0 -1312 ) 
4 334 362 (-2432 0 1072 ) (-2432 0 1040 ) (-2432 -32 1040 ) (-2432 -32 1072 ) 
4 334 361 (-2432 0 3776 ) (-2432 0 1088 ) (-2432 -32 1088 ) (-2432 -32 3776 ) 
4 334 342 (-2432 -32 3776 ) (-2432 -32 1088 ) (-2048 -32 1088 ) (-2048 -32 3776 ) 
4 335 338 (-2240 -32 912 ) (-2368 -32 912 ) (-2368 0 912 ) (-2240 0 912 ) 
4 335 337 (-2112 -32 912 ) (-2240 -32 912 ) (-2240 0 912 ) (-2112 0 912 ) 
4 335 336 (-2048 -32 912 ) (-2112 -32 912 ) (-2112 0 912 ) (-2048 0 912 ) 
4 336 337 (-2112 -32 656 ) (-2112 -32 912 ) (-2112 0 912 ) (-2112 0 656 ) 
4 337 338 (-2240 -32 784 ) (-2240 -32 912 ) (-2240 0 912 ) (-2240 0 784 ) 
4 338 364 (-2432 0 912 ) (-2432 0 784 ) (-2432 -32 784 ) (-2432 -32 912 ) 
4 339 372 (-2432 0 608 ) (-2432 0 528 ) (-2432 -32 528 ) (-2432 -32 608 ) 
4 339 346 (-2432 -32 624 ) (-2432 -32 528 ) (-2304 -32 528 ) (-2304 -32 624 ) 
4 339 341 (-2240 -32 528 ) (-2432 -32 528 ) (-2432 0 528 ) (-2240 0 528 ) 
4 340 344 (-2112 -32 -1312 ) (-2048 -32 -1312 ) (-2048 -32 304 ) (-2112 -32 304 ) 
4 340 341 (-2112 0 -1312 ) (-2112 -32 -1312 ) (-2112 -32 304 ) (-2112 0 304 ) 
4 341 374 (-2432 0 528 ) (-2432 0 -1312 ) (-2432 -32 -1312 ) (-2432 -32 528 ) 
4 341 344 (-2304 -32 -1312 ) (-2112 -32 -1312 ) (-2112 -32 528 ) (-2304 -32 528 ) 
4 341 346 (-2432 -32 528 ) (-2432 -32 -1312 ) (-2304 -32 -1312 ) (-2304 -32 528 ) 
4 342 361 (-2432 -256 1088 ) (-2432 -256 3776 ) (-2432 -32 3776 ) (-2432 -32 1088 ) 
4 342 347 (-2432 -256 3776 ) (-2432 -256 1088 ) (-2048 -256 1088 ) (-2048 -256 3776 ) 
4 343 364 (-2432 -192 880 ) (-2432 -128 880 ) (-2432 -128 816 ) (-2432 -192 816 ) 
4 344 345 (-2304 -48 528 ) (-2304 -48 -1312 ) (-2048 -48 -1312 ) (-2048 -48 528 ) 
4 344 346 (-2304 -32 -1312 ) (-2304 -48 -1312 ) (-2304 -48 528 ) (-2304 -32 528 ) 
4 345 360 (-2304 -256 -1312 ) (-2048 -256 -1312 ) (-2048 -256 528 ) (-2304 -256 528 ) 
4 345 351 (-2160 -256 624 ) (-2192 -256 624 ) (-2192 -256 528 ) (-2160 -256 528 ) 
4 345 350 (-2048 -256 528 ) (-2048 -256 624 ) (-2160 -256 624 ) (-2160 -256 528 ) 
4 345 359 (-2192 -256 624 ) (-2304 -256 624 ) (-2304 -256 528 ) (-2192 -256 528 ) 
4 345 346 (-2304 -48 -1312 ) (-2304 -256 -1312 ) (-2304 -256 624 ) (-2304 -48 624 ) 
4 346 374 (-2432 -256 -1312 ) (-2432 -256 528 ) (-2432 -32 528 ) (-2432 -32 -1312 ) 
4 346 372 (-2432 -256 528 ) (-2432 -256 608 ) (-2432 -32 608 ) (-2432 -32 528 ) 
4 346 360 (-2432 -256 528 ) (-2432 -256 -1312 ) (-2304 -256 -1312 ) (-2304 -256 528 ) 
4 346 359 (-2432 -256 624 ) (-2432 -256 528 ) (-2304 -256 528 ) (-2304 -256 624 ) 
4 347 407 (-2048 -1024 1040 ) (-2048 -1024 3776 ) (-2432 -1024 3776 ) (-2432 -1024 1040 ) 
4 347 377 (-2432 -1024 1040 ) (-2432 -1024 1072 ) (-2432 -544 1072 ) (-2432 -544 1040 ) 
4 347 376 (-2432 -1024 1072 ) (-2432 -1024 3776 ) (-2432 -256 3776 ) (-2432 -256 1072 ) 
4 347 349 (-2416 -1024 1040 ) (-2432 -1024 1040 ) (-2432 -544 1040 ) (-2416 -544 1040 ) 
4 347 348 (-2048 -1024 1040 ) (-2416 -1024 1040 ) (-2416 -256 1040 ) (-2048 -256 1040 ) 
4 348 407 (-2048 -1024 656 ) (-2048 -1024 1040 ) (-2416 -1024 1040 ) (-2416 -1024 656 ) 
4 348 352 (-2160 -280 656 ) (-2160 -400 656 ) (-2192 -400 656 ) (-2192 -280 656 ) 
4 348 351 (-2192 -256 656 ) (-2160 -256 656 ) (-2160 -280 656 ) (-2192 -280 656 ) 
4 348 358 (-2160 -400 656 ) (-2160 -1024 656 ) (-2192 -1024 656 ) (-2192 -400 656 ) 
4 348 350 (-2160 -256 656 ) (-2048 -256 656 ) (-2048 -1024 656 ) (-2160 -1024 656 ) 
4 348 359 (-2416 -256 656 ) (-2192 -256 656 ) (-2192 -1024 656 ) (-2416 -1024 656 ) 
4 348 349 (-2416 -544 656 ) (-2416 -1024 656 ) (-2416 -1024 1040 ) (-2416 -544 1040 ) 
4 349 407 (-2416 -1024 1040 ) (-2432 -1024 1040 ) (-2432 -1024 656 ) (-2416 -1024 656 ) 
4 349 379 (-2432 -1024 656 ) (-2432 -1024 1040 ) (-2432 -560 1040 ) (-2432 -560 656 ) 
4 349 359 (-2432 -1024 656 ) (-2432 -544 656 ) (-2416 -544 656 ) (-2416 -1024 656 ) 
4 350 407 (-2048 -1024 528 ) (-2048 -1024 656 ) (-2160 -1024 656 ) (-2160 -1024 528 ) 
4 350 360 (-2048 -1024 528 ) (-2160 -1024 528 ) (-2160 -256 528 ) (-2048 -256 528 ) 
3 350 357 (-2160 -380 616 ) (-2160 -360 640 ) (-2160 -340 632 ) 
3 350 356 (-2160 -400 592 ) (-2160 -400 656 ) (-2160 -360 640 ) 
3 350 355 (-2160 -280 528 ) (-2160 -300 528 ) (-2160 -280 552 ) 
3 350 354 (-2160 -380 528 ) (-2160 -400 528 ) (-2160 -400 552 ) 
3 350 353 (-2160 -300 616 ) (-2160 -280 608 ) (-2160 -280 592 ) 
3 350 352 (-2160 -400 656 ) (-2160 -280 656 ) (-2160 -280 608 ) 
4 350 351 (-2160 -256 528 ) (-2160 -280 528 ) (-2160 -280 656 ) (-2160 -256 656 ) 
4 350 358 (-2160 -400 528 ) (-2160 -1024 528 ) (-2160 -1024 656 ) (-2160 -400 656 ) 
4 351 360 (-2192 -280 528 ) (-2192 -256 528 ) (-2160 -256 528 ) (-2160 -280 528 ) 
4 351 355 (-2192 -280 552 ) (-2192 -280 528 ) (-2160 -280 528 ) (-2160 -280 552 ) 
4 351 353 (-2192 -280 608 ) (-2192 -280 592 ) (-2160 -280 592 ) (-2160 -280 608 ) 
4 351 352 (-2192 -280 656 ) (-2192 -280 608 ) (-2160 -280 608 ) (-2160 -280 656 ) 
4 351 359 (-2192 -256 528 ) (-2192 -280 528 ) (-2192 -280 656 ) (-2192 -256 656 ) 
4 352 357 (-2192 -360 640 ) (-2192 -340 632 ) (-2160 -340 632 ) (-2160 -360 640 ) 
4 352 356 (-2160 -400 656 ) (-2192 -400 656 ) (-2192 -360 640 ) (-2160 -360 640 ) 
4 352 353 (-2192 -300 616 ) (-2192 -280 608 ) (-2160 -280 608 ) (-2160 -300 616 ) 
3 352 359 (-2192 -400 656 ) (-2192 -280 656 ) (-2192 -280 608 ) 
3 353 359 (-2192 -300 616 ) (-2192 -280 608 ) (-2192 -280 592 ) 
4 354 360 (-2192 -400 528 ) (-2192 -380 528 ) (-2160 -380 528 ) (-2160 -400 528 ) 
3 354 359 (-2192 -380 528 ) (-2192 -400 528 ) (-2192 -400 552 ) 
4 354 358 (-2192 -400 552 ) (-2192 -400 528 ) (-2160 -400 528 ) (-2160 -400 552 ) 
4 355 360 (-2192 -300 528 ) (-2192 -280 528 ) (-2160 -280 528 ) (-2160 -300 528 ) 
3 355 359 (-2192 -280 528 ) (-2192 -300 528 ) (-2192 -280 552 ) 
4 356 357 (-2192 -380.001312 616 ) (-2192 -360 640 ) (-2160 -360 640 ) (-2160 -380.001312 616 ) 
3 356 359 (-2192 -400 592 ) (-2192 -400 656 ) (-2192 -360 640 ) 
4 356 358 (-2192 -400 656 ) (-2192 -400 592 ) (-2160 -400 592 ) (-2160 -400 656 ) 
3 357 359 (-2192 -380 616 ) (-2192 -360 640 ) (-2192 -340 632 ) 
4 358 407 (-2160 -1024 656 ) (-2192 -1024 656 ) (-2192 -1024 528 ) (-2160 -1024 528 ) 
4 358 360 (-2160 -1024 528 ) (-2192 -1024 528 ) (-2192 -400 528 ) (-2160 -400 528 ) 
4 358 359 (-2192 -400 528 ) (-2192 -1024 528 ) (-2192 -1024 656 ) (-2192 -400 656 ) 
4 359 407 (-2192 -1024 656 ) (-2432 -1024 656 ) (-2432 -1024 528 ) (-2192 -1024 528 ) 
4 359 380 (-2432 -256 624 ) (-2432 -256 528 ) (-2432 -544 528 ) (-2432 -544 624 ) 
4 359 381 (-2432 -1024 528 ) (-2432 -1024 656 ) (-2432 -544 656 ) (-2432 -544 528 ) 
4 359 360 (-2192 -1024 528 ) (-2432 -1024 528 ) (-2432 -256 528 ) (-2192 -256 528 ) 
4 360 407 (-2048 -1024 -1312 ) (-2048 -1024 528 ) (-2432 -1024 528 ) (-2432 -1024 -1312 ) 
4 360 380 (-2432 -544 528 ) (-2432 -256 528 ) (-2432 -256 -1312 ) (-2432 -544 -1312 ) 
4 360 381 (-2432 -1024 -1312 ) (-2432 -1024 528 ) (-2432 -544 528 ) (-2432 -544 -1312 ) 
4 361 388 (-3072 -256 1088 ) (-3072 -256 3776 ) (-3072 0 3776 ) (-3072 0 1088 ) 
4 361 382 (-3072 -256 3776 ) (-3072 -256 1088 ) (-2752 -256 1088 ) (-2752 -256 3776 ) 
4 361 376 (-2752 -256 1088 ) (-2432 -256 1088 ) (-2432 -256 3776 ) (-2752 -256 3776 ) 
4 362 364 (-2432 -256 1040 ) (-2436 -256 1040 ) (-2436 0 1040 ) (-2432 0 1040 ) 
4 362 363 (-2436 -252 1040 ) (-2436 -256 1040 ) (-2436 -256 1072 ) (-2436 -252 1072 ) 
4 363 391 (-3072 -256 1040 ) (-3072 -256 1072 ) (-3072 -252 1072 ) (-3072 -252 1040 ) 
4 363 366 (-2976 -256 1040 ) (-3040 -256 1040 ) (-3040 -252 1040 ) (-2976 -252 1040 ) 
4 363 364 (-2436 -256 1040 ) (-2976 -256 1040 ) (-2976 -252 1040 ) (-2436 -252 1040 ) 
4 363 368 (-3040 -256 1040 ) (-3072 -256 1040 ) (-3072 -252 1040 ) (-3040 -252 1040 ) 
4 364 378 (-2752 -256 656 ) (-2432 -256 656 ) (-2432 -256 1040 ) (-2752 -256 1040 ) 
4 364 371 (-2780 -256 656 ) (-2976 -256 656 ) (-2976 0 656 ) (-2780 0 656 ) 
4 364 370 (-2436 -256 656 ) (-2752 -256 656 ) (-2752 -252 656 ) (-2436 -252 656 ) 
4 364 369 (-2432 -256 656 ) (-2436 -256 656 ) (-2436 0 656 ) (-2432 0 656 ) 
4 364 366 (-2976 -256 944 ) (-2976 -256 1040 ) (-2976 -248 1040 ) (-2976 -248 944 ) 
4 364 367 (-2976 -248 656 ) (-2976 -256 656 ) (-2976 -256 881.479004 ) (-2976 -248 881.479004 ) 
4 364 365 (-2976 0 656 ) (-2976 -248 656 ) (-2976 -248 1040 ) (-2976 0 1040 ) 
4 365 371 (-3040 -248 656 ) (-3040 0 656 ) (-2976 0 656 ) (-2976 -248 656 ) 
4 365 366 (-3040 -248 1040 ) (-3040 -248 944 ) (-2976 -248 944 ) (-2976 -248 1040 ) 
4 365 367 (-3040 -248 881.479004 ) (-3040 -248 656 ) (-2976 -248 656 ) (-2976 -248 881.479004 ) 
4 365 368 (-3040 0 656 ) (-3040 -248 656 ) (-3040 -248 1040 ) (-3040 0 1040 ) 
4 366 368 (-3040 -256 944 ) (-3040 -256 1040 ) (-3040 -248 1040 ) (-3040 -248 944 ) 
4 367 371 (-2976 -256 656 ) (-3040 -256 656 ) (-3040 -248 656 ) (-2976 -248 656 ) 
4 367 368 (-3040 -248 656 ) (-3040 -256 656 ) (-3040 -256 881.479004 ) (-3040 -248 881.479004 ) 
4 368 390 (-3072 -252 1040 ) (-3072 0 1040 ) (-3072 0 656 ) (-3072 -252 656 ) 
4 368 391 (-3072 -256 656 ) (-3072 -256 1040 ) (-3072 -252 1040 ) (-3072 -252 656 ) 
4 368 371 (-3040 -256 656 ) (-3072 -256 656 ) (-3072 0 656 ) (-3040 0 656 ) 
4 369 370 (-2436 -252 624 ) (-2436 -256 624 ) (-2436 -256 656 ) (-2436 -252 656 ) 
4 371 393 (-3072 -256 624 ) (-3072 -256 656 ) (-3072 0 656 ) (-3072 0 624 ) 
4 371 373 (-2780 -256 624 ) (-3072 -256 624 ) (-3072 0 624 ) (-2780 0 624 ) 
4 372 380 (-2752 -256 528 ) (-2432 -256 528 ) (-2432 -256 608 ) (-2752 -256 608 ) 
4 372 374 (-2432 -256 528 ) (-2752 -256 528 ) (-2752 0 528 ) (-2432 0 528 ) 
4 373 399 (-3072 -256 528 ) (-3072 -256 624 ) (-3072 0 624 ) (-3072 0 528 ) 
4 374 383 (-2768 -256 -1312 ) (-2752 -256 -1312 ) (-2752 -256 528 ) (-2768 -256 528 ) 
4 374 380 (-2752 -256 -1312 ) (-2432 -256 -1312 ) (-2432 -256 528 ) (-2752 -256 528 ) 
4 374 375 (-2768 0 -1312 ) (-2768 -256 -1312 ) (-2768 -256 512 ) (-2768 0 512 ) 
4 375 406 (-3072 -256 -1312 ) (-3072 -256 512 ) (-3072 0 512 ) (-3072 0 -1312 ) 
4 375 383 (-3072 -256 512 ) (-3072 -256 -1312 ) (-2768 -256 -1312 ) (-2768 -256 512 ) 
4 376 407 (-2432 -1024 1072 ) (-2432 -1024 3776 ) (-2752 -1024 3776 ) (-2752 -1024 1072 ) 
4 376 384 (-2752 -272 1072 ) (-2752 -544 1072 ) (-2752 -544 3776 ) (-2752 -272 3776 ) 
4 376 386 (-2752 -544 1072 ) (-2752 -1024 1072 ) (-2752 -1024 3776 ) (-2752 -544 3776 ) 
4 376 382 (-2752 -256 3776 ) (-2752 -256 1088 ) (-2752 -272 1088 ) (-2752 -272 3776 ) 
4 376 377 (-2752 -1024 1072 ) (-2752 -544 1072 ) (-2432 -544 1072 ) (-2432 -1024 1072 ) 
4 377 407 (-2432 -1024 1040 ) (-2432 -1024 1072 ) (-2752 -1024 1072 ) (-2752 -1024 1040 ) 
4 377 386 (-2752 -544 1040 ) (-2752 -1024 1040 ) (-2752 -1024 1072 ) (-2752 -544 1072 ) 
4 377 379 (-2752 -1024 1040 ) (-2752 -560 1040 ) (-2432 -560 1040 ) (-2432 -1024 1040 ) 
4 379 407 (-2432 -1024 656 ) (-2432 -1024 1040 ) (-2752 -1024 1040 ) (-2752 -1024 656 ) 
4 379 386 (-2752 -560 656 ) (-2752 -1024 656 ) (-2752 -1024 1040 ) (-2752 -560 1040 ) 
4 379 381 (-2752 -1024 656 ) (-2752 -560 656 ) (-2432 -560 656 ) (-2432 -1024 656 ) 
4 380 385 (-2752 -272 -1312 ) (-2752 -544 -1312 ) (-2752 -544 624 ) (-2752 -272 624 ) 
4 380 383 (-2752 -256 528 ) (-2752 -256 -1312 ) (-2752 -272 -1312 ) (-2752 -272 528 ) 
4 380 381 (-2752 -544 -1312 ) (-2432 -544 -1312 ) (-2432 -544 624 ) (-2752 -544 624 ) 
4 381 407 (-2432 -1024 -1312 ) (-2432 -1024 656 ) (-2752 -1024 656 ) (-2752 -1024 -1312 ) 
4 381 386 (-2752 -544 -1312 ) (-2752 -1024 -1312 ) (-2752 -1024 656 ) (-2752 -544 656 ) 
4 382 396 (-3072 -256 3776 ) (-3072 -256 1088 ) (-3072 -272 1088 ) (-3072 -272 3776 ) 
4 382 384 (-2752 -272 1088 ) (-2752 -272 3776 ) (-2768 -272 3776 ) (-2768 -272 1088 ) 
4 382 387 (-2768 -272 3776 ) (-3072 -272 3776 ) (-3072 -272 1088 ) (-2768 -272 1088 ) 
4 383 406 (-3072 -256 512 ) (-3072 -256 -1312 ) (-3072 -272 -1312 ) (-3072 -272 512 ) 
4 383 404 (-3072 -256 528 ) (-3072 -256 512 ) (-3072 -272 512 ) (-3072 -272 528 ) 
4 383 385 (-2768 -272 -1312 ) (-2752 -272 -1312 ) (-2752 -272 528 ) (-2768 -272 528 ) 
4 383 387 (-3072 -272 -1312 ) (-2768 -272 -1312 ) (-2768 -272 528 ) (-3072 -272 528 ) 
4 384 387 (-2768 -544 3776 ) (-2768 -272 3776 ) (-2768 -272 1040 ) (-2768 -544 1040 ) 
4 384 386 (-2768 -544 3776 ) (-2768 -544 1040 ) (-2752 -544 1040 ) (-2752 -544 3776 ) 
4 385 386 (-2768 -544 656 ) (-2768 -544 -1312 ) (-2752 -544 -1312 ) (-2752 -544 656 ) 
4 385 387 (-2768 -272 656 ) (-2768 -272 -1312 ) (-2768 -544 -1312 ) (-2768 -544 656 ) 
4 386 407 (-2752 -1024 -1312 ) (-2752 -1024 3776 ) (-2768 -1024 3776 ) (-2768 -1024 -1312 ) 
4 386 387 (-2768 -1024 3776 ) (-2768 -544 3776 ) (-2768 -544 -1312 ) (-2768 -1024 -1312 ) 
4 387 407 (-2768 -1024 3776 ) (-3072 -1024 3776 ) (-3072 -1024 -1312 ) (-2768 -1024 -1312 ) 
4 387 406 (-3072 -1024 -1312 ) (-3072 -1024 512 ) (-3072 -272 512 ) (-3072 -272 -1312 ) 
4 387 404 (-3072 -1024 512 ) (-3072 -1024 528 ) (-3072 -272 528 ) (-3072 -272 512 ) 
4 387 402 (-3072 -1024 528 ) (-3072 -1024 624 ) (-3072 -272 624 ) (-3072 -272 528 ) 
4 387 397 (-3072 -1024 624 ) (-3072 -1024 1088 ) (-3072 -272 1088 ) (-3072 -272 624 ) 
4 387 396 (-3072 -1024 1088 ) (-3072 -1024 3776 ) (-3072 -272 3776 ) (-3072 -272 1088 ) 
4 388 396 (-3072 -256 1088 ) (-3072 -256 3776 ) (-3600 -256 3776 ) (-3600 -256 1088 ) 
4 388 389 (-3600 -256 1088 ) (-3600 -256 3776 ) (-3600 0 3776 ) (-3600 0 1088 ) 
4 389 411 (-4096 0 3776 ) (-4096 0 1072 ) (-4096 -256 1072 ) (-4096 -256 3776 ) 
4 389 398 (-4096 -256 1088 ) (-4096 -256 1072 ) (-3600 -256 1072 ) (-3600 -256 1088 ) 
4 389 396 (-3600 -256 3776 ) (-4096 -256 3776 ) (-4096 -256 1088 ) (-3600 -256 1088 ) 
4 389 392 (-3600 -256 1072 ) (-4096 -256 1072 ) (-4096 0 1072 ) (-3600 0 1072 ) 
4 390 393 (-3296 0 656 ) (-3072 0 656 ) (-3072 -252 656 ) (-3296 -252 656 ) 
4 390 391 (-3596 -252 1040 ) (-3596 -252 656 ) (-3072 -252 656 ) (-3072 -252 1040 ) 
4 390 392 (-3596 0 656 ) (-3596 -252 656 ) (-3596 -252 1040 ) (-3596 0 1040 ) 
4 391 394 (-3324 -256 656 ) (-3596 -256 656 ) (-3596 -252 656 ) (-3324 -252 656 ) 
4 391 393 (-3072 -256 656 ) (-3296 -256 656 ) (-3296 -252 656 ) (-3072 -252 656 ) 
4 391 392 (-3596 -252 656 ) (-3596 -256 656 ) (-3596 -256 1072 ) (-3596 -252 1072 ) 
4 392 411 (-4096 0 1072 ) (-4096 0 656 ) (-4096 -256 656 ) (-4096 -256 1072 ) 
4 392 398 (-3600 -256 1072 ) (-4096 -256 1072 ) (-4096 -256 656 ) (-3600 -256 656 ) 
4 392 394 (-3596 -256 656 ) (-3640 -256 656 ) (-3640 -252 656 ) (-3596 -252 656 ) 
4 392 395 (-3640 -256 656 ) (-4096 -256 656 ) (-4096 0 656 ) (-3640 0 656 ) 
4 393 399 (-3296 0 624 ) (-3072 0 624 ) (-3072 -256 624 ) (-3296 -256 624 ) 
4 394 398 (-3640 -256 624 ) (-3600 -256 624 ) (-3600 -256 656 ) (-3640 -256 656 ) 
4 394 395 (-3640 -252 624 ) (-3640 -256 624 ) (-3640 -256 656 ) (-3640 -252 656 ) 
4 395 411 (-4096 0 656 ) (-4096 0 624 ) (-4096 -256 624 ) (-4096 -256 656 ) 
4 395 401 (-4096 0 624 ) (-3644 0 624 ) (-3644 -256 624 ) (-4096 -256 624 ) 
4 395 398 (-4096 -256 624 ) (-3640 -256 624 ) (-3640 -256 656 ) (-4096 -256 656 ) 
4 396 411 (-4096 -1024 1088 ) (-4096 -1024 3776 ) (-4096 -256 3776 ) (-4096 -256 1088 ) 
4 396 408 (-4096 -1024 3776 ) (-4096 -1024 1088 ) (-3072 -1024 1088 ) (-3072 -1024 3776 ) 
4 396 397 (-3072 -272 1088 ) (-3072 -1024 1088 ) (-3600 -1024 1088 ) (-3600 -272 1088 ) 
4 396 398 (-4096 -256 1088 ) (-3600 -256 1088 ) (-3600 -1024 1088 ) (-4096 -1024 1088 ) 
4 397 408 (-3600 -1024 624 ) (-3072 -1024 624 ) (-3072 -1024 1088 ) (-3600 -1024 1088 ) 
4 397 402 (-3072 -272 624 ) (-3072 -1024 624 ) (-3600 -1024 624 ) (-3600 -272 624 ) 
4 397 398 (-3600 -1024 1088 ) (-3600 -272 1088 ) (-3600 -272 624 ) (-3600 -1024 624 ) 
4 398 411 (-4096 -1024 624 ) (-4096 -1024 1088 ) (-4096 -256 1088 ) (-4096 -256 624 ) 
4 398 408 (-4096 -1024 1088 ) (-4096 -1024 624 ) (-3600 -1024 624 ) (-3600 -1024 1088 ) 
4 398 403 (-3600 -1024 624 ) (-4096 -1024 624 ) (-4096 -256 624 ) (-3600 -256 624 ) 
4 400 405 (-3644 0 528 ) (-3324 0 528 ) (-3324 -256 528 ) (-3644 -256 528 ) 
4 400 403 (-3644 -256 528 ) (-3600 -256 528 ) (-3600 -256 608 ) (-3644 -256 608 ) 
4 400 401 (-3644 0 528 ) (-3644 -256 528 ) (-3644 -256 608 ) (-3644 0 608 ) 
4 401 411 (-4096 -256 624 ) (-4096 0 624 ) (-4096 0 528 ) (-4096 -256 528 ) 
4 401 405 (-4096 -256 528 ) (-4096 0 528 ) (-3644 0 528 ) (-3644 -256 528 ) 
4 401 403 (-4096 -256 528 ) (-3644 -256 528 ) (-3644 -256 624 ) (-4096 -256 624 ) 
4 402 408 (-3600 -1024 528 ) (-3072 -1024 528 ) (-3072 -1024 624 ) (-3600 -1024 624 ) 
4 402 404 (-3072 -1024 528 ) (-3296 -1024 528 ) (-3296 -272 528 ) (-3072 -272 528 ) 
4 402 405 (-3296 -1024 528 ) (-3600 -1024 528 ) (-3600 -272 528 ) (-3296 -272 528 ) 
4 402 403 (-3600 -272 528 ) (-3600 -1024 528 ) (-3600 -1024 624 ) (-3600 -272 624 ) 
4 403 411 (-4096 -1024 528 ) (-4096 -1024 624 ) (-4096 -256 624 ) (-4096 -256 528 ) 
4 403 408 (-4096 -1024 624 ) (-4096 -1024 528 ) (-3600 -1024 528 ) (-3600 -1024 624 ) 
4 403 405 (-3600 -1024 528 ) (-4096 -1024 528 ) (-4096 -256 528 ) (-3600 -256 528 ) 
4 404 408 (-3296 -1024 512 ) (-3072 -1024 512 ) (-3072 -1024 528 ) (-3296 -1024 528 ) 
4 404 406 (-3072 -256 512 ) (-3072 -1024 512 ) (-3296 -1024 512 ) (-3296 -256 512 ) 
4 404 405 (-3296 -256 512 ) (-3296 -1024 512 ) (-3296 -1024 528 ) (-3296 -256 528 ) 
4 405 411 (-4096 -1024 512 ) (-4096 -1024 528 ) (-4096 0 528 ) (-4096 0 512 ) 
4 405 408 (-4096 -1024 528 ) (-4096 -1024 512 ) (-3296 -1024 512 ) (-3296 -1024 528 ) 
4 405 406 (-4096 0 512 ) (-3296 0 512 ) (-3296 -1024 512 ) (-4096 -1024 512 ) 
4 406 411 (-4096 -1024 -1312 ) (-4096 -1024 512 ) (-4096 0 512 ) (-4096 0 -1312 ) 
4 406 408 (-4096 -1024 512 ) (-4096 -1024 -1312 ) (-3072 -1024 -1312 ) (-3072 -1024 512 ) 
4 407 415 (-2048 -2048 -1312 ) (-2048 -2048 3776 ) (-3072 -2048 3776 ) (-3072 -2048 -1312 ) 
4 407 408 (-3072 -1024 3776 ) (-3072 -1024 -1312 ) (-3072 -2048 -1312 ) (-3072 -2048 3776 ) 
4 408 416 (-3072 -2048 -1312 ) (-3072 -2048 3776 ) (-4096 -2048 3776 ) (-4096 -2048 -1312 ) 
4 408 412 (-4096 -2048 -1312 ) (-4096 -2048 3776 ) (-4096 -1024 3776 ) (-4096 -1024 -1312 ) 
4 409 411 (-4096 0 -1312 ) (-4096 0 3776 ) (-5120 0 3776 ) (-5120 0 -1312 ) 
4 409 410 (-5120 1024 3776 ) (-5120 1024 -1312 ) (-5120 0 -1312 ) (-5120 0 3776 ) 
4 410 413 (-5120 0 -1312 ) (-5120 0 3776 ) (-6003.200684 0 3776 ) (-6003.200684 0 -1312 ) 
4 411 413 (-5120 0 3776 ) (-5120 0 -1312 ) (-5120 -1024 -1312 ) (-5120 -1024 3776 ) 
4 411 412 (-4096 -1024 -1312 ) (-4096 -1024 3776 ) (-5120 -1024 3776 ) (-5120 -1024 -1312 ) 
4 412 419 (-4096 -2048 -1312 ) (-4096 -2048 3776 ) (-5120 -2048 3776 ) (-5120 -2048 -1312 ) 
4 412 414 (-5120 -2048 -1312 ) (-5120 -2048 3776 ) (-5120 -1024 3776 ) (-5120 -1024 -1312 ) 
4 413 414 (-5120 -1024 -1312 ) (-5120 -1024 3776 ) (-6003.200684 -1024 3776 ) (-6003.200684 -1024 -1312 ) 
4 414 420 (-5120 -2048 -1312 ) (-5120 -2048 3776 ) (-6003.200684 -2048 3776 ) (-6003.200684 -2048 -1312 ) 
4 415 417 (-2048 -3072 -1312 ) (-2048 -3072 3776 ) (-3072 -3072 3776 ) (-3072 -3072 -1312 ) 
4 415 416 (-3072 -2048 3776 ) (-3072 -2048 -1312 ) (-3072 -3072 -1312 ) (-3072 -3072 3776 ) 
4 416 419 (-4096 -2048 3776 ) (-4096 -2048 -1312 ) (-4096 -3072 -1312 ) (-4096 -3072 3776 ) 
4 416 418 (-3072 -3072 -1312 ) (-3072 -3072 3776 ) (-4096 -3072 3776 ) (-4096 -3072 -1312 ) 
4 417 418 (-3072 -3780.919922 3776 ) (-3072 -3072 3776 ) (-3072 -3072 -1312 ) (-3072 -3780.919922 -1312 ) 
4 418 421 (-4096 -3780.919922 3776 ) (-4096 -3072 3776 ) (-4096 -3072 -1312 ) (-4096 -3780.919922 -1312 ) 
4 419 421 (-4096 -3072 -1312 ) (-4096 -3072 3776 ) (-5120 -3072 3776 ) (-5120 -3072 -1312 ) 
4 419 420 (-5120 -2048 3776 ) (-5120 -2048 -1312 ) (-5120 -3072 -1312 ) (-5120 -3072 3776 ) 
4 420 422 (-5120 -3072 -1312 ) (-5120 -3072 3776 ) (-6003.200684 -3072 3776 ) (-6003.200684 -3072 -1312 ) 
4 421 422 (-5120 -3072 3776 ) (-5120 -3072 -1312 ) (-5120 -3780.919922 -1312 ) (-5120 -3780.919922 3776 ) 
