PRT1
291
919
4 0 92 (0 544 -1144 ) (0 544 128 ) (0 568 128 ) (0 568 -1144 ) 
4 0 73 (0 544 128 ) (0 544 160 ) (0 568 160 ) (0 568 128 ) 
4 0 72 (0 544 160 ) (0 544 1080 ) (0 568 1080 ) (0 568 160 ) 
4 0 23 (0 544 -704 ) (0 544 -1144 ) (512 544 -1144 ) (512 544 -704 ) 
8 0 22 (0 544 -584 ) (0 544 -688 ) (40 544 -688 ) (52 544 -672 ) (60 544 -652 ) (56 544 -620 ) (36 544 -596 ) (8 544 -584 ) 
4 0 21 (512 544 -1144 ) (544 544 -1144 ) (544 544 -704 ) (512 544 -704 ) 
4 0 20 (544 544 -1144 ) (696 544 -1144 ) (696 544 128 ) (544 544 128 ) 
4 0 3 (192 544 1080 ) (0 544 1080 ) (0 544 160 ) (192 544 160 ) 
4 0 2 (544 544 1080 ) (192 544 1080 ) (192 544 160 ) (544 544 160 ) 
4 0 1 (696 544 1080 ) (544 544 1080 ) (544 544 128 ) (696 544 128 ) 
4 1 151 (696 0 1080 ) (544 0 1080 ) (544 0 128 ) (696 0 128 ) 
4 1 24 (696 512 128 ) (696 0 128 ) (544 0 128 ) (544 512 128 ) 
4 1 20 (544 544 128 ) (696 544 128 ) (696 512 128 ) (544 512 128 ) 
4 1 2 (544 0 160 ) (544 0 1080 ) (544 544 1080 ) (544 544 160 ) 
4 2 152 (544 0 1080 ) (192 0 1080 ) (192 0 160 ) (544 0 160 ) 
4 2 3 (192 544 1080 ) (192 544 160 ) (192 0 160 ) (192 0 1080 ) 
4 3 153 (0 0 1080 ) (0 0 160 ) (192 0 160 ) (192 0 1080 ) 
4 3 72 (0 0 160 ) (0 0 1080 ) (0 544 1080 ) (0 544 160 ) 
5 3 18 (0 138.696777 160 ) (0 142.099411 160 ) (86.429611 192 160 ) (136 192 160 ) (80.868866 155.245331 160 ) 
4 3 17 (136 192 160 ) (192 192 160 ) (192 177.986588 160 ) (80.868866 155.245331 160 ) 
3 3 19 (0 142.099411 160 ) (0 192 160 ) (86.429611 192 160 ) 
4 3 15 (0 0 160 ) (0 63.717304 160 ) (42.795570 88.425346 160 ) (42.795570 0 160 ) 
5 3 14 (42.795570 88.425346 160 ) (44.388329 89.344925 160 ) (68.919891 99.191261 160 ) (54.749710 0 160 ) (42.795570 0 160 ) 
4 3 13 (68.919891 99.191261 160 ) (192 148.592453 160 ) (192 0 160 ) (54.749710 0 160 ) 
3 3 16 (0 63.717304 160 ) (0 71.528595 160 ) (44.388329 89.344925 160 ) 
6 3 12 (80.870483 155.245667 160 ) (192 177.986588 160 ) (192 174.568588 160 ) (70.532310 104.439178 160 ) (52.681889 120.267952 160 ) (45.934082 131.953873 160 ) 
3 3 11 (37.597881 146.390594 160 ) (80.870483 155.245667 160 ) (45.934082 131.953873 160 ) 
3 3 10 (70.532310 104.439178 160 ) (64 100.667587 160 ) (52.681889 120.267952 160 ) 
4 3 9 (68.919899 99.191269 160 ) (65.617569 97.865799 160 ) (64 100.667587 160 ) (69.592041 103.896309 160 ) 
4 3 8 (192 174.568588 160 ) (192 148.592453 160 ) (68.919899 99.191269 160 ) (69.592041 103.896309 160 ) 
3 3 7 (45.934082 131.953873 160 ) (52.685329 120.261993 160 ) (42.261665 129.505508 160 ) 
4 3 6 (25.916422 144 160 ) (37.597881 146.390594 160 ) (45.934082 131.953873 160 ) (42.261665 129.505508 160 ) 
6 3 5 (0 71.528595 160 ) (0 138.696777 160 ) (25.916422 144 160 ) (52.685329 120.261993 160 ) (64 100.667587 160 ) (44.388313 89.344925 160 ) 
3 3 4 (64 100.667587 160 ) (65.617569 97.865799 160 ) (44.388313 89.344925 160 ) 
3 4 41 (64 100.667801 128 ) (65.617981 97.865967 128 ) (44.388355 89.344940 128 ) 
4 4 14 (44.383331 89.342041 128 ) (65.618393 97.865250 128 ) (65.617981 97.865074 160 ) (44.383255 89.342003 160 ) 
4 4 9 (65.615166 97.868324 160 ) (65.615570 97.868484 128 ) (64 100.667404 128 ) (64 100.667191 160 ) 
4 4 5 (64 100.667862 160 ) (64 100.668076 128 ) (44.385918 89.343887 128 ) (44.385921 89.343887 160 ) 
4 5 80 (0 71.528595 160 ) (0 138.696777 160 ) (0 138.696777 128 ) (0 71.528595 128 ) 
6 5 41 (0 71.528595 128 ) (0 138.696777 128 ) (25.916412 144 128 ) (52.686382 120.261047 128 ) (64 100.667801 128 ) (44.388355 89.344940 128 ) 
4 5 18 (0 138.696289 160 ) (25.916838 144 160 ) (25.916655 144 128 ) (0 138.696518 128 ) 
4 5 16 (0 71.527718 128 ) (44.383331 89.342041 128 ) (44.383255 89.342003 160 ) (0 71.527702 160 ) 
4 5 10 (64 100.667404 128 ) (52.684937 120.262337 128 ) (52.683922 120.263237 160 ) (64 100.667191 160 ) 
4 5 7 (52.685410 120.262383 160 ) (52.686432 120.261475 128 ) (42.262058 129.505768 128 ) (42.262058 129.505768 160 ) 
4 5 6 (42.262058 129.505768 128 ) (25.917423 144 128 ) (25.917423 144 160 ) (42.262058 129.505768 160 ) 
4 6 41 (25.916412 144 128 ) (37.598335 146.390686 128 ) (45.934448 131.954117 128 ) (42.261658 129.505508 128 ) 
4 6 18 (25.916838 144 160 ) (37.598114 146.390198 160 ) (37.598465 146.390457 128 ) (25.916655 144 128 ) 
4 6 11 (45.934040 131.953842 128 ) (37.597168 146.392014 128 ) (37.596722 146.391922 160 ) (45.933681 131.953613 160 ) 
4 6 7 (42.259769 129.503906 160 ) (42.259769 129.503906 128 ) (45.933441 131.953735 128 ) (45.933079 131.953491 160 ) 
3 7 41 (45.934448 131.954117 128 ) (52.686382 120.261047 128 ) (42.261658 129.505508 128 ) 
4 7 12 (52.684937 120.262337 128 ) (45.934040 131.953842 128 ) (45.933681 131.953613 160 ) (52.683922 120.263237 160 ) 
4 8 41 (176 142.170471 128 ) (68.919891 99.191269 128 ) (69.592041 103.896301 128 ) (176 165.330978 128 ) 
4 8 31 (184 145.381470 128 ) (183 144.980103 128 ) (183 169.372437 128 ) (184 169.949783 128 ) 
4 8 34 (183 144.980103 128 ) (176 142.170471 128 ) (176 165.330978 128 ) (183 169.372437 128 ) 
4 8 29 (192 174.568588 128 ) (192 148.592453 128 ) (184 145.381470 128 ) (184 169.949783 128 ) 
4 8 13 (68.919762 99.190338 128 ) (192 148.591568 128 ) (192 148.591568 160 ) (68.919762 99.190323 160 ) 
4 8 12 (70.532295 104.439201 160 ) (192 174.567902 160 ) (192 174.567902 128 ) (70.532295 104.439201 128 ) 
4 8 10 (69.592049 103.896355 160 ) (70.532295 104.439201 160 ) (70.532295 104.439201 128 ) (69.592049 103.896355 128 ) 
4 8 9 (69.590820 103.892570 160 ) (69.590820 103.892570 128 ) (68.919281 99.191025 128 ) (68.919281 99.191025 160 ) 
4 9 41 (68.919891 99.191269 128 ) (65.617981 97.865967 128 ) (64 100.667801 128 ) (69.592041 103.896301 128 ) 
4 9 14 (65.618393 97.865250 128 ) (68.919762 99.190338 128 ) (68.919762 99.190323 160 ) (65.617981 97.865074 160 ) 
4 9 10 (64 100.668076 128 ) (64 100.667862 160 ) (69.592049 103.896355 160 ) (69.592049 103.896355 128 ) 
3 10 41 (70.532310 104.439171 128 ) (64 100.667801 128 ) (52.682922 120.267036 128 ) 
4 10 12 (70.535156 104.437500 160 ) (70.535156 104.437500 128 ) (52.680557 120.268791 128 ) (52.679531 120.269699 160 ) 
3 11 41 (37.598335 146.390686 128 ) (80.870483 155.245667 128 ) (45.934448 131.954117 128 ) 
4 11 18 (37.598114 146.390198 160 ) (80.869659 155.245102 160 ) (80.869942 155.245285 128 ) (37.598465 146.390457 128 ) 
4 11 12 (45.933346 131.953018 160 ) (45.933708 131.953262 128 ) (80.873123 155.245956 128 ) (80.873123 155.245956 160 ) 
6 12 41 (80.870483 155.245667 128 ) (176 174.712433 128 ) (176 165.330978 128 ) (70.532310 104.439171 128 ) (52.682922 120.267036 128 ) (45.934448 131.954117 128 ) 
4 12 31 (183 176 128 ) (184 176 128 ) (184 169.949783 128 ) (183 169.372437 128 ) 
5 12 34 (176 174.712433 128 ) (182.292023 176 128 ) (183 176 128 ) (183 169.372437 128 ) (176 165.330978 128 ) 
4 12 29 (184 176 128 ) (192 176 128 ) (192 174.568588 128 ) (184 169.949783 128 ) 
3 12 28 (182.292023 176 128 ) (192 177.986588 128 ) (192 176 128 ) 
4 12 17 (80.869659 155.245102 160 ) (192 177.986328 160 ) (192 177.986328 128 ) (80.869942 155.245285 128 ) 
4 13 167 (54.749714 0 128 ) (110.678001 0 128 ) (110.678001 0 160 ) (54.749710 0 160 ) 
4 13 156 (110.678001 0 128 ) (192 0 128 ) (192 0 160 ) (110.678001 0 160 ) 
4 13 41 (68.919891 99.191261 128 ) (176 142.170471 128 ) (176 0 128 ) (54.749710 0 128 ) 
4 13 31 (183 144.980103 128 ) (184 145.381470 128 ) (184 0 128 ) (183 0 128 ) 
4 13 34 (176 142.170471 128 ) (183 144.980103 128 ) (183 0 128 ) (176 0 128 ) 
4 13 29 (184 145.381470 128 ) (192 148.592453 128 ) (192 0 128 ) (184 0 128 ) 
4 13 14 (68.919395 99.191132 160 ) (68.919395 99.191132 128 ) (54.749233 0 128 ) (54.749023 0 160 ) 
4 14 170 (42.795570 0 128 ) (54.749714 0 128 ) (54.749710 0 160 ) (42.795570 0 160 ) 
5 14 41 (42.795570 88.425346 128 ) (44.388329 89.344925 128 ) (68.919891 99.191261 128 ) (54.749710 0 128 ) (42.795570 0 128 ) 
4 14 16 (44.386719 89.343742 160 ) (44.386719 89.343742 128 ) (42.795570 88.425095 128 ) (42.795570 88.425079 160 ) 
4 14 15 (42.795570 88.423615 160 ) (42.795570 88.423615 128 ) (42.795570 0 128 ) (42.795570 0 160 ) 
4 15 172 (0 0 160 ) (0 0 128 ) (42.795570 0 128 ) (42.795570 0 160 ) 
4 15 82 (0 0 128 ) (0 0 160 ) (0 63.717304 160 ) (0 63.717304 128 ) 
4 15 41 (0 0 128 ) (0 63.717304 128 ) (42.795570 88.425346 128 ) (42.795570 0 128 ) 
4 15 16 (42.795570 88.425095 128 ) (0 63.717049 128 ) (0 63.716797 160 ) (42.795570 88.425079 160 ) 
4 16 83 (0 63.717304 160 ) (0 71.528595 160 ) (0 71.528595 128 ) (0 63.717304 128 ) 
3 16 41 (0 63.717304 128 ) (0 71.528595 128 ) (44.388329 89.344925 128 ) 
4 17 38 (176 185 128 ) (176 184 128 ) (124 184 128 ) (125.500732 185 128 ) 
4 17 41 (176 184 128 ) (176 174.712433 128 ) (80.868866 155.245331 128 ) (124 184 128 ) 
4 17 36 (136 192 128 ) (176 192 128 ) (176 185 128 ) (125.500732 185 128 ) 
3 17 34 (182.292023 176 128 ) (176 174.712433 128 ) (176 176 128 ) 
5 17 28 (176 192 128 ) (192 192 128 ) (192 177.986588 128 ) (182.292023 176 128 ) (176 176 128 ) 
4 17 18 (136.003586 192 160 ) (136.003586 192 128 ) (80.873039 155.246338 128 ) (80.873039 155.246338 160 ) 
4 18 81 (0 138.696777 160 ) (0 142.099411 160 ) (0 142.099396 128 ) (0 138.696777 128 ) 
4 18 38 (72.573326 184 128 ) (74.305359 185 128 ) (125.500732 185 128 ) (124 184 128 ) 
5 18 41 (0 138.696777 128 ) (0 142.099411 128 ) (72.573326 184 128 ) (124 184 128 ) (80.868866 155.245331 128 ) 
4 18 36 (74.305359 185 128 ) (86.429611 192 128 ) (136 192 128 ) (125.500732 185 128 ) 
4 18 19 (86.430222 192 160 ) (86.430222 192 128 ) (0 142.098785 128 ) (0 142.098770 160 ) 
4 19 84 (0 142.099411 160 ) (0 192 160 ) (0 192 128 ) (0 142.099396 128 ) 
4 19 38 (0 184 128 ) (0 185 128 ) (74.305359 185 128 ) (72.573326 184 128 ) 
3 19 41 (0 142.099411 128 ) (0 184 128 ) (72.573326 184 128 ) 
4 19 36 (0 185 128 ) (0 192 128 ) (86.429611 192 128 ) (74.305359 185 128 ) 
4 20 47 (544 512 -704 ) (544 512 -1144 ) (696 512 -1144 ) (696 512 -704 ) 
4 20 24 (696 512 128 ) (544 512 128 ) (544 512 -704 ) (696 512 -704 ) 
4 20 21 (544 544 -1144 ) (544 512 -1144 ) (544 512 -704 ) (544 544 -704 ) 
4 21 47 (512 512 -704 ) (512 512 -1144 ) (544 512 -1144 ) (544 512 -704 ) 
4 21 23 (512 512 -1144 ) (512 512 -704 ) (512 544 -704 ) (512 544 -1144 ) 
4 22 93 (0 512 -688 ) (0 512 -584 ) (0 544 -584 ) (0 544 -688 ) 
6 22 42 (0 512 -632 ) (0 512 -688 ) (40 512 -688 ) (52 512 -672 ) (60 512 -652 ) (57.500008 512 -632 ) 
6 22 35 (8 512 -584 ) (0 512 -584 ) (0 512 -632 ) (57.500008 512 -632 ) (56 512 -620 ) (36 512 -596 ) 
4 23 95 (0 512 -1144 ) (0 512 -704 ) (0 544 -704 ) (0 544 -1144 ) 
4 23 48 (208 512 -704 ) (0 512 -704 ) (0 512 -1144 ) (208 512 -1144 ) 
4 23 47 (512 512 -1144 ) (512 512 -704 ) (208 512 -704 ) (208 512 -1144 ) 
4 24 175 (696 0 128 ) (544 0 128 ) (544 0 -704 ) (696 0 -704 ) 
4 24 50 (696 192 -704 ) (696 0 -704 ) (544 0 -704 ) (544 192 -704 ) 
4 24 47 (544 512 -704 ) (696 512 -704 ) (696 192 -704 ) (544 192 -704 ) 
4 25 177 (320 0 -176 ) (320 0 -688 ) (512 0 -688 ) (512 0 -176 ) 
4 25 26 (320 512 -176 ) (320 512 -688 ) (320 0 -688 ) (320 0 -176 ) 
4 26 177 (192 0 -176 ) (192 0 -688 ) (320 0 -688 ) (320 0 -176 ) 
4 26 176 (320 0 128 ) (192 0 128 ) (192 0 -176 ) (320 0 -176 ) 
4 26 43 (192 192 -688 ) (192 0 -688 ) (192 0 -640 ) (192 192 -640 ) 
4 26 42 (192 512 -632 ) (192 512 -688 ) (192 192 -688 ) (192 192 -632 ) 
4 26 29 (192 0 -488 ) (192 0 128 ) (192 176 128 ) (192 176 -488 ) 
4 26 30 (192 0 -624 ) (192 0 -496 ) (192 176 -496 ) (192 176 -624 ) 
4 26 28 (192 176 -488 ) (192 176 128 ) (192 192 128 ) (192 192 -488 ) 
4 26 27 (192 512 128 ) (192 512 -632 ) (192 192 -632 ) (192 192 128 ) 
4 27 42 (176 512 -632 ) (192 512 -632 ) (192 192 -632 ) (176 192 -632 ) 
4 27 36 (176 192 -488 ) (176 192 128 ) (176 193 128 ) (176 193 -488 ) 
4 27 37 (176 192 -624 ) (176 192 -496 ) (176 193 -496 ) (176 193 -624 ) 
4 27 35 (176 512 128 ) (176 512 -632 ) (176 193 -632 ) (176 193 128 ) 
4 27 28 (176 192 128 ) (176 192 -488 ) (192 192 -488 ) (192 192 128 ) 
4 28 38 (176 184 128 ) (176 185 128 ) (176 185 -488 ) (176 184 -488 ) 
4 28 41 (176 176 -488 ) (176 176 128 ) (176 184 128 ) (176 184 -488 ) 
4 28 36 (176 185 128 ) (176 192 128 ) (176 192 -488 ) (176 185 -488 ) 
4 28 31 (183 176 -488 ) (184 176 -488 ) (184 176 128 ) (183 176 128 ) 
4 28 34 (176 176 128 ) (176 176 -488 ) (183 176 -488 ) (183 176 128 ) 
4 28 29 (184 176 -488 ) (192 176 -488 ) (192 176 128 ) (184 176 128 ) 
4 29 180 (192 0 128 ) (184 0 128 ) (184 0 -488 ) (192 0 -488 ) 
4 29 31 (184 176 128 ) (184 176 -488 ) (184 0 -488 ) (184 0 128 ) 
4 30 181 (184 0 -496 ) (184 0 -624 ) (192 0 -624 ) (192 0 -496 ) 
4 30 32 (184 176 -496 ) (184 176 -624 ) (184 0 -624 ) (184 0 -496 ) 
4 31 182 (184 0 128 ) (183 0 128 ) (183 0 -496 ) (184 0 -496 ) 
4 31 34 (183 176 128 ) (183 176 -496 ) (183 0 -496 ) (183 0 128 ) 
4 31 32 (183 0 -496 ) (183 176 -496 ) (184 176 -496 ) (184 0 -496 ) 
4 32 183 (183 0 -496 ) (183 0 -624 ) (184 0 -624 ) (184 0 -496 ) 
4 32 33 (183 0 -624 ) (183 176 -624 ) (184 176 -624 ) (184 0 -624 ) 
4 32 34 (183 176 -496 ) (183 176 -624 ) (183 0 -624 ) (183 0 -496 ) 
4 33 184 (183 0 -624 ) (183 0 -632 ) (184 0 -632 ) (184 0 -624 ) 
4 33 34 (183 176 -624 ) (183 176 -632 ) (183 0 -632 ) (183 0 -624 ) 
4 34 185 (183 0 128 ) (176 0 128 ) (176 0 -632 ) (183 0 -632 ) 
4 34 41 (176 176 -632 ) (176 0 -632 ) (176 0 128 ) (176 176 128 ) 
4 35 97 (0 193 128 ) (0 512 128 ) (0 512 -632 ) (0 193 -632 ) 
4 35 42 (0 193 -632 ) (0 512 -632 ) (176 512 -632 ) (176 193 -632 ) 
4 35 36 (176 193 -488 ) (176 193 128 ) (0 193 128 ) (0 193 -488 ) 
4 35 37 (176 193 -624 ) (176 193 -496 ) (0 193 -496 ) (0 193 -624 ) 
4 36 98 (0 185 128 ) (0 193 128 ) (0 193 -488 ) (0 185 -488 ) 
4 36 38 (176 185 -488 ) (176 185 128 ) (0 185 128 ) (0 185 -488 ) 
4 37 99 (0 193 -496 ) (0 193 -624 ) (0 185 -624 ) (0 185 -496 ) 
4 37 39 (176 185 -624 ) (176 185 -496 ) (0 185 -496 ) (0 185 -624 ) 
4 38 100 (0 184 128 ) (0 185 128 ) (0 185 -496 ) (0 184 -496 ) 
4 38 41 (176 184 -496 ) (176 184 128 ) (0 184 128 ) (0 184 -496 ) 
4 38 39 (176 184 -496 ) (0 184 -496 ) (0 185 -496 ) (176 185 -496 ) 
4 39 101 (0 185 -496 ) (0 185 -624 ) (0 184 -624 ) (0 184 -496 ) 
4 39 40 (176 184 -624 ) (0 184 -624 ) (0 185 -624 ) (176 185 -624 ) 
4 39 41 (176 184 -624 ) (176 184 -496 ) (0 184 -496 ) (0 184 -624 ) 
4 40 102 (0 185 -624 ) (0 185 -632 ) (0 184 -632 ) (0 184 -624 ) 
4 40 41 (0 184 -632 ) (176 184 -632 ) (176 184 -624 ) (0 184 -624 ) 
4 41 187 (176 0 128 ) (0 0 128 ) (0 0 -632 ) (176 0 -632 ) 
4 41 103 (0 0 -632 ) (0 0 128 ) (0 184 128 ) (0 184 -632 ) 
4 42 117 (0 192 -632 ) (0 512 -632 ) (0 512 -688 ) (0 192 -688 ) 
4 42 43 (192 192 -688 ) (192 192 -640 ) (0 192 -640 ) (0 192 -688 ) 
4 43 193 (31.572470 0 -704 ) (192 0 -704 ) (192 0 -640 ) (31.572464 0 -640 ) 
4 43 128 (0 7.781907 -640 ) (0 10.093186 -640 ) (0 10.093186 -704 ) (0 7.781921 -704 ) 
4 43 126 (0 10.093186 -640 ) (0 21.518492 -640 ) (0 21.518494 -704 ) (0 10.093186 -704 ) 
4 43 122 (0 21.518492 -640 ) (0 192 -640 ) (0 192 -704 ) (0 21.518494 -704 ) 
5 43 54 (0 7.781907 -704 ) (0 32 -704 ) (32 32 -704 ) (32 0 -704 ) (31.572464 0 -704 ) 
4 43 53 (0 32 -704 ) (0 192 -704 ) (32 192 -704 ) (32 32 -704 ) 
4 43 52 (32 192 -704 ) (192 192 -704 ) (192 0 -704 ) (32 0 -704 ) 
4 43 46 (5.875530 6.333589 -640 ) (3.776313 6.851000 -640 ) (3.776325 6.850989 -704 ) (5.875534 6.333581 -704 ) 
4 43 44 (31.571899 0 -640 ) (5.875530 6.333589 -640 ) (5.875534 6.333581 -704 ) (31.571899 0 -704 ) 
4 44 198 (8.277546 0 -704 ) (9.657058 0 -704 ) (9.657057 0 -640 ) (8.277546 0 -640 ) 
4 44 193 (9.657058 0 -704 ) (31.572470 0 -704 ) (31.572464 0 -640 ) (9.657057 0 -640 ) 
3 44 56 (5.875476 6.333733 -704 ) (31.572464 0 -704 ) (8.277546 0 -704 ) 
4 44 46 (5.876953 6.332031 -640 ) (5.876953 6.332031 -704 ) (6.643453 4.310940 -704 ) (6.643454 4.310939 -640 ) 
4 44 45 (8 0.733490 -704 ) (8.278378 0 -704 ) (8.278381 0 -640 ) (8 0.733496 -640 ) 
4 45 198 (7.911139 0 -704 ) (8.277546 0 -704 ) (8.277546 0 -640 ) (7.911140 0 -640 ) 
3 45 60 (8 0.731829 -704 ) (8.277546 0 -704 ) (7.911140 0 -704 ) 
3 46 58 (3.776110 6.851180 -704 ) (5.875476 6.333733 -704 ) (6.642200 4.312050 -704 ) 
4 47 50 (696 192 -704 ) (208 192 -704 ) (208 192 -1144 ) (696 192 -1144 ) 
4 47 49 (208 208 -1144 ) (208 192 -1144 ) (208 192 -1072 ) (208 208 -1072 ) 
4 47 48 (208 512 -1144 ) (208 208 -1144 ) (208 208 -704 ) (208 512 -704 ) 
4 48 119 (0 208 -704 ) (0 512 -704 ) (0 512 -1144 ) (0 208 -1144 ) 
4 48 49 (0 208 -1144 ) (208 208 -1144 ) (208 208 -1072 ) (0 208 -1072 ) 
4 49 120 (0 192 -1144 ) (0 192 -1072 ) (0 208 -1072 ) (0 208 -1144 ) 
4 49 71 (0 192 -1072 ) (0 192 -1144 ) (192 192 -1144 ) (192 192 -1072 ) 
4 49 51 (192 192 -1144 ) (208 192 -1144 ) (208 192 -1072 ) (192 192 -1072 ) 
4 50 178 (696 0 -704 ) (208 0 -704 ) (208 0 -1144 ) (696 0 -1144 ) 
4 50 51 (208 192 -1072 ) (208 192 -1144 ) (208 0 -1144 ) (208 0 -1072 ) 
4 51 179 (192 0 -1072 ) (192 0 -1144 ) (208 0 -1144 ) (208 0 -1072 ) 
4 51 71 (192 192 -1072 ) (192 192 -1144 ) (192 0 -1144 ) (192 0 -1072 ) 
4 52 194 (192 0 -719.333008 ) (192 0 -704 ) (32 0 -704 ) (32 0 -719.333008 ) 
4 52 54 (32 32 -719.333008 ) (32 -0.097656 -719.333008 ) (32 -0.097658 -704 ) (32 32 -704 ) 
4 52 53 (32 192 -704 ) (32 192 -719.333008 ) (32 32 -719.333008 ) (32 32 -704 ) 
4 52 55 (32 192 -719.333008 ) (192 192 -719.333008 ) (192 0 -719.333008 ) (32 0 -719.333008 ) 
4 53 123 (0 32 -704 ) (0 192 -704 ) (0 192 -719.333008 ) (0 32 -719.333008 ) 
4 53 55 (0 32 -719.333008 ) (0 192 -719.333008 ) (32 192 -719.333008 ) (32 32 -719.333008 ) 
4 53 54 (0 32 -719.333008 ) (32 32 -719.333008 ) (32 32 -704 ) (0 32 -704 ) 
4 54 195 (32 0 -704 ) (31.572464 0 -704 ) (31.572466 0 -719.333008 ) (32 0 -719.333008 ) 
4 54 129 (0 7.781907 -704 ) (0 10.093186 -704 ) (0 10.093186 -719.333008 ) (0 7.781909 -719.333008 ) 
4 54 127 (0 10.093186 -704 ) (0 21.518494 -704 ) (0 21.518494 -719.333008 ) (0 10.093186 -719.333008 ) 
4 54 124 (0 21.518494 -704 ) (0 32 -704 ) (0 32 -719.333008 ) (0 21.518494 -719.333008 ) 
4 54 58 (5.875610 6.333380 -704 ) (3.776613 6.850734 -704 ) (3.776613 6.850735 -719.333008 ) (5.875609 6.333381 -719.333008 ) 
4 54 56 (31.571243 0 -719.333008 ) (31.571243 0 -704 ) (5.875610 6.333380 -704 ) (5.875609 6.333381 -719.333008 ) 
5 54 55 (31.567673 0 -719.333008 ) (0 7.780722 -719.333008 ) (0 32 -719.333008 ) (32 32 -719.333008 ) (32 0 -719.333008 ) 
4 55 204 (192 0 -784 ) (192 0 -719.333008 ) (31.572466 0 -719.333008 ) (31.572470 0 -784 ) 
4 55 135 (0 10.093186 -784 ) (0 7.781921 -784 ) (0 7.781909 -719.333008 ) (0 10.093185 -719.333008 ) 
4 55 134 (0 21.518494 -784 ) (0 10.093186 -784 ) (0 10.093185 -719.333008 ) (0 21.518494 -719.333008 ) 
4 55 133 (0 192 -719.333008 ) (0 192 -784 ) (0 21.518494 -784 ) (0 21.518494 -719.333008 ) 
4 55 65 (8.239830 5.750972 -784 ) (8.102080 5.784925 -784 ) (4.681360 8.837670 -784 ) (7.324838 8.181324 -784 ) 
4 55 63 (40.275665 0 -784 ) (31.572464 0 -784 ) (8.239830 5.750972 -784 ) (7.324838 8.181324 -784 ) 
5 55 62 (0 192 -784 ) (192 192 -784 ) (192 0 -784 ) (40.275665 0 -784 ) (0 10 -784 ) 
4 55 59 (3.776609 6.850739 -784 ) (5.875608 6.333384 -784 ) (5.875610 6.333381 -719.333008 ) (3.776612 6.850735 -719.333008 ) 
4 55 57 (5.875608 6.333384 -784 ) (31.571247 0 -784 ) (31.571243 0 -719.333008 ) (5.875610 6.333381 -719.333008 ) 
4 56 199 (9.657057 0 -704 ) (8.277546 0 -704 ) (8.277546 0 -719.333008 ) (9.657058 0 -719.333008 ) 
4 56 195 (31.572464 0 -704 ) (9.657057 0 -704 ) (9.657058 0 -719.333008 ) (31.572466 0 -719.333008 ) 
4 56 60 (8 0.733494 -719.333008 ) (8.278380 0 -719.333008 ) (8.278381 0 -704 ) (8 0.733496 -704 ) 
4 56 58 (5.876953 6.332031 -704 ) (5.876953 6.332031 -719.333008 ) (6.643454 4.310939 -719.333008 ) (6.643454 4.310939 -704 ) 
3 56 57 (8.278381 0 -719.333008 ) (5.876953 6.332031 -719.333008 ) (31.567047 0 -719.333008 ) 
4 57 206 (8.277546 0 -719.333008 ) (8.277546 0 -784 ) (9.657058 0 -784 ) (9.657057 0 -719.333008 ) 
4 57 204 (9.657058 0 -784 ) (31.572470 0 -784 ) (31.572466 0 -719.333008 ) (9.657057 0 -719.333008 ) 
3 57 64 (10.404989 0 -784 ) (9.870337 0 -784 ) (10 1.075709 -784 ) 
3 57 63 (31.572464 0 -784 ) (10.404989 0 -784 ) (8.239830 5.750973 -784 ) 
4 57 61 (8 0.733489 -784 ) (8.278378 0 -784 ) (8.278380 0 -719.333008 ) (8 0.733494 -719.333008 ) 
4 57 59 (5.876953 6.332031 -719.333008 ) (5.876953 6.332031 -784 ) (6.643453 4.310940 -784 ) (6.643454 4.310939 -719.333008 ) 
3 58 59 (6.636719 4.316406 -719.333008 ) (3.775329 6.851373 -719.333008 ) (5.871094 6.335938 -719.333008 ) 
4 60 199 (8.277546 0 -704 ) (7.911140 0 -704 ) (7.911139 0 -719.333008 ) (8.277546 0 -719.333008 ) 
3 60 61 (7.998712 0.721222 -719.333008 ) (8.272236 0 -719.333008 ) (7.911140 0 -719.333008 ) 
4 61 206 (7.911139 0 -784 ) (8.277546 0 -784 ) (8.277546 0 -719.333008 ) (7.911140 0 -719.333008 ) 
4 62 208 (192 0 -928 ) (192 0 -784 ) (40.275665 0 -784 ) (40.275661 0 -928 ) 
4 62 136 (0 10 -784 ) (0 192 -784 ) (0 192 -928 ) (0 10 -928 ) 
4 62 69 (6.041781 10.961900 -928 ) (9.400729 10.133972 -928 ) (10.434057 7.409339 -928 ) (9.902907 7.541218 -928 ) 
4 62 67 (9.400729 10.133972 -928 ) (50.514816 0 -928 ) (40.275665 0 -928 ) (10.434057 7.409339 -928 ) 
5 62 66 (0 12.451103 -928 ) (0 192 -928 ) (192 192 -928 ) (192 0 -928 ) (50.514816 0 -928 ) 
4 62 65 (4.681746 8.837326 -928 ) (7.324942 8.181047 -928 ) (7.324600 8.181952 -784 ) (4.680477 8.838458 -784 ) 
4 62 63 (7.324942 8.181047 -928 ) (40.274536 0 -928 ) (40.277954 0 -784 ) (7.324600 8.181952 -784 ) 
4 63 210 (11.985487 0 -784 ) (10.404991 0 -784 ) (10.404989 0 -928 ) (11.985487 0 -928 ) 
4 63 208 (40.275665 0 -784 ) (11.985487 0 -784 ) (11.985487 0 -928 ) (40.275661 0 -928 ) 
3 63 69 (9.902907 7.541218 -928 ) (10.434057 7.409339 -928 ) (10.627499 6.899282 -928 ) 
3 63 68 (12.799999 1.170930 -928 ) (13.244080 0 -928 ) (12.657816 0 -928 ) 
3 63 67 (10.434057 7.409339 -928 ) (40.275665 0 -928 ) (13.244080 0 -928 ) 
4 63 65 (7.323231 8.185570 -784 ) (7.323228 8.185575 -928 ) (8.290267 5.616982 -928 ) (8.290261 5.616988 -784 ) 
4 63 64 (10 1.075691 -928 ) (10.404981 0 -928 ) (10.404968 0 -784 ) (10 1.075670 -784 ) 
4 64 210 (10.404991 0 -784 ) (9.870337 0 -784 ) (9.870337 0 -928 ) (10.404989 0 -928 ) 
4 66 212 (192 0 -1054 ) (192 0 -928 ) (50.514816 0 -928 ) (50.514816 0 -1054 ) 
4 66 144 (0 12.451103 -928 ) (0 16.149090 -928 ) (0 16.149088 -1054 ) (0 12.451111 -1054 ) 
4 66 143 (0 16.149090 -928 ) (0 34.430679 -928 ) (0 34.430679 -1054 ) (0 16.149088 -1054 ) 
4 66 142 (0 34.430679 -928 ) (0 192 -928 ) (0 192 -1054 ) (0 34.430679 -1054 ) 
5 66 70 (0 12.451103 -1054 ) (0 192 -1054 ) (192 192 -1054 ) (192 0 -1054 ) (50.514816 0 -1054 ) 
4 66 69 (6.040598 10.962949 -1054 ) (9.400412 10.134809 -1054 ) (9.400391 10.134868 -928 ) (6.040511 10.963025 -928 ) 
4 66 67 (9.400412 10.134809 -1054 ) (50.517944 0 -1054 ) (50.518112 0 -928 ) (9.400391 10.134868 -928 ) 
4 67 214 (15.451210 0 -928 ) (13.244080 0 -928 ) (13.244080 0 -1054 ) (15.451208 0 -1054 ) 
4 67 212 (50.514816 0 -928 ) (15.451210 0 -928 ) (15.451208 0 -1054 ) (50.514816 0 -1054 ) 
3 67 70 (9.400729 10.133972 -1054 ) (50.514816 0 -1054 ) (13.244080 0 -1054 ) 
4 67 69 (9.400391 10.132813 -928 ) (9.400391 10.132813 -1054 ) (10.626327 6.900319 -1054 ) (10.626320 6.900325 -928 ) 
4 67 68 (12.799810 1.169376 -1054 ) (13.243301 0 -1054 ) (13.243286 0 -928 ) (12.799808 1.169349 -928 ) 
4 68 214 (13.244080 0 -928 ) (12.657816 0 -928 ) (12.657817 0 -1054 ) (13.244080 0 -1054 ) 
3 68 70 (12.799999 1.170930 -1054 ) (13.244080 0 -1054 ) (12.657816 0 -1054 ) 
3 69 70 (6.041781 10.961900 -1054 ) (9.400729 10.133972 -1054 ) (10.627499 6.899282 -1054 ) 
4 70 216 (192 0 -1056 ) (192 0 -1054 ) (0 0 -1054 ) (0 0 -1056 ) 
4 70 145 (0 0 -1056 ) (0 0 -1054 ) (0 192 -1054 ) (0 192 -1056 ) 
4 71 217 (192 0 -1144 ) (192 0 -1072 ) (0 0 -1072 ) (0 0 -1144 ) 
4 71 146 (0 0 -1144 ) (0 0 -1072 ) (0 192 -1072 ) (0 192 -1144 ) 
4 72 230 (0 0 160 ) (0 0 1080 ) (-192 0 1080 ) (-192 0 160 ) 
4 72 90 (-192 0 160 ) (-192 0 1080 ) (-192 544 1080 ) (-192 544 160 ) 
4 72 89 (-192 544 1080 ) (-192 568 1080 ) (-192 568 160 ) (-192 544 160 ) 
4 72 87 (-29.837973 59.552399 160 ) (-26.141247 48.624649 160 ) (-60.682201 28.682405 160 ) (-73.876404 41.876507 160 ) 
4 72 86 (-26.141247 48.624649 160 ) (-9.692113 0 160 ) (-32 0 160 ) (-60.682201 28.682405 160 ) 
4 72 85 (-35.879864 77.412598 160 ) (-29.837973 59.552399 160 ) (-73.876404 41.876507 160 ) (-80 48 160 ) 
5 72 88 (-192 160 160 ) (-192 192 160 ) (-74.643402 192 160 ) (-35.879864 77.412598 160 ) (-80 48 160 ) 
4 72 83 (0 71.528595 160 ) (0 63.717304 160 ) (-26.141247 48.624649 160 ) (-29.837971 59.552399 160 ) 
4 72 82 (0 63.717304 160 ) (0 0 160 ) (-9.692113 0 160 ) (-26.141247 48.624649 160 ) 
3 72 81 (0 142.099396 160 ) (0 138.696777 160 ) (-9.129143 136.828644 160 ) 
5 72 80 (0 138.696777 160 ) (0 71.528595 160 ) (-29.837971 59.552399 160 ) (-48.324295 114.199112 160 ) (-9.129143 136.828644 160 ) 
4 72 84 (-74.643402 192 160 ) (0 192 160 ) (0 142.099396 160 ) (-48.324295 114.199112 160 ) 
5 72 77 (-192 101.331993 160 ) (-192 160 160 ) (-80 48 160 ) (-112.342361 26.438066 160 ) (-130.394409 19.191940 160 ) 
3 72 76 (-112.342361 26.438066 160 ) (-128 16 160 ) (-130.394409 19.191940 160 ) 
5 72 75 (-80 48 160 ) (-48 16 160 ) (-40 0 160 ) (-116 0 160 ) (-128 16 160 ) 
4 72 78 (-192 64 160 ) (-192 101.331993 160 ) (-116 0 160 ) (-128 0 160 ) 
3 72 74 (-48 16 160 ) (-32 0 160 ) (-40 0 160 ) 
3 72 79 (-192 0 160 ) (-192 64 160 ) (-128 0 160 ) 
4 72 73 (-192 544 160 ) (-192 568 160 ) (0 568 160 ) (0 544 160 ) 
4 73 92 (0 568 128 ) (0 544 128 ) (-192 544 128 ) (-192 568 128 ) 
4 73 89 (-192 568 128 ) (-192 544 128 ) (-192 544 160 ) (-192 568 160 ) 
4 74 231 (-32 0 160 ) (-40 0 160 ) (-40 0 128 ) (-32 0 128 ) 
3 74 103 (-32 0 128 ) (-40 0 128 ) (-48 16 128 ) 
4 74 86 (-32 0 128 ) (-48 16 128 ) (-48.001312 16.002625 160 ) (-31.998566 0 160 ) 
4 74 75 (-48 16 160 ) (-48 16 128 ) (-40 0 128 ) (-40 0 160 ) 
4 75 233 (-40 0 160 ) (-116 0 160 ) (-116 0 128 ) (-40 0 128 ) 
5 75 103 (-40 0 128 ) (-116 0 128 ) (-128 16 128 ) (-80 48 128 ) (-48 16 128 ) 
4 75 87 (-60.682285 28.682362 128 ) (-73.876411 41.876507 128 ) (-73.875679 41.876793 160 ) (-60.681564 28.682779 160 ) 
4 75 86 (-48 16 128 ) (-60.682285 28.682362 128 ) (-60.681564 28.682779 160 ) (-48.001312 16.002625 160 ) 
4 75 85 (-73.876411 41.876507 128 ) (-80 48 128 ) (-79.998688 48 160 ) (-73.875679 41.876793 160 ) 
4 75 77 (-79.997284 47.997345 160 ) (-79.997284 47.997345 128 ) (-112.328323 26.443699 128 ) (-112.328316 26.443699 160 ) 
4 75 76 (-112.328323 26.443699 128 ) (-128 15.996094 128 ) (-128 15.996094 160 ) (-112.328316 26.443699 160 ) 
4 75 78 (-116 0 160 ) (-128 16 160 ) (-128 16 128 ) (-116 0 128 ) 
3 76 103 (-128 16 128 ) (-130.394409 19.191940 128 ) (-112.342361 26.438066 128 ) 
4 76 78 (-128 16 160 ) (-130.394836 19.191769 160 ) (-130.394836 19.191772 128 ) (-128 16 128 ) 
4 76 77 (-112.343750 26.437500 160 ) (-112.343750 26.437500 128 ) (-130.394470 19.191669 128 ) (-130.394470 19.191669 160 ) 
4 77 106 (-176 79.998856 128 ) (-192 101.331993 128 ) (-192 160 128 ) (-176 144 128 ) 
5 77 103 (-130.394409 19.191940 128 ) (-176 79.998856 128 ) (-176 144 128 ) (-80 48 128 ) (-112.342361 26.438066 128 ) 
4 77 88 (-80 48 128 ) (-192 160 128 ) (-192 160 160 ) (-79.998688 48 160 ) 
4 77 78 (-130.394836 19.191769 160 ) (-192 101.330917 160 ) (-192 101.330917 128 ) (-130.394836 19.191772 128 ) 
4 78 234 (-116 0 160 ) (-128 0 160 ) (-128 0 128 ) (-116 0 128 ) 
4 78 106 (-176 48 128 ) (-192 64 128 ) (-192 101.331993 128 ) (-176 79.998848 128 ) 
4 78 103 (-116 0 128 ) (-128 0 128 ) (-176 48 128 ) (-176 79.998848 128 ) 
4 78 79 (-128 0 160 ) (-192 64 160 ) (-192 64 128 ) (-128 0 128 ) 
4 79 237 (-128 0 160 ) (-192 0 160 ) (-192 0 128 ) (-128 0 128 ) 
4 79 106 (-176 0 128 ) (-192 0 128 ) (-192 64 128 ) (-176 48 128 ) 
3 79 103 (-128 0 128 ) (-176 0 128 ) (-176 48 128 ) 
5 80 103 (0 138.696777 128 ) (0 71.528595 128 ) (-29.837971 59.552399 128 ) (-48.324295 114.199112 128 ) (-9.129143 136.828644 128 ) 
4 80 85 (-35.879875 77.412582 128 ) (-29.837982 59.552395 128 ) (-29.837986 59.552399 160 ) (-35.879875 77.412582 160 ) 
4 80 88 (-48.324326 114.199097 128 ) (-35.879875 77.412582 128 ) (-35.879875 77.412582 160 ) (-48.324326 114.199097 160 ) 
4 80 83 (-29.836866 59.552330 160 ) (-29.836866 59.552330 128 ) (0 71.528084 128 ) (0 71.528084 160 ) 
4 80 84 (-9.129001 136.828659 128 ) (-48.322269 114.200195 128 ) (-48.322269 114.200195 160 ) (-9.129002 136.828674 160 ) 
4 80 81 (0 138.696747 128 ) (-9.126676 136.829102 128 ) (-9.126675 136.829102 160 ) (0 138.696747 160 ) 
3 81 103 (0 142.099396 128 ) (0 138.696777 128 ) (-9.129143 136.828644 128 ) 
4 81 84 (0 142.099350 128 ) (-9.129001 136.828659 128 ) (-9.129002 136.828674 160 ) (0 142.099350 160 ) 
4 82 236 (0 0 128 ) (0 0 160 ) (-9.692113 0 160 ) (-9.692112 0 128 ) 
4 82 103 (0 63.717304 128 ) (0 0 128 ) (-9.692113 0 128 ) (-26.141247 48.624649 128 ) 
4 82 86 (-26.141253 48.624645 128 ) (-9.692101 0 128 ) (-9.692106 0 160 ) (-26.141253 48.624641 160 ) 
4 82 83 (0 63.716419 128 ) (-26.139217 48.624557 128 ) (-26.139215 48.624557 160 ) (0 63.716419 160 ) 
4 83 103 (0 71.528595 128 ) (0 63.717304 128 ) (-26.141247 48.624649 128 ) (-29.837971 59.552399 128 ) 
4 83 87 (-29.837982 59.552395 128 ) (-26.141253 48.624645 128 ) (-26.141253 48.624641 160 ) (-29.837986 59.552399 160 ) 
4 84 100 (0 185 128 ) (0 184 128 ) (-71.937103 184 128 ) (-72.275391 185 128 ) 
4 84 103 (0 184 128 ) (0 142.099396 128 ) (-48.324295 114.199112 128 ) (-71.937103 184 128 ) 
4 84 98 (0 192 128 ) (0 185 128 ) (-72.275391 185 128 ) (-74.643402 192 128 ) 
4 84 88 (-74.643463 192 160 ) (-74.643463 192 128 ) (-48.324326 114.199097 128 ) (-48.324326 114.199097 160 ) 
4 85 103 (-73.876404 41.876507 128 ) (-80 48 128 ) (-35.879864 77.412598 128 ) (-29.837973 59.552399 128 ) 
4 85 87 (-73.876396 41.876495 160 ) (-73.876396 41.876495 128 ) (-29.839025 59.551937 128 ) (-29.839025 59.551937 160 ) 
4 85 88 (-35.876949 77.414063 160 ) (-35.876949 77.414063 128 ) (-80 48 128 ) (-80 48 160 ) 
4 86 236 (-9.692113 0 160 ) (-32 0 160 ) (-32 0 128 ) (-9.692112 0 128 ) 
4 86 103 (-9.692113 0 128 ) (-32 0 128 ) (-60.682201 28.682405 128 ) (-26.141247 48.624649 128 ) 
4 86 87 (-26.141172 48.624470 160 ) (-26.141172 48.624470 128 ) (-60.682083 28.682283 128 ) (-60.682083 28.682283 160 ) 
4 87 103 (-60.682201 28.682405 128 ) (-73.876404 41.876507 128 ) (-29.837973 59.552399 128 ) (-26.141247 48.624649 128 ) 
4 88 106 (-176 144 128 ) (-192 160 128 ) (-192 176 128 ) (-176 176 128 ) 
4 88 105 (-192 176 128 ) (-192 192 128 ) (-176 192 128 ) (-176 176 128 ) 
4 88 100 (-176 184 128 ) (-176 185 128 ) (-72.275383 185 128 ) (-71.937096 184 128 ) 
5 88 103 (-80 48 128 ) (-176 144 128 ) (-176 184 128 ) (-71.937096 184 128 ) (-35.879864 77.412598 128 ) 
4 88 98 (-176 185 128 ) (-176 192 128 ) (-74.643402 192 128 ) (-72.275383 185 128 ) 
4 89 92 (-192 568 128 ) (-192 544 128 ) (-696 544 128 ) (-696 568 128 ) 
4 89 90 (-192 544 160 ) (-192 544 1080 ) (-544 544 1080 ) (-544 544 160 ) 
4 89 91 (-696 544 1080 ) (-696 544 128 ) (-544 544 128 ) (-544 544 1080 ) 
4 90 230 (-192 0 160 ) (-192 0 1080 ) (-544 0 1080 ) (-544 0 160 ) 
4 90 91 (-544 544 1080 ) (-544 544 160 ) (-544 0 160 ) (-544 0 1080 ) 
4 91 240 (-696 0 128 ) (-544 0 128 ) (-544 0 160 ) (-696 0 160 ) 
4 91 230 (-544 0 160 ) (-544 0 1080 ) (-696 0 1080 ) (-696 0 160 ) 
4 91 116 (-544 0 128 ) (-696 0 128 ) (-696 512 128 ) (-544 512 128 ) 
4 91 94 (-696 512 128 ) (-696 544 128 ) (-544 544 128 ) (-544 512 128 ) 
4 92 96 (-544 544 -688 ) (-696 544 -688 ) (-696 544 -1144 ) (-544 544 -1144 ) 
4 92 95 (0 544 -1144 ) (0 544 -704 ) (-544 544 -704 ) (-544 544 -1144 ) 
4 92 94 (-544 544 128 ) (-696 544 128 ) (-696 544 -688 ) (-544 544 -688 ) 
8 92 93 (0 544 -688 ) (0 544 -584 ) (-12 544 -584 ) (-36 544 -596 ) (-52 544 -616 ) (-60 544 -640 ) (-56 544 -664 ) (-40 544 -688 ) 
6 93 117 (-60 512 -640 ) (-56 512 -664 ) (-40 512 -688 ) (0 512 -688 ) (0 512 -632 ) (-57.333366 512 -632 ) 
6 93 97 (0 512 -632 ) (0 512 -584 ) (-12 512 -584 ) (-36 512 -596 ) (-52 512 -616 ) (-57.333366 512 -632 ) 
4 94 118 (-696 512 -632 ) (-696 512 -688 ) (-544 512 -688 ) (-544 512 -632 ) 
4 94 116 (-544 512 128 ) (-696 512 128 ) (-696 512 -632 ) (-544 512 -632 ) 
4 94 96 (-544 512 -688 ) (-696 512 -688 ) (-696 544 -688 ) (-544 544 -688 ) 
4 95 121 (-544 512 -1144 ) (-208 512 -1144 ) (-208 512 -704 ) (-544 512 -704 ) 
4 95 119 (-208 512 -1144 ) (0 512 -1144 ) (0 512 -704 ) (-208 512 -704 ) 
4 95 96 (-544 544 -1144 ) (-544 512 -1144 ) (-544 512 -704 ) (-544 544 -704 ) 
4 96 121 (-696 512 -1144 ) (-544 512 -1144 ) (-544 512 -704 ) (-696 512 -704 ) 
4 96 118 (-544 512 -704 ) (-544 512 -688 ) (-696 512 -688 ) (-696 512 -704 ) 
4 97 117 (-176 512 -632 ) (0 512 -632 ) (0 193 -632 ) (-176 193 -632 ) 
4 97 104 (-176 512 128 ) (-176 512 -632 ) (-176 193 -632 ) (-176 193 128 ) 
4 97 98 (-176 193 128 ) (-176 193 -488 ) (0 193 -488 ) (0 193 128 ) 
4 97 99 (-176 193 -496 ) (-176 193 -624 ) (0 193 -624 ) (0 193 -496 ) 
4 98 105 (-176 185 -488 ) (-176 185 128 ) (-176 192 128 ) (-176 192 -488 ) 
4 98 104 (-176 192 128 ) (-176 193 128 ) (-176 193 -488 ) (-176 192 -488 ) 
4 98 100 (-176 185 128 ) (-176 185 -488 ) (0 185 -488 ) (0 185 128 ) 
4 99 104 (-176 192 -496 ) (-176 193 -496 ) (-176 193 -624 ) (-176 192 -624 ) 
4 99 101 (-176 185 -496 ) (-176 185 -624 ) (0 185 -624 ) (0 185 -496 ) 
4 100 105 (-176 184 -488 ) (-176 184 128 ) (-176 185 128 ) (-176 185 -488 ) 
4 100 103 (-176 184 128 ) (-176 184 -496 ) (0 184 -496 ) (0 184 128 ) 
4 100 101 (0 184 -496 ) (-176 184 -496 ) (-176 185 -496 ) (0 185 -496 ) 
4 101 102 (0 184 -624 ) (-176 184 -624 ) (-176 185 -624 ) (0 185 -624 ) 
4 101 103 (-176 184 -496 ) (-176 184 -624 ) (0 184 -624 ) (0 184 -496 ) 
4 102 103 (-176 184 -624 ) (-176 184 -632 ) (0 184 -632 ) (0 184 -624 ) 
4 103 241 (0 0 -632 ) (0 0 128 ) (-176 0 128 ) (-176 0 -632 ) 
4 103 107 (-176 176 -632 ) (-176 0 -632 ) (-176 0 -488 ) (-176 176 -488 ) 
4 103 106 (-176 0 -488 ) (-176 0 128 ) (-176 176 128 ) (-176 176 -488 ) 
4 103 105 (-176 176 -488 ) (-176 176 128 ) (-176 184 128 ) (-176 184 -488 ) 
4 104 117 (-192 512 -632 ) (-176 512 -632 ) (-176 192 -632 ) (-192 192 -632 ) 
4 104 112 (-192 512 128 ) (-192 512 -632 ) (-192 192 -632 ) (-192 192 128 ) 
4 104 105 (-192 192 128 ) (-192 192 -488 ) (-176 192 -488 ) (-176 192 128 ) 
4 105 112 (-192 176 -488 ) (-192 176 128 ) (-192 192 128 ) (-192 192 -488 ) 
4 105 106 (-192 176 128 ) (-192 176 -488 ) (-176 176 -488 ) (-176 176 128 ) 
4 106 247 (-176 0 128 ) (-192 0 128 ) (-192 0 -488 ) (-176 0 -488 ) 
4 106 114 (-192 0 -488 ) (-192 0 128 ) (-192 128 128 ) (-192 128 -488 ) 
4 106 112 (-192 128 128 ) (-192 176 128 ) (-192 176 -488 ) (-192 128 -488 ) 
4 106 108 (-184 176 -488 ) (-183 176 -488 ) (-183 0 -488 ) (-184 0 -488 ) 
4 106 107 (-183 176 -488 ) (-176 176 -488 ) (-176 0 -488 ) (-183 0 -488 ) 
4 107 248 (-183 0 -632 ) (-176 0 -632 ) (-176 0 -488 ) (-183 0 -488 ) 
4 107 109 (-183 176 -496 ) (-183 176 -624 ) (-183 0 -624 ) (-183 0 -496 ) 
4 107 108 (-183 0 -488 ) (-183 176 -488 ) (-183 176 -496 ) (-183 0 -496 ) 
4 107 110 (-183 176 -624 ) (-183 176 -632 ) (-183 0 -632 ) (-183 0 -624 ) 
4 108 249 (-183 0 -496 ) (-183 0 -488 ) (-184 0 -488 ) (-184 0 -496 ) 
4 108 109 (-184 0 -496 ) (-184 176 -496 ) (-183 176 -496 ) (-183 0 -496 ) 
4 109 250 (-183 0 -624 ) (-183 0 -496 ) (-184 0 -496 ) (-184 0 -624 ) 
4 109 111 (-184 176 -496 ) (-184 176 -624 ) (-184 0 -624 ) (-184 0 -496 ) 
4 109 110 (-184 0 -624 ) (-184 176 -624 ) (-183 176 -624 ) (-183 0 -624 ) 
4 110 251 (-184 0 -632 ) (-183 0 -632 ) (-183 0 -624 ) (-184 0 -624 ) 
4 111 252 (-192 0 -496 ) (-192 0 -624 ) (-184 0 -624 ) (-184 0 -496 ) 
4 111 114 (-192 0 -624 ) (-192 0 -496 ) (-192 128 -496 ) (-192 128 -624 ) 
4 111 112 (-192 128 -496 ) (-192 176 -496 ) (-192 176 -624 ) (-192 128 -624 ) 
4 112 147 (-192 192 -632 ) (-192 128 -632 ) (-320 128 -632 ) (-320 192 -632 ) 
4 112 117 (-320 512 -632 ) (-192 512 -632 ) (-192 192 -632 ) (-320 192 -632 ) 
4 112 114 (-320 128 -632 ) (-192 128 -632 ) (-192 128 128 ) (-320 128 128 ) 
4 112 113 (-320 512 -256 ) (-320 512 -632 ) (-320 128 -632 ) (-320 128 -256 ) 
4 113 147 (-320 192 -632 ) (-320 128 -632 ) (-512 128 -632 ) (-512 192 -632 ) 
4 113 117 (-512 512 -632 ) (-320 512 -632 ) (-320 192 -632 ) (-512 192 -632 ) 
4 113 115 (-512 128 -256 ) (-512 128 -632 ) (-320 128 -632 ) (-320 128 -256 ) 
4 114 284 (-320 0 -128 ) (-320 0 -632 ) (-192 0 -632 ) (-192 0 -128 ) 
4 114 283 (-192 0 128 ) (-320 0 128 ) (-320 0 -128 ) (-192 0 -128 ) 
4 114 147 (-192 128 -632 ) (-192 0 -632 ) (-320 0 -632 ) (-320 128 -632 ) 
4 114 115 (-320 128 -128 ) (-320 128 -632 ) (-320 0 -632 ) (-320 0 -128 ) 
4 115 284 (-512 0 -128 ) (-512 0 -632 ) (-320 0 -632 ) (-320 0 -128 ) 
4 115 147 (-320 0 -632 ) (-512 0 -632 ) (-512 128 -632 ) (-320 128 -632 ) 
4 116 286 (-544 0 128 ) (-696 0 128 ) (-696 0 -632 ) (-544 0 -632 ) 
4 116 148 (-544 192 -632 ) (-544 0 -632 ) (-696 0 -632 ) (-696 192 -632 ) 
4 116 118 (-696 512 -632 ) (-544 512 -632 ) (-544 192 -632 ) (-696 192 -632 ) 
4 117 147 (-192 192 -632 ) (-512 192 -632 ) (-512 192 -688 ) (-192 192 -688 ) 
4 117 122 (-192 192 -640 ) (-192 192 -688 ) (0 192 -688 ) (0 192 -640 ) 
4 118 148 (-544 192 -632 ) (-696 192 -632 ) (-696 192 -704 ) (-544 192 -704 ) 
4 118 121 (-544 192 -704 ) (-696 192 -704 ) (-696 512 -704 ) (-544 512 -704 ) 
4 119 121 (-208 512 -1144 ) (-208 208 -1144 ) (-208 208 -704 ) (-208 512 -704 ) 
4 119 120 (-208 208 -1072 ) (-208 208 -1144 ) (0 208 -1144 ) (0 208 -1072 ) 
4 120 149 (-208 192 -1144 ) (-192 192 -1144 ) (-192 192 -1072 ) (-208 192 -1072 ) 
4 120 146 (-192 192 -1144 ) (0 192 -1144 ) (0 192 -1072 ) (-192 192 -1072 ) 
4 120 121 (-208 208 -1144 ) (-208 192 -1144 ) (-208 192 -1072 ) (-208 208 -1072 ) 
4 121 150 (-696 192 -1144 ) (-208 192 -1144 ) (-208 192 -704 ) (-696 192 -704 ) 
4 122 259 (-8.160883 0 -640 ) (-9.540398 0 -640 ) (-9.540398 0 -704 ) (-8.160875 0 -704 ) 
4 122 257 (-9.540398 0 -640 ) (-17.098888 0 -640 ) (-17.098892 0 -704 ) (-9.540398 0 -704 ) 
4 122 254 (-17.098888 0 -640 ) (-192 0 -640 ) (-192 0 -704 ) (-17.098892 0 -704 ) 
4 122 147 (-192 192 -640 ) (-192 192 -688 ) (-192 0 -688 ) (-192 0 -640 ) 
4 122 130 (-7.883526 0.733361 -640 ) (-8.161654 0 -640 ) (-8.161628 0 -704 ) (-7.883521 0.733310 -704 ) 
4 122 126 (0 21.520462 -704 ) (0 21.520523 -640 ) (-6.526699 4.311024 -640 ) (-6.526661 4.311058 -704 ) 
5 122 124 (0 21.515686 -704 ) (-8.159836 0 -704 ) (-32 0 -704 ) (-32 32 -704 ) (0 32 -704 ) 
4 122 123 (-32 32 -704 ) (-32 192 -704 ) (0 192 -704 ) (0 32 -704 ) 
4 122 125 (-32 0 -704 ) (-192 0 -704 ) (-192 192 -704 ) (-32 192 -704 ) 
4 123 133 (-31.107428 192 -719.333008 ) (0 192 -719.333008 ) (0 32 -719.333008 ) (-11.679972 32 -719.333008 ) 
4 123 132 (-32 32 -719.333008 ) (-32 192 -719.333008 ) (-31.107428 192 -719.333008 ) (-11.679972 32 -719.333008 ) 
4 123 125 (-32 192 -719.333008 ) (-32 32 -719.333008 ) (-32 32 -704 ) (-32 192 -704 ) 
4 123 124 (-32 32 -704 ) (-32 32 -719.333008 ) (0 32 -719.333008 ) (0 32 -704 ) 
4 124 260 (-9.540398 0 -719.333008 ) (-8.160873 0 -719.333008 ) (-8.160875 0 -704 ) (-9.540398 0 -704 ) 
4 124 258 (-17.098888 0 -719.333008 ) (-9.540398 0 -719.333008 ) (-9.540398 0 -704 ) (-17.098888 0 -704 ) 
4 124 255 (-32 0 -719.333008 ) (-17.098888 0 -719.333008 ) (-17.098888 0 -704 ) (-32 0 -704 ) 
4 124 133 (-11.679972 32 -719.333008 ) (0 32 -719.333008 ) (0 21.518494 -719.333008 ) (-7.883340 0.731821 -719.333008 ) 
5 124 132 (-8.160883 0 -719.333008 ) (-32 0 -719.333008 ) (-32 32 -719.333008 ) (-11.679972 32 -719.333008 ) (-7.883340 0.731821 -719.333008 ) 
4 124 131 (-8.161621 0 -719.333008 ) (-7.883519 0.733296 -719.333008 ) (-7.883521 0.733310 -704 ) (-8.161628 0 -704 ) 
4 124 127 (-6.526651 4.311066 -719.333008 ) (0 21.520447 -719.333008 ) (0 21.520462 -704 ) (-6.526661 4.311058 -704 ) 
4 124 125 (-32 32 -719.333008 ) (-32 0 -719.333008 ) (-32 0 -704 ) (-32 32 -704 ) 
4 125 256 (-192 0 -704 ) (-192 0 -719.333008 ) (-32 0 -719.333008 ) (-32 0 -704 ) 
4 125 132 (-32 0 -719.333008 ) (-192 0 -719.333008 ) (-192 192 -719.333008 ) (-32 192 -719.333008 ) 
4 126 128 (-3.664053 6.850047 -704 ) (0 10.096118 -704 ) (0 10.096085 -640 ) (-3.664030 6.850053 -640 ) 
3 126 127 (0 10.092285 -704 ) (-6.519531 4.316406 -704 ) (0 21.507011 -704 ) 
3 127 134 (-6.525538 4.312051 -719.333008 ) (0 21.518494 -719.333008 ) (0 10.093186 -719.333008 ) 
4 127 129 (-3.664058 6.850047 -719.333008 ) (0 10.096126 -719.333008 ) (0 10.096118 -704 ) (-3.664053 6.850048 -704 ) 
3 128 129 (0 7.752731 -704 ) (-3.660156 6.850586 -704 ) (0 10.093208 -704 ) 
3 129 135 (-3.659461 6.851180 -719.333008 ) (0 10.093186 -719.333008 ) (0 7.753153 -719.333008 ) 
4 130 259 (-7.794481 0 -640 ) (-8.160883 0 -640 ) (-8.160875 0 -704 ) (-7.794481 0 -704 ) 
3 130 131 (-7.794481 0 -704 ) (-8.161377 0 -704 ) (-7.883460 0.732808 -704 ) 
4 131 260 (-7.794481 0 -704 ) (-8.160875 0 -704 ) (-8.160873 0 -719.333008 ) (-7.794481 0 -719.333008 ) 
3 131 132 (-7.794481 0 -719.333008 ) (-8.160883 0 -719.333008 ) (-7.883339 0.731822 -719.333008 ) 
4 132 267 (-7.794481 0 -719.333008 ) (-9.540398 0 -719.333008 ) (-9.540398 0 -784 ) (-7.794495 0 -784 ) 
4 132 266 (-9.540398 0 -719.333008 ) (-17.098888 0 -719.333008 ) (-17.098892 0 -784 ) (-9.540398 0 -784 ) 
4 132 265 (-17.098888 0 -719.333008 ) (-192 0 -719.333008 ) (-192 0 -784 ) (-17.098892 0 -784 ) 
4 132 138 (-10 1.075700 -784 ) (-11.417389 12.834816 -784 ) (-9.288731 12.306290 -784 ) (-8.431091 5.242971 -784 ) 
4 132 137 (-9.870340 0 -784 ) (-192 0 -784 ) (-192 57.671478 -784 ) (-11.417389 12.834816 -784 ) 
4 132 136 (-192 57.671478 -784 ) (-192 192 -784 ) (-31.107422 192 -784 ) (-9.288731 12.306290 -784 ) 
4 132 133 (-7.883823 0.730549 -784 ) (-31.107910 192 -784 ) (-31.107361 192 -719.333008 ) (-7.883289 0.731964 -719.333008 ) 
4 133 139 (-8.290290 5.616961 -784 ) (-6.072509 11.507737 -784 ) (-3.992444 10.991280 -784 ) (-4.874599 8.665228 -784 ) 
3 133 138 (-8.431090 5.242973 -784 ) (-9.288730 12.306289 -784 ) (-6.072509 11.507737 -784 ) 
5 133 136 (-9.288730 12.306289 -784 ) (-31.107422 192 -784 ) (0 192 -784 ) (0 21.518494 -784 ) (-3.992444 10.991280 -784 ) 
4 133 134 (-6.526203 4.311463 -784 ) (0 21.519655 -784 ) (0 21.519745 -719.333008 ) (-6.526211 4.311457 -719.333008 ) 
4 134 140 (-4.681370 8.837671 -784 ) (-2.643479 10.656346 -784 ) (-0.082160 10.020399 -784 ) (-0.146144 9.963714 -784 ) 
3 134 139 (-4.874599 8.665228 -784 ) (-3.992444 10.991280 -784 ) (-2.643479 10.656346 -784 ) 
4 134 136 (-3.992444 10.991280 -784 ) (0 21.518494 -784 ) (0 10.093186 -784 ) (-0.082160 10.020399 -784 ) 
4 134 135 (-3.664058 6.850047 -784 ) (0 10.096126 -784 ) (0 10.096085 -719.333008 ) (-3.664030 6.850053 -719.333008 ) 
4 136 144 (0 16.149092 -928 ) (0 12.405096 -928 ) (-4.861013 11.206936 -928 ) (-5.421476 11.346092 -928 ) 
4 136 143 (0 34.430679 -928 ) (0 16.149092 -928 ) (-5.421476 11.346092 -928 ) (-8.467677 12.102430 -928 ) 
5 136 142 (-35.782120 192 -928 ) (0 192 -928 ) (0 34.430679 -928 ) (-8.467677 12.102430 -928 ) (-14.110615 13.503510 -928 ) 
4 136 141 (-192 57.671478 -928 ) (-192 192 -928 ) (-35.782120 192 -928 ) (-14.110615 13.503510 -928 ) 
4 136 140 (-2.643131 10.656657 -928 ) (0 10 -928 ) (0 10 -784 ) (-2.643115 10.656672 -784 ) 
4 136 139 (-6.072372 11.508101 -928 ) (-2.643131 10.656657 -928 ) (-2.643115 10.656672 -784 ) (-6.072366 11.508117 -784 ) 
4 136 138 (-11.417450 12.835224 -928 ) (-6.072372 11.508101 -928 ) (-6.072366 11.508117 -784 ) (-11.417448 12.835241 -784 ) 
4 136 137 (-192 57.671875 -928 ) (-11.417450 12.835224 -928 ) (-11.417448 12.835241 -784 ) (-192 57.671875 -784 ) 
4 137 271 (-9.870339 0 -784 ) (-11.985502 0 -784 ) (-11.985501 0 -928 ) (-9.870331 0 -928 ) 
4 137 270 (-11.985502 0 -784 ) (-21.325233 0 -784 ) (-21.325226 0 -928 ) (-11.985501 0 -928 ) 
4 137 269 (-21.325233 0 -784 ) (-192 0 -784 ) (-192 0 -928 ) (-21.325226 0 -928 ) 
4 137 142 (-14.110611 13.503510 -928 ) (-11.417389 12.834812 -928 ) (-10.638988 6.376947 -928 ) (-12.613300 1.170920 -928 ) 
4 137 141 (-192 0 -928 ) (-192 57.671478 -928 ) (-14.110611 13.503510 -928 ) (-12.471138 0 -928 ) 
4 137 138 (-10 1.075787 -928 ) (-11.417721 12.837863 -928 ) (-11.417722 12.837868 -784 ) (-10 1.075787 -784 ) 
4 138 143 (-8.467677 12.102431 -928 ) (-6.072508 11.507737 -928 ) (-6.489633 10.399789 -928 ) (-10.440901 6.899278 -928 ) 
3 138 142 (-11.417389 12.834812 -928 ) (-8.467677 12.102431 -928 ) (-10.638988 6.376947 -928 ) 
4 138 139 (-8.289560 5.617612 -928 ) (-6.072130 11.507710 -928 ) (-6.072131 11.507710 -784 ) (-8.289560 5.617612 -784 ) 
3 139 144 (-5.421474 11.346092 -928 ) (-4.861012 11.206936 -928 ) (-5.855138 10.961901 -928 ) 
3 139 143 (-6.072508 11.507737 -928 ) (-5.421474 11.346092 -928 ) (-6.489633 10.399788 -928 ) 
4 139 140 (-4.684119 8.836988 -928 ) (-2.644974 10.656542 -928 ) (-2.644973 10.656541 -784 ) (-4.684117 8.836988 -784 ) 
4 141 275 (-12.471138 0 -928 ) (-15.264658 0 -928 ) (-15.264657 0 -1054 ) (-12.471130 0 -1054 ) 
4 141 274 (-15.264658 0 -928 ) (-27.358263 0 -928 ) (-27.358261 0 -1054 ) (-15.264657 0 -1054 ) 
4 141 273 (-27.358263 0 -928 ) (-192 0 -928 ) (-192 0 -1054 ) (-27.358261 0 -1054 ) 
4 141 145 (-192 0 -1054 ) (-192 192 -1054 ) (-35.782120 192 -1054 ) (-12.471138 0 -1054 ) 
4 141 142 (-12.612971 1.171786 -1054 ) (-35.781738 192 -1054 ) (-35.782532 192 -928 ) (-12.613621 1.170074 -928 ) 
4 142 145 (-35.782120 192 -1054 ) (0 192 -1054 ) (0 34.430679 -1054 ) (-12.613301 1.170919 -1054 ) 
4 142 143 (-10.439537 6.900486 -1054 ) (0 34.428299 -1054 ) (0 34.428757 -928 ) (-10.439583 6.900446 -928 ) 
3 143 145 (0 34.430679 -1054 ) (0 16.149090 -1054 ) (-10.440901 6.899279 -1054 ) 
4 143 144 (-5.854169 10.962139 -1054 ) (0 16.148468 -1054 ) (0 16.148453 -928 ) (-5.854158 10.962143 -928 ) 
3 144 145 (0 16.149090 -1054 ) (0 12.405096 -1054 ) (-5.855139 10.961901 -1054 ) 
4 145 277 (0 0 -1056 ) (0 0 -1054 ) (-192 0 -1054 ) (-192 0 -1056 ) 
4 146 278 (0 0 -1144 ) (0 0 -1072 ) (-192 0 -1072 ) (-192 0 -1144 ) 
4 146 149 (-192 192 -1072 ) (-192 192 -1144 ) (-192 0 -1144 ) (-192 0 -1072 ) 
4 147 284 (-192 0 -688 ) (-192 0 -632 ) (-512 0 -632 ) (-512 0 -688 ) 
4 148 286 (-544 0 -632 ) (-696 0 -632 ) (-696 0 -704 ) (-544 0 -704 ) 
4 148 150 (-696 192 -704 ) (-544 192 -704 ) (-544 0 -704 ) (-696 0 -704 ) 
4 149 288 (-192 0 -1144 ) (-192 0 -1072 ) (-208 0 -1072 ) (-208 0 -1144 ) 
4 149 150 (-208 192 -1144 ) (-208 0 -1144 ) (-208 0 -1072 ) (-208 192 -1072 ) 
4 150 289 (-208 0 -704 ) (-696 0 -704 ) (-696 0 -1144 ) (-208 0 -1144 ) 
4 151 218 (696 -192 1080 ) (544 -192 1080 ) (544 -192 128 ) (696 -192 128 ) 
4 151 175 (696 -192 128 ) (544 -192 128 ) (544 0 128 ) (696 0 128 ) 
4 151 152 (544 -192 160 ) (544 -192 1080 ) (544 0 1080 ) (544 0 160 ) 
4 152 219 (544 -192 1080 ) (192 -192 1080 ) (192 -192 160 ) (544 -192 160 ) 
4 152 153 (192 -192 160 ) (192 -192 1080 ) (192 0 1080 ) (192 0 160 ) 
4 153 230 (0 0 1080 ) (0 0 160 ) (0 -192 160 ) (0 -192 1080 ) 
4 153 220 (0 -192 1080 ) (0 -192 160 ) (192 -192 160 ) (192 -192 1080 ) 
4 153 172 (0 0 160 ) (42.795570 0 160 ) (42.795570 -74.794586 160 ) (0 -32 160 ) 
4 153 171 (42.795570 -74.794586 160 ) (42.795570 -165.591141 160 ) (0 -80 160 ) (0 -32 160 ) 
4 153 173 (42.795570 -165.591141 160 ) (42.795570 -170.795563 160 ) (0 -128 160 ) (0 -80 160 ) 
4 153 174 (42.795570 -170.795563 160 ) (42.795570 -192 160 ) (0 -192 160 ) (0 -128 160 ) 
4 153 170 (42.795570 0 160 ) (54.749710 0 160 ) (43.906006 -75.905907 160 ) (42.795570 -74.795372 160 ) 
3 153 169 (43.906006 -75.905907 160 ) (42.795570 -83.678970 160 ) (42.795570 -74.795372 160 ) 
4 153 166 (110.678001 -106.306999 160 ) (110.678001 -142.679993 160 ) (90.270927 -122.273743 160 ) (95.593216 -106.306999 160 ) 
4 153 165 (110.678001 -142.679993 160 ) (110.678001 -192 160 ) (67.028656 -192 160 ) (90.270927 -122.273743 160 ) 
3 153 163 (74.308212 -106.306999 160 ) (95.593216 -106.306999 160 ) (90.271965 -122.270630 160 ) 
8 153 162 (67.028656 -192 160 ) (64 -192 160 ) (48 -176 160 ) (42.795570 -165.591141 160 ) (42.795570 -113.848938 160 ) (65.422569 -106.306999 160 ) (74.308212 -106.306999 160 ) (90.271965 -122.270630 160 ) 
3 153 164 (48 -176 160 ) (42.795570 -170.795563 160 ) (42.795570 -165.591141 160 ) 
3 153 161 (42.795570 -113.848938 160 ) (42.795570 -106.306999 160 ) (65.422569 -106.306999 160 ) 
3 153 159 (74.310493 -106.306999 160 ) (65.412460 -106.306999 160 ) (72.087563 -104.083977 160 ) 
4 153 158 (99.362000 -95 160 ) (95.593216 -106.306999 160 ) (74.310493 -106.306999 160 ) (72.087563 -104.083977 160 ) 
7 153 157 (110.678001 -15.796814 160 ) (110.678001 -61.053017 160 ) (99.362000 -95 160 ) (65.412460 -106.306999 160 ) (42.795570 -106.306999 160 ) (42.795570 -83.678970 160 ) (54.109280 -4.483009 160 ) 
3 153 160 (110.678001 -61.053017 160 ) (110.678001 -106.306999 160 ) (95.593216 -106.306999 160 ) 
4 153 167 (54.749710 0 160 ) (110.678001 0 160 ) (110.678001 -15.796814 160 ) (54.109280 -4.483009 160 ) 
3 153 168 (64 -192 160 ) (42.795570 -192 160 ) (42.795570 -170.795563 160 ) 
5 153 155 (192 -32.061298 160 ) (192 -192 160 ) (160 -192 160 ) (110.678001 -142.679993 160 ) (110.678001 -15.796814 160 ) 
3 153 154 (160 -192 160 ) (110.678001 -192 160 ) (110.678001 -142.679993 160 ) 
4 153 156 (110.678001 0 160 ) (192 0 160 ) (192 -32.061298 160 ) (110.678001 -15.796814 160 ) 
4 154 191 (160 -192 128 ) (110.678001 -192 128 ) (110.678001 -184 128 ) (152 -184 128 ) 
4 154 188 (110.678001 -184 128 ) (110.678001 -183 128 ) (151 -183 128 ) (152 -184 128 ) 
3 154 187 (110.678001 -183 128 ) (110.678001 -142.679993 128 ) (151 -183 128 ) 
4 154 165 (110.678001 -142.679993 128 ) (110.678001 -192 128 ) (110.678001 -192 160 ) (110.678001 -142.679993 160 ) 
4 154 155 (110.678001 -142.679550 128 ) (110.678001 -142.679550 160 ) (160 -192 160 ) (160 -192 128 ) 
4 155 191 (176 -192 128 ) (160 -192 128 ) (152 -184 128 ) (176 -184 128 ) 
4 155 188 (152 -184 128 ) (151 -183 128 ) (176 -183 128 ) (176 -184 128 ) 
5 155 187 (151 -183 128 ) (110.678001 -142.679993 128 ) (110.678001 -15.796814 128 ) (176 -28.861282 128 ) (176 -183 128 ) 
4 155 186 (192 -192 128 ) (176 -192 128 ) (176 -176 128 ) (192 -176 128 ) 
4 155 182 (183 -30.261290 128 ) (184 -30.461290 128 ) (184 -176 128 ) (183 -176 128 ) 
4 155 185 (176 -176 128 ) (176 -28.861282 128 ) (183 -30.261290 128 ) (183 -176 128 ) 
4 155 180 (184 -30.461290 128 ) (192 -32.061298 128 ) (192 -176 128 ) (184 -176 128 ) 
4 155 166 (110.678001 -106.306999 128 ) (110.678001 -142.679993 128 ) (110.678001 -142.679993 160 ) (110.678001 -106.306999 160 ) 
4 155 157 (110.678001 -15.796814 128 ) (110.678001 -61.053017 128 ) (110.678001 -61.053017 160 ) (110.678001 -15.796814 160 ) 
4 155 160 (110.678001 -61.053017 128 ) (110.678001 -106.306999 128 ) (110.678001 -106.306999 160 ) (110.678001 -61.053017 160 ) 
4 155 156 (110.678001 -15.797362 128 ) (110.678001 -15.797362 160 ) (192 -32.061852 160 ) (192 -32.061852 128 ) 
4 156 187 (110.678001 -15.796814 128 ) (110.678001 0 128 ) (176 0 128 ) (176 -28.861282 128 ) 
4 156 182 (183 0 128 ) (184 0 128 ) (184 -30.461290 128 ) (183 -30.261290 128 ) 
4 156 185 (176 0 128 ) (183 0 128 ) (183 -30.261290 128 ) (176 -28.861282 128 ) 
4 156 180 (184 0 128 ) (192 0 128 ) (192 -32.061298 128 ) (184 -30.461290 128 ) 
4 156 167 (110.678001 0 128 ) (110.678001 -15.796814 128 ) (110.678001 -15.796814 160 ) (110.678001 0 160 ) 
7 157 187 (42.795570 -106.306999 128 ) (42.795570 -83.678970 128 ) (54.109280 -4.483009 128 ) (110.678001 -15.796814 128 ) (110.678001 -61.053017 128 ) (99.362000 -95 128 ) (65.412460 -106.306999 128 ) 
4 157 171 (42.795570 -83.678978 128 ) (42.795570 -106.306999 128 ) (42.795570 -106.306999 160 ) (42.795570 -83.678970 160 ) 
4 157 170 (54.108883 -4.482930 128 ) (43.905678 -75.905586 128 ) (43.905678 -75.905579 160 ) (54.108887 -4.482925 160 ) 
4 157 169 (43.905678 -75.905586 128 ) (42.795570 -83.676346 128 ) (42.795570 -83.676346 160 ) (43.905678 -75.905579 160 ) 
4 157 161 (42.795570 -106.306999 160 ) (42.795570 -106.306999 128 ) (65.412460 -106.306999 128 ) (65.412460 -106.306999 160 ) 
4 157 159 (65.409874 -106.306999 160 ) (65.409874 -106.306999 128 ) (72.086952 -104.083366 128 ) (72.086952 -104.083366 160 ) 
4 157 158 (72.086952 -104.083366 128 ) (99.359367 -95 128 ) (99.359367 -95 160 ) (72.086952 -104.083366 160 ) 
4 157 160 (99.360428 -95.001259 128 ) (110.678001 -61.048981 128 ) (110.678001 -61.048981 160 ) (99.360428 -95.001266 160 ) 
4 157 167 (110.678001 -15.797829 160 ) (110.678001 -15.797829 128 ) (54.109268 -4.483689 128 ) (54.109268 -4.483689 160 ) 
4 158 187 (99.362000 -95 128 ) (95.593216 -106.306999 128 ) (74.310493 -106.306999 128 ) (72.087563 -104.083977 128 ) 
4 158 163 (74.310493 -106.306999 128 ) (95.593216 -106.306999 128 ) (95.593216 -106.306999 160 ) (74.310493 -106.306999 160 ) 
4 158 160 (95.591797 -106.306999 160 ) (95.591797 -106.306999 128 ) (99.360428 -95.001259 128 ) (99.360428 -95.001266 160 ) 
4 158 159 (72.085938 -104.082031 160 ) (72.085938 -104.082031 128 ) (74.310860 -106.306999 128 ) (74.310860 -106.306999 160 ) 
3 159 187 (74.310493 -106.306999 128 ) (65.412460 -106.306999 128 ) (72.087563 -104.083977 128 ) 
4 159 162 (65.412460 -106.306999 128 ) (74.310493 -106.306999 128 ) (74.310493 -106.306999 160 ) (65.412460 -106.306999 160 ) 
3 160 187 (110.678001 -61.053017 128 ) (110.678001 -106.306999 128 ) (95.593216 -106.306999 128 ) 
4 160 166 (95.593216 -106.306999 128 ) (110.678001 -106.306999 128 ) (110.678001 -106.306999 160 ) (95.593216 -106.306999 160 ) 
3 161 187 (42.795570 -113.848938 128 ) (42.795570 -106.306999 128 ) (65.422569 -106.306999 128 ) 
4 161 171 (42.795570 -106.306999 128 ) (42.795570 -113.848946 128 ) (42.795570 -113.848938 160 ) (42.795570 -106.306999 160 ) 
4 161 162 (42.795570 -113.849564 160 ) (42.795570 -113.849564 128 ) (65.424370 -106.306999 128 ) (65.424370 -106.306999 160 ) 
4 162 191 (67.028656 -192 128 ) (64 -192 128 ) (56 -184 128 ) (69.695343 -184 128 ) 
4 162 188 (56 -184 128 ) (55 -183 128 ) (70.028679 -183 128 ) (69.695343 -184 128 ) 
8 162 187 (55 -183 128 ) (48 -176 128 ) (42.795570 -165.591141 128 ) (42.795570 -113.848938 128 ) (65.422569 -106.306999 128 ) (74.308212 -106.306999 128 ) (90.271965 -122.270630 128 ) (70.028679 -183 128 ) 
4 162 171 (42.795570 -113.848946 128 ) (42.795570 -165.591125 128 ) (42.795570 -165.591141 160 ) (42.795570 -113.848938 160 ) 
4 162 165 (67.027290 -192 128 ) (90.270905 -122.269569 128 ) (90.270905 -122.269569 160 ) (67.027283 -192 160 ) 
4 162 164 (42.795570 -165.591141 160 ) (42.795570 -165.591141 128 ) (48 -176 128 ) (48 -176 160 ) 
4 162 168 (48 -176 128 ) (64 -192 128 ) (64 -192 160 ) (48 -176 160 ) 
4 162 163 (90.272667 -122.272148 160 ) (90.272667 -122.272148 128 ) (74.307457 -106.306999 128 ) (74.307457 -106.306999 160 ) 
3 163 187 (74.308212 -106.306999 128 ) (95.593216 -106.306999 128 ) (90.271965 -122.270630 128 ) 
4 163 166 (90.270905 -122.269569 128 ) (95.591797 -106.306999 128 ) (95.591797 -106.306999 160 ) (90.270905 -122.269569 160 ) 
3 164 187 (48 -176 128 ) (42.795570 -170.795563 128 ) (42.795570 -165.591141 128 ) 
4 164 173 (42.795570 -165.591125 128 ) (42.795570 -170.795563 128 ) (42.795570 -170.795563 160 ) (42.795570 -165.591141 160 ) 
4 164 168 (42.795570 -170.795700 160 ) (42.795570 -170.795700 128 ) (48 -176 128 ) (48 -176 160 ) 
4 165 191 (110.678001 -192 128 ) (67.028656 -192 128 ) (69.695343 -184 128 ) (110.678001 -184 128 ) 
4 165 188 (69.695343 -184 128 ) (70.028679 -183 128 ) (110.678001 -183 128 ) (110.678001 -184 128 ) 
4 165 187 (70.028679 -183 128 ) (90.270927 -122.273743 128 ) (110.678001 -142.679993 128 ) (110.678001 -183 128 ) 
4 165 166 (110.678001 -142.682343 160 ) (110.678001 -142.682343 128 ) (90.269531 -122.273438 128 ) (90.269531 -122.273438 160 ) 
4 166 187 (90.270927 -122.273743 128 ) (95.593216 -106.306999 128 ) (110.678001 -106.306999 128 ) (110.678001 -142.679993 128 ) 
4 167 187 (54.109280 -4.483009 128 ) (54.749710 0 128 ) (110.678001 0 128 ) (110.678001 -15.796814 128 ) 
4 167 170 (54.749298 0 128 ) (54.108883 -4.482930 128 ) (54.108887 -4.482925 160 ) (54.749302 0 160 ) 
4 168 191 (64 -192 128 ) (42.795570 -192 128 ) (42.795570 -184 128 ) (56 -184 128 ) 
4 168 188 (42.795570 -184 128 ) (42.795570 -183 128 ) (55 -183 128 ) (56 -184 128 ) 
3 168 187 (42.795570 -183 128 ) (42.795570 -170.795563 128 ) (55 -183 128 ) 
4 168 174 (42.795570 -170.795563 128 ) (42.795570 -192 128 ) (42.795570 -192 160 ) (42.795570 -170.795563 160 ) 
3 169 187 (42.795570 -83.678970 128 ) (42.795570 -74.795372 128 ) (43.906006 -75.905907 128 ) 
4 169 171 (42.795570 -74.795380 128 ) (42.795570 -83.678978 128 ) (42.795570 -83.678970 160 ) (42.795570 -74.795372 160 ) 
4 169 170 (43.904293 -75.900383 160 ) (43.904293 -75.900383 128 ) (42.795570 -74.792267 128 ) (42.795570 -74.792267 160 ) 
4 170 187 (42.795570 -74.795372 128 ) (42.795570 0 128 ) (54.749710 0 128 ) (43.906006 -75.905907 128 ) 
4 170 172 (42.795570 0 128 ) (42.795570 -74.795380 128 ) (42.795570 -74.795372 160 ) (42.795570 0 160 ) 
4 171 231 (0 -32 128 ) (0 -80 128 ) (0 -80 160 ) (0 -32 160 ) 
4 171 187 (0 -80 128 ) (0 -32 128 ) (42.795570 -74.794586 128 ) (42.795570 -165.591141 128 ) 
4 171 173 (0 -80 128 ) (42.795570 -165.590500 128 ) (42.795570 -165.590500 160 ) (0 -80 160 ) 
4 171 172 (42.795570 -74.795883 160 ) (42.795570 -74.795883 128 ) (0 -32 128 ) (0 -32 160 ) 
4 172 236 (0 0 160 ) (0 0 128 ) (0 -32 128 ) (0 -32 160 ) 
4 172 187 (0 -32 128 ) (0 0 128 ) (42.795570 0 128 ) (42.795570 -74.794586 128 ) 
4 173 232 (0 -80 128 ) (0 -128 128 ) (0 -128 160 ) (0 -80 160 ) 
4 173 187 (0 -128 128 ) (0 -80 128 ) (42.795570 -165.591141 128 ) (42.795570 -170.795563 128 ) 
4 173 174 (0 -128 128 ) (42.795570 -170.796875 128 ) (42.795570 -170.796875 160 ) (0 -128.001312 160 ) 
4 174 237 (0 -128 128 ) (0 -192 128 ) (0 -192 160 ) (0 -128 160 ) 
4 174 191 (42.795570 -192 128 ) (0 -192 128 ) (0 -184 128 ) (42.795570 -184 128 ) 
4 174 188 (0 -184 128 ) (0 -183 128 ) (42.795570 -183 128 ) (42.795570 -184 128 ) 
4 174 187 (0 -183 128 ) (0 -128 128 ) (42.795570 -170.795563 128 ) (42.795570 -183 128 ) 
4 175 222 (696 -192 128 ) (544 -192 128 ) (544 -192 -704 ) (696 -192 -704 ) 
4 175 178 (696 -192 -704 ) (544 -192 -704 ) (544 0 -704 ) (696 0 -704 ) 
4 176 223 (320 -192 128 ) (192 -192 128 ) (192 -192 -176 ) (320 -192 -176 ) 
4 176 186 (192 -192 -176 ) (192 -192 128 ) (192 -176 128 ) (192 -176 -176 ) 
4 176 180 (192 -176 128 ) (192 0 128 ) (192 0 -176 ) (192 -176 -176 ) 
4 176 177 (192 -192 -176 ) (192 0 -176 ) (320 0 -176 ) (320 -192 -176 ) 
4 177 224 (192 -192 -176 ) (192 -192 -688 ) (512 -192 -688 ) (512 -192 -176 ) 
4 177 200 (192 -192 -688 ) (192 -192 -640 ) (192 -8 -640 ) (192 -8 -688 ) 
4 177 193 (192 -8 -640 ) (192 0 -640 ) (192 0 -688 ) (192 -8 -688 ) 
4 177 186 (192 -192 -488 ) (192 -192 -176 ) (192 -176 -176 ) (192 -176 -488 ) 
4 177 180 (192 -176 -176 ) (192 0 -176 ) (192 0 -488 ) (192 -176 -488 ) 
4 177 181 (192 0 -496 ) (192 0 -624 ) (192 -176 -624 ) (192 -176 -496 ) 
4 178 227 (696 -192 -704 ) (208 -192 -704 ) (208 -192 -1144 ) (696 -192 -1144 ) 
4 178 179 (208 0 -1144 ) (208 -192 -1144 ) (208 -192 -1072 ) (208 0 -1072 ) 
4 179 228 (192 -192 -1072 ) (192 -192 -1144 ) (208 -192 -1144 ) (208 -192 -1072 ) 
4 179 217 (192 -192 -1144 ) (192 -192 -1072 ) (192 0 -1072 ) (192 0 -1144 ) 
4 180 186 (192 -176 -488 ) (192 -176 128 ) (184 -176 128 ) (184 -176 -488 ) 
4 180 182 (184 -176 -488 ) (184 -176 128 ) (184 0 128 ) (184 0 -488 ) 
4 181 183 (184 -176 -624 ) (184 -176 -496 ) (184 0 -496 ) (184 0 -624 ) 
4 182 186 (184 -176 -488 ) (184 -176 128 ) (183 -176 128 ) (183 -176 -488 ) 
4 182 185 (183 -176 -496 ) (183 -176 128 ) (183 0 128 ) (183 0 -496 ) 
4 182 183 (183 -176 -496 ) (183 0 -496 ) (184 0 -496 ) (184 -176 -496 ) 
4 183 184 (183 -176 -624 ) (183 0 -624 ) (184 0 -624 ) (184 -176 -624 ) 
4 183 185 (183 -176 -624 ) (183 -176 -496 ) (183 0 -496 ) (183 0 -624 ) 
4 184 185 (183 0 -632 ) (183 -176 -632 ) (183 -176 -624 ) (183 0 -624 ) 
4 185 187 (176 0 -632 ) (176 -176 -632 ) (176 -176 128 ) (176 0 128 ) 
4 185 186 (176 -176 128 ) (176 -176 -488 ) (183 -176 -488 ) (183 -176 128 ) 
4 186 224 (192 -192 -488 ) (192 -192 -176 ) (176 -192 -176 ) (176 -192 -488 ) 
4 186 223 (192 -192 -176 ) (192 -192 128 ) (176 -192 128 ) (176 -192 -176 ) 
4 186 191 (176 -192 -488 ) (176 -192 128 ) (176 -184 128 ) (176 -184 -488 ) 
4 186 188 (176 -184 128 ) (176 -183 128 ) (176 -183 -488 ) (176 -184 -488 ) 
4 186 187 (176 -183 128 ) (176 -176 128 ) (176 -176 -488 ) (176 -183 -488 ) 
4 187 241 (0 0 128 ) (0 0 -632 ) (0 -183 -632 ) (0 -183 128 ) 
4 187 189 (176 -183 -624 ) (176 -183 -496 ) (0 -183 -496 ) (0 -183 -624 ) 
4 187 188 (176 -183 -496 ) (176 -183 128 ) (0 -183 128 ) (0 -183 -496 ) 
4 187 190 (0 -183 -632 ) (176 -183 -632 ) (176 -183 -624 ) (0 -183 -624 ) 
4 188 242 (0 -184 -496 ) (0 -184 128 ) (0 -183 128 ) (0 -183 -496 ) 
4 188 191 (176 -184 -488 ) (176 -184 128 ) (0 -184 128 ) (0 -184 -488 ) 
4 188 189 (176 -184 -496 ) (0 -184 -496 ) (0 -183 -496 ) (176 -183 -496 ) 
4 189 243 (0 -184 -624 ) (0 -184 -496 ) (0 -183 -496 ) (0 -183 -624 ) 
4 189 192 (176 -184 -624 ) (176 -184 -496 ) (0 -184 -496 ) (0 -184 -624 ) 
4 189 190 (176 -184 -624 ) (0 -184 -624 ) (0 -183 -624 ) (176 -183 -624 ) 
4 190 244 (0 -183 -632 ) (0 -184 -632 ) (0 -184 -624 ) (0 -183 -624 ) 
4 191 245 (0 -192 -488 ) (0 -192 128 ) (0 -184 128 ) (0 -184 -488 ) 
4 191 224 (0 -192 -176 ) (0 -192 -488 ) (176 -192 -488 ) (176 -192 -176 ) 
4 191 223 (176 -192 128 ) (0 -192 128 ) (0 -192 -176 ) (176 -192 -176 ) 
4 192 246 (0 -192 -624 ) (0 -192 -496 ) (0 -184 -496 ) (0 -184 -624 ) 
4 192 224 (0 -192 -496 ) (0 -192 -624 ) (176 -192 -624 ) (176 -192 -496 ) 
4 193 200 (192 -8 -704 ) (192 -8 -640 ) (4.135040 -8 -640 ) (4.135041 -8 -704 ) 
4 193 198 (7.538936 -3.065392 -640 ) (9.654829 0 -640 ) (9.654831 0 -704 ) (7.538935 -3.065395 -704 ) 
4 193 196 (4.132813 -8 -704 ) (4.132813 -8 -640 ) (5.360402 -6.221534 -640 ) (5.360403 -6.221534 -704 ) 
4 193 195 (32 -8 -704 ) (4.132813 -8 -704 ) (9.654829 0 -704 ) (32 0 -704 ) 
4 193 194 (192 -8 -704 ) (32 -8 -704 ) (32 0 -704 ) (192 0 -704 ) 
4 194 204 (32 0 -719.333008 ) (192 0 -719.333008 ) (192 -8 -719.333008 ) (32 -8 -719.333008 ) 
4 194 201 (32 -8 -719.333008 ) (192 -8 -719.333008 ) (192 -8 -704 ) (32 -8 -704 ) 
4 194 195 (32 -8 -719.333008 ) (32 -8 -704 ) (32 0 -704 ) (32 0 -719.333008 ) 
4 195 204 (9.657059 0 -719.333008 ) (32 0 -719.333008 ) (32 -8 -719.333008 ) (4.135040 -8 -719.333008 ) 
4 195 202 (4.135041 -8 -719.333008 ) (32 -8 -719.333008 ) (32 -8 -704 ) (4.135041 -8 -704 ) 
4 195 199 (9.654831 0 -719.333008 ) (7.538935 -3.065395 -719.333008 ) (7.538935 -3.065395 -704 ) (9.654831 0 -704 ) 
4 195 197 (5.360403 -6.221534 -719.333008 ) (4.132813 -8 -719.333008 ) (4.132813 -8 -704 ) (5.360403 -6.221534 -704 ) 
4 196 200 (4.135041 -8 -704 ) (4.135040 -8 -640 ) (1.971828 -8 -640 ) (1.971827 -8 -704 ) 
3 196 197 (1.964844 -8 -704 ) (5.363281 -6.218750 -704 ) (4.133770 -8 -704 ) 
3 197 205 (5.363895 -6.219701 -719.333008 ) (4.135040 -8 -719.333008 ) (1.971828 -8 -719.333008 ) 
4 197 202 (1.971827 -8 -719.333008 ) (4.135041 -8 -719.333008 ) (4.135041 -8 -704 ) (1.971827 -8 -704 ) 
3 198 199 (7.537137 -3.071227 -704 ) (7.910049 0 -704 ) (9.657135 0 -704 ) 
3 199 206 (7.911140 0 -719.333008 ) (9.657059 0 -719.333008 ) (7.538460 -3.069311 -719.333008 ) 
4 200 261 (0 -192 -704 ) (0 -192 -640 ) (0 -8 -640 ) (0 -8 -704 ) 
4 200 224 (192 -192 -688 ) (192 -192 -640 ) (0 -192 -640 ) (0 -192 -688 ) 
4 200 203 (32 -32 -704 ) (32 -192 -704 ) (0 -192 -704 ) (0 -32 -704 ) 
4 200 202 (0 -8 -704 ) (32 -8 -704 ) (32 -32 -704 ) (0 -32 -704 ) 
4 200 201 (32 -8 -704 ) (192 -8 -704 ) (192 -192 -704 ) (32 -192 -704 ) 
4 201 207 (192 -8 -719.333008 ) (192 -192 -719.333008 ) (32 -192 -719.333008 ) (32 -8 -719.333008 ) 
4 201 203 (32 -192 -704 ) (32 -32 -704 ) (32 -32 -719.333008 ) (32 -192 -719.333008 ) 
4 201 202 (32 -32 -704 ) (32 -8 -704 ) (32 -8 -719.333008 ) (32 -32 -719.333008 ) 
4 202 262 (0 -8 -719.333008 ) (0 -32 -719.333008 ) (0 -32 -704 ) (0 -8 -704 ) 
4 202 207 (0 -32 -719.333008 ) (0 -8 -719.333008 ) (32 -8 -719.333008 ) (32 -32 -719.333008 ) 
4 202 203 (0 -32 -719.333008 ) (32 -32 -719.333008 ) (32 -32 -704 ) (0 -32 -704 ) 
4 203 263 (0 -32 -719.333008 ) (0 -192 -719.333008 ) (0 -192 -704 ) (0 -32 -704 ) 
4 203 207 (32 -192 -719.333008 ) (0 -192 -719.333008 ) (0 -32 -719.333008 ) (32 -32 -719.333008 ) 
3 204 210 (9.870337 0 -784 ) (11.985487 0 -784 ) (9.418831 -3.745759 -784 ) 
3 204 209 (6.679929 -7.742891 -784 ) (6.503754 -8 -784 ) (6.193622 -8 -784 ) 
4 204 208 (11.985487 0 -784 ) (192 0 -784 ) (192 -8 -784 ) (6.503754 -8 -784 ) 
4 204 206 (9.654831 0 -784 ) (7.538935 -3.065395 -784 ) (7.538936 -3.065392 -719.333008 ) (9.654829 0 -719.333008 ) 
4 204 205 (5.360403 -6.221534 -784 ) (4.132813 -8 -784 ) (4.132813 -8 -719.333008 ) (5.360402 -6.221534 -719.333008 ) 
4 204 207 (4.135041 -8 -784 ) (192 -8 -784 ) (192 -8 -719.333008 ) (4.135040 -8 -719.333008 ) 
4 205 207 (1.971827 -8 -784 ) (4.135041 -8 -784 ) (4.135040 -8 -719.333008 ) (1.971828 -8 -719.333008 ) 
4 207 268 (0 -8 -784 ) (0 -192 -784 ) (0 -192 -719.333008 ) (0 -8 -719.333008 ) 
4 207 209 (5.133331 -10 -784 ) (2.410740 -10 -784 ) (6.193621 -8 -784 ) (6.503755 -8 -784 ) 
4 207 208 (192 -8 -784 ) (192 -10 -784 ) (5.133331 -10 -784 ) (6.503755 -8 -784 ) 
4 207 211 (192 -10 -784 ) (192 -192 -784 ) (0 -192 -784 ) (0 -10 -784 ) 
3 208 214 (12.657817 0 -928 ) (15.451208 0 -928 ) (12.061499 -4.910896 -928 ) 
4 208 212 (192 0 -928 ) (192 -10 -928 ) (8.548782 -10 -928 ) (15.451208 0 -928 ) 
4 208 210 (11.987030 0 -928 ) (9.418507 -3.748446 -928 ) (9.418517 -3.748358 -784 ) (11.986954 0 -784 ) 
4 208 209 (6.682264 -7.741656 -928 ) (5.134793 -10 -928 ) (5.134789 -10 -784 ) (6.682232 -7.741673 -784 ) 
4 208 211 (5.133321 -10 -928 ) (192 -10 -928 ) (192 -10 -784 ) (5.133331 -10 -784 ) 
4 209 211 (2.410740 -10 -928 ) (5.133321 -10 -928 ) (5.133331 -10 -784 ) (2.410740 -10 -784 ) 
4 211 272 (0 -10 -928 ) (0 -192 -928 ) (0 -192 -784 ) (0 -10 -784 ) 
4 211 213 (6.616104 -12.800001 -928 ) (3.156569 -12.800001 -928 ) (8.491519 -10 -928 ) (8.548776 -10 -928 ) 
4 211 212 (192 -10 -928 ) (192 -12.800001 -928 ) (6.616104 -12.800001 -928 ) (8.548776 -10 -928 ) 
4 211 215 (192 -12.800001 -928 ) (192 -192 -928 ) (0 -192 -928 ) (0 -12.800001 -928 ) 
4 212 216 (192 0 -1054 ) (192 -12.800001 -1054 ) (6.616104 -12.800001 -1054 ) (15.451209 0 -1054 ) 
4 212 214 (15.448395 0 -1054 ) (12.062099 -4.905946 -1054 ) (12.062099 -4.905948 -928 ) (15.448397 0 -928 ) 
4 212 213 (8.576890 -9.955194 -1054 ) (6.613281 -12.800001 -1054 ) (6.613281 -12.800001 -928 ) (8.576891 -9.955194 -928 ) 
4 212 215 (6.616093 -12.800001 -1054 ) (192 -12.800001 -1054 ) (192 -12.800001 -928 ) (6.616104 -12.800001 -928 ) 
3 213 216 (6.616104 -12.800001 -1054 ) (3.156569 -12.800001 -1054 ) (8.581312 -9.952873 -1054 ) 
4 213 215 (3.156568 -12.800001 -1054 ) (6.616093 -12.800001 -1054 ) (6.616104 -12.800001 -928 ) (3.156569 -12.800001 -928 ) 
3 214 216 (12.657816 0 -1054 ) (15.451209 0 -1054 ) (12.061498 -4.910898 -1054 ) 
4 215 276 (0 -12.800001 -1054 ) (0 -192 -1054 ) (0 -192 -928 ) (0 -12.800001 -928 ) 
4 215 216 (192 -12.800001 -1054 ) (192 -192 -1054 ) (0 -192 -1054 ) (0 -12.800001 -1054 ) 
4 216 277 (0 0 -1054 ) (0 0 -1056 ) (0 -192 -1056 ) (0 -192 -1054 ) 
4 217 278 (0 0 -1072 ) (0 0 -1144 ) (0 -192 -1144 ) (0 -192 -1072 ) 
4 217 228 (192 -192 -1144 ) (192 -192 -1072 ) (0 -192 -1072 ) (0 -192 -1144 ) 
4 218 225 (696 -512 128 ) (696 -544 128 ) (544 -544 128 ) (544 -512 128 ) 
4 218 222 (544 -192 128 ) (696 -192 128 ) (696 -512 128 ) (544 -512 128 ) 
4 218 221 (544 -544 128 ) (696 -544 128 ) (696 -544 1080 ) (544 -544 1080 ) 
4 218 219 (544 -544 160 ) (544 -544 1080 ) (544 -192 1080 ) (544 -192 160 ) 
4 219 221 (544 -544 160 ) (544 -544 1080 ) (192 -544 1080 ) (192 -544 160 ) 
4 219 220 (192 -544 160 ) (192 -544 1080 ) (192 -192 1080 ) (192 -192 160 ) 
4 220 230 (0 -544 1080 ) (0 -192 1080 ) (0 -192 160 ) (0 -544 160 ) 
4 220 221 (192 -544 160 ) (192 -544 1080 ) (0 -544 1080 ) (0 -544 160 ) 
4 221 238 (0 -544 160 ) (0 -544 128 ) (0 -632 128 ) (0 -632 160 ) 
4 221 230 (0 -632 1080 ) (0 -544 1080 ) (0 -544 160 ) (0 -632 160 ) 
4 221 226 (0 -632 128 ) (0 -544 128 ) (696 -544 128 ) (696 -632 128 ) 
4 222 229 (696 -208 -704 ) (696 -512 -704 ) (544 -512 -704 ) (544 -208 -704 ) 
4 222 227 (544 -192 -704 ) (696 -192 -704 ) (696 -208 -704 ) (544 -208 -704 ) 
4 222 225 (544 -512 -704 ) (696 -512 -704 ) (696 -512 128 ) (544 -512 128 ) 
4 223 279 (0 -512 128 ) (0 -192 128 ) (0 -192 -176 ) (0 -512 -176 ) 
4 223 224 (0 -192 -176 ) (320 -192 -176 ) (320 -512 -176 ) (0 -512 -176 ) 
4 224 279 (0 -192 -176 ) (0 -192 -688 ) (0 -512 -688 ) (0 -512 -176 ) 
4 225 229 (544 -512 -704 ) (696 -512 -704 ) (696 -544 -704 ) (544 -544 -704 ) 
4 225 226 (544 -544 -704 ) (696 -544 -704 ) (696 -544 128 ) (544 -544 128 ) 
4 226 280 (0 -632 128 ) (0 -544 128 ) (0 -544 -704 ) (0 -632 -704 ) 
4 226 229 (0 -632 -704 ) (0 -544 -704 ) (696 -544 -704 ) (696 -632 -704 ) 
4 227 229 (208 -208 -1144 ) (696 -208 -1144 ) (696 -208 -704 ) (208 -208 -704 ) 
4 227 228 (208 -192 -1144 ) (208 -208 -1144 ) (208 -208 -1072 ) (208 -192 -1072 ) 
4 228 281 (0 -192 -1072 ) (0 -192 -1144 ) (0 -208 -1144 ) (0 -208 -1072 ) 
4 228 229 (0 -208 -1144 ) (208 -208 -1144 ) (208 -208 -1072 ) (0 -208 -1072 ) 
4 229 282 (0 -632 -704 ) (0 -208 -704 ) (0 -208 -1144 ) (0 -632 -1144 ) 
4 230 239 (-192 -544 160 ) (-192 -632 160 ) (-544 -632 160 ) (-544 -544 160 ) 
4 230 240 (-696 -632 160 ) (-696 0 160 ) (-544 0 160 ) (-544 -632 160 ) 
4 230 238 (0 -544 160 ) (0 -632 160 ) (-192 -632 160 ) (-192 -544 160 ) 
3 230 234 (-128 0 160 ) (-116 0 160 ) (-80 -48 160 ) 
6 230 233 (-116 0 160 ) (-40 0 160 ) (-32 -16 160 ) (-48 -48 160 ) (-64 -64 160 ) (-80 -48 160 ) 
3 230 235 (-48 -48 160 ) (-58.666630 -69.333374 160 ) (-64 -64 160 ) 
4 230 232 (-32 -16 160 ) (0 -80 160 ) (0 -128 160 ) (-58.666630 -69.333374 160 ) 
4 230 231 (-40 0 160 ) (-32 0 160 ) (0 -32 160 ) (0 -80 160 ) 
3 230 236 (-32 0 160 ) (0 0 160 ) (0 -32 160 ) 
5 230 237 (-192 0 160 ) (-128 0 160 ) (0 -128 160 ) (0 -192 160 ) (-192 -192 160 ) 
4 231 241 (-40 0 128 ) (-32 0 128 ) (0 -32 128 ) (0 -80 128 ) 
4 231 233 (-40 0 128 ) (-32 -16 128 ) (-32 -16 160 ) (-40 0 160 ) 
4 231 232 (-32 -16 128 ) (0 -80 128 ) (0 -80 160 ) (-32 -16 160 ) 
4 231 236 (0 -32 128 ) (-32 0 128 ) (-32 0 160 ) (0 -32 160 ) 
4 232 241 (-32 -16 128 ) (0 -80 128 ) (0 -128 128 ) (-58.666630 -69.333374 128 ) 
4 232 233 (-32 -16 160 ) (-32 -16 128 ) (-48 -48 128 ) (-48 -48 160 ) 
4 232 235 (-48 -48 128 ) (-58.666630 -69.333366 128 ) (-58.666634 -69.333366 160 ) (-48 -48 160 ) 
4 232 237 (-58.667282 -69.334671 128 ) (0 -128.001953 128 ) (0 -128.001953 160 ) (-58.667282 -69.334671 160 ) 
6 233 241 (-116 0 128 ) (-40 0 128 ) (-32 -16 128 ) (-48 -48 128 ) (-64 -64 128 ) (-80 -48 128 ) 
4 233 235 (-64 -64 160 ) (-64 -64 128 ) (-48 -48 128 ) (-48 -48 160 ) 
4 233 237 (-79.994125 -48.007828 128 ) (-64 -64 128 ) (-64 -64 160 ) (-79.994125 -48.007828 160 ) 
4 233 234 (-115.998108 0 128 ) (-79.990784 -48.009232 128 ) (-79.990784 -48.009235 160 ) (-115.998100 0 160 ) 
3 234 241 (-128 0 128 ) (-116 0 128 ) (-80 -48 128 ) 
4 234 237 (-128.001953 0 128 ) (-79.994125 -48.007828 128 ) (-79.994125 -48.007828 160 ) (-128.001953 0 160 ) 
3 235 241 (-48 -48 128 ) (-58.666630 -69.333374 128 ) (-64 -64 128 ) 
4 235 237 (-64 -64 128 ) (-58.667282 -69.334671 128 ) (-58.667282 -69.334671 160 ) (-64 -64 160 ) 
3 236 241 (-32 0 128 ) (0 0 128 ) (0 -32 128 ) 
4 237 253 (-192 -192 128 ) (-192 -176 128 ) (-176 -176 128 ) (-176 -192 128 ) 
4 237 247 (-192 -176 128 ) (-192 0 128 ) (-176 0 128 ) (-176 -176 128 ) 
4 237 245 (0 -184 128 ) (0 -192 128 ) (-176 -192 128 ) (-176 -184 128 ) 
4 237 242 (0 -183 128 ) (0 -184 128 ) (-176 -184 128 ) (-176 -183 128 ) 
5 237 241 (-176 0 128 ) (-128 0 128 ) (0 -128 128 ) (0 -183 128 ) (-176 -183 128 ) 
4 238 280 (-192 -632 128 ) (-192 -544 128 ) (0 -544 128 ) (0 -632 128 ) 
4 238 239 (-192 -544 128 ) (-192 -632 128 ) (-192 -632 160 ) (-192 -544 160 ) 
4 239 287 (-512 -632 128 ) (-544 -632 128 ) (-544 -544 128 ) (-512 -544 128 ) 
4 239 285 (-192 -544 128 ) (-192 -632 128 ) (-512 -632 128 ) (-512 -544 128 ) 
4 239 240 (-544 -544 128 ) (-544 -632 128 ) (-544 -632 160 ) (-544 -544 160 ) 
4 240 287 (-696 -632 128 ) (-696 -544 128 ) (-544 -544 128 ) (-544 -632 128 ) 
4 240 286 (-696 -544 128 ) (-696 0 128 ) (-544 0 128 ) (-544 -544 128 ) 
4 241 253 (-176 -183 -488 ) (-176 -183 128 ) (-176 -176 128 ) (-176 -176 -488 ) 
4 241 248 (-176 0 -632 ) (-176 -176 -632 ) (-176 -176 -488 ) (-176 0 -488 ) 
4 241 247 (-176 -176 -488 ) (-176 -176 128 ) (-176 0 128 ) (-176 0 -488 ) 
4 241 243 (-176 -183 -496 ) (-176 -183 -624 ) (0 -183 -624 ) (0 -183 -496 ) 
4 241 242 (-176 -183 128 ) (-176 -183 -496 ) (0 -183 -496 ) (0 -183 128 ) 
4 241 244 (-176 -183 -624 ) (-176 -183 -632 ) (0 -183 -632 ) (0 -183 -624 ) 
4 242 253 (-176 -184 -488 ) (-176 -184 128 ) (-176 -183 128 ) (-176 -183 -488 ) 
4 242 245 (-176 -184 128 ) (-176 -184 -488 ) (0 -184 -488 ) (0 -184 128 ) 
4 242 243 (0 -184 -496 ) (-176 -184 -496 ) (-176 -183 -496 ) (0 -183 -496 ) 
4 243 246 (-176 -184 -496 ) (-176 -184 -624 ) (0 -184 -624 ) (0 -184 -496 ) 
4 243 244 (0 -184 -624 ) (-176 -184 -624 ) (-176 -183 -624 ) (0 -183 -624 ) 
4 245 279 (0 -192 -488 ) (0 -192 128 ) (-176 -192 128 ) (-176 -192 -488 ) 
4 245 253 (-176 -192 -488 ) (-176 -192 128 ) (-176 -184 128 ) (-176 -184 -488 ) 
4 246 279 (0 -192 -624 ) (0 -192 -496 ) (-176 -192 -496 ) (-176 -192 -624 ) 
4 247 284 (-192 0 -128 ) (-192 0 -488 ) (-192 -176 -488 ) (-192 -176 -128 ) 
4 247 283 (-192 -176 128 ) (-192 0 128 ) (-192 0 -128 ) (-192 -176 -128 ) 
4 247 253 (-192 -176 128 ) (-192 -176 -488 ) (-176 -176 -488 ) (-176 -176 128 ) 
4 247 249 (-183 -176 -488 ) (-184 -176 -488 ) (-184 0 -488 ) (-183 0 -488 ) 
4 247 248 (-176 -176 -488 ) (-183 -176 -488 ) (-183 0 -488 ) (-176 0 -488 ) 
4 248 250 (-183 -176 -624 ) (-183 -176 -496 ) (-183 0 -496 ) (-183 0 -624 ) 
4 248 249 (-183 -176 -496 ) (-183 -176 -488 ) (-183 0 -488 ) (-183 0 -496 ) 
4 248 251 (-183 0 -632 ) (-183 -176 -632 ) (-183 -176 -624 ) (-183 0 -624 ) 
4 249 250 (-184 -176 -496 ) (-184 0 -496 ) (-183 0 -496 ) (-183 -176 -496 ) 
4 250 252 (-184 -176 -624 ) (-184 -176 -496 ) (-184 0 -496 ) (-184 0 -624 ) 
4 250 251 (-184 -176 -624 ) (-184 0 -624 ) (-183 0 -624 ) (-183 -176 -624 ) 
4 252 284 (-192 0 -496 ) (-192 0 -624 ) (-192 -176 -624 ) (-192 -176 -496 ) 
4 253 284 (-192 -176 -128 ) (-192 -176 -488 ) (-192 -192 -488 ) (-192 -192 -128 ) 
4 253 283 (-192 -192 128 ) (-192 -176 128 ) (-192 -176 -128 ) (-192 -192 -128 ) 
4 253 279 (-192 -192 128 ) (-192 -192 -488 ) (-176 -192 -488 ) (-176 -192 128 ) 
4 254 284 (-192 0 -640 ) (-192 0 -688 ) (-192 -8 -688 ) (-192 -8 -640 ) 
4 254 261 (-1.856201 -8 -704 ) (-1.856200 -8 -640 ) (-192 -8 -640 ) (-192 -8 -704 ) 
4 254 257 (-5.248157 -6.218368 -704 ) (-17.096277 0 -704 ) (-17.096497 0 -640 ) (-5.248129 -6.218407 -640 ) 
4 254 256 (-32 -8 -704 ) (-192 -8 -704 ) (-192 0 -704 ) (-32 0 -704 ) 
4 254 255 (-17.094391 0 -704 ) (-1.851563 -8 -704 ) (-32 -8 -704 ) (-32 0 -704 ) 
4 255 265 (-32 0 -719.333008 ) (-17.098892 0 -719.333008 ) (-1.856200 -8 -719.333008 ) (-32 -8 -719.333008 ) 
4 255 262 (-32 -8 -719.333008 ) (-1.856201 -8 -719.333008 ) (-1.856201 -8 -704 ) (-32 -8 -704 ) 
4 255 258 (-5.248163 -6.218359 -719.333008 ) (-17.096226 0 -719.333008 ) (-17.096277 0 -704 ) (-5.248157 -6.218368 -704 ) 
4 255 256 (-32 -8 -719.333008 ) (-32 -8 -704 ) (-32 0 -704 ) (-32 0 -719.333008 ) 
4 256 265 (-192 -8 -719.333008 ) (-192 0 -719.333008 ) (-32 0 -719.333008 ) (-32 -8 -719.333008 ) 
4 256 264 (-192 -8 -719.333008 ) (-32 -8 -719.333008 ) (-32 -8 -704 ) (-192 -8 -704 ) 
4 257 259 (-7.421609 -3.070889 -704 ) (-9.541297 0 -704 ) (-9.541306 0 -640 ) (-7.421607 -3.070897 -640 ) 
3 257 258 (-9.535843 0 -704 ) (-5.246094 -6.214844 -704 ) (-17.087460 0 -704 ) 
3 258 266 (-17.098892 0 -719.333008 ) (-9.540398 0 -719.333008 ) (-5.246649 -6.220551 -719.333008 ) 
4 258 260 (-7.421609 -3.070888 -719.333008 ) (-9.541295 0 -719.333008 ) (-9.541297 0 -704 ) (-7.421608 -3.070889 -704 ) 
3 259 260 (-7.792740 0 -704 ) (-7.420410 -3.066406 -704 ) (-9.537004 0 -704 ) 
3 260 267 (-9.540398 0 -719.333008 ) (-7.794481 0 -719.333008 ) (-7.421801 -3.069309 -719.333008 ) 
4 261 284 (-192 -192 -688 ) (-192 -192 -640 ) (-192 -8 -640 ) (-192 -8 -688 ) 
4 261 279 (-192 -192 -640 ) (-192 -192 -688 ) (0 -192 -688 ) (0 -192 -640 ) 
4 261 263 (0 -192 -704 ) (-32 -192 -704 ) (-32 -32 -704 ) (0 -32 -704 ) 
4 261 262 (-32 -32 -704 ) (-32 -8 -704 ) (0 -8 -704 ) (0 -32 -704 ) 
4 261 264 (-32 -192 -704 ) (-192 -192 -704 ) (-192 -8 -704 ) (-32 -8 -704 ) 
4 262 268 (-32 -32 -719.333008 ) (-32 -8 -719.333008 ) (0 -8 -719.333008 ) (0 -32 -719.333008 ) 
4 262 264 (-32 -32 -704 ) (-32 -8 -704 ) (-32 -8 -719.333008 ) (-32 -32 -719.333008 ) 
4 262 263 (-32 -32 -704 ) (-32 -32 -719.333008 ) (0 -32 -719.333008 ) (0 -32 -704 ) 
4 263 268 (0 -192 -719.333008 ) (-32 -192 -719.333008 ) (-32 -32 -719.333008 ) (0 -32 -719.333008 ) 
4 263 264 (-32 -192 -704 ) (-32 -32 -704 ) (-32 -32 -719.333008 ) (-32 -192 -719.333008 ) 
4 264 268 (-32 -192 -719.333008 ) (-192 -192 -719.333008 ) (-192 -8 -719.333008 ) (-32 -8 -719.333008 ) 
4 265 270 (-21.325241 0 -784 ) (-17.098892 0 -784 ) (-9.113827 -4.190895 -784 ) (-6.679930 -7.742900 -784 ) 
4 265 269 (-192 -8 -784 ) (-192 0 -784 ) (-21.325241 0 -784 ) (-6.193639 -8 -784 ) 
4 265 266 (-5.248162 -6.218360 -784 ) (-17.096228 0 -784 ) (-17.096497 0 -719.333008 ) (-5.248127 -6.218409 -719.333008 ) 
4 265 268 (-192 -8 -784 ) (-1.856201 -8 -784 ) (-1.856200 -8 -719.333008 ) (-192 -8 -719.333008 ) 
3 266 271 (-11.985502 0 -784 ) (-9.870339 0 -784 ) (-9.418840 -3.745761 -784 ) 
3 266 270 (-17.098892 0 -784 ) (-11.985502 0 -784 ) (-9.113827 -4.190895 -784 ) 
4 266 267 (-7.421609 -3.070888 -784 ) (-9.541295 0 -784 ) (-9.541306 0 -719.333008 ) (-7.421607 -3.070897 -719.333008 ) 
4 268 269 (-192 -10 -784 ) (-192 -8 -784 ) (-6.193634 -8 -784 ) (-2.410740 -10 -784 ) 
4 268 272 (0 -192 -784 ) (-192 -192 -784 ) (-192 -10 -784 ) (0 -10 -784 ) 
4 269 274 (-27.358261 0 -928 ) (-21.325241 0 -928 ) (-11.782018 -5.045453 -928 ) (-8.394651 -9.952879 -928 ) 
4 269 273 (-192 -10 -928 ) (-192 0 -928 ) (-27.358261 0 -928 ) (-8.304870 -10 -928 ) 
4 269 270 (-6.678043 -7.745654 -928 ) (-21.328556 0 -928 ) (-21.328690 0 -784 ) (-6.678025 -7.745680 -784 ) 
4 269 272 (-192 -10 -928 ) (-2.410736 -10 -928 ) (-2.410740 -10 -784 ) (-192 -10 -784 ) 
3 270 275 (-15.264658 0 -928 ) (-12.471138 0 -928 ) (-11.874900 -4.910892 -928 ) 
3 270 274 (-21.325241 0 -928 ) (-15.264658 0 -928 ) (-11.782019 -5.045453 -928 ) 
4 270 271 (-9.418997 -3.744465 -928 ) (-11.984770 0 -928 ) (-11.984726 0 -784 ) (-9.419002 -3.744425 -784 ) 
4 272 273 (-192 -12.800001 -928 ) (-192 -10 -928 ) (-8.304871 -10 -928 ) (-2.969918 -12.800001 -928 ) 
4 272 276 (0 -192 -928 ) (-192 -192 -928 ) (-192 -12.800001 -928 ) (0 -12.800001 -928 ) 
4 273 277 (-192 -12.800001 -1054 ) (-192 0 -1054 ) (-27.358276 0 -1054 ) (-2.969918 -12.800001 -1054 ) 
4 273 274 (-8.395315 -9.951918 -1054 ) (-27.357096 0 -1054 ) (-27.357391 0 -928 ) (-8.395279 -9.951972 -928 ) 
4 273 276 (-192 -12.800001 -1054 ) (-2.969910 -12.800001 -1054 ) (-2.969918 -12.800001 -928 ) (-192 -12.800001 -928 ) 
3 274 277 (-27.358276 0 -1054 ) (-15.264658 0 -1054 ) (-8.394650 -9.952882 -1054 ) 
4 274 275 (-11.874890 -4.910976 -1054 ) (-15.264707 0 -1054 ) (-15.264740 0 -928 ) (-11.874887 -4.911005 -928 ) 
3 275 277 (-15.264658 0 -1054 ) (-12.471138 0 -1054 ) (-11.874901 -4.910890 -1054 ) 
4 276 277 (0 -192 -1054 ) (-192 -192 -1054 ) (-192 -12.800001 -1054 ) (0 -12.800001 -1054 ) 
4 278 288 (-192 0 -1072 ) (-192 0 -1144 ) (-192 -192 -1144 ) (-192 -192 -1072 ) 
4 278 281 (-192 -192 -1072 ) (-192 -192 -1144 ) (0 -192 -1144 ) (0 -192 -1072 ) 
4 279 284 (-192 -192 -128 ) (-192 -192 -688 ) (-192 -512 -688 ) (-192 -512 -128 ) 
4 279 283 (-192 -512 128 ) (-192 -192 128 ) (-192 -192 -128 ) (-192 -512 -128 ) 
4 280 285 (-192 -632 128 ) (-192 -544 128 ) (-192 -544 -704 ) (-192 -632 -704 ) 
4 280 282 (-192 -632 -704 ) (-192 -544 -704 ) (0 -544 -704 ) (0 -632 -704 ) 
4 281 288 (-192 -192 -1072 ) (-192 -192 -1144 ) (-192 -208 -1144 ) (-192 -208 -1072 ) 
4 281 282 (-192 -208 -1144 ) (0 -208 -1144 ) (0 -208 -1072 ) (-192 -208 -1072 ) 
4 282 290 (-192 -208 -1144 ) (-192 -632 -1144 ) (-192 -632 -704 ) (-192 -208 -704 ) 
4 283 284 (-192 -512 -128 ) (-320 -512 -128 ) (-320 0 -128 ) (-192 0 -128 ) 
4 285 290 (-192 -544 -704 ) (-192 -632 -704 ) (-512 -632 -704 ) (-512 -544 -704 ) 
4 285 287 (-512 -544 -704 ) (-512 -632 -704 ) (-512 -632 128 ) (-512 -544 128 ) 
4 286 290 (-544 -208 -704 ) (-544 -544 -704 ) (-696 -544 -704 ) (-696 -208 -704 ) 
4 286 289 (-696 0 -704 ) (-544 0 -704 ) (-544 -208 -704 ) (-696 -208 -704 ) 
4 286 287 (-696 -544 128 ) (-696 -544 -704 ) (-544 -544 -704 ) (-544 -544 128 ) 
4 287 290 (-512 -544 -704 ) (-512 -632 -704 ) (-696 -632 -704 ) (-696 -544 -704 ) 
4 288 290 (-208 -208 -1144 ) (-192 -208 -1144 ) (-192 -208 -1072 ) (-208 -208 -1072 ) 
4 288 289 (-208 0 -1144 ) (-208 -208 -1144 ) (-208 -208 -1072 ) (-208 0 -1072 ) 
4 289 290 (-696 -208 -704 ) (-696 -208 -1144 ) (-208 -208 -1144 ) (-208 -208 -704 ) 
