PRT1
333
949
4 0 2 (3060 2048 4071.030029 ) (2048 2048 4071.030029 ) (2048 2048 -503.031006 ) (3060 2048 -503.031006 ) 
4 0 1 (2048 2048 -503.031006 ) (2048 2048 4071.030029 ) (2048 3060 4071.030029 ) (2048 3060 -503.031006 ) 
4 1 4 (1024 2048 -503.031006 ) (1024 2048 4071.030029 ) (1024 3060 4071.030029 ) (1024 3060 -503.031006 ) 
4 1 3 (2048 2048 -503.031006 ) (2048 2048 4071.030029 ) (1024 2048 4071.030029 ) (1024 2048 -503.031006 ) 
4 2 55 (3060 1024 4071.030029 ) (2048 1024 4071.030029 ) (2048 1024 -503.031006 ) (3060 1024 -503.031006 ) 
4 2 3 (2048 2048 4071.030029 ) (2048 2048 -503.031006 ) (2048 1024 -503.031006 ) (2048 1024 4071.030029 ) 
4 3 56 (2048 1024 -503.031006 ) (2048 1024 4071.030029 ) (1024 1024 4071.030029 ) (1024 1024 -503.031006 ) 
4 3 9 (1024 1024 -503.031006 ) (1024 1024 -80 ) (1024 1696 -80 ) (1024 1696 -503.031006 ) 
4 3 7 (1024 1024 -80 ) (1024 1024 4071.030029 ) (1024 1696 4071.030029 ) (1024 1696 -80 ) 
4 3 6 (1024 1696 4071.030029 ) (1024 2048 4071.030029 ) (1024 2048 -503.031006 ) (1024 1696 -503.031006 ) 
4 4 6 (1024 2048 -503.031006 ) (1024 2048 4071.030029 ) (0 2048 4071.030029 ) (0 2048 -503.031006 ) 
4 4 5 (0 3060 -503.031006 ) (0 2048 -503.031006 ) (0 2048 4071.030029 ) (0 3060 4071.030029 ) 
4 5 51 (-1024 2048 -503.031006 ) (-1024 2048 4071.030029 ) (-1024 3060 4071.030029 ) (-1024 3060 -503.031006 ) 
4 5 27 (-1024 2048 480 ) (-1024 2048 -503.031006 ) (0 2048 -503.031006 ) (0 2048 480 ) 
4 5 24 (-320 2048 480 ) (-192 2048 480 ) (-192 2048 528 ) (-320 2048 528 ) 
4 5 23 (-192 2048 480 ) (0 2048 480 ) (0 2048 528 ) (-192 2048 528 ) 
4 5 26 (-1024 2048 528 ) (-1024 2048 480 ) (-320 2048 480 ) (-320 2048 528 ) 
4 5 20 (-288 2048 528 ) (-224 2048 528 ) (-224 2048 536 ) (-288 2048 536 ) 
4 5 19 (-224 2048 528 ) (0 2048 528 ) (0 2048 536 ) (-224 2048 536 ) 
4 5 22 (-1024 2048 536 ) (-1024 2048 528 ) (-288 2048 528 ) (-288 2048 536 ) 
4 5 18 (-1024 2048 4071.030029 ) (-1024 2048 536 ) (0 2048 536 ) (0 2048 4071.030029 ) 
4 6 27 (0 2048 480 ) (0 2048 -503.031006 ) (0 1696 -503.031006 ) (0 1696 480 ) 
4 6 23 (0 2048 528 ) (0 2048 480 ) (0 1696 480 ) (0 1696 528 ) 
4 6 19 (0 2048 536 ) (0 2048 528 ) (0 1696 528 ) (0 1696 536 ) 
4 6 18 (0 2048 4071.030029 ) (0 2048 536 ) (0 1696 536 ) (0 1696 4071.030029 ) 
4 6 15 (0 1696 -80 ) (0 1696 -503.031006 ) (192 1696 -503.031006 ) (192 1696 -80 ) 
8 6 14 (0 1696 56 ) (0 1696 -48 ) (44 1696 -48 ) (56 1696 -32 ) (64 1696 -12 ) (60 1696 20 ) (40 1696 44 ) (12 1696 56 ) 
4 6 11 (0 1696 480 ) (0 1696 448 ) (192 1696 448 ) (192 1696 480 ) 
4 6 10 (192 1696 4071.030029 ) (0 1696 4071.030029 ) (0 1696 480 ) (192 1696 480 ) 
4 6 9 (1024 1696 -503.031006 ) (1024 1696 -80 ) (192 1696 -80 ) (192 1696 -503.031006 ) 
4 6 8 (320 1696 4071.030029 ) (192 1696 4071.030029 ) (192 1696 448 ) (320 1696 448 ) 
4 6 7 (1024 1696 -80 ) (1024 1696 4071.030029 ) (320 1696 4071.030029 ) (320 1696 -80 ) 
4 7 64 (1024 1024 -80 ) (1024 1024 448 ) (320 1024 448 ) (320 1024 -80 ) 
4 7 63 (1024 1024 448 ) (1024 1024 4071.030029 ) (320 1024 4071.030029 ) (320 1024 448 ) 
4 7 9 (320 1696 -80 ) (1024 1696 -80 ) (1024 1024 -80 ) (320 1024 -80 ) 
4 7 8 (320 1024 448 ) (320 1024 4071.030029 ) (320 1696 4071.030029 ) (320 1696 448 ) 
4 8 63 (320 1024 4071.030029 ) (192 1024 4071.030029 ) (192 1024 448 ) (320 1024 448 ) 
4 8 11 (192 1696 480 ) (192 1696 448 ) (192 1568 448 ) (192 1568 480 ) 
4 8 10 (192 1696 4071.030029 ) (192 1696 480 ) (192 1024 480 ) (192 1024 4071.030029 ) 
4 9 65 (320 1024 -80 ) (192 1024 -80 ) (192 1024 -503.031006 ) (320 1024 -503.031006 ) 
4 9 64 (1024 1024 -503.031006 ) (1024 1024 -80 ) (320 1024 -80 ) (320 1024 -503.031006 ) 
4 9 17 (192 1664 -503.031006 ) (192 1024 -503.031006 ) (192 1024 -80 ) (192 1664 -80 ) 
4 9 15 (192 1696 -80 ) (192 1696 -503.031006 ) (192 1664 -503.031006 ) (192 1664 -80 ) 
4 10 66 (192 1024 480 ) (192 1024 4071.030029 ) (0 1024 4071.030029 ) (0 1024 480 ) 
4 10 23 (0 1024 480 ) (0 1024 528 ) (0 1696 528 ) (0 1696 480 ) 
4 10 19 (0 1024 528 ) (0 1024 536 ) (0 1696 536 ) (0 1696 528 ) 
4 10 18 (0 1024 536 ) (0 1024 4071.030029 ) (0 1696 4071.030029 ) (0 1696 536 ) 
4 10 11 (0 1696 480 ) (192 1696 480 ) (192 1568 480 ) (0 1568 480 ) 
4 11 28 (0 1568 480 ) (0 1696 480 ) (0 1696 448 ) (0 1568 448 ) 
4 12 40 (0 1568 300 ) (0 1568 80 ) (0 1248 80 ) (0 1248 300 ) 
4 12 29 (0 1248 448 ) (0 1568 448 ) (0 1568 300 ) (0 1248 300 ) 
4 12 16 (192 1568 80 ) (192 1248 80 ) (0 1248 80 ) (0 1568 80 ) 
4 12 13 (192 1248 208 ) (192 1248 448 ) (0 1248 448 ) (0 1248 208 ) 
4 13 67 (192 1024 208 ) (192 1024 448 ) (0 1024 448 ) (0 1024 208 ) 
4 13 41 (0 1024 208 ) (0 1024 300 ) (0 1248 300 ) (0 1248 208 ) 
4 13 30 (0 1024 300 ) (0 1024 448 ) (0 1216 448 ) (0 1216 300 ) 
4 13 29 (0 1216 448 ) (0 1248 448 ) (0 1248 300 ) (0 1216 300 ) 
4 14 45 (0 1664 -48 ) (0 1664 56 ) (0 1696 56 ) (0 1696 -48 ) 
8 14 16 (40 1664 44 ) (12 1664 56 ) (0 1664 56 ) (0 1664 -48 ) (44 1664 -48 ) (56 1664 -32 ) (64 1664 -12 ) (60 1664 20 ) 
4 15 46 (0 1664 -503.031006 ) (0 1664 -80 ) (0 1696 -80 ) (0 1696 -503.031006 ) 
4 15 17 (192 1664 -503.031006 ) (192 1664 -80 ) (0 1664 -80 ) (0 1664 -503.031006 ) 
4 16 47 (0 1248 80 ) (0 1664 80 ) (0 1664 -48 ) (0 1248 -48 ) 
4 17 71 (192 1024 -503.031006 ) (192 1024 -80 ) (0 1024 -80 ) (0 1024 -503.031006 ) 
4 17 48 (0 1024 -503.031006 ) (0 1024 -80 ) (0 1664 -80 ) (0 1664 -503.031006 ) 
4 18 139 (-192 1024 4071.030029 ) (-320 1024 4071.030029 ) (-320 1024 536 ) (-192 1024 536 ) 
4 18 140 (-320 1024 4071.030029 ) (-1024 1024 4071.030029 ) (-1024 1024 536 ) (-320 1024 536 ) 
4 18 133 (0 1024 536 ) (0 1024 4071.030029 ) (-192 1024 4071.030029 ) (-192 1024 536 ) 
4 18 52 (-1024 1024 536 ) (-1024 1024 4071.030029 ) (-1024 2048 4071.030029 ) (-1024 2048 536 ) 
4 18 20 (-288 2048 536 ) (-224 2048 536 ) (-224 1152 536 ) (-288 1152 536 ) 
4 18 21 (-224 1088 536 ) (-224 1024 536 ) (-288 1024 536 ) (-288 1088 536 ) 
4 18 19 (-224 2048 536 ) (0 2048 536 ) (0 1024 536 ) (-224 1024 536 ) 
4 18 22 (-1024 1024 536 ) (-1024 2048 536 ) (-288 2048 536 ) (-288 1024 536 ) 
4 19 139 (-192 1024 536 ) (-224 1024 536 ) (-224 1024 528 ) (-192 1024 528 ) 
4 19 133 (0 1024 528 ) (0 1024 536 ) (-192 1024 536 ) (-192 1024 528 ) 
4 19 24 (-224 1216 528 ) (-224 2048 528 ) (-192 2048 528 ) (-192 1216 528 ) 
4 19 23 (0 1024 528 ) (-192 1024 528 ) (-192 2048 528 ) (0 2048 528 ) 
4 19 20 (-224 2048 528 ) (-224 1152 528 ) (-224 1152 536 ) (-224 2048 536 ) 
4 19 21 (-224 1088 528 ) (-224 1024 528 ) (-224 1024 536 ) (-224 1088 536 ) 
4 20 24 (-288 1216 528 ) (-288 2048 528 ) (-224 2048 528 ) (-224 1216 528 ) 
4 20 22 (-288 2048 528 ) (-288 1152 528 ) (-288 1152 536 ) (-288 2048 536 ) 
4 21 139 (-224 1024 536 ) (-288 1024 536 ) (-288 1024 528 ) (-224 1024 528 ) 
4 21 22 (-288 1088 528 ) (-288 1024 528 ) (-288 1024 536 ) (-288 1088 536 ) 
4 22 139 (-288 1024 536 ) (-320 1024 536 ) (-320 1024 528 ) (-288 1024 528 ) 
4 22 140 (-320 1024 536 ) (-1024 1024 536 ) (-1024 1024 528 ) (-320 1024 528 ) 
4 22 52 (-1024 1024 528 ) (-1024 1024 536 ) (-1024 2048 536 ) (-1024 2048 528 ) 
4 22 24 (-320 1216 528 ) (-320 2048 528 ) (-288 2048 528 ) (-288 1216 528 ) 
4 22 26 (-320 1024 528 ) (-1024 1024 528 ) (-1024 2048 528 ) (-320 2048 528 ) 
4 23 133 (0 1024 480 ) (0 1024 528 ) (-192 1024 528 ) (-192 1024 480 ) 
4 23 28 (0 1696 480 ) (0 1568 480 ) (-192 1568 480 ) (-192 1696 480 ) 
4 23 27 (-192 2048 480 ) (0 2048 480 ) (0 1696 480 ) (-192 1696 480 ) 
4 23 24 (-192 2048 480 ) (-192 1216 480 ) (-192 1216 528 ) (-192 2048 528 ) 
4 24 27 (-320 2048 480 ) (-192 2048 480 ) (-192 1696 480 ) (-320 1696 480 ) 
4 24 26 (-320 2048 480 ) (-320 1216 480 ) (-320 1216 528 ) (-320 2048 528 ) 
16 25 39 (-226.434723 1132.243530 480 ) (-224 1120.001587 480 ) (-226.437057 1107.748413 480 ) (-233.371628 1097.370239 480 ) (-243.760239 1090.429199 480 ) (-255.988571 1087.997803 480 ) (-268.230225 1090.432739 480 ) (-278.641235 1097.388306 480 ) (-285.577179 1107.769409 480 ) (-288.004852 1119.975586 480 ) (-285.563446 1132.250854 480 ) (-278.625610 1142.631470 480 ) (-268.254272 1149.558594 480 ) (-256 1152 480 ) (-243.761276 1149.565552 480 ) (-233.369797 1142.622192 480 ) 
4 26 140 (-320 1024 528 ) (-1024 1024 528 ) (-1024 1024 480 ) (-320 1024 480 ) 
4 26 52 (-1024 1024 480 ) (-1024 1024 528 ) (-1024 2048 528 ) (-1024 2048 480 ) 
4 26 42 (-336 1696 480 ) (-320 1696 480 ) (-320 1216 480 ) (-336 1216 480 ) 
4 26 44 (-1024 1024 480 ) (-1024 1696 480 ) (-336 1696 480 ) (-336 1024 480 ) 
4 26 27 (-1024 1696 480 ) (-1024 2048 480 ) (-320 2048 480 ) (-320 1696 480 ) 
4 27 52 (-1024 1696 -503.031006 ) (-1024 1696 480 ) (-1024 2048 480 ) (-1024 2048 -503.031006 ) 
4 27 50 (-1024 1696 -80 ) (-1024 1696 -503.031006 ) (-192 1696 -503.031006 ) (-192 1696 -80 ) 
4 27 49 (-320 1696 80 ) (-1024 1696 80 ) (-1024 1696 -80 ) (-320 1696 -80 ) 
4 27 46 (0 1696 -503.031006 ) (0 1696 -80 ) (-192 1696 -80 ) (-192 1696 -503.031006 ) 
8 27 45 (0 1696 -48 ) (0 1696 56 ) (-8 1696 56 ) (-32 1696 44 ) (-48 1696 24 ) (-56 1696 0 ) (-52 1696 -24 ) (-36 1696 -48 ) 
4 27 42 (-320 1696 480 ) (-336 1696 480 ) (-336 1696 80 ) (-320 1696 80 ) 
4 27 44 (-336 1696 480 ) (-1024 1696 480 ) (-1024 1696 80 ) (-336 1696 80 ) 
4 27 28 (0 1696 448 ) (0 1696 480 ) (-192 1696 480 ) (-192 1696 448 ) 
4 29 41 (0 1248 300 ) (0 1216 300 ) (-192 1216 300 ) (-192 1248 300 ) 
4 29 40 (0 1568 300 ) (0 1248 300 ) (-192 1248 300 ) (-192 1568 300 ) 
4 29 30 (-188 1216 300 ) (0 1216 300 ) (0 1216 448 ) (-188 1216 448 ) 
4 30 134 (0 1024 300 ) (0 1024 448 ) (-188 1024 448 ) (-188 1024 300 ) 
4 30 41 (-188 1216 300 ) (0 1216 300 ) (0 1024 300 ) (-188 1024 300 ) 
4 30 36 (-188 1212 304 ) (-188 1028 304 ) (-188 1028 328 ) (-188 1212 328 ) 
4 30 34 (-188 1028 332 ) (-188 1028 416 ) (-188 1212 416 ) (-188 1212 332 ) 
4 30 32 (-188 1028 420 ) (-188 1028 444 ) (-188 1212 444 ) (-188 1212 420 ) 
4 31 39 (-200 1216 480 ) (-200 1216 448 ) (-200 1024 448 ) (-200 1024 480 ) 
4 32 33 (-192 1212 444 ) (-192 1212 420 ) (-192 1028 420 ) (-192 1028 444 ) 
4 33 38 (-196 1212 444 ) (-196 1212 420 ) (-196 1028 420 ) (-196 1028 444 ) 
4 34 35 (-192 1212 332 ) (-192 1028 332 ) (-192 1028 416 ) (-192 1212 416 ) 
4 35 38 (-196 1212 416 ) (-196 1212 332 ) (-196 1028 332 ) (-196 1028 416 ) 
4 36 37 (-192 1028 304 ) (-192 1028 328 ) (-192 1212 328 ) (-192 1212 304 ) 
4 37 38 (-196 1212 328 ) (-196 1212 304 ) (-196 1028 304 ) (-196 1028 328 ) 
4 38 39 (-200 1212 304 ) (-200 1028 304 ) (-200 1028 444 ) (-200 1212 444 ) 
4 40 47 (0 1568 80 ) (0 1248 80 ) (-192 1248 80 ) (-192 1568 80 ) 
4 40 41 (-192 1248 300 ) (-192 1248 208 ) (0 1248 208 ) (0 1248 300 ) 
4 41 134 (0 1024 208 ) (0 1024 300 ) (-192 1024 300 ) (-192 1024 208 ) 
4 42 49 (-336 1696 80 ) (-320 1696 80 ) (-320 1216 80 ) (-336 1216 80 ) 
4 42 43 (-336 1216 296 ) (-336 1216 80 ) (-320 1216 80 ) (-320 1216 296 ) 
4 42 44 (-336 1696 480 ) (-336 1696 80 ) (-336 1216 80 ) (-336 1216 480 ) 
4 43 142 (-336 1024 296 ) (-336 1024 80 ) (-320 1024 80 ) (-320 1024 296 ) 
4 43 49 (-320 1216 80 ) (-320 1024 80 ) (-336 1024 80 ) (-336 1216 80 ) 
4 43 44 (-336 1216 80 ) (-336 1024 80 ) (-336 1024 296 ) (-336 1216 296 ) 
4 44 142 (-1024 1024 300 ) (-1024 1024 80 ) (-336 1024 80 ) (-336 1024 300 ) 
4 44 140 (-336 1024 480 ) (-1024 1024 480 ) (-1024 1024 300 ) (-336 1024 300 ) 
4 44 52 (-1024 1024 80 ) (-1024 1024 480 ) (-1024 1696 480 ) (-1024 1696 80 ) 
4 44 49 (-1024 1024 80 ) (-1024 1696 80 ) (-336 1696 80 ) (-336 1024 80 ) 
8 45 47 (-36 1664 -48 ) (0 1664 -48 ) (0 1664 56 ) (-8 1664 56 ) (-32 1664 44 ) (-48 1664 24 ) (-56 1664 0 ) (-52 1664 -24 ) 
4 46 50 (-192 1696 -80 ) (-192 1696 -503.031006 ) (-192 1664 -503.031006 ) (-192 1664 -80 ) 
4 46 48 (-192 1664 -80 ) (-192 1664 -503.031006 ) (0 1664 -503.031006 ) (0 1664 -80 ) 
4 48 138 (0 1024 -503.031006 ) (0 1024 -80 ) (-192 1024 -80 ) (-192 1024 -503.031006 ) 
4 48 50 (-192 1664 -80 ) (-192 1664 -503.031006 ) (-192 1024 -503.031006 ) (-192 1024 -80 ) 
4 49 142 (-320 1024 80 ) (-1024 1024 80 ) (-1024 1024 -80 ) (-320 1024 -80 ) 
4 49 52 (-1024 1024 -80 ) (-1024 1024 80 ) (-1024 1696 80 ) (-1024 1696 -80 ) 
4 49 50 (-1024 1024 -80 ) (-1024 1696 -80 ) (-320 1696 -80 ) (-320 1024 -80 ) 
4 50 141 (-192 1024 -503.031006 ) (-192 1024 -80 ) (-320 1024 -80 ) (-320 1024 -503.031006 ) 
4 50 142 (-320 1024 -80 ) (-1024 1024 -80 ) (-1024 1024 -503.031006 ) (-320 1024 -503.031006 ) 
4 50 52 (-1024 1024 -503.031006 ) (-1024 1024 -80 ) (-1024 1696 -80 ) (-1024 1696 -503.031006 ) 
4 51 53 (-2048 2048 -503.031006 ) (-2048 2048 4071.030029 ) (-2048 3060 4071.030029 ) (-2048 3060 -503.031006 ) 
4 51 52 (-1024 2048 -503.031006 ) (-1024 2048 4071.030029 ) (-2048 2048 4071.030029 ) (-2048 2048 -503.031006 ) 
4 52 321 (-1024 1024 -503.031006 ) (-1024 1024 4071.030029 ) (-2048 1024 4071.030029 ) (-2048 1024 -503.031006 ) 
4 52 54 (-2048 1024 -503.031006 ) (-2048 1024 4071.030029 ) (-2048 2048 4071.030029 ) (-2048 2048 -503.031006 ) 
4 53 54 (-2048 2048 -503.031006 ) (-2048 2048 4071.030029 ) (-3060 2048 4071.030029 ) (-3060 2048 -503.031006 ) 
4 54 323 (-2048 1024 -503.031006 ) (-2048 1024 4071.030029 ) (-3060 1024 4071.030029 ) (-3060 1024 -503.031006 ) 
4 55 57 (3060 0 4071.030029 ) (2048 0 4071.030029 ) (2048 0 -503.031006 ) (3060 0 -503.031006 ) 
4 55 56 (2048 1024 4071.030029 ) (2048 1024 -503.031006 ) (2048 0 -503.031006 ) (2048 0 4071.030029 ) 
4 56 108 (1024 192 -503.031006 ) (1024 0 -503.031006 ) (1024 0 -432 ) (1024 192 -432 ) 
4 56 107 (1024 0 -432 ) (1024 0 -64 ) (1024 192 -64 ) (1024 192 -432 ) 
4 56 105 (1024 0 -64 ) (1024 0 8 ) (1024 192 8 ) (1024 192 -64 ) 
4 56 104 (1024 544 -503.031006 ) (1024 192 -503.031006 ) (1024 192 -432 ) (1024 544 -432 ) 
4 56 102 (1024 192 -432 ) (1024 192 -64 ) (1024 544 -64 ) (1024 544 -432 ) 
4 56 100 (1024 192 -64 ) (1024 192 8 ) (1024 512 8 ) (1024 512 -64 ) 
4 56 98 (1024 512 8 ) (1024 544 8 ) (1024 544 -64 ) (1024 512 -64 ) 
4 56 78 (1024 0 8 ) (1024 0 768 ) (1024 512 768 ) (1024 512 8 ) 
4 56 76 (1024 512 768 ) (1024 544 768 ) (1024 544 8 ) (1024 512 8 ) 
4 56 73 (1024 0 768 ) (1024 0 800 ) (1024 544 800 ) (1024 544 768 ) 
4 56 72 (1024 0 800 ) (1024 0 4071.030029 ) (1024 544 4071.030029 ) (1024 544 800 ) 
4 56 64 (1024 1024 448 ) (1024 1024 -503.031006 ) (1024 544 -503.031006 ) (1024 544 448 ) 
4 56 63 (1024 1024 4071.030029 ) (1024 1024 448 ) (1024 544 448 ) (1024 544 4071.030029 ) 
4 56 58 (2048 0 -503.031006 ) (2048 0 4071.030029 ) (1024 0 4071.030029 ) (1024 0 -503.031006 ) 
4 57 59 (3060 -1024 4071.030029 ) (2048 -1024 4071.030029 ) (2048 -1024 -503.031006 ) (3060 -1024 -503.031006 ) 
4 57 58 (2048 0 4071.030029 ) (2048 0 -503.031006 ) (2048 -1024 -503.031006 ) (2048 -1024 4071.030029 ) 
4 58 263 (1024 -1024 -503.031006 ) (1024 -1024 -432 ) (1024 -192 -432 ) (1024 -192 -503.031006 ) 
4 58 261 (1024 -1024 -432 ) (1024 -1024 -64 ) (1024 -192 -64 ) (1024 -192 -432 ) 
4 58 237 (1024 -192 -64 ) (1024 0 -64 ) (1024 0 -503.031006 ) (1024 -192 -503.031006 ) 
4 58 212 (1024 -1024 -64 ) (1024 -1024 768 ) (1024 -512 768 ) (1024 -512 -64 ) 
4 58 209 (1024 -512 768 ) (1024 0 768 ) (1024 0 -64 ) (1024 -512 -64 ) 
4 58 206 (1024 -1024 768 ) (1024 -1024 4071.030029 ) (1024 0 4071.030029 ) (1024 0 768 ) 
4 58 60 (2048 -1024 -503.031006 ) (2048 -1024 4071.030029 ) (1024 -1024 4071.030029 ) (1024 -1024 -503.031006 ) 
4 59 61 (3060 -2048 4071.030029 ) (2048 -2048 4071.030029 ) (2048 -2048 -503.031006 ) (3060 -2048 -503.031006 ) 
4 59 60 (2048 -1024 4071.030029 ) (2048 -1024 -503.031006 ) (2048 -2048 -503.031006 ) (2048 -2048 4071.030029 ) 
4 60 325 (1024 -2048 -503.031006 ) (1024 -2048 4071.030029 ) (1024 -1024 4071.030029 ) (1024 -1024 -503.031006 ) 
4 60 62 (2048 -2048 -503.031006 ) (2048 -2048 4071.030029 ) (1024 -2048 4071.030029 ) (1024 -2048 -503.031006 ) 
4 61 62 (2048 -3060 4071.030029 ) (2048 -2048 4071.030029 ) (2048 -2048 -503.031006 ) (2048 -3060 -503.031006 ) 
4 62 327 (1024 -3060 4071.030029 ) (1024 -2048 4071.030029 ) (1024 -2048 -503.031006 ) (1024 -3060 -503.031006 ) 
4 63 76 (1024 544 448 ) (1024 544 768 ) (544 544 768 ) (544 544 448 ) 
4 63 73 (1024 544 768 ) (1024 544 800 ) (544 544 800 ) (544 544 768 ) 
4 63 72 (1024 544 800 ) (1024 544 4071.030029 ) (192 544 4071.030029 ) (192 544 800 ) 
4 63 66 (192 1024 4071.030029 ) (192 1024 480 ) (192 544 480 ) (192 544 4071.030029 ) 
4 63 64 (1024 544 448 ) (320 544 448 ) (320 1024 448 ) (1024 1024 448 ) 
4 64 104 (1024 544 -503.031006 ) (1024 544 -432 ) (320 544 -432 ) (320 544 -503.031006 ) 
4 64 102 (1024 544 -432 ) (1024 544 -64 ) (320 544 -64 ) (320 544 -432 ) 
4 64 98 (1024 544 -64 ) (1024 544 8 ) (544 544 8 ) (544 544 -64 ) 
4 64 76 (1024 544 8 ) (1024 544 448 ) (544 544 448 ) (544 544 8 ) 
4 64 65 (320 1024 -503.031006 ) (320 544 -503.031006 ) (320 544 -80 ) (320 1024 -80 ) 
4 65 104 (192 544 -432 ) (192 544 -503.031006 ) (320 544 -503.031006 ) (320 544 -432 ) 
4 65 103 (192 544 -80 ) (192 544 -432 ) (208 544 -432 ) (208 544 -80 ) 
4 65 102 (208 544 -432 ) (320 544 -432 ) (320 544 -80 ) (208 544 -80 ) 
4 65 71 (192 1024 -80 ) (192 1024 -503.031006 ) (192 544 -503.031006 ) (192 544 -80 ) 
4 66 133 (0 1024 4071.030029 ) (0 1024 480 ) (0 544 480 ) (0 544 4071.030029 ) 
4 66 74 (192 544 800 ) (192 544 4071.030029 ) (0 544 4071.030029 ) (0 544 800 ) 
4 67 134 (0 1024 448 ) (0 1024 208 ) (0 992 208 ) (0 992 448 ) 
4 67 68 (192 992 208 ) (192 992 448 ) (0 992 448 ) (0 992 208 ) 
4 68 135 (0 672 448 ) (0 992 448 ) (0 992 80 ) (0 672 80 ) 
4 68 69 (64 992 80 ) (192 992 80 ) (192 672 80 ) (64 672 80 ) 
4 68 70 (0 992 80 ) (64 992 80 ) (64 672 80 ) (0 672 80 ) 
4 69 70 (64 992 -48 ) (64 672 -48 ) (64 672 80 ) (64 992 80 ) 
4 70 136 (0 544 -48 ) (0 544 80 ) (0 992 80 ) (0 992 -48 ) 
6 70 99 (0 544 8 ) (0 544 -48 ) (40 544 -48 ) (52 544 -32 ) (60 544 -12 ) (57.500004 544 8 ) 
6 70 77 (0 544 56 ) (0 544 8 ) (57.500004 544 8 ) (56 544 20 ) (36 544 44 ) (8 544 56 ) 
4 71 138 (0 1024 -80 ) (0 1024 -503.031006 ) (0 544 -503.031006 ) (0 544 -80 ) 
4 71 104 (192 544 -503.031006 ) (192 544 -432 ) (0 544 -432 ) (0 544 -503.031006 ) 
4 71 103 (192 544 -432 ) (192 544 -80 ) (0 544 -80 ) (0 544 -432 ) 
4 72 207 (544 0 4071.030029 ) (192 0 4071.030029 ) (192 0 800 ) (544 0 800 ) 
4 72 206 (1024 0 800 ) (1024 0 4071.030029 ) (544 0 4071.030029 ) (544 0 800 ) 
4 72 74 (192 544 4071.030029 ) (192 544 800 ) (192 0 800 ) (192 0 4071.030029 ) 
4 72 73 (1024 0 800 ) (544 0 800 ) (544 544 800 ) (1024 544 800 ) 
4 73 206 (1024 0 768 ) (1024 0 800 ) (544 0 800 ) (544 0 768 ) 
4 73 78 (1024 0 768 ) (544 0 768 ) (544 512 768 ) (1024 512 768 ) 
4 73 76 (544 512 768 ) (544 544 768 ) (1024 544 768 ) (1024 512 768 ) 
4 74 214 (0 0 4071.030029 ) (0 0 800 ) (192 0 800 ) (192 0 4071.030029 ) 
4 74 148 (0 0 800 ) (0 0 4071.030029 ) (0 512 4071.030029 ) (0 512 800 ) 
4 74 143 (0 512 4071.030029 ) (0 544 4071.030029 ) (0 544 800 ) (0 512 800 ) 
4 74 75 (192 192 800 ) (192 0 800 ) (0 0 800 ) (0 192 800 ) 
4 75 215 (0 0 800 ) (0 0 768 ) (192 0 768 ) (192 0 800 ) 
4 75 149 (0 0 768 ) (0 0 800 ) (0 192 800 ) (0 192 768 ) 
4 75 96 (176 0 768 ) (0 0 768 ) (0 88 768 ) (176 88 768 ) 
4 75 92 (0 184 768 ) (0 185 768 ) (176 185 768 ) (176 184 768 ) 
4 75 95 (0 88 768 ) (0 184 768 ) (176 184 768 ) (176 88 768 ) 
4 75 90 (0 185 768 ) (0 192 768 ) (176 192 768 ) (176 185 768 ) 
4 75 83 (192 0 768 ) (176 0 768 ) (176 176 768 ) (192 176 768 ) 
4 75 82 (176 176 768 ) (176 192 768 ) (192 192 768 ) (192 176 768 ) 
4 76 98 (544 544 8 ) (1024 544 8 ) (1024 512 8 ) (544 512 8 ) 
4 76 78 (544 512 8 ) (1024 512 8 ) (1024 512 768 ) (544 512 768 ) 
4 77 145 (0 544 56 ) (0 544 8 ) (0 512 8 ) (0 512 56 ) 
4 77 99 (0 512 8 ) (0 544 8 ) (57.500000 544 8 ) (57.500000 512 8 ) 
6 77 89 (0 512 8 ) (57.500000 512 8 ) (56 512 20 ) (36 512 44 ) (8 512 56 ) (0 512 56 ) 
4 78 209 (1024 0 8 ) (1024 0 768 ) (544 0 768 ) (544 0 8 ) 
4 78 105 (1024 192 8 ) (1024 0 8 ) (544 0 8 ) (544 192 8 ) 
4 78 100 (544 512 8 ) (1024 512 8 ) (1024 192 8 ) (544 192 8 ) 
4 79 210 (320 0 512 ) (320 0 8 ) (512 0 8 ) (512 0 512 ) 
4 79 106 (512 192 8 ) (512 0 8 ) (320 0 8 ) (320 192 8 ) 
4 79 101 (320 512 8 ) (512 512 8 ) (512 192 8 ) (320 192 8 ) 
4 79 80 (320 512 512 ) (320 512 8 ) (320 0 8 ) (320 0 512 ) 
4 80 211 (320 0 768 ) (192 0 768 ) (192 0 8 ) (320 0 8 ) 
4 80 106 (320 192 8 ) (320 0 8 ) (192 0 8 ) (192 192 8 ) 
4 80 101 (192 512 8 ) (320 512 8 ) (320 192 8 ) (192 192 8 ) 
4 80 84 (192 0 16 ) (192 0 144 ) (192 176 144 ) (192 176 16 ) 
4 80 83 (192 0 152 ) (192 0 768 ) (192 176 768 ) (192 176 152 ) 
4 80 82 (192 176 152 ) (192 176 768 ) (192 192 768 ) (192 192 152 ) 
4 80 81 (192 512 768 ) (192 512 8 ) (192 192 8 ) (192 192 768 ) 
4 81 101 (176 512 8 ) (192 512 8 ) (192 192 8 ) (176 192 8 ) 
4 81 90 (176 192 152 ) (176 192 768 ) (176 193 768 ) (176 193 152 ) 
4 81 91 (176 192 16 ) (176 192 144 ) (176 193 144 ) (176 193 16 ) 
4 81 89 (176 512 768 ) (176 512 8 ) (176 193 8 ) (176 193 768 ) 
4 81 82 (176 192 768 ) (176 192 152 ) (192 192 152 ) (192 192 768 ) 
4 82 92 (176 184 768 ) (176 185 768 ) (176 185 152 ) (176 184 152 ) 
4 82 95 (176 176 152 ) (176 176 768 ) (176 184 768 ) (176 184 152 ) 
4 82 90 (176 185 768 ) (176 192 768 ) (176 192 152 ) (176 185 152 ) 
4 82 83 (176 176 768 ) (176 176 152 ) (192 176 152 ) (192 176 768 ) 
4 83 216 (192 0 768 ) (176 0 768 ) (176 0 152 ) (192 0 152 ) 
4 83 96 (176 0 152 ) (176 0 768 ) (176 88 768 ) (176 26.399994 152 ) 
4 83 95 (176 88 768 ) (176 176 768 ) (176 176 152 ) (176 26.399994 152 ) 
4 83 85 (183 176 152 ) (184 176 152 ) (184 0 152 ) (183 0 152 ) 
4 83 88 (176 0 152 ) (176 176 152 ) (183 176 152 ) (183 0 152 ) 
4 84 219 (192 0 16 ) (192 0 144 ) (184 0 144 ) (184 0 16 ) 
4 84 86 (184 176 144 ) (184 176 16 ) (184 0 16 ) (184 0 144 ) 
4 85 217 (184 0 144 ) (184 0 152 ) (183 0 152 ) (183 0 144 ) 
4 85 88 (183 0 152 ) (183 176 152 ) (183 176 144 ) (183 0 144 ) 
4 85 86 (183 0 144 ) (183 176 144 ) (184 176 144 ) (184 0 144 ) 
4 86 220 (184 0 16 ) (184 0 144 ) (183 0 144 ) (183 0 16 ) 
4 86 87 (183 0 16 ) (183 176 16 ) (184 176 16 ) (184 0 16 ) 
4 86 88 (183 176 144 ) (183 176 16 ) (183 0 16 ) (183 0 144 ) 
4 87 221 (183 0 8 ) (184 0 8 ) (184 0 16 ) (183 0 16 ) 
4 87 88 (183 176 16 ) (183 176 8 ) (183 0 8 ) (183 0 16 ) 
4 88 222 (176 0 144 ) (176 0 8 ) (183 0 8 ) (183 0 144 ) 
4 88 217 (176 0 152 ) (176 0 144 ) (183 0 144 ) (183 0 152 ) 
4 88 97 (176 12 8 ) (176 0 8 ) (176 0 48 ) (176 16 48 ) 
4 88 96 (176 0 48 ) (176 0 152 ) (176 26.399998 152 ) (176 16 48 ) 
4 88 95 (176 176 8 ) (176 12 8 ) (176 26.399998 152 ) (176 176 152 ) 
4 89 152 (0 193 768 ) (0 512 768 ) (0 512 8 ) (0 193 8 ) 
4 89 101 (0 193 8 ) (0 512 8 ) (176 512 8 ) (176 193 8 ) 
4 89 90 (176 193 152 ) (176 193 768 ) (0 193 768 ) (0 193 152 ) 
4 89 91 (176 193 16 ) (176 193 144 ) (0 193 144 ) (0 193 16 ) 
4 90 153 (0 185 768 ) (0 193 768 ) (0 193 152 ) (0 185 152 ) 
4 90 92 (176 185 152 ) (176 185 768 ) (0 185 768 ) (0 185 152 ) 
4 91 154 (0 193 144 ) (0 193 16 ) (0 185 16 ) (0 185 144 ) 
4 91 93 (176 185 16 ) (176 185 144 ) (0 185 144 ) (0 185 16 ) 
4 92 155 (0 184 768 ) (0 185 768 ) (0 185 144 ) (0 184 144 ) 
4 92 95 (176 184 144 ) (176 184 768 ) (0 184 768 ) (0 184 144 ) 
4 92 93 (176 184 144 ) (0 184 144 ) (0 185 144 ) (176 185 144 ) 
4 93 156 (0 185 144 ) (0 185 16 ) (0 184 16 ) (0 184 144 ) 
4 93 94 (176 184 16 ) (0 184 16 ) (0 185 16 ) (176 185 16 ) 
4 93 95 (176 184 16 ) (176 184 144 ) (0 184 144 ) (0 184 16 ) 
4 94 157 (0 185 16 ) (0 185 8 ) (0 184 8 ) (0 184 16 ) 
4 94 95 (0 184 8 ) (176 184 8 ) (176 184 16 ) (0 184 16 ) 
4 95 158 (0 88 768 ) (0 184 768 ) (0 184 8 ) (0 12 8 ) 
4 95 97 (12 12 8 ) (176 12 8 ) (176 16 48 ) (16 16 48 ) 
4 95 96 (176 16 48 ) (176 88 768 ) (0 88 768 ) (0 16 48 ) 
4 96 226 (0 0 144 ) (0 0 48 ) (176 0 48 ) (176 0 144 ) 
4 96 218 (0 0 152 ) (0 0 144 ) (176 0 144 ) (176 0 152 ) 
4 96 216 (176 0 768 ) (0 0 768 ) (0 0 152 ) (176 0 152 ) 
4 96 159 (0 0 48 ) (0 0 768 ) (0 88 768 ) (0 16 48 ) 
4 96 97 (16 15.998048 48 ) (176 15.998053 48 ) (176 0 48 ) (16 0 48 ) 
4 97 227 (12 0 8 ) (176 0 8 ) (176 0 48 ) (16 0 48 ) 
4 98 102 (544 544 -64 ) (1024 544 -64 ) (1024 512 -64 ) (544 512 -64 ) 
4 98 100 (544 512 -64 ) (1024 512 -64 ) (1024 512 8 ) (544 512 8 ) 
4 99 145 (0 512 8 ) (0 544 8 ) (0 544 -48 ) (0 512 -48 ) 
6 99 101 (57.500000 512 8 ) (0 512 8 ) (0 512 -48 ) (40 512 -48 ) (52 512 -32 ) (60 512 -12 ) 
4 100 105 (1024 192 -64 ) (1024 192 8 ) (544 192 8 ) (544 192 -64 ) 
4 100 102 (1024 192 -64 ) (544 192 -64 ) (544 512 -64 ) (1024 512 -64 ) 
4 101 173 (0 192 -48 ) (0 192 8 ) (0 512 8 ) (0 512 -48 ) 
4 101 109 (0 192 0 ) (0 192 -48 ) (192 192 -48 ) (192 192 0 ) 
4 101 106 (512 192 8 ) (192 192 8 ) (192 192 -48 ) (512 192 -48 ) 
4 102 107 (1024 192 -432 ) (1024 192 -64 ) (208 192 -64 ) (208 192 -432 ) 
4 102 104 (1024 192 -432 ) (208 192 -432 ) (208 544 -432 ) (1024 544 -432 ) 
4 102 103 (208 544 -432 ) (208 208 -432 ) (208 208 -64 ) (208 544 -64 ) 
4 103 180 (0 208 -64 ) (0 544 -64 ) (0 544 -432 ) (0 208 -432 ) 
4 103 104 (0 208 -432 ) (0 544 -432 ) (208 544 -432 ) (208 208 -432 ) 
4 104 182 (0 192 -503.031006 ) (0 192 -432 ) (0 544 -432 ) (0 544 -503.031006 ) 
4 104 132 (192 192 -432 ) (0 192 -432 ) (0 192 -503.031006 ) (192 192 -503.031006 ) 
4 104 108 (1024 192 -503.031006 ) (1024 192 -432 ) (192 192 -432 ) (192 192 -503.031006 ) 
4 105 209 (1024 0 -64 ) (1024 0 8 ) (544 0 8 ) (544 0 -64 ) 
4 105 107 (1024 0 -64 ) (544 0 -64 ) (544 192 -64 ) (1024 192 -64 ) 
4 106 210 (512 0 8 ) (320 0 8 ) (320 0 -48 ) (512 0 -48 ) 
4 106 211 (320 0 8 ) (192 0 8 ) (192 0 -48 ) (320 0 -48 ) 
4 106 109 (192 192 0 ) (192 192 -48 ) (192 0 -48 ) (192 0 0 ) 
4 107 237 (1024 0 -432 ) (1024 0 -64 ) (208 0 -64 ) (208 0 -432 ) 
4 107 108 (208 192 -432 ) (1024 192 -432 ) (1024 0 -432 ) (208 0 -432 ) 
4 108 238 (208 0 -432 ) (192 0 -432 ) (192 0 -503.031006 ) (208 0 -503.031006 ) 
4 108 237 (1024 0 -503.031006 ) (1024 0 -432 ) (208 0 -432 ) (208 0 -503.031006 ) 
4 108 132 (192 192 -432 ) (192 192 -503.031006 ) (192 0 -503.031006 ) (192 0 -432 ) 
4 109 229 (192 0 -64 ) (192 0 0 ) (31.572464 0 0 ) (31.572468 0 -64 ) 
4 109 177 (0 7.781907 0 ) (0 10.093186 0 ) (0 10.093186 -64 ) (0 7.781913 -64 ) 
4 109 176 (0 10.093186 0 ) (0 21.518492 0 ) (0 21.518494 -64 ) (0 10.093186 -64 ) 
4 109 175 (0 21.518492 0 ) (0 192 0 ) (0 192 -64 ) (0 21.518494 -64 ) 
4 109 117 (5.875559 6.333513 0 ) (3.776423 6.850903 0 ) (3.776505 6.850830 -64 ) (5.875581 6.333455 -64 ) 
4 109 114 (31.571466 0 -64 ) (31.571655 0 0 ) (5.875559 6.333513 0 ) (5.875581 6.333455 -64 ) 
5 109 112 (31.567673 0 -64 ) (0 7.780722 -64 ) (0 32 -64 ) (32 32 -64 ) (32 0 -64 ) 
4 109 111 (0 32 -64 ) (0 192 -64 ) (32 192 -64 ) (32 32 -64 ) 
4 109 110 (32 192 -64 ) (192 192 -64 ) (192 0 -64 ) (32 0 -64 ) 
4 110 239 (192 0 -79.333298 ) (192 0 -64 ) (32 0 -64 ) (32 0 -79.333298 ) 
4 110 112 (32 32 -79.333298 ) (32 -0.097656 -79.333298 ) (32 0 -64 ) (32 32 -64 ) 
4 110 111 (32 192 -79.333298 ) (32 32 -79.333298 ) (32 32 -64 ) (32 192 -64 ) 
4 110 113 (32 192 -79.333298 ) (192 192 -79.333298 ) (192 0 -79.333298 ) (32 0 -79.333298 ) 
4 111 183 (0 192 -64 ) (0 192 -79.333298 ) (0 32 -79.333298 ) (0 32 -64 ) 
4 111 113 (0 32 -79.333298 ) (0 192 -79.333298 ) (32 192 -79.333298 ) (32 32 -79.333298 ) 
4 111 112 (0 32 -79.333298 ) (32 32 -79.333298 ) (32 32 -64 ) (0 32 -64 ) 
4 112 240 (32 0 -64 ) (31.572468 0 -64 ) (31.572468 0 -79.333298 ) (32 0 -79.333298 ) 
4 112 189 (0 10.093186 -79.333298 ) (0 7.781915 -79.333298 ) (0 7.781913 -64 ) (0 10.093185 -64 ) 
4 112 187 (0 21.518494 -79.333298 ) (0 10.093186 -79.333298 ) (0 10.093185 -64 ) (0 21.518494 -64 ) 
4 112 184 (0 32 -79.333298 ) (0 21.518494 -79.333298 ) (0 21.518494 -64 ) (0 32 -64 ) 
4 112 118 (5.875582 6.333455 -64 ) (3.776506 6.850830 -64 ) (3.776526 6.850812 -79.333298 ) (5.875586 6.333441 -79.333298 ) 
4 112 115 (31.571421 0 -79.333298 ) (31.571466 0 -64 ) (5.875582 6.333455 -64 ) (5.875586 6.333441 -79.333298 ) 
5 112 113 (31.567657 0 -79.333298 ) (0 7.780720 -79.333298 ) (0 32 -79.333298 ) (32 32 -79.333298 ) (32 0 -79.333298 ) 
4 113 241 (192 0 -144 ) (192 0 -79.333298 ) (31.572468 0 -79.333298 ) (31.572470 0 -144 ) 
4 113 190 (0 10.093186 -144 ) (0 7.781921 -144 ) (0 7.781915 -79.333298 ) (0 10.093186 -79.333298 ) 
4 113 188 (0 21.518494 -144 ) (0 10.093186 -144 ) (0 10.093186 -79.333298 ) (0 21.518494 -79.333298 ) 
4 113 186 (0 192 -79.333298 ) (0 192 -144 ) (0 21.518494 -144 ) (0 21.518494 -79.333298 ) 
4 113 126 (8.239830 5.750972 -144 ) (8.102080 5.784925 -144 ) (4.681360 8.837670 -144 ) (7.324838 8.181324 -144 ) 
4 113 124 (40.275665 0 -144 ) (31.572464 0 -144 ) (8.239830 5.750972 -144 ) (7.324838 8.181324 -144 ) 
5 113 123 (0 192 -144 ) (192 192 -144 ) (192 0 -144 ) (40.275665 0 -144 ) (0 10 -144 ) 
4 113 122 (3.776609 6.850738 -144 ) (5.875609 6.333383 -144 ) (5.875586 6.333441 -79.333298 ) (3.776525 6.850812 -79.333298 ) 
4 113 116 (5.875609 6.333383 -144 ) (31.571228 0 -144 ) (31.571421 0 -79.333298 ) (5.875586 6.333441 -79.333298 ) 
4 114 231 (9.657057 0 0 ) (8.277546 0 0 ) (8.277546 0 -64 ) (9.657058 0 -64 ) 
4 114 229 (31.572464 0 0 ) (9.657057 0 0 ) (9.657058 0 -64 ) (31.572468 0 -64 ) 
4 114 119 (8 0.733492 -64 ) (8.278379 0 -64 ) (8.278381 0 0 ) (8 0.733496 0 ) 
4 114 117 (5.876953 6.332031 0 ) (5.876953 6.332031 -64 ) (6.643453 4.310940 -64 ) (6.643454 4.310939 0 ) 
3 114 115 (8.278381 0 -64 ) (5.876953 6.332031 -64 ) (31.567047 0 -64 ) 
4 115 243 (8.277546 0 -64 ) (8.277546 0 -79.333298 ) (9.657058 0 -79.333298 ) (9.657057 0 -64 ) 
4 115 240 (9.657058 0 -79.333298 ) (31.572468 0 -79.333298 ) (31.572468 0 -64 ) (9.657057 0 -64 ) 
4 115 120 (8 0.733492 -79.333298 ) (8.278379 0 -79.333298 ) (8.278379 0 -64 ) (8 0.733492 -64 ) 
4 115 118 (5.876953 6.332031 -64 ) (5.876953 6.332031 -79.333298 ) (6.643453 4.310940 -79.333298 ) (6.643453 4.310939 -64 ) 
3 115 116 (8.278381 0 -79.333298 ) (5.876953 6.332031 -79.333298 ) (31.567047 0 -79.333298 ) 
4 116 245 (8.277546 0 -79.333298 ) (8.277546 0 -144 ) (9.657058 0 -144 ) (9.657057 0 -79.333298 ) 
4 116 241 (9.657058 0 -144 ) (31.572470 0 -144 ) (31.572468 0 -79.333298 ) (9.657057 0 -79.333298 ) 
3 116 125 (10.404989 0 -144 ) (9.870337 0 -144 ) (10 1.075709 -144 ) 
3 116 124 (31.572464 0 -144 ) (10.404989 0 -144 ) (8.239830 5.750973 -144 ) 
4 116 122 (5.876953 6.332031 -79.333298 ) (5.876953 6.332031 -144 ) (6.643453 4.310940 -144 ) (6.643454 4.310939 -79.333298 ) 
4 116 121 (8 0.733489 -144 ) (8.278378 0 -144 ) (8.278379 0 -79.333298 ) (8 0.733492 -79.333298 ) 
3 117 118 (6.636719 4.316406 -64 ) (3.775329 6.851373 -64 ) (5.871094 6.335938 -64 ) 
3 118 122 (3.783558 6.844582 -79.333298 ) (5.878906 6.328125 -79.333298 ) (6.644163 4.310311 -79.333298 ) 
4 119 231 (8.277546 0 0 ) (7.911140 0 0 ) (7.911139 0 -64 ) (8.277546 0 -64 ) 
3 119 120 (7.998712 0.721222 -64 ) (8.272236 0 -64 ) (7.911140 0 -64 ) 
4 120 243 (7.911139 0 -79.333298 ) (8.277546 0 -79.333298 ) (8.277546 0 -64 ) (7.911140 0 -64 ) 
3 120 121 (8 0.734433 -79.333298 ) (8.278850 0 -79.333298 ) (7.911140 0 -79.333298 ) 
4 121 245 (7.911139 0 -144 ) (8.277546 0 -144 ) (8.277546 0 -79.333298 ) (7.911140 0 -79.333298 ) 
4 123 250 (192 0 -288 ) (192 0 -144 ) (40.275665 0 -144 ) (40.275661 0 -288 ) 
4 123 193 (0 10 -144 ) (0 192 -144 ) (0 192 -288 ) (0 10 -288 ) 
3 123 129 (3.156571 12.428100 -288 ) (6.616105 12.428100 -288 ) (8.581301 9.580990 -288 ) 
5 123 128 (6.616105 12.428100 -288 ) (192 12.428100 -288 ) (192 0 -288 ) (40.275665 0 -288 ) (10.007092 7.515350 -288 ) 
4 123 127 (0 12.428100 -288 ) (0 192 -288 ) (192 192 -288 ) (192 12.428100 -288 ) 
4 123 126 (4.681746 8.837326 -288 ) (7.324942 8.181047 -288 ) (7.324600 8.181952 -144 ) (4.680477 8.838458 -144 ) 
4 123 124 (7.324942 8.181047 -288 ) (40.274536 0 -288 ) (40.277954 0 -144 ) (7.324600 8.181952 -144 ) 
4 124 252 (11.985487 0 -144 ) (10.404991 0 -144 ) (10.404989 0 -288 ) (11.985487 0 -288 ) 
4 124 250 (40.275665 0 -144 ) (11.985487 0 -144 ) (11.985487 0 -288 ) (40.275661 0 -288 ) 
3 124 130 (12.061500 4.538989 -288 ) (15.194500 0 -288 ) (12.612658 0 -288 ) 
3 124 128 (10.007090 7.515351 -288 ) (40.275665 0 -288 ) (15.194500 0 -288 ) 
4 124 126 (7.323240 8.185551 -144 ) (7.323238 8.185555 -288 ) (8.290270 5.616980 -288 ) (8.290264 5.616985 -144 ) 
4 124 125 (10 1.075696 -288 ) (10.404984 0 -288 ) (10.404968 0 -144 ) (10 1.075670 -144 ) 
4 125 252 (10.404991 0 -144 ) (9.870337 0 -144 ) (9.870337 0 -288 ) (10.404989 0 -288 ) 
4 127 198 (0 12.428100 -288 ) (0 192 -288 ) (0 192 -414 ) (0 12.428100 -414 ) 
4 127 131 (0 12.428100 -414 ) (0 192 -414 ) (192 192 -414 ) (192 12.428100 -414 ) 
4 127 129 (3.156571 12.428100 -414 ) (6.616091 12.428100 -414 ) (6.616089 12.428100 -288 ) (3.156571 12.428100 -288 ) 
4 127 128 (6.616091 12.428100 -414 ) (192 12.428100 -414 ) (192 12.428100 -288 ) (6.616089 12.428100 -288 ) 
4 128 256 (18.834915 0 -288 ) (15.194504 0 -288 ) (15.194489 0 -414 ) (18.834923 0 -414 ) 
4 128 254 (192 0 -414 ) (192 0 -288 ) (18.834915 0 -288 ) (18.834923 0 -414 ) 
4 128 131 (6.616091 12.428100 -414 ) (192 12.428100 -414 ) (192 0 -414 ) (15.194489 0 -414 ) 
4 128 130 (12.060858 4.544264 -414 ) (15.197500 0 -414 ) (15.197418 0 -288 ) (12.060869 4.544179 -288 ) 
4 128 129 (6.619115 12.428100 -288 ) (6.619103 12.428100 -414 ) (8.586001 9.578523 -414 ) (8.585985 9.578531 -288 ) 
3 129 131 (3.156571 12.428100 -414 ) (6.616091 12.428100 -414 ) (8.581278 9.581002 -414 ) 
4 130 256 (15.194504 0 -288 ) (12.612658 0 -288 ) (12.612657 0 -414 ) (15.194489 0 -414 ) 
3 130 131 (12.061501 4.538970 -414 ) (15.194489 0 -414 ) (12.612657 0 -414 ) 
4 131 259 (192 0 -416 ) (192 0 -414 ) (0 0 -414 ) (0 0 -416 ) 
4 131 202 (0 0 -416 ) (0 0 -414 ) (0 192 -414 ) (0 192 -416 ) 
4 132 260 (192 0 -503.031006 ) (192 0 -432 ) (0 0 -432 ) (0 0 -503.031006 ) 
4 132 203 (0 0 -503.031006 ) (0 0 -432 ) (0 192 -432 ) (0 192 -503.031006 ) 
4 133 143 (0 544 800 ) (0 544 4071.030029 ) (-192 544 4071.030029 ) (-192 544 800 ) 
4 133 139 (-192 1024 4071.030029 ) (-192 1024 480 ) (-192 544 480 ) (-192 544 4071.030029 ) 
4 134 135 (0 992 208 ) (0 992 448 ) (-192 992 448 ) (-192 992 208 ) 
4 135 137 (-192 672 80 ) (-192 992 80 ) (-64 992 80 ) (-64 672 80 ) 
4 135 136 (-64 992 80 ) (0 992 80 ) (0 672 80 ) (-64 672 80 ) 
8 136 145 (0 544 -48 ) (0 544 56 ) (-12 544 56 ) (-36 544 44 ) (-52 544 24 ) (-60 544 0 ) (-56 544 -24 ) (-40 544 -48 ) 
4 136 137 (-64 992 -48 ) (-64 672 -48 ) (-64 672 80 ) (-64 992 80 ) 
4 138 182 (0 544 -503.031006 ) (0 544 -432 ) (-192 544 -432 ) (-192 544 -503.031006 ) 
4 138 180 (0 544 -432 ) (0 544 -80 ) (-192 544 -80 ) (-192 544 -432 ) 
4 138 141 (-192 1024 -80 ) (-192 1024 -503.031006 ) (-192 544 -503.031006 ) (-192 544 -80 ) 
4 139 143 (-192 544 800 ) (-192 544 4071.030029 ) (-320 544 4071.030029 ) (-320 544 800 ) 
4 139 140 (-320 544 480 ) (-320 544 4071.030029 ) (-320 1024 4071.030029 ) (-320 1024 480 ) 
4 140 321 (-1024 1024 4071.030029 ) (-1024 1024 300 ) (-1024 544 300 ) (-1024 544 4071.030029 ) 
4 140 146 (-1024 544 768 ) (-1024 544 300 ) (-544 544 300 ) (-544 544 768 ) 
4 140 144 (-1024 544 800 ) (-1024 544 768 ) (-544 544 768 ) (-544 544 800 ) 
4 140 143 (-320 544 4071.030029 ) (-1024 544 4071.030029 ) (-1024 544 800 ) (-320 544 800 ) 
4 140 142 (-1024 1024 300 ) (-320 1024 300 ) (-320 544 300 ) (-1024 544 300 ) 
4 141 182 (-192 544 -503.031006 ) (-192 544 -432 ) (-320 544 -432 ) (-320 544 -503.031006 ) 
4 141 180 (-192 544 -432 ) (-192 544 -80 ) (-208 544 -80 ) (-208 544 -432 ) 
4 141 181 (-208 544 -80 ) (-320 544 -80 ) (-320 544 -432 ) (-208 544 -432 ) 
4 141 142 (-320 1024 -503.031006 ) (-320 544 -503.031006 ) (-320 544 -80 ) (-320 1024 -80 ) 
4 142 321 (-1024 1024 300 ) (-1024 1024 -503.031006 ) (-1024 544 -503.031006 ) (-1024 544 300 ) 
4 142 182 (-1024 544 -432 ) (-1024 544 -503.031006 ) (-320 544 -503.031006 ) (-320 544 -432 ) 
4 142 181 (-1024 544 -64 ) (-1024 544 -432 ) (-320 544 -432 ) (-320 544 -64 ) 
4 142 147 (-1024 544 -48 ) (-1024 544 -64 ) (-544 544 -64 ) (-544 544 -48 ) 
4 142 146 (-544 544 300 ) (-1024 544 300 ) (-1024 544 -48 ) (-544 544 -48 ) 
4 143 321 (-1024 544 4071.030029 ) (-1024 544 800 ) (-1024 512 800 ) (-1024 512 4071.030029 ) 
4 143 150 (-192 512 4071.030029 ) (-1024 512 4071.030029 ) (-1024 512 800 ) (-192 512 800 ) 
4 143 148 (0 512 800 ) (0 512 4071.030029 ) (-192 512 4071.030029 ) (-192 512 800 ) 
4 143 144 (-544 512 800 ) (-1024 512 800 ) (-1024 544 800 ) (-544 544 800 ) 
4 144 321 (-1024 544 800 ) (-1024 544 768 ) (-1024 512 768 ) (-1024 512 800 ) 
4 144 151 (-544 512 800 ) (-1024 512 800 ) (-1024 512 768 ) (-544 512 768 ) 
4 144 146 (-544 512 768 ) (-1024 512 768 ) (-1024 544 768 ) (-544 544 768 ) 
6 145 173 (0 512 -48 ) (0 512 8 ) (-57.333370 512 8 ) (-60 512 0 ) (-56 512 -24 ) (-40 512 -48 ) 
6 145 152 (0 512 8 ) (0 512 56 ) (-12 512 56 ) (-36 512 44 ) (-52 512 24 ) (-57.333370 512 8 ) 
4 146 321 (-1024 544 768 ) (-1024 544 -48 ) (-1024 512 -48 ) (-1024 512 768 ) 
4 146 179 (-544 512 768 ) (-1024 512 768 ) (-1024 512 -48 ) (-544 512 -48 ) 
4 146 147 (-544 512 -48 ) (-1024 512 -48 ) (-1024 544 -48 ) (-544 544 -48 ) 
4 147 321 (-1024 544 -48 ) (-1024 544 -64 ) (-1024 512 -64 ) (-1024 512 -48 ) 
4 147 181 (-1024 512 -64 ) (-1024 544 -64 ) (-544 544 -64 ) (-544 512 -64 ) 
4 147 179 (-1024 512 -64 ) (-544 512 -64 ) (-544 512 -48 ) (-1024 512 -48 ) 
4 148 264 (0 0 800 ) (0 0 4071.030029 ) (-192 0 4071.030029 ) (-192 0 800 ) 
4 148 150 (-192 512 4071.030029 ) (-192 512 800 ) (-192 0 800 ) (-192 0 4071.030029 ) 
4 148 149 (0 0 800 ) (-192 0 800 ) (-192 192 800 ) (0 192 800 ) 
4 149 265 (0 0 768 ) (0 0 800 ) (-192 0 800 ) (-192 0 768 ) 
4 149 167 (-184 0 768 ) (-192 0 768 ) (-192 176 768 ) (-184 176 768 ) 
4 149 164 (-183 0 768 ) (-184 0 768 ) (-184 176 768 ) (-183 176 768 ) 
4 149 163 (-176 0 768 ) (-183 0 768 ) (-183 176 768 ) (-176 176 768 ) 
4 149 162 (-192 176 768 ) (-192 192 768 ) (-176 192 768 ) (-176 176 768 ) 
4 149 159 (0 0 768 ) (-176 0 768 ) (-176 88 768 ) (0 88 768 ) 
4 149 155 (-176 184 768 ) (-176 185 768 ) (0 185 768 ) (0 184 768 ) 
4 149 158 (-176 88 768 ) (-176 184 768 ) (0 184 768 ) (0 88 768 ) 
4 149 153 (-176 185 768 ) (-176 192 768 ) (0 192 768 ) (0 185 768 ) 
4 150 321 (-1024 0 800 ) (-1024 0 4071.030029 ) (-1024 512 4071.030029 ) (-1024 512 800 ) 
4 150 310 (-1024 0 4071.030029 ) (-1024 0 800 ) (-192 0 800 ) (-192 0 4071.030029 ) 
4 150 151 (-1024 0 800 ) (-1024 512 800 ) (-544 512 800 ) (-544 0 800 ) 
4 151 321 (-1024 0 768 ) (-1024 0 800 ) (-1024 512 800 ) (-1024 512 768 ) 
4 151 312 (-1024 0 800 ) (-1024 0 768 ) (-544 0 768 ) (-544 0 800 ) 
4 151 179 (-544 0 768 ) (-1024 0 768 ) (-1024 512 768 ) (-544 512 768 ) 
4 152 173 (-176 193 8 ) (-176 512 8 ) (0 512 8 ) (0 193 8 ) 
4 152 161 (-176 512 8 ) (-176 193 8 ) (-176 193 768 ) (-176 512 768 ) 
4 152 154 (-176 193 144 ) (-176 193 16 ) (0 193 16 ) (0 193 144 ) 
4 152 153 (-176 193 768 ) (-176 193 152 ) (0 193 152 ) (0 193 768 ) 
4 153 162 (-176 185 152 ) (-176 185 768 ) (-176 192 768 ) (-176 192 152 ) 
4 153 161 (-176 192 768 ) (-176 193 768 ) (-176 193 152 ) (-176 192 152 ) 
4 153 155 (-176 185 768 ) (-176 185 152 ) (0 185 152 ) (0 185 768 ) 
4 154 161 (-176 192 144 ) (-176 193 144 ) (-176 193 16 ) (-176 192 16 ) 
4 154 156 (-176 185 144 ) (-176 185 16 ) (0 185 16 ) (0 185 144 ) 
4 155 162 (-176 184 152 ) (-176 184 768 ) (-176 185 768 ) (-176 185 152 ) 
4 155 158 (0 184 768 ) (-176 184 768 ) (-176 184 144 ) (0 184 144 ) 
4 155 156 (0 184 144 ) (-176 184 144 ) (-176 185 144 ) (0 185 144 ) 
4 156 157 (0 184 16 ) (-176 184 16 ) (-176 185 16 ) (0 185 16 ) 
4 156 158 (-176 184 144 ) (-176 184 16 ) (0 184 16 ) (0 184 144 ) 
4 157 158 (-176 184 16 ) (-176 184 8 ) (0 184 8 ) (0 184 16 ) 
4 158 163 (-176 176 8 ) (-176 12 8 ) (-176 88 768 ) (-176 176 768 ) 
4 158 162 (-176 176 152 ) (-176 176 768 ) (-176 184 768 ) (-176 184 152 ) 
4 158 160 (-176 16 48 ) (-176 12 8 ) (-12 12 8 ) (-16 16 48 ) 
4 158 159 (0 88 768 ) (-176 88 768 ) (-176 16 48 ) (0 16 48 ) 
4 159 272 (0 0 48 ) (0 0 144 ) (-176 0 144 ) (-176 0 48 ) 
4 159 267 (0 0 144 ) (0 0 152 ) (-176 0 152 ) (-176 0 144 ) 
4 159 266 (0 0 152 ) (0 0 768 ) (-176 0 768 ) (-176 0 152 ) 
4 159 163 (-176 0 48 ) (-176 0 768 ) (-176 88 768 ) (-176 16 48 ) 
4 159 160 (-16 0 48 ) (-176 0 48 ) (-176 15.998041 48 ) (-16 15.998046 48 ) 
4 160 273 (-16 0 48 ) (-176 0 48 ) (-176 0 8 ) (-12 0 8 ) 
4 160 163 (-176 12 8 ) (-176 0 8 ) (-176 0 48 ) (-176 16 48 ) 
4 161 173 (-192 192 8 ) (-192 512 8 ) (-176 512 8 ) (-176 192 8 ) 
4 161 169 (-192 512 8 ) (-192 192 8 ) (-192 192 768 ) (-192 512 768 ) 
4 161 162 (-192 192 768 ) (-192 192 152 ) (-176 192 152 ) (-176 192 768 ) 
4 162 169 (-192 176 152 ) (-192 176 768 ) (-192 192 768 ) (-192 192 152 ) 
4 162 167 (-192 176 768 ) (-192 176 152 ) (-184 176 152 ) (-184 176 768 ) 
4 162 164 (-184 176 152 ) (-183 176 152 ) (-183 176 768 ) (-184 176 768 ) 
4 162 163 (-183 176 152 ) (-176 176 152 ) (-176 176 768 ) (-183 176 768 ) 
4 163 275 (-183 0 144 ) (-183 0 8 ) (-176 0 8 ) (-176 0 144 ) 
4 163 268 (-183 0 152 ) (-183 0 144 ) (-176 0 144 ) (-176 0 152 ) 
4 163 266 (-176 0 768 ) (-183 0 768 ) (-183 0 152 ) (-176 0 152 ) 
4 163 165 (-183 176 144 ) (-183 176 16 ) (-183 0 16 ) (-183 0 144 ) 
4 163 164 (-183 176 768 ) (-183 176 144 ) (-183 0 144 ) (-183 0 768 ) 
4 163 166 (-183 176 16 ) (-183 176 8 ) (-183 0 8 ) (-183 0 16 ) 
4 164 268 (-184 0 152 ) (-184 0 144 ) (-183 0 144 ) (-183 0 152 ) 
4 164 266 (-183 0 768 ) (-184 0 768 ) (-184 0 152 ) (-183 0 152 ) 
4 164 167 (-184 176 768 ) (-184 176 152 ) (-184 0 152 ) (-184 0 768 ) 
4 164 165 (-184 0 144 ) (-184 176 144 ) (-183 176 144 ) (-183 0 144 ) 
4 165 276 (-184 0 144 ) (-184 0 16 ) (-183 0 16 ) (-183 0 144 ) 
4 165 168 (-184 176 144 ) (-184 176 16 ) (-184 0 16 ) (-184 0 144 ) 
4 165 166 (-184 0 16 ) (-184 176 16 ) (-183 176 16 ) (-183 0 16 ) 
4 166 277 (-184 0 16 ) (-184 0 8 ) (-183 0 8 ) (-183 0 16 ) 
4 167 266 (-184 0 768 ) (-192 0 768 ) (-192 0 152 ) (-184 0 152 ) 
4 167 171 (-192 0 152 ) (-192 0 768 ) (-192 128 768 ) (-192 128 152 ) 
4 167 169 (-192 128 768 ) (-192 176 768 ) (-192 176 152 ) (-192 128 152 ) 
4 168 278 (-192 0 144 ) (-192 0 16 ) (-184 0 16 ) (-184 0 144 ) 
4 168 171 (-192 0 16 ) (-192 0 144 ) (-192 128 144 ) (-192 128 16 ) 
4 168 169 (-192 128 144 ) (-192 176 144 ) (-192 176 16 ) (-192 128 16 ) 
4 169 178 (-192 192 8 ) (-192 128 8 ) (-320 128 8 ) (-320 192 8 ) 
4 169 173 (-320 512 8 ) (-192 512 8 ) (-192 192 8 ) (-320 192 8 ) 
4 169 171 (-320 128 8 ) (-192 128 8 ) (-192 128 768 ) (-320 128 768 ) 
4 169 170 (-320 512 8 ) (-320 128 8 ) (-320 128 384 ) (-320 512 384 ) 
4 170 178 (-512 128 8 ) (-512 192 8 ) (-320 192 8 ) (-320 128 8 ) 
4 170 173 (-512 192 8 ) (-512 512 8 ) (-320 512 8 ) (-320 192 8 ) 
4 170 172 (-512 128 384 ) (-512 128 8 ) (-320 128 8 ) (-320 128 384 ) 
4 171 314 (-320 0 512 ) (-320 0 8 ) (-192 0 8 ) (-192 0 512 ) 
4 171 313 (-192 0 768 ) (-320 0 768 ) (-320 0 512 ) (-192 0 512 ) 
4 171 178 (-192 0 8 ) (-320 0 8 ) (-320 128 8 ) (-192 128 8 ) 
4 171 172 (-320 128 512 ) (-320 128 8 ) (-320 0 8 ) (-320 0 512 ) 
4 172 314 (-512 0 512 ) (-512 0 8 ) (-320 0 8 ) (-320 0 512 ) 
4 172 178 (-320 0 8 ) (-512 0 8 ) (-512 128 8 ) (-320 128 8 ) 
4 173 178 (-192 192 8 ) (-512 192 8 ) (-512 192 -48 ) (-192 192 -48 ) 
4 173 175 (-31.107422 192 -48 ) (0 192 -48 ) (0 192 0 ) (-31.107430 192 0 ) 
4 173 174 (-192 192 0 ) (-192 192 -48 ) (-31.107422 192 -48 ) (-31.107430 192 0 ) 
4 174 284 (-7.794481 0 0 ) (-9.540398 0 0 ) (-9.540398 0 -64 ) (-7.794495 0 -64 ) 
4 174 282 (-9.540398 0 0 ) (-17.098888 0 0 ) (-17.098892 0 -64 ) (-9.540398 0 -64 ) 
4 174 279 (-17.098888 0 0 ) (-192 0 0 ) (-192 0 -64 ) (-17.098892 0 -64 ) 
3 174 191 (-7.794481 0 -64 ) (-8.160884 0 -64 ) (-7.883339 0.731812 -64 ) 
5 174 184 (-8.160884 0 -64 ) (-32 0 -64 ) (-32 32 -64 ) (-11.679972 32 -64 ) (-7.883339 0.731812 -64 ) 
4 174 183 (-32 32 -64 ) (-32 192 -64 ) (-31.107422 192 -64 ) (-11.679972 32 -64 ) 
4 174 185 (-32 0 -64 ) (-192 0 -64 ) (-192 192 -64 ) (-32 192 -64 ) 
4 174 178 (-192 192 0 ) (-192 192 -48 ) (-192 0 -48 ) (-192 0 0 ) 
4 174 175 (-7.883304 0.731918 -64 ) (-31.107361 192 -64 ) (-31.107361 192 0 ) (-7.883291 0.731964 0 ) 
4 175 184 (-7.883340 0.731824 -64 ) (-11.679971 32 -64 ) (0 32 -64 ) (0 21.518494 -64 ) 
4 175 183 (-11.679971 32 -64 ) (-31.107422 192 -64 ) (0 192 -64 ) (0 32 -64 ) 
4 175 176 (-6.526212 4.311455 -64 ) (0 21.519751 -64 ) (0 21.519745 0 ) (-6.526211 4.311457 0 ) 
3 176 187 (-6.525540 4.312050 -64 ) (0 21.518494 -64 ) (0 10.093186 -64 ) 
4 176 177 (-3.664029 6.850053 -64 ) (0 10.096084 -64 ) (0 10.096085 0 ) (-3.664030 6.850053 0 ) 
3 177 189 (-3.659461 6.851180 -64 ) (0 10.093186 -64 ) (0 7.753153 -64 ) 
4 178 314 (-192 0 8 ) (-512 0 8 ) (-512 0 -48 ) (-192 0 -48 ) 
4 179 321 (-1024 0 -64 ) (-1024 0 768 ) (-1024 512 768 ) (-1024 512 -64 ) 
4 179 317 (-544 0 768 ) (-1024 0 768 ) (-1024 0 -64 ) (-544 0 -64 ) 
4 179 205 (-544 0 -64 ) (-1024 0 -64 ) (-1024 192 -64 ) (-544 192 -64 ) 
4 179 181 (-1024 192 -64 ) (-1024 512 -64 ) (-544 512 -64 ) (-544 192 -64 ) 
4 180 182 (-208 208 -432 ) (-208 544 -432 ) (0 544 -432 ) (0 208 -432 ) 
4 180 181 (-208 544 -432 ) (-208 208 -432 ) (-208 208 -64 ) (-208 544 -64 ) 
4 181 321 (-1024 192 -432 ) (-1024 192 -64 ) (-1024 544 -64 ) (-1024 544 -432 ) 
4 181 205 (-208 192 -64 ) (-1024 192 -64 ) (-1024 192 -432 ) (-208 192 -432 ) 
4 181 182 (-208 192 -432 ) (-1024 192 -432 ) (-1024 544 -432 ) (-208 544 -432 ) 
4 182 321 (-1024 192 -503.031006 ) (-1024 192 -432 ) (-1024 544 -432 ) (-1024 544 -503.031006 ) 
4 182 204 (-192 192 -432 ) (-208 192 -432 ) (-208 192 -503.031006 ) (-192 192 -503.031006 ) 
4 182 205 (-208 192 -432 ) (-1024 192 -432 ) (-1024 192 -503.031006 ) (-208 192 -503.031006 ) 
4 182 203 (0 192 -503.031006 ) (0 192 -432 ) (-192 192 -432 ) (-192 192 -503.031006 ) 
4 183 185 (-32 192 -64 ) (-32 192 -79.333298 ) (-32 32 -79.333298 ) (-32 32 -64 ) 
4 183 186 (-32 32 -79.333298 ) (-32 192 -79.333298 ) (0 192 -79.333298 ) (0 32 -79.333298 ) 
4 183 184 (-32 32 -64 ) (-32 32 -79.333298 ) (0 32 -79.333298 ) (0 32 -64 ) 
4 184 285 (-8.160883 0 -64 ) (-9.540398 0 -64 ) (-9.540398 0 -79.333298 ) (-8.160881 0 -79.333298 ) 
4 184 283 (-9.540398 0 -64 ) (-17.098888 0 -64 ) (-17.098888 0 -79.333298 ) (-9.540398 0 -79.333298 ) 
4 184 280 (-17.098888 0 -64 ) (-32 0 -64 ) (-32 0 -79.333298 ) (-17.098888 0 -79.333298 ) 
4 184 191 (-7.883521 0.733311 -64 ) (-8.161629 0 -64 ) (-8.161627 0 -79.333298 ) (-7.883520 0.733307 -79.333298 ) 
4 184 187 (0 21.520445 -79.333298 ) (0 21.520447 -64 ) (-6.526659 4.311060 -64 ) (-6.526658 4.311060 -79.333298 ) 
4 184 185 (-32 32 -79.333298 ) (-32 0 -79.333298 ) (-32 0 -64 ) (-32 32 -64 ) 
5 184 186 (0 21.515686 -79.333298 ) (-8.159834 0 -79.333298 ) (-32 0 -79.333298 ) (-32 32 -79.333298 ) (0 32 -79.333298 ) 
4 185 281 (-32 0 -64 ) (-192 0 -64 ) (-192 0 -79.333298 ) (-32 0 -79.333298 ) 
4 185 186 (-32 0 -79.333298 ) (-192 0 -79.333298 ) (-192 192 -79.333298 ) (-32 192 -79.333298 ) 
4 186 292 (-9.540398 0 -144 ) (-8.160873 0 -144 ) (-8.160881 0 -79.333298 ) (-9.540398 0 -79.333298 ) 
4 186 291 (-17.098892 0 -144 ) (-9.540398 0 -144 ) (-9.540398 0 -79.333298 ) (-17.098888 0 -79.333298 ) 
4 186 290 (-192 0 -79.333298 ) (-192 0 -144 ) (-17.098892 0 -144 ) (-17.098888 0 -79.333298 ) 
4 186 196 (-6.072509 11.507736 -144 ) (-3.992443 10.991280 -144 ) (-4.874597 8.665230 -144 ) (-8.290290 5.616961 -144 ) 
3 186 195 (-11.417404 12.834812 -144 ) (-6.072509 11.507736 -144 ) (-10 1.075699 -144 ) 
4 186 194 (-192 0 -144 ) (-192 57.671478 -144 ) (-11.417404 12.834812 -144 ) (-9.870339 0 -144 ) 
5 186 193 (-192 57.671478 -144 ) (-192 192 -144 ) (0 192 -144 ) (0 21.518494 -144 ) (-3.992443 10.991280 -144 ) 
4 186 192 (-8.161621 0 -144 ) (-7.883519 0.733296 -144 ) (-7.883520 0.733307 -79.333298 ) (-8.161627 0 -79.333298 ) 
4 186 188 (-6.526650 4.311067 -144 ) (0 21.520439 -144 ) (0 21.520445 -79.333298 ) (-6.526658 4.311060 -79.333298 ) 
4 187 189 (-3.664061 6.850046 -79.333298 ) (0 10.096129 -79.333298 ) (0 10.096130 -64 ) (-3.664061 6.850046 -64 ) 
3 187 188 (0 10.092285 -79.333298 ) (-6.519531 4.316406 -79.333298 ) (0 21.507011 -79.333298 ) 
4 188 197 (-0.082160 10.020399 -144 ) (-0.146144 9.963714 -144 ) (-4.681371 8.837670 -144 ) (-2.643480 10.656346 -144 ) 
3 188 196 (-4.874597 8.665230 -144 ) (-3.992443 10.991279 -144 ) (-2.643480 10.656346 -144 ) 
4 188 193 (0 21.518494 -144 ) (0 10.093186 -144 ) (-0.082160 10.020399 -144 ) (-3.992443 10.991279 -144 ) 
4 188 190 (-3.664058 6.850047 -144 ) (0 10.096126 -144 ) (0 10.096129 -79.333298 ) (-3.664060 6.850046 -79.333298 ) 
3 189 190 (0 7.752731 -79.333298 ) (-3.660156 6.850586 -79.333298 ) (0 10.093208 -79.333298 ) 
4 191 285 (-7.794481 0 -64 ) (-8.160883 0 -64 ) (-8.160881 0 -79.333298 ) (-7.794481 0 -79.333298 ) 
3 191 192 (-8.161377 0 -79.333298 ) (-7.883460 0.732808 -79.333298 ) (-7.794481 0 -79.333298 ) 
4 192 292 (-7.794480 0 -79.333298 ) (-8.160881 0 -79.333298 ) (-8.160873 0 -144 ) (-7.794481 0 -144 ) 
3 193 199 (-5.156754 11.280365 -288 ) (-9.779330 12.428100 -288 ) (-2.969921 12.428100 -288 ) 
5 193 198 (-192 57.671478 -288 ) (-192 192 -288 ) (0 192 -288 ) (0 12.428100 -288 ) (-9.779330 12.428100 -288 ) 
4 193 197 (-2.643128 10.656660 -288 ) (0 10 -288 ) (0 10 -144 ) (-2.642630 10.657104 -144 ) 
4 193 196 (-6.072371 11.508103 -288 ) (-2.643128 10.656660 -288 ) (-2.642630 10.657104 -144 ) (-6.072179 11.508614 -144 ) 
4 193 195 (-11.417450 12.835228 -288 ) (-6.072371 11.508103 -288 ) (-6.072179 11.508614 -144 ) (-11.417515 12.835785 -144 ) 
4 193 194 (-192 57.671875 -288 ) (-11.417450 12.835228 -288 ) (-11.417515 12.835785 -144 ) (-192 57.671875 -144 ) 
4 194 296 (-9.870339 0 -144 ) (-11.985502 0 -144 ) (-11.985501 0 -288 ) (-9.870331 0 -288 ) 
4 194 295 (-11.985502 0 -144 ) (-21.325233 0 -144 ) (-21.325226 0 -288 ) (-11.985501 0 -288 ) 
4 194 294 (-21.325233 0 -144 ) (-192 0 -144 ) (-192 0 -288 ) (-21.325226 0 -288 ) 
3 194 201 (-12.425985 0 -288 ) (-15.007946 0 -288 ) (-11.874901 4.538989 -288 ) 
4 194 200 (-15.007946 0 -288 ) (-26.649757 0 -288 ) (-10.868677 8.282526 -288 ) (-10.634120 6.336566 -288 ) 
5 194 199 (-26.649757 0 -288 ) (-192 0 -288 ) (-192 12.428100 -288 ) (-11.368365 12.428100 -288 ) (-10.868677 8.282526 -288 ) 
4 194 198 (-192 12.428100 -288 ) (-192 57.671478 -288 ) (-11.417389 12.834812 -288 ) (-11.368365 12.428100 -288 ) 
4 194 195 (-10 1.076117 -288 ) (-11.417724 12.837882 -288 ) (-11.417725 12.837887 -144 ) (-10 1.075786 -144 ) 
3 195 200 (-10.634120 6.336565 -288 ) (-10.868677 8.282526 -288 ) (-8.394649 9.580992 -288 ) 
5 195 199 (-10.868677 8.282526 -288 ) (-11.368365 12.428100 -288 ) (-9.779327 12.428100 -288 ) (-6.072508 11.507737 -288 ) (-6.404695 10.625397 -288 ) 
3 195 198 (-11.368365 12.428100 -288 ) (-11.417389 12.834812 -288 ) (-9.779327 12.428100 -288 ) 
4 195 196 (-8.289561 5.617611 -288 ) (-6.072132 11.507710 -288 ) (-6.072132 11.507710 -144 ) (-8.289562 5.617611 -144 ) 
3 196 199 (-6.404695 10.625397 -288 ) (-6.072508 11.507737 -288 ) (-5.156753 11.280365 -288 ) 
4 196 197 (-4.684113 8.836989 -288 ) (-2.644970 10.656539 -288 ) (-2.644969 10.656538 -144 ) (-4.684111 8.836989 -144 ) 
4 198 202 (-192 12.428100 -414 ) (-192 192 -414 ) (0 192 -414 ) (0 12.428100 -414 ) 
4 198 199 (-192 12.428100 -414 ) (-2.969894 12.428100 -414 ) (-2.969921 12.428100 -288 ) (-192 12.428100 -288 ) 
4 199 298 (-26.649759 0 -288 ) (-192 0 -288 ) (-192 0 -414 ) (-26.649719 0 -414 ) 
4 199 202 (-26.649719 0 -414 ) (-192 0 -414 ) (-192 12.428100 -414 ) (-2.969894 12.428100 -414 ) 
4 199 200 (-26.650101 0 -414 ) (-8.394310 9.581471 -414 ) (-8.394258 9.581556 -288 ) (-26.650444 0 -288 ) 
4 200 298 (-15.007945 0 -288 ) (-26.649759 0 -288 ) (-26.649719 0 -414 ) (-15.007937 0 -414 ) 
3 200 202 (-15.007938 0 -414 ) (-26.649719 0 -414 ) (-8.394653 9.580974 -414 ) 
4 200 201 (-15.007156 0 -414 ) (-11.875067 4.537614 -414 ) (-11.875065 4.537640 -288 ) (-15.007178 0 -288 ) 
4 201 298 (-12.425985 0 -288 ) (-15.007945 0 -288 ) (-15.007937 0 -414 ) (-12.425984 0 -414 ) 
3 201 202 (-12.425984 0 -414 ) (-15.007938 0 -414 ) (-11.874902 4.538976 -414 ) 
4 202 302 (0 0 -416 ) (0 0 -414 ) (-192 0 -414 ) (-192 0 -416 ) 
4 203 303 (0 0 -503.031006 ) (0 0 -432 ) (-192 0 -432 ) (-192 0 -503.031006 ) 
4 203 204 (-192 192 -432 ) (-192 192 -503.031006 ) (-192 0 -503.031006 ) (-192 0 -432 ) 
4 204 318 (-192 0 -503.031006 ) (-192 0 -432 ) (-208 0 -432 ) (-208 0 -503.031006 ) 
4 204 205 (-208 192 -432 ) (-208 192 -503.031006 ) (-208 0 -503.031006 ) (-208 0 -432 ) 
4 205 321 (-1024 0 -503.031006 ) (-1024 0 -64 ) (-1024 192 -64 ) (-1024 192 -503.031006 ) 
4 205 320 (-208 0 -64 ) (-1024 0 -64 ) (-1024 0 -503.031006 ) (-208 0 -503.031006 ) 
4 206 325 (1024 -1024 768 ) (1024 -1024 4071.030029 ) (544 -1024 4071.030029 ) (544 -1024 768 ) 
4 206 212 (1024 -1024 768 ) (544 -1024 768 ) (544 -512 768 ) (1024 -512 768 ) 
4 206 209 (544 -512 768 ) (544 0 768 ) (1024 0 768 ) (1024 -512 768 ) 
4 206 207 (544 -544 800 ) (544 -544 4071.030029 ) (544 0 4071.030029 ) (544 0 800 ) 
4 206 208 (544 -544 768 ) (544 -1024 768 ) (544 -1024 4071.030029 ) (544 -544 4071.030029 ) 
4 207 233 (192 -192 800 ) (192 -544 800 ) (192 -544 4071.030029 ) (192 -192 4071.030029 ) 
4 207 214 (192 0 4071.030029 ) (192 0 800 ) (192 -192 800 ) (192 -192 4071.030029 ) 
4 207 208 (544 -544 800 ) (544 -544 4071.030029 ) (192 -544 4071.030029 ) (192 -544 800 ) 
4 208 325 (544 -1024 4071.030029 ) (192 -1024 4071.030029 ) (192 -1024 768 ) (544 -1024 768 ) 
4 208 234 (192 -544 768 ) (192 -1024 768 ) (192 -1024 800 ) (192 -544 800 ) 
4 208 233 (192 -1024 800 ) (192 -1024 4071.030029 ) (192 -544 4071.030029 ) (192 -544 800 ) 
4 208 213 (544 -1024 768 ) (192 -1024 768 ) (192 -544 768 ) (544 -544 768 ) 
4 209 261 (1024 -192 -64 ) (1024 -512 -64 ) (544 -512 -64 ) (544 -192 -64 ) 
4 209 237 (544 0 -64 ) (1024 0 -64 ) (1024 -192 -64 ) (544 -192 -64 ) 
4 209 212 (1024 -512 768 ) (544 -512 768 ) (544 -512 -64 ) (1024 -512 -64 ) 
4 210 211 (320 0 -48 ) (320 -512 -48 ) (320 -512 512 ) (320 0 512 ) 
4 211 235 (192 -192 -48 ) (192 -512 -48 ) (192 -512 768 ) (192 -192 768 ) 
4 211 229 (192 0 0 ) (192 0 -48 ) (192 -8 -48 ) (192 -8 0 ) 
4 211 232 (192 -8 -48 ) (192 -192 -48 ) (192 -192 0 ) (192 -8 0 ) 
4 211 219 (192 0 144 ) (192 0 16 ) (192 -176 16 ) (192 -176 144 ) 
4 211 216 (192 0 768 ) (192 0 152 ) (192 -192 152 ) (192 -192 768 ) 
4 212 325 (1024 -1024 -64 ) (1024 -1024 768 ) (544 -1024 768 ) (544 -1024 -64 ) 
4 212 261 (1024 -1024 -64 ) (544 -1024 -64 ) (544 -512 -64 ) (1024 -512 -64 ) 
4 212 213 (544 -544 -64 ) (544 -1024 -64 ) (544 -1024 768 ) (544 -544 768 ) 
4 213 325 (544 -1024 768 ) (192 -1024 768 ) (192 -1024 -64 ) (544 -1024 -64 ) 
4 213 262 (208 -1024 -64 ) (192 -1024 -64 ) (192 -544 -64 ) (208 -544 -64 ) 
4 213 261 (544 -1024 -64 ) (208 -1024 -64 ) (208 -544 -64 ) (544 -544 -64 ) 
4 213 236 (192 -544 -64 ) (192 -1024 -64 ) (192 -1024 768 ) (192 -544 768 ) 
4 214 264 (0 0 4071.030029 ) (0 0 800 ) (0 -192 800 ) (0 -192 4071.030029 ) 
4 214 233 (192 -192 800 ) (192 -192 4071.030029 ) (0 -192 4071.030029 ) (0 -192 800 ) 
4 214 215 (192 -192 800 ) (0 -192 800 ) (0 0 800 ) (192 0 800 ) 
4 215 265 (0 0 800 ) (0 0 768 ) (0 -192 768 ) (0 -192 800 ) 
4 215 216 (192 -192 768 ) (0 -192 768 ) (0 0 768 ) (192 0 768 ) 
4 216 266 (0 0 768 ) (0 0 152 ) (0 -192 152 ) (0 -192 768 ) 
4 216 235 (192 -192 152 ) (192 -192 768 ) (0 -192 768 ) (0 -192 152 ) 
4 216 218 (0 -184 152 ) (0 0 152 ) (176 0 152 ) (176 -184 152 ) 
4 216 217 (176 -176 152 ) (176 0 152 ) (184 0 152 ) (184 -176 152 ) 
4 217 220 (183 0 144 ) (184 0 144 ) (184 -176 144 ) (183 -176 144 ) 
4 217 222 (176 -176 144 ) (176 0 144 ) (183 0 144 ) (183 -176 144 ) 
4 217 218 (176 0 144 ) (176 -176 144 ) (176 -176 152 ) (176 0 152 ) 
4 218 267 (0 0 152 ) (0 0 144 ) (0 -184 144 ) (0 -184 152 ) 
4 218 226 (0 -25.599991 144 ) (0 0 144 ) (176 0 144 ) (176 -25.600002 144 ) 
4 218 224 (0 -184 144 ) (0 -183 144 ) (176 -183 144 ) (176 -184 144 ) 
4 218 223 (0 -183 144 ) (0 -25.599991 144 ) (176 -25.600002 144 ) (176 -183 144 ) 
4 219 220 (184 -176 16 ) (184 -176 144 ) (184 0 144 ) (184 0 16 ) 
4 220 222 (183 -176 16 ) (183 -176 144 ) (183 0 144 ) (183 0 16 ) 
4 220 221 (183 -176 16 ) (183 0 16 ) (184 0 16 ) (184 -176 16 ) 
4 221 222 (183 0 8 ) (183 -176 8 ) (183 -176 16 ) (183 0 16 ) 
4 222 227 (176 0 8 ) (176 -12 8 ) (176 -16 48 ) (176 0 48 ) 
4 222 226 (176 -16 48 ) (176 -25.599991 144 ) (176 0 144 ) (176 0 48 ) 
4 222 223 (176 -12 8 ) (176 -176 8 ) (176 -176 144 ) (176 -25.599991 144 ) 
4 223 269 (0 -12 8 ) (0 -183 8 ) (0 -183 144 ) (0 -25.599991 144 ) 
4 223 227 (176 -16 48 ) (176 -12 8 ) (12 -12 8 ) (16 -16 48 ) 
4 223 226 (0 -25.599808 144 ) (176 -25.599808 144 ) (176 -16 48 ) (0 -16 48 ) 
4 223 225 (0 -183 8 ) (176 -183 8 ) (176 -183 16 ) (0 -183 16 ) 
4 223 224 (176 -183 16 ) (176 -183 144 ) (0 -183 144 ) (0 -183 16 ) 
4 224 270 (0 -184 16 ) (0 -184 144 ) (0 -183 144 ) (0 -183 16 ) 
4 224 228 (176 -184 16 ) (176 -184 144 ) (0 -184 144 ) (0 -184 16 ) 
4 224 225 (176 -184 16 ) (0 -184 16 ) (0 -183 16 ) (176 -183 16 ) 
4 225 271 (0 -183 8 ) (0 -184 8 ) (0 -184 16 ) (0 -183 16 ) 
4 226 272 (0 0 144 ) (0 0 48 ) (0 -16 48 ) (0 -25.599991 144 ) 
4 226 227 (176 -15.998041 48 ) (16 -15.998046 48 ) (16 0 48 ) (176 0 48 ) 
4 228 274 (0 -192 16 ) (0 -192 144 ) (0 -184 144 ) (0 -184 16 ) 
4 228 235 (176 -192 144 ) (0 -192 144 ) (0 -192 16 ) (176 -192 16 ) 
4 229 240 (9.657059 0 -64 ) (32 0 -64 ) (32 -8 -64 ) (4.135040 -8 -64 ) 
4 229 239 (32 0 -64 ) (192 0 -64 ) (192 -8 -64 ) (32 -8 -64 ) 
4 229 231 (7.538936 -3.065392 0 ) (9.654829 0 0 ) (9.654831 0 -64 ) (7.538935 -3.065395 -64 ) 
4 229 230 (4.132813 -8 -64 ) (4.132813 -8 0 ) (5.360402 -6.221534 0 ) (5.360403 -6.221534 -64 ) 
4 229 232 (4.135041 -8 -64 ) (192 -8 -64 ) (192 -8 0 ) (4.135040 -8 0 ) 
3 230 242 (5.363895 -6.219701 -64 ) (4.135040 -8 -64 ) (1.971828 -8 -64 ) 
4 230 232 (1.971827 -8 -64 ) (4.135041 -8 -64 ) (4.135040 -8 0 ) (1.971828 -8 0 ) 
3 231 243 (7.911140 0 -64 ) (9.657059 0 -64 ) (7.538460 -3.069311 -64 ) 
4 232 286 (0 -8 -64 ) (0 -192 -64 ) (0 -192 0 ) (0 -8 0 ) 
4 232 248 (0 -192 -64 ) (0 -32 -64 ) (32 -32 -64 ) (32 -192 -64 ) 
4 232 247 (0 -32 -64 ) (0 -8 -64 ) (32 -8 -64 ) (32 -32 -64 ) 
4 232 246 (32 -8 -64 ) (192 -8 -64 ) (192 -192 -64 ) (32 -192 -64 ) 
4 232 235 (192 -192 -48 ) (192 -192 0 ) (0 -192 0 ) (0 -192 -48 ) 
4 233 325 (0 -1024 4071.030029 ) (0 -1024 800 ) (192 -1024 800 ) (192 -1024 4071.030029 ) 
4 233 304 (0 -544 4071.030029 ) (0 -192 4071.030029 ) (0 -192 800 ) (0 -544 800 ) 
4 233 305 (0 -1024 800 ) (0 -1024 4071.030029 ) (0 -544 4071.030029 ) (0 -544 800 ) 
4 233 234 (192 -544 800 ) (192 -1024 800 ) (0 -1024 800 ) (0 -544 800 ) 
4 234 325 (0 -1024 800 ) (0 -1024 768 ) (192 -1024 768 ) (192 -1024 800 ) 
4 234 305 (0 -1024 768 ) (0 -1024 800 ) (0 -544 800 ) (0 -544 768 ) 
4 234 236 (0 -1024 768 ) (0 -544 768 ) (192 -544 768 ) (192 -1024 768 ) 
4 235 306 (0 -512 -48 ) (0 -512 768 ) (0 -192 768 ) (0 -192 -48 ) 
4 236 325 (0 -1024 768 ) (0 -1024 -64 ) (192 -1024 -64 ) (192 -1024 768 ) 
4 236 307 (0 -544 -64 ) (0 -1024 -64 ) (0 -1024 768 ) (0 -544 768 ) 
4 236 262 (192 -1024 -64 ) (0 -1024 -64 ) (0 -544 -64 ) (192 -544 -64 ) 
4 237 263 (208 -192 -432 ) (208 -192 -503.031006 ) (1024 -192 -503.031006 ) (1024 -192 -432 ) 
4 237 261 (1024 -192 -64 ) (208 -192 -64 ) (208 -192 -432 ) (1024 -192 -432 ) 
4 237 238 (208 0 -503.031006 ) (208 -192 -503.031006 ) (208 -192 -432 ) (208 0 -432 ) 
4 238 263 (192 -192 -432 ) (192 -192 -503.031006 ) (208 -192 -503.031006 ) (208 -192 -432 ) 
4 238 260 (192 -192 -503.031006 ) (192 -192 -432 ) (192 0 -432 ) (192 0 -503.031006 ) 
4 239 246 (192 -8 -79.333298 ) (192 -8 -64 ) (32 -8 -64 ) (32 -8 -79.333298 ) 
4 239 241 (192 -8 -79.333298 ) (32 -8 -79.333298 ) (32 0 -79.333298 ) (192 0 -79.333298 ) 
4 239 240 (32 0 -79.333298 ) (32 -8 -79.333298 ) (32 -8 -64 ) (32 0 -64 ) 
4 240 247 (32 -8 -64 ) (4.135040 -8 -64 ) (4.135040 -8 -79.333298 ) (32 -8 -79.333298 ) 
4 240 243 (7.538936 -3.065392 -64 ) (9.654829 0 -64 ) (9.654829 0 -79.333298 ) (7.538936 -3.065392 -79.333298 ) 
4 240 242 (4.132813 -8 -79.333298 ) (4.132813 -8 -64 ) (5.360402 -6.221534 -64 ) (5.360402 -6.221534 -79.333298 ) 
4 240 241 (32 -8 -79.333298 ) (4.132813 -8 -79.333298 ) (9.654829 0 -79.333298 ) (32 0 -79.333298 ) 
3 241 252 (9.870337 0 -144 ) (11.985487 0 -144 ) (9.418831 -3.745759 -144 ) 
3 241 251 (6.503754 -8 -144 ) (6.193622 -8 -144 ) (6.679929 -7.742891 -144 ) 
4 241 250 (192 0 -144 ) (192 -8 -144 ) (6.503754 -8 -144 ) (11.985487 0 -144 ) 
4 241 249 (4.135041 -8 -144 ) (192 -8 -144 ) (192 -8 -79.333298 ) (4.135040 -8 -79.333298 ) 
4 241 245 (9.654831 0 -144 ) (7.538935 -3.065395 -144 ) (7.538936 -3.065392 -79.333298 ) (9.654829 0 -79.333298 ) 
4 241 244 (5.360403 -6.221534 -144 ) (4.132813 -8 -144 ) (4.132813 -8 -79.333298 ) (5.360402 -6.221534 -79.333298 ) 
4 242 247 (4.135040 -8 -79.333298 ) (4.135040 -8 -64 ) (1.971828 -8 -64 ) (1.971828 -8 -79.333298 ) 
3 242 244 (5.360429 -6.221520 -79.333298 ) (4.132813 -8 -79.333298 ) (1.971827 -8 -79.333298 ) 
3 243 245 (7.911140 0 -79.333298 ) (9.654907 0 -79.333298 ) (7.538925 -3.065477 -79.333298 ) 
4 244 249 (1.971827 -8 -144 ) (4.135041 -8 -144 ) (4.135040 -8 -79.333298 ) (1.971828 -8 -79.333298 ) 
4 246 248 (32 -32 -79.333298 ) (32 -192 -79.333298 ) (32 -192 -64 ) (32 -32 -64 ) 
4 246 247 (32 -8 -64 ) (32 -8 -79.333298 ) (32 -32 -79.333298 ) (32 -32 -64 ) 
4 246 249 (32 -8 -79.333298 ) (192 -8 -79.333298 ) (192 -192 -79.333298 ) (32 -192 -79.333298 ) 
4 247 287 (0 -32 -64 ) (0 -8 -64 ) (0 -8 -79.333298 ) (0 -32 -79.333298 ) 
4 247 249 (0 -8 -79.333298 ) (32 -8 -79.333298 ) (32 -32 -79.333298 ) (0 -32 -79.333298 ) 
4 247 248 (0 -32 -79.333298 ) (32 -32 -79.333298 ) (32 -32 -64 ) (0 -32 -64 ) 
4 248 288 (0 -192 -79.333298 ) (0 -192 -64 ) (0 -32 -64 ) (0 -32 -79.333298 ) 
4 248 249 (32 -32 -79.333298 ) (32 -192 -79.333298 ) (0 -192 -79.333298 ) (0 -32 -79.333298 ) 
4 249 293 (0 -8 -144 ) (0 -192 -144 ) (0 -192 -79.333298 ) (0 -8 -79.333298 ) 
4 249 251 (5.133331 -10 -144 ) (2.410740 -10 -144 ) (6.193621 -8 -144 ) (6.503755 -8 -144 ) 
4 249 250 (192 -8 -144 ) (192 -10 -144 ) (5.133331 -10 -144 ) (6.503755 -8 -144 ) 
4 249 253 (192 -10 -144 ) (192 -192 -144 ) (0 -192 -144 ) (0 -10 -144 ) 
3 250 257 (12.800000 -1.542830 -288 ) (13.217010 -4.977058 -288 ) (10.627500 -7.271179 -288 ) 
3 250 256 (12.612658 0 -288 ) (18.834911 0 -288 ) (13.217010 -4.977058 -288 ) 
4 250 254 (18.834911 0 -288 ) (192 0 -288 ) (192 -10 -288 ) (7.547318 -10 -288 ) 
4 250 252 (11.987015 0 -288 ) (9.418510 -3.748416 -288 ) (9.418522 -3.748324 -144 ) (11.986935 0 -144 ) 
4 250 251 (6.682235 -7.741672 -288 ) (5.134774 -10 -288 ) (5.134770 -10 -144 ) (6.682201 -7.741689 -144 ) 
4 250 253 (5.133321 -10 -288 ) (192 -10 -288 ) (192 -10 -144 ) (5.133331 -10 -144 ) 
4 251 253 (2.410740 -10 -288 ) (5.133321 -10 -288 ) (5.133331 -10 -144 ) (2.410740 -10 -144 ) 
4 253 297 (0 -10 -288 ) (0 -192 -288 ) (0 -192 -144 ) (0 -10 -144 ) 
3 253 258 (6.041780 -11.333801 -288 ) (3.452266 -13.627925 -288 ) (0.093325 -12.800000 -288 ) 
3 253 255 (0 -16.686386 -288 ) (0 -12.776998 -288 ) (3.452266 -13.627925 -288 ) 
5 253 254 (192 -10 -288 ) (192 -192 -288 ) (0 -192 -288 ) (0 -16.686386 -288 ) (7.547320 -10 -288 ) 
4 254 300 (0 -16.686398 -414 ) (0 -34.802593 -414 ) (0 -34.802582 -288 ) (0 -16.686371 -288 ) 
4 254 299 (0 -34.802593 -414 ) (0 -192 -414 ) (0 -192 -288 ) (0 -34.802582 -288 ) 
5 254 259 (192 0 -414 ) (192 -192 -414 ) (0 -192 -414 ) (0 -16.686401 -414 ) (18.834923 0 -414 ) 
4 254 258 (6.038403 -11.334633 -414 ) (3.450359 -13.627455 -414 ) (3.449851 -13.627329 -288 ) (6.037515 -11.334852 -288 ) 
4 254 257 (13.216772 -4.975111 -414 ) (10.628737 -7.267924 -414 ) (10.629048 -7.267095 -288 ) (13.216714 -4.974617 -288 ) 
4 254 256 (18.832474 0 -414 ) (13.216772 -4.975111 -414 ) (13.216714 -4.974617 -288 ) (18.831879 0 -288 ) 
4 254 255 (3.450359 -13.627455 -414 ) (0 -16.684227 -414 ) (0 -16.683640 -288 ) (3.449851 -13.627329 -288 ) 
4 255 301 (0 -12.776998 -414 ) (0 -16.686398 -414 ) (0 -16.686371 -288 ) (0 -12.776998 -288 ) 
3 255 259 (0 -16.686401 -414 ) (0 -12.776997 -414 ) (3.452280 -13.627927 -414 ) 
4 255 258 (3.453142 -13.627934 -288 ) (3.453150 -13.627935 -414 ) (0 -12.776791 -414 ) (0 -12.777344 -288 ) 
3 256 259 (12.612656 0 -414 ) (18.834923 0 -414 ) (13.217010 -4.977071 -414 ) 
4 256 257 (12.800316 -1.542006 -414 ) (13.217100 -4.978182 -414 ) (13.217100 -4.978170 -288 ) (12.799966 -1.542920 -288 ) 
3 257 259 (12.799999 -1.542840 -414 ) (13.217010 -4.977071 -414 ) (10.627497 -7.271195 -414 ) 
3 258 259 (6.041800 -11.333796 -414 ) (3.452280 -13.627927 -414 ) (0.093327 -12.800000 -414 ) 
4 259 302 (0 0 -414 ) (0 0 -416 ) (0 -192 -416 ) (0 -192 -414 ) 
4 260 303 (0 0 -432 ) (0 0 -503.031006 ) (0 -192 -503.031006 ) (0 -192 -432 ) 
4 260 263 (0 -192 -432 ) (0 -192 -503.031006 ) (192 -192 -503.031006 ) (192 -192 -432 ) 
4 261 325 (1024 -1024 -432 ) (1024 -1024 -64 ) (208 -1024 -64 ) (208 -1024 -432 ) 
4 261 263 (1024 -1024 -432 ) (208 -1024 -432 ) (208 -192 -432 ) (1024 -192 -432 ) 
4 261 262 (208 -208 -432 ) (208 -1024 -432 ) (208 -1024 -64 ) (208 -208 -64 ) 
4 262 325 (208 -1024 -64 ) (0 -1024 -64 ) (0 -1024 -432 ) (208 -1024 -432 ) 
4 262 308 (0 -1024 -432 ) (0 -1024 -64 ) (0 -208 -64 ) (0 -208 -432 ) 
4 262 263 (208 -1024 -432 ) (0 -1024 -432 ) (0 -208 -432 ) (208 -208 -432 ) 
4 263 325 (1024 -1024 -503.031006 ) (1024 -1024 -432 ) (0 -1024 -432 ) (0 -1024 -503.031006 ) 
4 263 309 (0 -1024 -503.031006 ) (0 -1024 -432 ) (0 -192 -432 ) (0 -192 -503.031006 ) 
4 264 310 (-192 -192 800 ) (-192 -192 4071.030029 ) (-192 0 4071.030029 ) (-192 0 800 ) 
4 264 304 (-192 -192 4071.030029 ) (-192 -192 800 ) (0 -192 800 ) (0 -192 4071.030029 ) 
4 264 265 (0 -192 800 ) (-192 -192 800 ) (-192 0 800 ) (0 0 800 ) 
4 265 266 (0 -192 768 ) (-192 -192 768 ) (-192 0 768 ) (0 0 768 ) 
4 266 314 (-192 -192 152 ) (-192 -192 512 ) (-192 0 512 ) (-192 0 152 ) 
4 266 313 (-192 -192 512 ) (-192 -192 768 ) (-192 0 768 ) (-192 0 512 ) 
4 266 306 (-192 -192 768 ) (-192 -192 152 ) (0 -192 152 ) (0 -192 768 ) 
4 266 268 (-184 0 152 ) (-176 0 152 ) (-176 -176 152 ) (-184 -176 152 ) 
4 266 267 (-176 -184 152 ) (-176 0 152 ) (0 0 152 ) (0 -184 152 ) 
4 267 272 (-176 -25.599991 144 ) (-176 0 144 ) (0 0 144 ) (0 -25.600002 144 ) 
4 267 270 (-176 -184 144 ) (-176 -183 144 ) (0 -183 144 ) (0 -184 144 ) 
4 267 269 (-176 -183 144 ) (-176 -25.599991 144 ) (0 -25.600002 144 ) (0 -183 144 ) 
4 267 268 (-176 0 144 ) (-176 -176 144 ) (-176 -176 152 ) (-176 0 152 ) 
4 268 276 (-184 0 144 ) (-183 0 144 ) (-183 -176 144 ) (-184 -176 144 ) 
4 268 275 (-183 0 144 ) (-176 0 144 ) (-176 -176 144 ) (-183 -176 144 ) 
4 269 275 (-176 -12 8 ) (-176 -176 8 ) (-176 -176 144 ) (-176 -25.599991 144 ) 
4 269 273 (-12 -12 8 ) (-176 -12 8 ) (-176 -16 48 ) (-16 -16 48 ) 
4 269 272 (-176 -16 48 ) (-176 -25.599609 144 ) (0 -25.599611 144 ) (0 -16 48 ) 
4 269 271 (-176 -183 16 ) (-176 -183 8 ) (0 -183 8 ) (0 -183 16 ) 
4 269 270 (0 -183 144 ) (-176 -183 144 ) (-176 -183 16 ) (0 -183 16 ) 
4 270 274 (-176 -184 144 ) (-176 -184 16 ) (0 -184 16 ) (0 -184 144 ) 
4 270 271 (0 -184 16 ) (-176 -184 16 ) (-176 -183 16 ) (0 -183 16 ) 
4 272 275 (-176 -16 48 ) (-176 -25.599991 144 ) (-176 0 144 ) (-176 0 48 ) 
4 272 273 (-16 -15.998048 48 ) (-176 -15.998053 48 ) (-176 0 48 ) (-16 0 48 ) 
4 273 275 (-176 0 8 ) (-176 -12 8 ) (-176 -16 48 ) (-176 0 48 ) 
4 274 306 (0 -192 16 ) (0 -192 144 ) (-176 -192 144 ) (-176 -192 16 ) 
4 275 277 (-183 0 8 ) (-183 -176 8 ) (-183 -176 16 ) (-183 0 16 ) 
4 275 276 (-183 -176 16 ) (-183 -176 144 ) (-183 0 144 ) (-183 0 16 ) 
4 276 278 (-184 -176 16 ) (-184 -176 144 ) (-184 0 144 ) (-184 0 16 ) 
4 276 277 (-184 -176 16 ) (-184 0 16 ) (-183 0 16 ) (-183 -176 16 ) 
4 278 314 (-192 -176 144 ) (-192 0 144 ) (-192 0 16 ) (-192 -176 16 ) 
4 279 314 (-192 -8 0 ) (-192 0 0 ) (-192 0 -48 ) (-192 -8 -48 ) 
4 279 286 (-1.856201 -8 -64 ) (-1.856200 -8 0 ) (-192 -8 0 ) (-192 -8 -64 ) 
4 279 282 (-5.248167 -6.218353 -64 ) (-17.096262 0 -64 ) (-17.096497 0 0 ) (-5.248137 -6.218395 0 ) 
4 279 281 (-32 -8 -64 ) (-192 -8 -64 ) (-192 0 -64 ) (-32 0 -64 ) 
4 279 280 (-17.094391 0 -64 ) (-1.851563 -8 -64 ) (-32 -8 -64 ) (-32 0 -64 ) 
4 280 290 (-32 0 -79.333298 ) (-17.098892 0 -79.333298 ) (-1.856200 -8 -79.333298 ) (-32 -8 -79.333298 ) 
4 280 287 (-32 -8 -79.333298 ) (-1.856201 -8 -79.333298 ) (-1.856201 -8 -64 ) (-32 -8 -64 ) 
4 280 283 (-5.248174 -6.218343 -79.333298 ) (-17.096205 0 -79.333298 ) (-17.096262 0 -64 ) (-5.248167 -6.218353 -64 ) 
4 280 281 (-32 -8 -79.333298 ) (-32 -8 -64 ) (-32 0 -64 ) (-32 0 -79.333298 ) 
4 281 290 (-192 -8 -79.333298 ) (-192 0 -79.333298 ) (-32 0 -79.333298 ) (-32 -8 -79.333298 ) 
4 281 289 (-192 -8 -79.333298 ) (-32 -8 -79.333298 ) (-32 -8 -64 ) (-192 -8 -64 ) 
4 282 284 (-7.421609 -3.070889 -64 ) (-9.541297 0 -64 ) (-9.541306 0 0 ) (-7.421607 -3.070897 0 ) 
3 282 283 (-9.535843 0 -64 ) (-5.246094 -6.214844 -64 ) (-17.087460 0 -64 ) 
3 283 291 (-17.098892 0 -79.333298 ) (-9.540398 0 -79.333298 ) (-5.246649 -6.220551 -79.333298 ) 
4 283 285 (-7.421609 -3.070888 -79.333298 ) (-9.541295 0 -79.333298 ) (-9.541297 0 -64 ) (-7.421608 -3.070889 -64 ) 
3 284 285 (-7.792740 0 -64 ) (-7.420410 -3.066406 -64 ) (-9.537004 0 -64 ) 
3 285 292 (-9.540398 0 -79.333298 ) (-7.794481 0 -79.333298 ) (-7.421801 -3.069309 -79.333298 ) 
4 286 314 (-192 -192 -48 ) (-192 -192 0 ) (-192 -8 0 ) (-192 -8 -48 ) 
4 286 306 (-192 -192 0 ) (-192 -192 -48 ) (0 -192 -48 ) (0 -192 0 ) 
4 286 288 (0 -192 -64 ) (-32 -192 -64 ) (-32 -32 -64 ) (0 -32 -64 ) 
4 286 287 (-32 -32 -64 ) (-32 -8 -64 ) (0 -8 -64 ) (0 -32 -64 ) 
4 286 289 (-32 -192 -64 ) (-192 -192 -64 ) (-192 -8 -64 ) (-32 -8 -64 ) 
4 287 293 (-32 -32 -79.333298 ) (-32 -8 -79.333298 ) (0 -8 -79.333298 ) (0 -32 -79.333298 ) 
4 287 289 (-32 -32 -64 ) (-32 -8 -64 ) (-32 -8 -79.333298 ) (-32 -32 -79.333298 ) 
4 287 288 (-32 -32 -64 ) (-32 -32 -79.333298 ) (0 -32 -79.333298 ) (0 -32 -64 ) 
4 288 293 (0 -192 -79.333298 ) (-32 -192 -79.333298 ) (-32 -32 -79.333298 ) (0 -32 -79.333298 ) 
4 288 289 (-32 -192 -64 ) (-32 -32 -64 ) (-32 -32 -79.333298 ) (-32 -192 -79.333298 ) 
4 289 293 (-32 -192 -79.333298 ) (-192 -192 -79.333298 ) (-192 -8 -79.333298 ) (-32 -8 -79.333298 ) 
4 290 295 (-21.325241 0 -144 ) (-17.098892 0 -144 ) (-9.113827 -4.190895 -144 ) (-6.679930 -7.742900 -144 ) 
4 290 294 (-192 -8 -144 ) (-192 0 -144 ) (-21.325241 0 -144 ) (-6.193639 -8 -144 ) 
4 290 291 (-5.248172 -6.218345 -144 ) (-17.096207 0 -144 ) (-17.096497 0 -79.333298 ) (-5.248137 -6.218396 -79.333298 ) 
4 290 293 (-192 -8 -144 ) (-1.856201 -8 -144 ) (-1.856200 -8 -79.333298 ) (-192 -8 -79.333298 ) 
3 291 296 (-11.985502 0 -144 ) (-9.870339 0 -144 ) (-9.418840 -3.745761 -144 ) 
3 291 295 (-17.098892 0 -144 ) (-11.985502 0 -144 ) (-9.113827 -4.190895 -144 ) 
4 291 292 (-7.421609 -3.070888 -144 ) (-9.541295 0 -144 ) (-9.541306 0 -79.333298 ) (-7.421607 -3.070897 -79.333298 ) 
4 293 294 (-192 -10 -144 ) (-192 -8 -144 ) (-6.193634 -8 -144 ) (-2.410740 -10 -144 ) 
4 293 297 (0 -192 -144 ) (-192 -192 -144 ) (-192 -10 -144 ) (0 -10 -144 ) 
3 294 300 (-7.360693 -10 -288 ) (-9.406033 -10 -288 ) (-10.440901 -7.271180 -288 ) 
4 294 299 (-12.962770 -4.421196 -288 ) (-11.160328 -5.374138 -288 ) (-9.406033 -10 -288 ) (-13.640098 -10 -288 ) 
5 294 298 (-192 -10 -288 ) (-192 0 -288 ) (-21.325241 0 -288 ) (-12.962770 -4.421196 -288 ) (-13.640098 -10 -288 ) 
4 294 295 (-6.678043 -7.745654 -288 ) (-21.328556 0 -288 ) (-21.328690 0 -144 ) (-6.678025 -7.745680 -144 ) 
4 294 297 (-192 -10 -288 ) (-2.410736 -10 -288 ) (-2.410740 -10 -144 ) (-192 -10 -144 ) 
3 295 299 (-11.160328 -5.374137 -288 ) (-12.962769 -4.421196 -288 ) (-12.613301 -1.542820 -288 ) 
3 295 298 (-21.325241 0 -288 ) (-12.425985 0 -288 ) (-12.962769 -4.421196 -288 ) 
4 295 296 (-9.418997 -3.744465 -288 ) (-11.984770 0 -288 ) (-11.984726 0 -144 ) (-9.419002 -3.744425 -144 ) 
3 297 301 (0 -12.776998 -288 ) (0 -16.520992 -288 ) (-5.855140 -11.333801 -288 ) 
4 297 300 (-9.406033 -10 -288 ) (-7.360693 -10 -288 ) (0 -16.520992 -288 ) (0 -34.802582 -288 ) 
5 297 299 (0 -192 -288 ) (-35.736954 -192 -288 ) (-13.640106 -10 -288 ) (-9.406033 -10 -288 ) (0 -34.802582 -288 ) 
4 297 298 (-35.736954 -192 -288 ) (-192 -192 -288 ) (-192 -10 -288 ) (-13.640106 -10 -288 ) 
4 298 302 (-35.736954 -192 -414 ) (-192 -192 -414 ) (-192 0 -414 ) (-12.425980 0 -414 ) 
4 298 299 (-35.737305 -192 -414 ) (-12.613567 -1.542130 -414 ) (-12.613147 -1.543225 -288 ) (-35.736816 -192 -288 ) 
4 299 302 (0 -192 -414 ) (-35.736954 -192 -414 ) (-12.613298 -1.542847 -414 ) (0 -34.802593 -414 ) 
4 299 300 (0 -34.800934 -414 ) (-10.439878 -7.272087 -414 ) (-10.439856 -7.272105 -288 ) (0 -34.800755 -288 ) 
3 300 302 (0 -16.520990 -414 ) (0 -34.802593 -414 ) (-10.440911 -7.271170 -414 ) 
4 300 301 (0 -16.523605 -414 ) (-5.859306 -11.332773 -414 ) (-5.859367 -11.332759 -288 ) (0 -16.523693 -288 ) 
3 301 302 (0 -12.776998 -414 ) (0 -16.520990 -414 ) (-5.855139 -11.333801 -414 ) 
4 303 318 (-192 -192 -503.031006 ) (-192 -192 -432 ) (-192 0 -432 ) (-192 0 -503.031006 ) 
4 303 309 (-192 -192 -432 ) (-192 -192 -503.031006 ) (0 -192 -503.031006 ) (0 -192 -432 ) 
4 304 310 (-192 -544 4071.030029 ) (-192 -192 4071.030029 ) (-192 -192 800 ) (-192 -544 800 ) 
4 304 305 (0 -544 800 ) (0 -544 4071.030029 ) (-192 -544 4071.030029 ) (-192 -544 800 ) 
4 305 326 (0 -1024 768 ) (0 -1024 4071.030029 ) (-192 -1024 4071.030029 ) (-192 -1024 768 ) 
4 305 311 (-192 -1024 768 ) (-192 -1024 800 ) (-192 -544 800 ) (-192 -544 768 ) 
4 305 310 (-192 -1024 800 ) (-192 -1024 4071.030029 ) (-192 -544 4071.030029 ) (-192 -544 800 ) 
4 305 307 (0 -1024 768 ) (-192 -1024 768 ) (-192 -544 768 ) (0 -544 768 ) 
4 306 314 (-192 -192 512 ) (-192 -192 -48 ) (-192 -512 -48 ) (-192 -512 512 ) 
4 306 313 (-192 -512 768 ) (-192 -192 768 ) (-192 -192 512 ) (-192 -512 512 ) 
4 307 326 (0 -1024 -64 ) (0 -1024 768 ) (-192 -1024 768 ) (-192 -1024 -64 ) 
4 307 315 (-192 -1024 -64 ) (-192 -1024 768 ) (-192 -544 768 ) (-192 -544 -64 ) 
4 307 308 (-192 -1024 -64 ) (-192 -544 -64 ) (0 -544 -64 ) (0 -1024 -64 ) 
4 308 326 (0 -1024 -432 ) (0 -1024 -64 ) (-192 -1024 -64 ) (-192 -1024 -432 ) 
4 308 319 (-192 -1024 -432 ) (-192 -1024 -64 ) (-192 -208 -64 ) (-192 -208 -432 ) 
4 308 309 (0 -1024 -432 ) (-192 -1024 -432 ) (-192 -208 -432 ) (0 -208 -432 ) 
4 309 326 (0 -1024 -503.031006 ) (0 -1024 -432 ) (-192 -1024 -432 ) (-192 -1024 -503.031006 ) 
4 309 318 (-192 -208 -432 ) (-192 -192 -432 ) (-192 -192 -503.031006 ) (-192 -208 -503.031006 ) 
4 309 319 (-192 -1024 -503.031006 ) (-192 -1024 -432 ) (-192 -208 -432 ) (-192 -208 -503.031006 ) 
4 310 326 (-192 -1024 800 ) (-192 -1024 4071.030029 ) (-1024 -1024 4071.030029 ) (-1024 -1024 800 ) 
4 310 322 (-1024 -1024 800 ) (-1024 -1024 4071.030029 ) (-1024 0 4071.030029 ) (-1024 0 800 ) 
4 310 311 (-192 -544 800 ) (-192 -1024 800 ) (-544 -1024 800 ) (-544 -544 800 ) 
4 310 312 (-1024 -1024 800 ) (-1024 0 800 ) (-544 0 800 ) (-544 -1024 800 ) 
4 311 326 (-192 -1024 768 ) (-192 -1024 800 ) (-544 -1024 800 ) (-544 -1024 768 ) 
4 311 316 (-512 -1024 768 ) (-544 -1024 768 ) (-544 -544 768 ) (-512 -544 768 ) 
4 311 315 (-192 -544 768 ) (-192 -1024 768 ) (-512 -1024 768 ) (-512 -544 768 ) 
4 311 312 (-544 -544 768 ) (-544 -1024 768 ) (-544 -1024 800 ) (-544 -544 800 ) 
4 312 326 (-544 -1024 800 ) (-1024 -1024 800 ) (-1024 -1024 768 ) (-544 -1024 768 ) 
4 312 322 (-1024 -1024 768 ) (-1024 -1024 800 ) (-1024 0 800 ) (-1024 0 768 ) 
4 312 317 (-544 -1024 768 ) (-1024 -1024 768 ) (-1024 0 768 ) (-544 0 768 ) 
4 313 314 (-192 -512 512 ) (-320 -512 512 ) (-320 0 512 ) (-192 0 512 ) 
4 315 326 (-192 -1024 -64 ) (-192 -1024 768 ) (-512 -1024 768 ) (-512 -1024 -64 ) 
4 315 319 (-192 -544 -64 ) (-192 -1024 -64 ) (-208 -1024 -64 ) (-208 -544 -64 ) 
4 315 320 (-208 -1024 -64 ) (-512 -1024 -64 ) (-512 -544 -64 ) (-208 -544 -64 ) 
4 315 316 (-512 -544 -64 ) (-512 -1024 -64 ) (-512 -1024 768 ) (-512 -544 768 ) 
4 316 326 (-512 -1024 768 ) (-544 -1024 768 ) (-544 -1024 -64 ) (-512 -1024 -64 ) 
4 316 320 (-512 -544 -64 ) (-512 -1024 -64 ) (-544 -1024 -64 ) (-544 -544 -64 ) 
4 316 317 (-544 -544 -64 ) (-544 -1024 -64 ) (-544 -1024 768 ) (-544 -544 768 ) 
4 317 326 (-544 -1024 768 ) (-1024 -1024 768 ) (-1024 -1024 -64 ) (-544 -1024 -64 ) 
4 317 322 (-1024 -1024 -64 ) (-1024 -1024 768 ) (-1024 0 768 ) (-1024 0 -64 ) 
4 317 320 (-1024 -1024 -64 ) (-1024 0 -64 ) (-544 0 -64 ) (-544 -1024 -64 ) 
4 318 319 (-208 -208 -432 ) (-208 -208 -503.031006 ) (-192 -208 -503.031006 ) (-192 -208 -432 ) 
4 318 320 (-208 0 -503.031006 ) (-208 -208 -503.031006 ) (-208 -208 -432 ) (-208 0 -432 ) 
4 319 326 (-192 -1024 -503.031006 ) (-192 -1024 -64 ) (-208 -1024 -64 ) (-208 -1024 -503.031006 ) 
4 319 320 (-208 -208 -503.031006 ) (-208 -1024 -503.031006 ) (-208 -1024 -64 ) (-208 -208 -64 ) 
4 320 326 (-208 -1024 -64 ) (-1024 -1024 -64 ) (-1024 -1024 -503.031006 ) (-208 -1024 -503.031006 ) 
4 320 322 (-1024 -1024 -503.031006 ) (-1024 -1024 -64 ) (-1024 0 -64 ) (-1024 0 -503.031006 ) 
4 321 323 (-2048 0 -503.031006 ) (-2048 0 4071.030029 ) (-2048 1024 4071.030029 ) (-2048 1024 -503.031006 ) 
4 321 322 (-1024 0 -503.031006 ) (-1024 0 4071.030029 ) (-2048 0 4071.030029 ) (-2048 0 -503.031006 ) 
4 322 329 (-1024 -1024 -503.031006 ) (-1024 -1024 4071.030029 ) (-2048 -1024 4071.030029 ) (-2048 -1024 -503.031006 ) 
4 322 324 (-2048 -1024 -503.031006 ) (-2048 -1024 4071.030029 ) (-2048 0 4071.030029 ) (-2048 0 -503.031006 ) 
4 323 324 (-2048 0 -503.031006 ) (-2048 0 4071.030029 ) (-3060 0 4071.030029 ) (-3060 0 -503.031006 ) 
4 324 330 (-2048 -1024 -503.031006 ) (-2048 -1024 4071.030029 ) (-3060 -1024 4071.030029 ) (-3060 -1024 -503.031006 ) 
4 325 327 (1024 -2048 -503.031006 ) (1024 -2048 4071.030029 ) (0 -2048 4071.030029 ) (0 -2048 -503.031006 ) 
4 325 326 (0 -1024 4071.030029 ) (0 -1024 -503.031006 ) (0 -2048 -503.031006 ) (0 -2048 4071.030029 ) 
4 326 329 (-1024 -1024 4071.030029 ) (-1024 -1024 -503.031006 ) (-1024 -2048 -503.031006 ) (-1024 -2048 4071.030029 ) 
4 326 328 (0 -2048 -503.031006 ) (0 -2048 4071.030029 ) (-1024 -2048 4071.030029 ) (-1024 -2048 -503.031006 ) 
4 327 328 (0 -3060 4071.030029 ) (0 -2048 4071.030029 ) (0 -2048 -503.031006 ) (0 -3060 -503.031006 ) 
4 328 331 (-1024 -3060 4071.030029 ) (-1024 -2048 4071.030029 ) (-1024 -2048 -503.031006 ) (-1024 -3060 -503.031006 ) 
4 329 331 (-1024 -2048 -503.031006 ) (-1024 -2048 4071.030029 ) (-2048 -2048 4071.030029 ) (-2048 -2048 -503.031006 ) 
4 329 330 (-2048 -1024 4071.030029 ) (-2048 -1024 -503.031006 ) (-2048 -2048 -503.031006 ) (-2048 -2048 4071.030029 ) 
4 330 332 (-2048 -2048 -503.031006 ) (-2048 -2048 4071.030029 ) (-3060 -2048 4071.030029 ) (-3060 -2048 -503.031006 ) 
4 331 332 (-2048 -2048 4071.030029 ) (-2048 -2048 -503.031006 ) (-2048 -3060 -503.031006 ) (-2048 -3060 4071.030029 ) 
