PRT1
22
51
5 0 11 (1022 0 2046 ) (0 0 2046 ) (0 0 192 ) (570 0 2 ) (1022 0 2 ) 
4 0 9 (0 0 192 ) (0 0 320 ) (0 1022 320 ) (0 1022 192 ) 
4 0 8 (0 0 320 ) (0 0 2046 ) (0 1022 2046 ) (0 1022 320 ) 
4 0 5 (0 1022 192.002563 ) (48 1022 176.002884 ) (48 0 176.002899 ) (0 0 192.002579 ) 
4 0 1 (48 1022 176.002884 ) (570.007813 1022 2 ) (570.007751 0 2 ) (48 0 176.002899 ) 
3 1 12 (106 0 2 ) (570 0 2 ) (48 0 176 ) 
4 1 5 (48 0 176.001953 ) (48 1022 176.001984 ) (64 1022 128 ) (64 0 128 ) 
4 1 2 (64 1022 128 ) (106 1022 2 ) (106 0 2 ) (64 0 128 ) 
3 2 13 (22 0 2 ) (106 0 2 ) (64 0 128 ) 
4 2 5 (63.998047 0 127.998047 ) (63.998047 1022 127.998077 ) (47.998528 1022 80 ) (47.998543 0 80 ) 
4 2 4 (47.998528 1022 80 ) (38.398823 1022 51.200394 ) (38.398838 0 51.200390 ) (47.998543 0 80 ) 
4 2 3 (38.398823 1022 51.200394 ) (21.998692 1022 2 ) (21.998713 0 2 ) (38.398838 0 51.200390 ) 
4 3 14 (0 0 64 ) (0 0 2 ) (22 0 2 ) (38.400002 0 51.200001 ) 
4 3 6 (0 0 2 ) (0 0 64 ) (0 1022 64 ) (0 1022 2 ) 
4 3 4 (38.400391 0 51.199219 ) (38.400360 1022 51.199219 ) (0 1022 64 ) (0 0 64 ) 
3 4 15 (0 0 64 ) (38.400002 0 51.200001 ) (48 0 80 ) 
4 4 5 (-0.003906 1022 63.998047 ) (-0.003906 0 63.998047 ) (48 0 80 ) (48 1022 80 ) 
5 5 16 (0 0 192 ) (0 0 64 ) (48 0 80 ) (64 0 128 ) (48 0 176 ) 
4 5 10 (0 0 64 ) (0 0 192 ) (0 1022 192 ) (0 1022 64 ) 
4 6 17 (0 0 2 ) (0 0 64 ) (-1022 0 404.666748 ) (-1022 0 2 ) 
4 6 10 (0 1022 63.998798 ) (-48 1022 79.998672 ) (-48 0 79.998688 ) (0 0 63.998806 ) 
4 6 7 (-48 1022 79.998672 ) (-1022 1022 404.666016 ) (-1022 0 404.666016 ) (-48 0 79.998688 ) 
4 7 18 (-703.333313 0 2046 ) (-1022 0 2046 ) (-1022 0 404.666748 ) (-48 0 80 ) 
4 7 10 (-48 0 80.001953 ) (-48 1022 80.001923 ) (-64 1022 128.002457 ) (-64 0 128.002441 ) 
4 7 8 (-64 1022 128.002457 ) (-703.331665 1022 2046 ) (-703.331665 0 2046 ) (-64 0 128.002441 ) 
4 8 19 (0 0 320 ) (0 0 2046 ) (-703.333313 0 2046 ) (-64 0 128 ) 
4 8 10 (-64 0 128.001953 ) (-64 1022 128.001984 ) (-48 1022 176 ) (-48 0 176 ) 
4 8 9 (-48 1022 176 ) (0 1022 320.002014 ) (0 0 320.001984 ) (-48 0 176 ) 
3 9 20 (0 0 192 ) (0 0 320 ) (-48 0 176 ) 
4 9 10 (-47.998047 0 176.001953 ) (-47.998016 1022 176.001953 ) (0 1022 192.001297 ) (0 0 192.001343 ) 
5 10 21 (0 0 64 ) (0 0 192 ) (-48 0 176 ) (-64 0 128 ) (-48 0 80 ) 
4 11 20 (0 0 320 ) (0 0 192 ) (0 -1022 192 ) (0 -1022 320 ) 
4 11 19 (0 0 2046 ) (0 0 320 ) (0 -1022 320 ) (0 -1022 2046 ) 
4 11 16 (48 -1022 176 ) (0 -1022 192 ) (0 0 192 ) (48 0 176 ) 
4 11 12 (570.001953 -1022 2 ) (48 -1022 176 ) (48 0 176 ) (570.002014 0 2 ) 
4 12 16 (64 -1022 128 ) (48 -1022 176.001923 ) (48 0 176.001953 ) (64 0 128 ) 
4 12 13 (106 0 2 ) (106 -1022 2 ) (64 -1022 128 ) (64 0 128 ) 
4 13 16 (48 -1022 80 ) (63.998047 -1022 127.998016 ) (63.998047 0 127.998047 ) (48 0 80 ) 
4 13 15 (38.399548 -1022 51.200157 ) (48 -1022 80 ) (48 0 80 ) (38.399529 0 51.200157 ) 
4 13 14 (22 0 2 ) (22 -1022 2 ) (38.399548 -1022 51.200157 ) (38.399529 0 51.200157 ) 
4 14 17 (0 0 64 ) (0 0 2 ) (0 -1022 2 ) (0 -1022 64 ) 
4 14 15 (0 0 64 ) (0 -1022 64 ) (38.400421 -1022 51.199219 ) (38.400391 0 51.199219 ) 
4 15 16 (-0.003906 0 63.998047 ) (-0.003906 -1022 63.998047 ) (48 -1022 80 ) (48 0 80 ) 
4 16 21 (0 0 192 ) (0 0 64 ) (0 -1022 64 ) (0 -1022 192 ) 
4 17 21 (-48 -1022 80 ) (0 -1022 64 ) (0 0 64 ) (-48 0 80 ) 
4 17 18 (-1022 0 404.666016 ) (-1022 -1022 404.666016 ) (-48 -1022 80 ) (-48 0 80 ) 
4 18 21 (-64 -1022 128.002441 ) (-48 -1022 80.001984 ) (-48 0 80.001953 ) (-64 0 128.002441 ) 
4 18 19 (-703.331909 -1022 2046 ) (-64 -1022 128.002441 ) (-64 0 128.002441 ) (-703.331909 0 2046 ) 
4 19 21 (-48 -1022 176 ) (-64 -1022 128.001923 ) (-64 0 128.001953 ) (-48 0 176 ) 
4 19 20 (0 -1022 320.002075 ) (-48 -1022 176 ) (-48 0 176 ) (0 0 320.002106 ) 
4 20 21 (0 -1022 192.001343 ) (-47.998077 -1022 176.001953 ) (-47.998047 0 176.001953 ) (0 0 192.001297 ) 
