PRT1
44
108
4 0 10 (1024 1024 0 ) (1024 1024 -1022 ) (1088 1024 -1022 ) (1088 1024 0 ) 
4 0 9 (1088 1024 1534 ) (1024 1024 1534 ) (1024 1024 1024 ) (1088 1024 1024 ) 
4 0 8 (1534 1024 1534 ) (1088 1024 1534 ) (1088 1024 -1022 ) (1534 1024 -1022 ) 
4 0 3 (1024 1024 -1022 ) (1024 1024 0 ) (1024 1088 0 ) (1024 1088 -1022 ) 
4 0 2 (1024 1024 1024 ) (1024 1024 1534 ) (1024 1088 1534 ) (1024 1088 1024 ) 
4 0 1 (1024 1088 1534 ) (1024 2046 1534 ) (1024 2046 -1022 ) (1024 1088 -1022 ) 
4 1 4 (0 1088 1534 ) (0 2046 1534 ) (0 2046 -1022 ) (0 1088 -1022 ) 
4 1 3 (0 1088 -1022 ) (1024 1088 -1022 ) (1024 1088 0 ) (0 1088 0 ) 
4 1 2 (1024 1088 1024 ) (1024 1088 1534 ) (0 1088 1534 ) (0 1088 1024 ) 
4 2 12 (32 1024 1534 ) (0 1024 1534 ) (0 1024 1024 ) (32 1024 1024 ) 
4 2 11 (1024 1024 1024 ) (1024 1024 1534 ) (32 1024 1534 ) (32 1024 1024 ) 
4 2 5 (0 1024 1024 ) (0 1024 1534 ) (0 1088 1534 ) (0 1088 1024 ) 
4 3 16 (192 1024 0 ) (0 1024 0 ) (0 1024 -1022 ) (192 1024 -1022 ) 
4 3 15 (1024 1024 -1022 ) (1024 1024 0 ) (192 1024 0 ) (192 1024 -1022 ) 
4 3 6 (0 1024 -1022 ) (0 1024 0 ) (0 1088 0 ) (0 1088 -1022 ) 
4 4 7 (-1024 1088 1534 ) (-1024 2046 1534 ) (-1024 2046 -1022 ) (-1024 1088 -1022 ) 
4 4 6 (-1024 1088 -1022 ) (0 1088 -1022 ) (0 1088 0 ) (-1024 1088 0 ) 
4 4 5 (0 1088 1024 ) (0 1088 1534 ) (-1024 1088 1534 ) (-1024 1088 1024 ) 
4 5 26 (0 1024 1024 ) (0 1024 1534 ) (-32 1024 1534 ) (-32 1024 1024 ) 
4 5 29 (-32 1024 1534 ) (-1024 1024 1534 ) (-1024 1024 1024 ) (-32 1024 1024 ) 
4 5 7 (-1024 1024 1024 ) (-1024 1024 1534 ) (-1024 1088 1534 ) (-1024 1088 1024 ) 
4 6 30 (0 1024 -1022 ) (0 1024 0 ) (-192 1024 0 ) (-192 1024 -1022 ) 
4 6 32 (-192 1024 0 ) (-1024 1024 0 ) (-1024 1024 -1022 ) (-192 1024 -1022 ) 
4 6 7 (-1024 1024 -1022 ) (-1024 1024 0 ) (-1024 1088 0 ) (-1024 1088 -1022 ) 
4 7 36 (-1088 1024 1534 ) (-1534 1024 1534 ) (-1534 1024 -1022 ) (-1088 1024 -1022 ) 
4 7 35 (-1024 1024 -1022 ) (-1024 1024 0 ) (-1088 1024 0 ) (-1088 1024 -1022 ) 
4 7 34 (-1024 1024 1024 ) (-1024 1024 1534 ) (-1088 1024 1534 ) (-1088 1024 1024 ) 
4 8 18 (1534 0 1534 ) (1088 0 1534 ) (1088 0 -1022 ) (1534 0 -1022 ) 
4 8 10 (1088 1024 -1022 ) (1088 0 -1022 ) (1088 0 0 ) (1088 1024 0 ) 
4 8 9 (1088 0 1024 ) (1088 0 1534 ) (1088 1024 1534 ) (1088 1024 1024 ) 
4 9 19 (1088 0 1534 ) (1024 0 1534 ) (1024 0 1024 ) (1088 0 1024 ) 
4 9 11 (1024 1024 1534 ) (1024 1024 1024 ) (1024 0 1024 ) (1024 0 1534 ) 
4 10 20 (1024 0 0 ) (1024 0 -1022 ) (1088 0 -1022 ) (1088 0 0 ) 
4 10 15 (1024 1024 0 ) (1024 1024 -1022 ) (1024 0 -1022 ) (1024 0 0 ) 
4 11 21 (1024 0 576 ) (1024 0 1534 ) (32 0 1534 ) (32 0 576 ) 
4 11 17 (192 640 576 ) (192 0 576 ) (32 0 576 ) (32 640 576 ) 
4 11 15 (192 1024 576 ) (1024 1024 576 ) (1024 0 576 ) (192 0 576 ) 
4 11 13 (32 656 584 ) (32 656 1534 ) (32 720 1534 ) (32 720 584 ) 
4 11 12 (32 1024 576 ) (32 720 576 ) (32 720 1534 ) (32 1024 1534 ) 
4 11 14 (32 656 576 ) (32 0 576 ) (32 0 1534 ) (32 656 1534 ) 
4 12 26 (0 1024 1534 ) (0 1024 576 ) (0 720 576 ) (0 720 1534 ) 
4 12 13 (32 720 584 ) (32 720 1534 ) (0 720 1534 ) (0 720 584 ) 
4 13 27 (0 656 584 ) (0 656 1534 ) (0 720 1534 ) (0 720 584 ) 
4 13 14 (32 656 584 ) (32 656 1534 ) (0 656 1534 ) (0 656 584 ) 
4 14 28 (0 656 576 ) (0 0 576 ) (0 0 1534 ) (0 656 1534 ) 
4 14 21 (32 0 1534 ) (0 0 1534 ) (0 0 576 ) (32 0 576 ) 
4 14 17 (32 640 576 ) (32 0 576 ) (0 0 576 ) (0 640 576 ) 
4 15 21 (1024 0 -1022 ) (1024 0 576 ) (192 0 576 ) (192 0 -1022 ) 
4 15 16 (192 1024 -1022 ) (192 640 -1022 ) (192 640 512 ) (192 1024 512 ) 
4 15 17 (192 640 -1022 ) (192 0 -1022 ) (192 0 576 ) (192 640 576 ) 
4 16 30 (0 1024 512 ) (0 1024 -1022 ) (0 640 -1022 ) (0 640 512 ) 
4 16 17 (0 640 -1022 ) (192 640 -1022 ) (192 640 512 ) (0 640 512 ) 
4 17 31 (0 640 -1022 ) (0 0 -1022 ) (0 0 576 ) (0 640 576 ) 
4 17 21 (192 0 576 ) (0 0 576 ) (0 0 -1022 ) (192 0 -1022 ) 
4 18 22 (1534 -1024 1534 ) (1088 -1024 1534 ) (1088 -1024 -1022 ) (1534 -1024 -1022 ) 
4 18 20 (1088 0 -1022 ) (1088 -1024 -1022 ) (1088 -1024 0 ) (1088 0 0 ) 
4 18 19 (1088 -1024 1024 ) (1088 -1024 1534 ) (1088 0 1534 ) (1088 0 1024 ) 
4 19 22 (1088 -1024 1534 ) (1024 -1024 1534 ) (1024 -1024 1024 ) (1088 -1024 1024 ) 
4 19 21 (1024 0 1534 ) (1024 0 1024 ) (1024 -1024 1024 ) (1024 -1024 1534 ) 
4 20 22 (1024 -1024 0 ) (1024 -1024 -1022 ) (1088 -1024 -1022 ) (1088 -1024 0 ) 
4 20 21 (1024 0 0 ) (1024 0 -1022 ) (1024 -1024 -1022 ) (1024 -1024 0 ) 
4 21 33 (0 -1024 -1022 ) (0 -1024 1534 ) (0 0 1534 ) (0 0 -1022 ) 
4 21 24 (1024 -1024 -1022 ) (1024 -1024 0 ) (0 -1024 0 ) (0 -1024 -1022 ) 
4 21 23 (1024 -1024 1024 ) (1024 -1024 1534 ) (0 -1024 1534 ) (0 -1024 1024 ) 
4 22 25 (1024 -1088 -1022 ) (1024 -1534 -1022 ) (1024 -1534 1534 ) (1024 -1088 1534 ) 
4 22 24 (1024 -1024 0 ) (1024 -1024 -1022 ) (1024 -1088 -1022 ) (1024 -1088 0 ) 
4 22 23 (1024 -1024 1534 ) (1024 -1024 1024 ) (1024 -1088 1024 ) (1024 -1088 1534 ) 
4 23 40 (0 -1088 1534 ) (0 -1024 1534 ) (0 -1024 1024 ) (0 -1088 1024 ) 
4 23 25 (1024 -1088 1024 ) (1024 -1088 1534 ) (0 -1088 1534 ) (0 -1088 1024 ) 
4 24 41 (0 -1024 0 ) (0 -1024 -1022 ) (0 -1088 -1022 ) (0 -1088 0 ) 
4 24 25 (0 -1088 -1022 ) (1024 -1088 -1022 ) (1024 -1088 0 ) (0 -1088 0 ) 
4 25 42 (0 -1534 1534 ) (0 -1088 1534 ) (0 -1088 -1022 ) (0 -1534 -1022 ) 
4 26 27 (-32 720 1534 ) (-32 720 584 ) (0 720 584 ) (0 720 1534 ) 
4 26 29 (-32 1024 576 ) (-32 720 576 ) (-32 720 1534 ) (-32 1024 1534 ) 
4 27 29 (-32 656 584 ) (-32 656 1534 ) (-32 720 1534 ) (-32 720 584 ) 
4 27 28 (-32 656 1534 ) (-32 656 584 ) (0 656 584 ) (0 656 1534 ) 
4 28 33 (0 0 576 ) (0 0 1534 ) (-32 0 1534 ) (-32 0 576 ) 
4 28 31 (0 640 576 ) (0 0 576 ) (-32 0 576 ) (-32 640 576 ) 
4 28 29 (-32 656 576 ) (-32 0 576 ) (-32 0 1534 ) (-32 656 1534 ) 
4 29 34 (-1024 1024 1534 ) (-1024 1024 1024 ) (-1024 0 1024 ) (-1024 0 1534 ) 
4 29 33 (-32 0 1534 ) (-1024 0 1534 ) (-1024 0 576 ) (-32 0 576 ) 
4 29 31 (-32 640 576 ) (-32 0 576 ) (-192 0 576 ) (-192 640 576 ) 
4 29 32 (-1024 0 576 ) (-1024 1024 576 ) (-192 1024 576 ) (-192 0 576 ) 
4 30 31 (-192 640 512 ) (-192 640 -1022 ) (0 640 -1022 ) (0 640 512 ) 
4 30 32 (-192 1024 -1022 ) (-192 640 -1022 ) (-192 640 512 ) (-192 1024 512 ) 
4 31 33 (0 0 -1022 ) (0 0 576 ) (-192 0 576 ) (-192 0 -1022 ) 
4 31 32 (-192 640 -1022 ) (-192 0 -1022 ) (-192 0 576 ) (-192 640 576 ) 
4 32 35 (-1024 1024 0 ) (-1024 1024 -1022 ) (-1024 0 -1022 ) (-1024 0 0 ) 
4 32 33 (-192 0 576 ) (-1024 0 576 ) (-1024 0 -1022 ) (-192 0 -1022 ) 
4 33 41 (0 -1024 -1022 ) (0 -1024 0 ) (-1024 -1024 0 ) (-1024 -1024 -1022 ) 
4 33 40 (0 -1024 1024 ) (0 -1024 1534 ) (-1024 -1024 1534 ) (-1024 -1024 1024 ) 
4 33 38 (-1024 -1024 -1022 ) (-1024 -1024 0 ) (-1024 0 0 ) (-1024 0 -1022 ) 
4 33 37 (-1024 -1024 1024 ) (-1024 -1024 1534 ) (-1024 0 1534 ) (-1024 0 1024 ) 
4 34 37 (-1024 0 1024 ) (-1024 0 1534 ) (-1088 0 1534 ) (-1088 0 1024 ) 
4 34 36 (-1088 0 1024 ) (-1088 0 1534 ) (-1088 1024 1534 ) (-1088 1024 1024 ) 
4 35 38 (-1024 0 -1022 ) (-1024 0 0 ) (-1088 0 0 ) (-1088 0 -1022 ) 
4 35 36 (-1088 1024 -1022 ) (-1088 0 -1022 ) (-1088 0 0 ) (-1088 1024 0 ) 
4 36 39 (-1088 0 1534 ) (-1534 0 1534 ) (-1534 0 -1022 ) (-1088 0 -1022 ) 
4 37 43 (-1024 -1024 1024 ) (-1024 -1024 1534 ) (-1088 -1024 1534 ) (-1088 -1024 1024 ) 
4 37 39 (-1088 -1024 1024 ) (-1088 -1024 1534 ) (-1088 0 1534 ) (-1088 0 1024 ) 
4 38 43 (-1024 -1024 -1022 ) (-1024 -1024 0 ) (-1088 -1024 0 ) (-1088 -1024 -1022 ) 
4 38 39 (-1088 0 -1022 ) (-1088 -1024 -1022 ) (-1088 -1024 0 ) (-1088 0 0 ) 
4 39 43 (-1088 -1024 1534 ) (-1534 -1024 1534 ) (-1534 -1024 -1022 ) (-1088 -1024 -1022 ) 
4 40 43 (-1024 -1024 1534 ) (-1024 -1024 1024 ) (-1024 -1088 1024 ) (-1024 -1088 1534 ) 
4 40 42 (0 -1088 1024 ) (0 -1088 1534 ) (-1024 -1088 1534 ) (-1024 -1088 1024 ) 
4 41 43 (-1024 -1024 0 ) (-1024 -1024 -1022 ) (-1024 -1088 -1022 ) (-1024 -1088 0 ) 
4 41 42 (-1024 -1088 -1022 ) (0 -1088 -1022 ) (0 -1088 0 ) (-1024 -1088 0 ) 
4 42 43 (-1024 -1088 -1022 ) (-1024 -1534 -1022 ) (-1024 -1534 1534 ) (-1024 -1088 1534 ) 
