PRT1
71
212
4 0 13 (1024 1024 450 ) (1024 1024 -282 ) (1184 1024 -282 ) (1184 1024 450 ) 
4 0 12 (1184 1024 -282 ) (1518 1024 -282 ) (1518 1024 450 ) (1184 1024 450 ) 
4 0 9 (1024 1024 606 ) (1024 1024 450 ) (1182 1024 450 ) (1182 1024 606 ) 
4 0 7 (1182 1024 450 ) (1184 1024 450 ) (1184 1024 606 ) (1182 1024 606 ) 
4 0 6 (1184 1024 450 ) (1518 1024 450 ) (1518 1024 606 ) (1184 1024 606 ) 
4 0 3 (1184 1024 750 ) (1024 1024 750 ) (1024 1024 606 ) (1184 1024 606 ) 
4 0 2 (1518 1024 750 ) (1184 1024 750 ) (1184 1024 606 ) (1518 1024 606 ) 
4 0 1 (1024 1024 -282 ) (1024 1024 750 ) (1024 1030 750 ) (1024 1030 -282 ) 
4 1 44 (0 1024 -282 ) (0 1024 750 ) (0 1030 750 ) (0 1030 -282 ) 
4 1 24 (1024 1024 -282 ) (1024 1024 448 ) (0 1024 448 ) (0 1024 -282 ) 
4 1 22 (1024 1024 448 ) (1024 1024 450 ) (0 1024 450 ) (0 1024 448 ) 
4 1 19 (1024 1024 450 ) (1024 1024 606 ) (0 1024 606 ) (0 1024 450 ) 
4 1 16 (1024 1024 606 ) (1024 1024 750 ) (0 1024 750 ) (0 1024 606 ) 
4 2 25 (1518 0 750 ) (1184 0 750 ) (1184 0 606 ) (1518 0 606 ) 
4 2 6 (1184 1024 606 ) (1518 1024 606 ) (1518 0 606 ) (1184 0 606 ) 
4 2 4 (1184 384 608 ) (1184 384 750 ) (1184 800 750 ) (1184 800 608 ) 
4 2 3 (1184 1024 606 ) (1184 800 606 ) (1184 800 750 ) (1184 1024 750 ) 
4 2 5 (1184 384 606 ) (1184 0 606 ) (1184 0 750 ) (1184 384 750 ) 
4 3 16 (1024 1024 750 ) (1024 1024 606 ) (1024 800 606 ) (1024 800 750 ) 
4 3 9 (1024 1024 606 ) (1182 1024 606 ) (1182 800 606 ) (1024 800 606 ) 
4 3 7 (1182 1024 606 ) (1184 1024 606 ) (1184 800 606 ) (1182 800 606 ) 
4 3 4 (1184 800 608 ) (1184 800 750 ) (1024 800 750 ) (1024 800 608 ) 
4 4 17 (1024 384 608 ) (1024 384 750 ) (1024 800 750 ) (1024 800 608 ) 
4 4 5 (1184 384 608 ) (1184 384 750 ) (1024 384 750 ) (1024 384 608 ) 
4 5 25 (1184 0 750 ) (1024 0 750 ) (1024 0 606 ) (1184 0 606 ) 
4 5 18 (1024 384 606 ) (1024 0 606 ) (1024 0 750 ) (1024 384 750 ) 
4 5 11 (1182 0 606 ) (1024 0 606 ) (1024 384 606 ) (1182 384 606 ) 
4 5 8 (1184 384 606 ) (1184 0 606 ) (1182 0 606 ) (1182 384 606 ) 
4 6 25 (1518 0 606 ) (1184 0 606 ) (1184 0 450 ) (1518 0 450 ) 
4 6 12 (1518 0 450 ) (1184 0 450 ) (1184 1024 450 ) (1518 1024 450 ) 
4 6 7 (1184 1024 450 ) (1184 800 450 ) (1184 800 606 ) (1184 1024 606 ) 
4 6 8 (1184 384 450 ) (1184 0 450 ) (1184 0 606 ) (1184 384 606 ) 
4 7 13 (1182 800 450 ) (1182 1024 450 ) (1184 1024 450 ) (1184 800 450 ) 
4 7 9 (1182 1024 450 ) (1182 800 450 ) (1182 800 606 ) (1182 1024 606 ) 
4 8 25 (1184 0 606 ) (1182 0 606 ) (1182 0 450 ) (1184 0 450 ) 
4 8 15 (1184 0 450 ) (1182 0 450 ) (1182 384 450 ) (1184 384 450 ) 
4 8 11 (1182 384 450 ) (1182 0 450 ) (1182 0 606 ) (1182 384 606 ) 
4 9 19 (1024 1024 606 ) (1024 1024 450 ) (1024 800 450 ) (1024 800 606 ) 
4 9 13 (1024 800 450 ) (1024 1024 450 ) (1182 1024 450 ) (1182 800 450 ) 
4 10 20 (1024 798 450 ) (1024 386 450 ) (1024 386 606 ) (1024 798 606 ) 
4 11 25 (1182 0 606 ) (1024 0 606 ) (1024 0 450 ) (1182 0 450 ) 
4 11 21 (1024 384 450 ) (1024 0 450 ) (1024 0 606 ) (1024 384 606 ) 
4 11 15 (1182 0 450 ) (1024 0 450 ) (1024 384 450 ) (1182 384 450 ) 
4 12 25 (1518 0 450 ) (1184 0 450 ) (1184 0 -282 ) (1518 0 -282 ) 
4 12 14 (1184 800 -282 ) (1184 384 -282 ) (1184 384 448 ) (1184 800 448 ) 
4 12 13 (1184 1024 -282 ) (1184 800 -282 ) (1184 800 450 ) (1184 1024 450 ) 
4 12 15 (1184 384 -282 ) (1184 0 -282 ) (1184 0 450 ) (1184 384 450 ) 
4 13 24 (1024 1024 448 ) (1024 1024 -282 ) (1024 800 -282 ) (1024 800 448 ) 
4 13 22 (1024 1024 450 ) (1024 1024 448 ) (1024 800 448 ) (1024 800 450 ) 
4 13 14 (1024 800 -282 ) (1184 800 -282 ) (1184 800 448 ) (1024 800 448 ) 
4 14 24 (1024 800 -282 ) (1024 384 -282 ) (1024 384 448 ) (1024 800 448 ) 
4 14 15 (1024 384 -282 ) (1184 384 -282 ) (1184 384 448 ) (1024 384 448 ) 
4 15 25 (1184 0 450 ) (1024 0 450 ) (1024 0 -282 ) (1184 0 -282 ) 
4 15 24 (1024 384 -282 ) (1024 0 -282 ) (1024 0 448 ) (1024 384 448 ) 
4 15 23 (1024 0 448 ) (1024 0 450 ) (1024 384 450 ) (1024 384 448 ) 
4 16 46 (0 800 750 ) (0 1024 750 ) (0 1024 606 ) (0 800 606 ) 
4 16 19 (0 800 606 ) (0 1024 606 ) (1024 1024 606 ) (1024 800 606 ) 
4 16 17 (1024 800 608 ) (1024 800 750 ) (0 800 750 ) (0 800 608 ) 
4 17 47 (0 384 750 ) (0 800 750 ) (0 800 608 ) (0 384 608 ) 
4 17 18 (1024 384 608 ) (1024 384 750 ) (0 384 750 ) (0 384 608 ) 
4 18 48 (0 0 606 ) (0 0 750 ) (0 384 750 ) (0 384 606 ) 
4 18 26 (0 0 750 ) (0 0 606 ) (1024 0 606 ) (1024 0 750 ) 
4 18 21 (0 0 606 ) (0 384 606 ) (1024 384 606 ) (1024 0 606 ) 
4 19 49 (0 800 606 ) (0 1024 606 ) (0 1024 450 ) (0 800 450 ) 
4 19 22 (0 800 450 ) (0 1024 450 ) (1024 1024 450 ) (1024 800 450 ) 
4 20 50 (0 386 606 ) (0 798 606 ) (0 798 450 ) (0 386 450 ) 
4 21 51 (0 0 450 ) (0 0 606 ) (0 384 606 ) (0 384 450 ) 
4 21 26 (0 0 606 ) (0 0 450 ) (1024 0 450 ) (1024 0 606 ) 
4 21 23 (1024 0 450 ) (0 0 450 ) (0 384 450 ) (1024 384 450 ) 
4 22 52 (0 800 450 ) (0 1024 450 ) (0 1024 448 ) (0 800 448 ) 
4 22 24 (0 800 448 ) (0 1024 448 ) (1024 1024 448 ) (1024 800 448 ) 
4 23 53 (0 0 448 ) (0 0 450 ) (0 384 450 ) (0 384 448 ) 
4 23 26 (0 0 450 ) (0 0 448 ) (1024 0 448 ) (1024 0 450 ) 
4 23 24 (0 0 448 ) (0 384 448 ) (1024 384 448 ) (1024 0 448 ) 
4 24 54 (0 0 -282 ) (0 0 448 ) (0 1024 448 ) (0 1024 -282 ) 
4 24 37 (100.988609 0 2 ) (105.582672 0 2 ) (105.582664 0 14 ) (100.988647 0 14 ) 
4 24 36 (105.582672 0 2 ) (180.988602 0 2 ) (180.988617 0 14 ) (105.582664 0 14 ) 
4 24 35 (180.988602 0 2 ) (251.011383 0 2 ) (251.011383 0 14 ) (180.988617 0 14 ) 
4 24 34 (251.011383 0 2 ) (340.783081 0 2 ) (340.783081 0 14 ) (251.011383 0 14 ) 
4 24 33 (340.783081 0 2 ) (510.014618 0 2 ) (510.014587 0 14 ) (340.783081 0 14 ) 
4 24 32 (510.014618 0 2 ) (1024 0 2 ) (1024 0 14 ) (510.014587 0 14 ) 
4 24 27 (0 0 14 ) (0 0 2 ) (100.988609 0 2 ) (100.988647 0 14 ) 
4 24 26 (0 0 448 ) (0 0 14 ) (1024 0 14 ) (1024 0 448 ) 
4 24 43 (0 0 2 ) (0 0 -282 ) (1024 0 -282 ) (1024 0 2 ) 
4 25 32 (1024 0 14 ) (1024 0 2 ) (1024 -47.308723 2 ) (1024 -47.308716 14 ) 
4 25 31 (1024 -47.308723 2 ) (1024 -384.691284 2 ) (1024 -384.691254 14 ) (1024 -47.308716 14 ) 
4 25 30 (1024 -384.691284 2 ) (1024 -638 2 ) (1024 -638 14 ) (1024 -384.691254 14 ) 
4 25 26 (1024 0 750 ) (1024 0 14 ) (1024 -638 14 ) (1024 -638 750 ) 
4 25 43 (1024 0 2 ) (1024 0 -282 ) (1024 -638 -282 ) (1024 -638 2 ) 
4 26 69 (0 -638 750 ) (0 0 750 ) (0 0 14 ) (0 -638 14 ) 
3 26 42 (147.716003 -147.716003 14 ) (152.408661 -140.692993 14 ) (160.692978 -139.044998 14 ) 
3 26 41 (152.408661 -140.692993 14 ) (157.944397 -132.408234 14 ) (176 -136 14 ) 
3 26 40 (139.045013 -160.692963 14 ) (145.176895 -129.868408 14 ) (157.944397 -132.408234 14 ) 
3 26 39 (136 -176 14 ) (126.066887 -126.066887 14 ) (145.176895 -129.868408 14 ) 
3 26 38 (126.066887 -126.066887 14 ) (119.043266 -90.759598 14 ) (191.307007 -139.044998 14 ) 
4 26 37 (119.043266 -90.759598 14 ) (100.988609 0 14 ) (105.582672 0 14 ) (204.284027 -147.716019 14 ) 
3 26 36 (105.582672 0 14 ) (180.988602 0 14 ) (212.955017 -160.693008 14 ) 
3 26 35 (180.988602 0 14 ) (251.011383 0 14 ) (216 -176 14 ) 
3 26 34 (251.011383 0 14 ) (340.783081 0 14 ) (212.954987 -191.307022 14 ) 
3 26 33 (340.783081 0 14 ) (510.014618 0 14 ) (204.283966 -204.284042 14 ) 
4 26 32 (510.014618 0 14 ) (1024 0 14 ) (1024 -47.308723 14 ) (191.307068 -212.954987 14 ) 
3 26 31 (1024 -47.308723 14 ) (1024 -384.691284 14 ) (176 -216 14 ) 
4 26 30 (1024 -638 14 ) (796.813599 -638 14 ) (160.692993 -212.955017 14 ) (1024 -384.691284 14 ) 
3 26 29 (796.813599 -638 14 ) (437.517700 -638 14 ) (147.715973 -204.283997 14 ) 
3 26 28 (437.517700 -638 14 ) (227.904907 -638 14 ) (139.044998 -191.307007 14 ) 
4 26 27 (227.904907 -638 14 ) (0 -638 14 ) (0 0 14 ) (100.988609 0 14 ) 
4 27 69 (0 0 14 ) (0 0 2 ) (0 -638 2 ) (0 -638 14 ) 
4 27 39 (136 -176.001541 2 ) (126.066254 -126.066757 2 ) (126.065666 -126.066643 14 ) (136 -176.002853 14 ) 
4 27 38 (126.066254 -126.066757 2 ) (119.042564 -90.759125 2 ) (119.041870 -90.758667 14 ) (126.065666 -126.066643 14 ) 
4 27 37 (119.042564 -90.759125 2 ) (100.987999 0 2 ) (100.987305 0 14 ) (119.041870 -90.758667 14 ) 
4 27 28 (227.904297 -638 2 ) (139.044128 -191.305695 2 ) (139.043427 -191.304657 14 ) (227.904297 -638 14 ) 
4 27 43 (227.904907 -638 2 ) (0 -638 2 ) (0 0 2 ) (100.988609 0 2 ) 
4 28 29 (437.515625 -638 2 ) (147.715057 -204.283356 2 ) (147.715118 -204.283386 14 ) (437.517181 -638 14 ) 
3 28 43 (437.517700 -638 2 ) (227.904907 -638 2 ) (139.044998 -191.307007 2 ) 
4 29 30 (796.812500 -638 2 ) (160.691589 -212.954712 2 ) (160.691620 -212.954712 14 ) (796.812622 -638 14 ) 
3 29 43 (796.813599 -638 2 ) (437.517700 -638 2 ) (147.715973 -204.283997 2 ) 
4 30 31 (1024 -384.690979 2 ) (176 -216 2 ) (176 -216 14 ) (1024 -384.690857 14 ) 
4 30 43 (1024 -638 2 ) (796.813599 -638 2 ) (160.692993 -212.955017 2 ) (1024 -384.691284 2 ) 
4 31 32 (1024 -47.307678 2 ) (191.309082 -212.953613 2 ) (191.309082 -212.953613 14 ) (1024 -47.307770 14 ) 
3 31 43 (1024 -47.308723 2 ) (1024 -384.691284 2 ) (176 -216 2 ) 
4 32 33 (510.017822 0 2 ) (204.281830 -204.287262 2 ) (204.281830 -204.287231 14 ) (510.017273 0 14 ) 
4 32 43 (510.014618 0 2 ) (1024 0 2 ) (1024 -47.308723 2 ) (191.307068 -212.954987 2 ) 
4 33 34 (340.785156 0 2 ) (212.954681 -191.308563 2 ) (212.954727 -191.308365 14 ) (340.783722 0 14 ) 
3 33 43 (340.783081 0 2 ) (510.014618 0 2 ) (204.283966 -204.284042 2 ) 
4 34 35 (251.011719 0 2 ) (216 -175.998459 2 ) (216 -175.998260 14 ) (251.010712 0 14 ) 
3 34 43 (251.011383 0 2 ) (340.783081 0 2 ) (212.954987 -191.307022 2 ) 
4 35 36 (180.987305 0 2 ) (212.954712 -160.692535 2 ) (212.954865 -160.692764 14 ) (180.988510 0 14 ) 
3 35 43 (180.988602 0 2 ) (251.011383 0 2 ) (216 -176 2 ) 
4 36 37 (105.583443 0 2 ) (204.283844 -147.715912 2 ) (204.283844 -147.715912 14 ) (105.583435 0 14 ) 
3 36 43 (105.582672 0 2 ) (180.988602 0 2 ) (212.955017 -160.693008 2 ) 
4 37 38 (119.042931 -90.757935 14 ) (119.042931 -90.757935 2 ) (191.310944 -139.045776 2 ) (191.310959 -139.045776 14 ) 
4 37 43 (119.043266 -90.759598 2 ) (100.988609 0 2 ) (105.582672 0 2 ) (204.284027 -147.716019 2 ) 
4 38 41 (157.944000 -132.408829 2 ) (175.998291 -136 2 ) (175.998291 -136 14 ) (157.944000 -132.408829 14 ) 
4 38 40 (145.176758 -129.869064 2 ) (157.944000 -132.408829 2 ) (157.944000 -132.408829 14 ) (145.176758 -129.869064 14 ) 
4 38 39 (126.067032 -126.067589 14 ) (126.067032 -126.067589 2 ) (145.176758 -129.869064 2 ) (145.176758 -129.869064 14 ) 
3 38 43 (126.066887 -126.066887 2 ) (119.043266 -90.759598 2 ) (191.307007 -139.044998 2 ) 
4 39 40 (139.045441 -160.692337 2 ) (145.176270 -129.873047 2 ) (145.176270 -129.873047 14 ) (139.045441 -160.692337 14 ) 
3 39 43 (136 -176 2 ) (126.066887 -126.066887 2 ) (145.176895 -129.868408 2 ) 
4 40 42 (147.719879 -147.713409 2 ) (152.411133 -140.692505 2 ) (152.411133 -140.692505 14 ) (147.719879 -147.713409 14 ) 
4 40 41 (152.411133 -140.692505 2 ) (157.945786 -132.409378 2 ) (157.945786 -132.409378 14 ) (152.411133 -140.692505 14 ) 
3 40 43 (139.045013 -160.692963 2 ) (145.176895 -129.868408 2 ) (157.944397 -132.408234 2 ) 
4 41 42 (152.408203 -140.693359 14 ) (152.408203 -140.693359 2 ) (160.692322 -139.045425 2 ) (160.692322 -139.045425 14 ) 
3 41 43 (152.408661 -140.692993 2 ) (157.944397 -132.408234 2 ) (176 -136 2 ) 
3 42 43 (147.716003 -147.716003 2 ) (152.408661 -140.692993 2 ) (160.692978 -139.044998 2 ) 
4 43 69 (0 0 2 ) (0 0 -282 ) (0 -638 -282 ) (0 -638 2 ) 
4 44 54 (0 1024 -282 ) (0 1024 448 ) (-1024 1024 448 ) (-1024 1024 -282 ) 
4 44 52 (0 1024 448 ) (0 1024 450 ) (-1024 1024 450 ) (-1024 1024 448 ) 
4 44 49 (0 1024 450 ) (0 1024 606 ) (-1024 1024 606 ) (-1024 1024 450 ) 
4 44 46 (0 1024 606 ) (0 1024 750 ) (-1024 1024 750 ) (-1024 1024 606 ) 
4 44 45 (-1024 1024 -282 ) (-1024 1024 750 ) (-1024 1030 750 ) (-1024 1030 -282 ) 
4 45 65 (-1024 1024 -282 ) (-1024 1024 450 ) (-1152 1024 450 ) (-1152 1024 -282 ) 
4 45 68 (-1152 1024 450 ) (-1554 1024 450 ) (-1554 1024 -282 ) (-1152 1024 -282 ) 
4 45 62 (-1150 1024 606 ) (-1152 1024 606 ) (-1152 1024 450 ) (-1150 1024 450 ) 
4 45 64 (-1152 1024 606 ) (-1554 1024 606 ) (-1554 1024 450 ) (-1152 1024 450 ) 
4 45 59 (-1024 1024 450 ) (-1024 1024 606 ) (-1150 1024 606 ) (-1150 1024 450 ) 
4 45 58 (-1152 1024 750 ) (-1554 1024 750 ) (-1554 1024 606 ) (-1152 1024 606 ) 
4 45 55 (-1024 1024 606 ) (-1024 1024 750 ) (-1152 1024 750 ) (-1152 1024 606 ) 
4 46 55 (-1024 800 750 ) (-1024 1024 750 ) (-1024 1024 606 ) (-1024 800 606 ) 
4 46 49 (-1024 800 606 ) (-1024 1024 606 ) (0 1024 606 ) (0 800 606 ) 
4 46 47 (0 800 608 ) (0 800 750 ) (-1024 800 750 ) (-1024 800 608 ) 
4 47 56 (-1024 384 750 ) (-1024 800 750 ) (-1024 800 608 ) (-1024 384 608 ) 
4 47 48 (0 384 608 ) (0 384 750 ) (-1024 384 750 ) (-1024 384 608 ) 
4 48 69 (0 0 606 ) (0 0 750 ) (-1024 0 750 ) (-1024 0 606 ) 
4 48 57 (-1024 0 606 ) (-1024 0 750 ) (-1024 384 750 ) (-1024 384 606 ) 
4 48 51 (0 0 606 ) (-1024 0 606 ) (-1024 384 606 ) (0 384 606 ) 
4 49 59 (-1024 800 606 ) (-1024 1024 606 ) (-1024 1024 450 ) (-1024 800 450 ) 
4 49 52 (-1024 800 450 ) (-1024 1024 450 ) (0 1024 450 ) (0 800 450 ) 
4 50 60 (-1024 386 606 ) (-1024 798 606 ) (-1024 798 450 ) (-1024 386 450 ) 
4 51 69 (0 0 450 ) (0 0 606 ) (-1024 0 606 ) (-1024 0 450 ) 
4 51 61 (-1024 0 450 ) (-1024 0 606 ) (-1024 384 606 ) (-1024 384 450 ) 
4 51 53 (-1024 0 450 ) (-1024 384 450 ) (0 384 450 ) (0 0 450 ) 
4 52 65 (-1024 800 450 ) (-1024 1024 450 ) (-1024 1024 448 ) (-1024 800 448 ) 
4 52 54 (-1024 800 448 ) (-1024 1024 448 ) (0 1024 448 ) (0 800 448 ) 
4 53 69 (0 0 448 ) (0 0 450 ) (-1024 0 450 ) (-1024 0 448 ) 
4 53 67 (-1024 0 448 ) (-1024 0 450 ) (-1024 384 450 ) (-1024 384 448 ) 
4 53 54 (0 0 448 ) (-1024 0 448 ) (-1024 384 448 ) (0 384 448 ) 
4 54 69 (0 0 -282 ) (0 0 448 ) (-1024 0 448 ) (-1024 0 -282 ) 
4 54 66 (-1024 384 448 ) (-1024 800 448 ) (-1024 800 -282 ) (-1024 384 -282 ) 
4 54 65 (-1024 800 448 ) (-1024 1024 448 ) (-1024 1024 -282 ) (-1024 800 -282 ) 
4 54 67 (-1024 0 -282 ) (-1024 0 448 ) (-1024 384 448 ) (-1024 384 -282 ) 
4 55 62 (-1152 800 606 ) (-1152 1024 606 ) (-1150 1024 606 ) (-1150 800 606 ) 
4 55 59 (-1150 1024 606 ) (-1024 1024 606 ) (-1024 800 606 ) (-1150 800 606 ) 
4 55 58 (-1152 1024 606 ) (-1152 800 606 ) (-1152 800 750 ) (-1152 1024 750 ) 
4 55 56 (-1152 800 750 ) (-1152 800 608 ) (-1024 800 608 ) (-1024 800 750 ) 
4 56 58 (-1152 384 608 ) (-1152 384 750 ) (-1152 800 750 ) (-1152 800 608 ) 
4 56 57 (-1152 384 750 ) (-1152 384 608 ) (-1024 384 608 ) (-1024 384 750 ) 
4 57 70 (-1024 0 606 ) (-1024 0 750 ) (-1152 0 750 ) (-1152 0 606 ) 
4 57 63 (-1150 0 606 ) (-1152 0 606 ) (-1152 384 606 ) (-1150 384 606 ) 
4 57 61 (-1024 0 606 ) (-1150 0 606 ) (-1150 384 606 ) (-1024 384 606 ) 
4 57 58 (-1152 384 606 ) (-1152 0 606 ) (-1152 0 750 ) (-1152 384 750 ) 
4 58 70 (-1152 0 750 ) (-1554 0 750 ) (-1554 0 606 ) (-1152 0 606 ) 
4 58 64 (-1152 0 606 ) (-1554 0 606 ) (-1554 1024 606 ) (-1152 1024 606 ) 
4 59 65 (-1150 1024 450 ) (-1024 1024 450 ) (-1024 800 450 ) (-1150 800 450 ) 
4 59 62 (-1150 1024 450 ) (-1150 800 450 ) (-1150 800 606 ) (-1150 1024 606 ) 
4 61 70 (-1024 0 450 ) (-1024 0 606 ) (-1150 0 606 ) (-1150 0 450 ) 
4 61 67 (-1024 384 450 ) (-1024 0 450 ) (-1150 0 450 ) (-1150 384 450 ) 
4 61 63 (-1150 384 450 ) (-1150 0 450 ) (-1150 0 606 ) (-1150 384 606 ) 
4 62 65 (-1152 1024 450 ) (-1150 1024 450 ) (-1150 800 450 ) (-1152 800 450 ) 
4 62 64 (-1152 1024 450 ) (-1152 800 450 ) (-1152 800 606 ) (-1152 1024 606 ) 
4 63 70 (-1150 0 606 ) (-1152 0 606 ) (-1152 0 450 ) (-1150 0 450 ) 
4 63 67 (-1150 384 450 ) (-1150 0 450 ) (-1152 0 450 ) (-1152 384 450 ) 
4 63 64 (-1152 384 450 ) (-1152 0 450 ) (-1152 0 606 ) (-1152 384 606 ) 
4 64 70 (-1152 0 606 ) (-1554 0 606 ) (-1554 0 450 ) (-1152 0 450 ) 
4 64 68 (-1554 1024 450 ) (-1152 1024 450 ) (-1152 0 450 ) (-1554 0 450 ) 
4 65 66 (-1152 800 448 ) (-1152 800 -282 ) (-1024 800 -282 ) (-1024 800 448 ) 
4 65 68 (-1152 1024 -282 ) (-1152 800 -282 ) (-1152 800 450 ) (-1152 1024 450 ) 
4 66 68 (-1152 800 -282 ) (-1152 384 -282 ) (-1152 384 448 ) (-1152 800 448 ) 
4 66 67 (-1152 384 448 ) (-1152 384 -282 ) (-1024 384 -282 ) (-1024 384 448 ) 
4 67 70 (-1024 0 -282 ) (-1024 0 450 ) (-1152 0 450 ) (-1152 0 -282 ) 
4 67 68 (-1152 384 -282 ) (-1152 0 -282 ) (-1152 0 450 ) (-1152 384 450 ) 
4 68 70 (-1152 0 450 ) (-1554 0 450 ) (-1554 0 -282 ) (-1152 0 -282 ) 
4 69 70 (-1024 0 750 ) (-1024 0 -282 ) (-1024 -638 -282 ) (-1024 -638 750 ) 
