


Using shader api: shaderapiempty.dll
materialPath: C:\Program Files (x86)\Steam\steamapps\sourcemods\splitting\materials
Loading C:\Program Files (x86)\Steam\steamapps\sourcemods\splitting\mapsrc\Funnel Experiment.vmf
Map revision 1
Could not locate 'GameData' key in c:\program files (x86)\steam\steamapps\sourcemods\splitting\gameinfo.txt
fixing up env_cubemap materials on brush sides...
0...1...2...3...4...5...6...7...8...9...100...1...2...3...4...5...6...7...8...9...10Processing areas...done (0)
Building Faces...done (0)
FixTjuncs...
PruneNodes...
WriteBSP...
done (0)
writing C:\Program Files (x86)\Steam\steamapps\sourcemods\splitting\mapsrc\Funnel Experiment.prt...Building visibility clusters...
done (0)
Finding displacement neighbors...
Finding lightmap sample positions...
Displacement Alpha : 0...1...2...3...4...5...6...7...8...9...10
Building Physics collision data...
done (0) (2847 bytes)
Placing detail props : 0...1...2...3...4...5...6...7...8...9...10
Compacting texture/material tables...
Reduced 21 texinfos to 10
Reduced 5 texdatas to 5 (175 bytes to 175)
Writing C:\Program Files (x86)\Steam\steamapps\sourcemods\splitting\mapsrc\Funnel Experiment.bsp
0 seconds elapsed



2 threads
reading c:\program files (x86)\steam\steamapps\sourcemods\splitting\mapsrc\Funnel Experiment.bsp
reading c:\program files (x86)\steam\steamapps\sourcemods\splitting\mapsrc\Funnel Experiment.prt
   4 portalclusters
   4 numportals
0...1...2...3...4...5...6...7...8...9...100...1...2...3...4...5...6...7...8...9...10Optimized: 0 visible clusters (0.00%)
Total clusters visible: 16
Average clusters visible: 4
Building PAS...
Average clusters audible: 4
visdatasize:44  compressed from 64
writing c:\program files (x86)\steam\steamapps\sourcemods\splitting\mapsrc\Funnel Experiment.bsp
0 seconds elapsed



[Reading texlights from 'lights.rad']
[53 texlights parsed from 'lights.rad']

Loading c:\program files (x86)\steam\steamapps\sourcemods\splitting\mapsrc\Funnel Experiment.bsp
70 faces
89212 square feet [12846592.00 square inches]
0 Displacements
0 Square Feet [0.00 Square Inches]
70 patches before subdivision
8134 patches after subdivision
0 direct lights
0...1...2...3...4...5...6...7...8...9...100...1...2...3...4...5...6...7...8...9...10transfers 936160, max 268
transfer lists:   7.1 megs
0...1...2...3...4...5...6...7...8...9...10	Bounce #1 added RGB(0, 0, 0)
Build Patch/Sample Hash Table(s).....Done<0.0059 sec>
0...1...2...3...4...5...6...7...8...9...10FinalLightFace Done
0 of 0 (0% of) surface lights went in leaf ambient cubes.
0...1...2...3...4...5...6...7...8...9...10Writing leaf ambient...done
Ready to Finish

Object names       Objects/Maxobjs  Memory / Maxmem  Fullness 
------------       ---------------  ---------------  -------- 
models                   2/4096           96/196608   ( 0.0%) 
brushes                  7/32768          84/393216   ( 0.0%) 
brushsides              42/65536         336/524288   ( 0.1%) 
planes                  68/65536        1360/1310720  ( 0.1%) 
vertexes                83/65536         996/786432   ( 0.1%) 
nodes                   31/65536         992/2097152  ( 0.0%) 
texinfos                10/12288         720/884736   ( 0.1%) 
texdata                  5/2048          160/65536    ( 0.2%) 
dispinfos                0/0               0/0        ( 0.0%) 
disp_verts               0/0               0/0        ( 0.0%) 
disp_tris                0/0               0/0        ( 0.0%) 
disp_lmsamples           0/0               0/0        ( 0.0%) 
faces                   70/65536        3920/3670016  ( 0.1%) 
hdr faces               70/65536        3920/3670016  ( 0.1%) 
origfaces               12/65536         672/3670016  ( 0.0%) 
leaves                  34/65536        1088/2097152  ( 0.1%) 
leaffaces               70/65536         140/131072   ( 0.1%) 
leafbrushes             17/65536          34/131072   ( 0.0%) 
areas                    2/1024           16/8192     ( 0.2%) 
surfedges              344/512000       1376/2048000  ( 0.1%) 
edges                  173/256000        692/1024000  ( 0.1%) 
LDR worldlights          0/16384           0/1441792  ( 0.0%) 
HDR worldlights          0/16384           0/1441792  ( 0.0%) 
leafwaterdata            0/32768           0/393216   ( 0.0%) 
waterstrips              0/131072          0/1310720  ( 0.0%) 
waterverts               0/131072          0/1572864  ( 0.0%) 
waterindices             0/131072          0/262144   ( 0.0%) 
cubemapsamples           0/1024            0/16384    ( 0.0%) 
overlays                 0/1024            0/360448   ( 0.0%) 
LDR lightdata         [variable]           0/0        ( 0.0%) 
HDR lightdata         [variable]      873464/0        ( 0.0%) 
visdata               [variable]          44/16777216 ( 0.0%) 
entdata               [variable]        2413/393216   ( 0.6%) 
LDR ambient table       34/65536         136/262144   ( 0.1%) 
HDR ambient table       34/65536         136/262144   ( 0.1%) 
LDR leaf ambient        34/65536         952/1835008  ( 0.1%) 
HDR leaf ambient        10/65536         280/1835008  ( 0.0%) 
occluders                0/0               0/0        ( 0.0%) 
occluder polygons        0/0               0/0        ( 0.0%) 
occluder vert ind        0/0               0/0        ( 0.0%) 
detail props          [variable]           1/12       ( 8.3%) 
static props          [variable]           1/12       ( 8.3%) 
pakfile               [variable]       86778/0        ( 0.0%) 
physics               [variable]        2847/4194304  ( 0.1%) 
physics terrain       [variable]           2/1048576  ( 0.0%) 

Level flags = 2

Total triangle count: 156
Writing c:\program files (x86)\steam\steamapps\sourcemods\splitting\mapsrc\Funnel Experiment.bsp
0 seconds elapsed
