PRT1
52
87
4 0 1 (3072 -1256 76 ) (3072 -1256 244 ) (3072 -1072 244 ) (3072 -1072 76 ) 
4 1 37 (2048 -1256 76 ) (2048 -1256 244 ) (2048 -1072 244 ) (2048 -1072 76 ) 
4 2 17 (0 192 256 ) (0 192 440 ) (0 256 440 ) (0 256 256 ) 
4 2 7 (0 192 440 ) (0 192 448 ) (0 256 448 ) (0 256 440 ) 
4 2 4 (64 192 256 ) (64 192 440 ) (0 192 440 ) (0 192 256 ) 
4 2 3 (64 192 440 ) (64 192 448 ) (16.002014 192 448 ) (0 192 440 ) 
4 3 5 (0 64 440 ) (64 64 440 ) (64 64 448 ) (16.002014 64 448 ) 
4 3 4 (64 64 440 ) (0 64 440 ) (0 192 440 ) (64 192 440 ) 
4 4 17 (0 64 256 ) (0 64 440 ) (0 192 440 ) (0 192 256 ) 
4 4 5 (0 64 440 ) (0 64 256 ) (64 64 256 ) (64 64 440 ) 
4 5 17 (0 16 256 ) (0 16 440 ) (0 64 440 ) (0 64 256 ) 
4 5 15 (0 16 440 ) (0 16 448 ) (0 64 448 ) (0 64 440 ) 
4 5 6 (64 16 256 ) (64 16 384 ) (0 16 384 ) (0 16 256 ) 
4 6 33 (64 0 384 ) (0 0 384 ) (0 0 256 ) (64 0 256 ) 
4 6 18 (0 0 256 ) (0 0 384 ) (0 16 384 ) (0 16 256 ) 
4 7 17 (0 256 440 ) (0 192 440 ) (-192 192 440 ) (-192 256 440 ) 
4 7 13 (-192 192 448 ) (-192 192 440 ) (-128.002045 192 440 ) (-144.002045 192 448 ) 
24 8 9 (-64.007271 79.998459 448 ) (-75.986816 81.995018 448 ) (-87.994919 85.998421 448 ) (-98.005470 94.006836 448 ) (-105.997719 103.997154 448 ) (-110 116.002007 448 ) (-112 128 448 ) (-109.998253 140.008453 448 ) (-106.002396 151.997009 448 ) (-98.001160 162 448 ) (-88.001968 170 448 ) (-76 174 448 ) (-63.997139 176 448 ) (-52.002594 174.001068 448 ) (-40.006687 170.002441 448 ) (-29.992970 161.991226 448 ) (-21.998480 151.998108 448 ) (-17.996525 139.990250 448 ) (-15.998813 128.007111 448 ) (-18 116.004700 448 ) (-22 104 448 ) (-29.979481 94.020958 448 ) (-40.007805 85.997513 448 ) (-52.002754 82 448 ) 
24 9 17 (-88.001892 170 440 ) (-75.996010 174.001328 440 ) (-64 176 440 ) (-52.003819 174.001266 440 ) (-40.006172 170.002060 440 ) (-29.993034 161.991302 440 ) (-21.998871 151.998596 440 ) (-18 140 440 ) (-16 128 440 ) (-18 116.004021 440 ) (-22 104 440 ) (-29.978821 94.021614 440 ) (-40.008347 85.997215 440 ) (-52.002037 82 440 ) (-64.001907 80 440 ) (-75.998230 81.998711 440 ) (-87.993279 85.997757 440 ) (-98.006935 94.008667 440 ) (-105.997711 103.997131 440 ) (-110 116.002014 440 ) (-112 128 440 ) (-109.998337 140.007980 440 ) (-106.002266 151.997162 440 ) (-98.001030 162 440 ) 
3 10 17 (-143.894730 151.368408 440 ) (-128.001999 156.665985 440 ) (-128.002014 131.502518 440 ) 
3 10 12 (-128.002045 156.667511 440 ) (-143.895691 151.369598 440 ) (-143.895691 151.369598 447.946808 ) 
3 10 11 (-143.894714 151.368408 447.946320 ) (-143.894714 151.368408 440 ) (-128.002014 131.502533 440 ) 
5 11 17 (-192 101.332031 440 ) (-192 135.333313 440 ) (-143.894730 151.368408 440 ) (-128.002029 131.502533 440 ) (-128.002014 90.665871 440 ) 
4 11 14 (-192 101.331894 448 ) (-192 101.331841 440 ) (-128.002045 90.665688 440 ) (-144.002029 93.332359 448 ) 
4 11 12 (-143.895691 151.369598 440 ) (-192 135.334747 440 ) (-192 135.334747 448 ) (-143.895691 151.369598 448 ) 
4 12 17 (-192 135.333313 440 ) (-192 154.670395 440 ) (-128.002045 165.335022 440 ) (-128.002045 156.665970 440 ) 
4 12 13 (-128.002029 165.335220 440 ) (-192 154.670624 440 ) (-192 154.670624 448 ) (-144.002029 162.668991 448 ) 
4 13 17 (-192 154.670395 440 ) (-192 192 440 ) (-128.002045 192 440 ) (-128.002060 165.335022 440 ) 
4 14 17 (-128.002060 64 440 ) (-192 64 440 ) (-192 101.332031 440 ) (-128.002060 90.665878 440 ) 
4 14 15 (-192 64 448 ) (-192 64 440 ) (-128.002060 64 440 ) (-144.002045 64 448 ) 
4 15 17 (0 64 440 ) (0 16 440 ) (-192 16 440 ) (-192 64 440 ) 
4 16 17 (-184 256 368 ) (-184 256 256 ) (-128 256 256 ) (-128 256 368 ) 
4 17 18 (0 16 256 ) (0 16 384 ) (-192 16 384 ) (-192 16 256 ) 
4 18 39 (0 0 256 ) (0 0 384 ) (-192 0 384 ) (-192 0 256 ) 
4 19 39 (0 0 512 ) (0 0 488 ) (0 -320 488 ) (0 -320 512 ) 
4 19 22 (0 -320 488 ) (0 0 488 ) (512 0 488 ) (512 -320 488 ) 
4 19 20 (0 -320 488 ) (512 -320 488 ) (512 -320 512 ) (0 -320 512 ) 
4 20 39 (0 -320 488 ) (0 -448 488 ) (0 -448 512 ) (0 -320 512 ) 
4 20 29 (0 -448 488 ) (0 -320 488 ) (512 -320 488 ) (512 -448 488 ) 
4 20 21 (0 -448 488 ) (512 -448 488 ) (512 -448 512 ) (0 -448 512 ) 
4 21 39 (0 -448 488 ) (0 -512 488 ) (0 -512 512 ) (0 -448 512 ) 
4 21 30 (0 -512 488 ) (0 -448 488 ) (512 -448 488 ) (512 -512 488 ) 
4 22 39 (0 0 488 ) (0 0 440 ) (0 -320 440 ) (0 -320 488 ) 
4 22 33 (0 -320 440 ) (0 0 440 ) (512 0 440 ) (512 -320 440 ) 
4 22 29 (0 -320 440 ) (512 -320 440 ) (512 -320 488 ) (0 -320 488 ) 
3 23 32 (707.172241 -376.534607 440 ) (704.001953 -380.497437 440 ) (704.001953 -373.998383 440 ) 
3 23 27 (704.002014 -380.497955 440 ) (707.172546 -376.534821 440 ) (707.172546 -376.534821 441.585266 ) 
3 23 25 (707.170837 -376.536438 441.584412 ) (707.170837 -376.536438 440 ) (704.002014 -374.001373 440 ) 
24 24 32 (682 -408 440 ) (674 -418 440 ) (664.002991 -425.998322 440 ) (651.991882 -430.001373 440 ) (639.997986 -432 440 ) (628.013977 -430.002991 440 ) (615.988770 -425.994232 440 ) (606.007141 -418.008942 440 ) (598.002319 -408.002899 440 ) (593.997314 -395.987976 440 ) (592 -384 440 ) (594 -372 440 ) (598 -359.995422 440 ) (606 -349.996979 440 ) (615.994934 -342 440 ) (627.985901 -338.003387 440 ) (640.002136 -336 440 ) (652.007935 -338.001312 440 ) (664.002563 -341.998840 440 ) (673.982117 -349.982483 440 ) (682.005188 -360.011566 440 ) (686 -372 440 ) (688 -384.002869 440 ) (686 -395.998352 440 ) 
4 25 32 (719.897949 -360.627502 440 ) (707.172241 -376.534607 440 ) (704.001953 -373.998383 440 ) (704.002014 -355.329742 440 ) 
4 25 27 (707.172546 -376.534821 440 ) (719.898376 -360.627625 440 ) (719.898315 -360.627716 447.948151 ) (707.172546 -376.534821 441.585266 ) 
3 25 26 (719.900208 -360.627167 447.949097 ) (719.900269 -360.627075 440 ) (704.002014 -355.328461 440 ) 
4 26 32 (704.002014 -320 440 ) (752.399963 -320 440 ) (719.897949 -360.627502 440 ) (704.002014 -355.329742 440 ) 
4 26 27 (719.898376 -360.627625 440 ) (752.400696 -320 440 ) (752.400696 -320 448 ) (719.898315 -360.627716 448 ) 
5 27 32 (752.399963 -320 440 ) (768 -320 440 ) (768 -448 440 ) (704.002014 -448 440 ) (704.002014 -380.497437 440 ) 
4 28 32 (528 -320 440 ) (576.002014 -320 440 ) (576.002014 -448 440 ) (528 -448 440 ) 
4 29 39 (0 -320 440 ) (0 -448 440 ) (0 -448 488 ) (0 -320 488 ) 
4 29 35 (0 -448 440 ) (0 -320 440 ) (512 -320 440 ) (512 -448 440 ) 
4 29 30 (0 -448 440 ) (512 -448 440 ) (512 -448 488 ) (0 -448 488 ) 
4 30 39 (0 -448 440 ) (0 -512 440 ) (0 -512 488 ) (0 -448 488 ) 
4 30 36 (0 -512 440 ) (0 -448 440 ) (512 -448 440 ) (512 -512 440 ) 
4 31 32 (768 -384 256 ) (768 -384 368 ) (768 -328 368 ) (768 -328 256 ) 
4 32 34 (528 -320 384 ) (528 -320 256 ) (528 -448 256 ) (528 -448 384 ) 
4 33 39 (0 0 440 ) (0 0 0 ) (0 -320 0 ) (0 -320 440 ) 
4 33 35 (0 -320 0 ) (512 -320 0 ) (512 -320 440 ) (0 -320 440 ) 
4 34 35 (512 -320 384 ) (512 -320 256 ) (512 -448 256 ) (512 -448 384 ) 
4 35 39 (0 -320 0 ) (0 -448 0 ) (0 -448 440 ) (0 -320 440 ) 
4 35 36 (0 -448 0 ) (512 -448 0 ) (512 -448 440 ) (0 -448 440 ) 
4 36 39 (0 -448 0 ) (0 -512 0 ) (0 -512 440 ) (0 -448 440 ) 
4 37 38 (1024 -1256 76 ) (1024 -1256 244 ) (1024 -1072 244 ) (1024 -1072 76 ) 
4 38 51 (0 -1256 76 ) (0 -1256 244 ) (0 -1072 244 ) (0 -1072 76 ) 
4 39 41 (-512 -192 160 ) (-512 -198.584793 160 ) (-512 -198.585083 224 ) (-512 -192 224 ) 
4 39 40 (-512 -198.584793 160 ) (-512 -256 160 ) (-512 -256 224 ) (-512 -198.585083 224 ) 
4 40 49 (-527 -246.901627 224 ) (-527 -246.900787 160 ) (-525.462036 -248 160 ) (-525.461975 -248 224 ) 
4 40 48 (-524.115112 -248.962326 160 ) (-523.316956 -249.532715 160 ) (-523.316650 -249.533768 224 ) (-524.115112 -248.963196 224 ) 
4 40 47 (-523.316956 -249.532715 160 ) (-520.664490 -251.428177 160 ) (-520.665161 -251.428543 224 ) (-523.316650 -249.533768 224 ) 
4 40 46 (-520.664490 -251.428177 160 ) (-514.266785 -256 160 ) (-514.267944 -256 224 ) (-520.665161 -251.428543 224 ) 
4 40 43 (-526.536438 -200 160 ) (-527 -200.044800 160 ) (-527 -200.045090 224 ) (-526.534363 -200 224 ) 
4 40 41 (-512 -198.584747 160 ) (-524.885986 -199.839035 160 ) (-524.886230 -199.839340 224 ) (-512 -198.585037 224 ) 
4 41 45 (-523.318542 -197.531876 160 ) (-524 -198.534943 160 ) (-524 -198.534973 224 ) (-523.320740 -197.535156 224 ) 
4 41 44 (-522.050598 -195.665771 160 ) (-523.318542 -197.531876 160 ) (-523.320740 -197.535156 224 ) (-522.051025 -195.666428 224 ) 
4 41 42 (-519.559875 -192 224 ) (-519.559875 -192 160 ) (-522.050598 -195.665771 160 ) (-522.051025 -195.666428 224 ) 
4 42 44 (-525.462830 -196 160 ) (-522.049927 -195.665710 160 ) (-522.050354 -195.666367 224 ) (-525.468079 -196 224 ) 
4 44 45 (-524.114929 -196.964813 160 ) (-523.317627 -197.533951 160 ) (-523.319824 -197.537201 224 ) (-524.114563 -196.969879 224 ) 
4 46 50 (-526.536987 -252 160 ) (-527 -252.045135 160 ) (-527 -252.045425 224 ) (-526.536072 -252 224 ) 
4 46 47 (-520.664490 -251.428741 224 ) (-520.663818 -251.428391 160 ) (-524.884094 -251.839172 160 ) (-524.883179 -251.839386 224 ) 
4 47 48 (-523.317322 -249.536118 224 ) (-523.317627 -249.535080 160 ) (-524 -250.539398 160 ) (-524 -250.540756 224 ) 
