PRT1
33
87
4 0 29 (0 0 128 ) (0 0 1024 ) (0 896 1024 ) (0 896 128 ) 
4 0 24 (536 0 128 ) (544 0 128 ) (544 0 1024 ) (536 0 1024 ) 
4 0 27 (0 0 1024 ) (0 0 128 ) (536 0 128 ) (536 0 1024 ) 
4 0 18 (544 0 128 ) (552 0 128 ) (552 0 1024 ) (544 0 1024 ) 
4 0 17 (552 0 128 ) (894 0 128 ) (894 0 1024 ) (552 0 1024 ) 
4 0 10 (896 0 193.874268 ) (896 0 273.874268 ) (894 0 273.874298 ) (894 0 193.874268 ) 
4 0 9 (896 0 273.874268 ) (896 0 450.125671 ) (894 0 450.125671 ) (894 0 273.874298 ) 
4 0 8 (896 0 450.125671 ) (896 0 665.187439 ) (894 0 665.187500 ) (894 0 450.125671 ) 
4 0 7 (896 0 665.187439 ) (896 0 1024 ) (894 0 1024 ) (894 0 665.187500 ) 
4 0 1 (894 0 128 ) (896 0 128 ) (896 0 193.874268 ) (894 0 193.874268 ) 
4 1 21 (894 -484 128 ) (896 -484 128 ) (896 -484 290.156067 ) (894 -484 290.156067 ) 
4 1 17 (894 0 128 ) (894 -484 128 ) (894 -484 290.156067 ) (894 0 193.874268 ) 
4 1 16 (894 -434.717255 280.351501 ) (894 -443.002014 282 ) (896 -443.002014 282 ) (896 -434.717255 280.351501 ) 
4 1 15 (894 -424.941040 278.406738 ) (894 -434.717255 280.351501 ) (896 -434.717255 280.351501 ) (896 -424.941040 278.406738 ) 
4 1 14 (894 -412.177094 275.867615 ) (894 -424.941040 278.406738 ) (896 -424.941040 278.406738 ) (896 -412.177094 275.867615 ) 
4 1 13 (894 -393.066620 272.065979 ) (894 -412.177094 275.867615 ) (896 -412.177094 275.867615 ) (896 -393.066620 272.065979 ) 
4 1 12 (894 -357.759033 265.042267 ) (894 -393.066620 272.065979 ) (896 -393.066620 272.065979 ) (896 -357.759033 265.042267 ) 
4 1 11 (894 -257.207428 245.039612 ) (894 -357.759033 265.042267 ) (896 -357.759033 265.042267 ) (896 -257.207428 245.039612 ) 
4 1 10 (894 0 193.873535 ) (894 -257.207428 245.039612 ) (896 -257.207428 245.039612 ) (896 0 193.873535 ) 
4 1 2 (894 -458.305298 285.043854 ) (894 -484 290.155273 ) (896 -484 290.155273 ) (896 -458.305298 285.043854 ) 
4 2 21 (896 -484 290.156067 ) (896 -484 302.212585 ) (894 -484 302.212585 ) (894 -484 290.156067 ) 
3 2 17 (894 -484 290.156067 ) (894 -484 302.212585 ) (894 -458.306976 285.044983 ) 
4 2 3 (894 -471.281006 293.711548 ) (894 -484 302.210144 ) (896 -484 302.210144 ) (896 -471.281006 293.711548 ) 
4 3 21 (896 -484 302.212585 ) (896 -484 312.746796 ) (894 -484 312.746765 ) (894 -484 302.212585 ) 
3 3 17 (894 -484 302.212585 ) (894 -484 312.746796 ) (894 -471.283936 293.715942 ) 
4 3 4 (894 -479.955811 306.697174 ) (894 -484 312.749695 ) (896 -484 312.749695 ) (896 -479.955811 306.697174 ) 
4 4 21 (896 -484 312.746796 ) (896 -484 327.027008 ) (894 -484 327.026978 ) (894 -484 312.746765 ) 
3 4 17 (894 -484 312.746796 ) (894 -484 327.027008 ) (894 -479.954987 306.693024 ) 
4 4 5 (894 -483 321.998901 ) (894 -484 327.024811 ) (896 -484 327.024811 ) (896 -483 321.998901 ) 
4 5 21 (896 -484 327.027008 ) (896 -484 1024 ) (894 -484 1024 ) (894 -484 327.026978 ) 
4 5 17 (894 -484 327.027008 ) (894 -484 1024 ) (894 -343.351563 1024 ) (894 -483 322 ) 
4 5 6 (894 -479.954987 337.307007 ) (894 -343.351563 1024 ) (896 -343.351563 1024 ) (896 -479.955017 337.307007 ) 
3 6 17 (894 -343.351563 1024 ) (894 -21.119110 1024 ) (894 -479.954926 337.307068 ) 
4 6 7 (894 -471.282593 350.284912 ) (894 -21.118439 1024 ) (896 -21.118439 1024 ) (896 -471.282593 350.284912 ) 
4 7 17 (894 -21.119110 1024 ) (894 0 1024 ) (894 0 665.187500 ) (894 -471.284027 350.283936 ) 
4 7 8 (894 -458.309784 358.954407 ) (894 0 665.188721 ) (896 0 665.188721 ) (896 -458.309784 358.954437 ) 
3 8 17 (894 0 665.187500 ) (894 0 450.125671 ) (894 -458.307007 358.954956 ) 
4 8 9 (894 -442.998596 362 ) (894 0 450.125153 ) (896 0 450.125122 ) (896 -442.998596 362 ) 
3 9 17 (894 0 450.125671 ) (894 0 273.874298 ) (894 -443 362 ) 
4 9 10 (894 -427.692505 358.954681 ) (894 0 273.874084 ) (896 0 273.874084 ) (896 -427.692505 358.954681 ) 
4 10 17 (894 0 273.874298 ) (894 0 193.874268 ) (894 -257.209076 245.040710 ) (894 -427.692993 358.955017 ) 
4 10 11 (894 -414.715881 350.283813 ) (894 -257.209503 245.041748 ) (896 -257.209503 245.041748 ) (896 -414.715881 350.283813 ) 
3 11 17 (894 -257.209076 245.040710 ) (894 -357.759613 265.043152 ) (894 -414.716034 350.284058 ) 
4 11 12 (894 -357.758301 265.042908 ) (896 -357.758301 265.042908 ) (896 -406.045502 337.309631 ) (894 -406.045502 337.309631 ) 
3 12 17 (894 -357.759613 265.043152 ) (894 -393.066803 272.066803 ) (894 -406.044983 337.306976 ) 
4 12 13 (894 -393.066406 272.066711 ) (896 -393.066406 272.066711 ) (896 -403 322.001038 ) (894 -403 322.001038 ) 
3 13 17 (894 -393.066803 272.066803 ) (894 -412.176941 275.868378 ) (894 -403 322 ) 
4 13 14 (894 -412.177277 275.868439 ) (896 -412.177277 275.868439 ) (896 -406.047394 306.682861 ) (894 -406.047394 306.682861 ) 
3 14 17 (894 -412.176941 275.868378 ) (894 -424.940552 278.407440 ) (894 -406.046906 306.683624 ) 
4 14 15 (894 -424.942291 278.407745 ) (896 -424.942291 278.407745 ) (896 -414.711578 293.718964 ) (894 -414.711578 293.718964 ) 
3 15 17 (894 -424.940552 278.407440 ) (894 -434.716339 280.352112 ) (894 -414.708160 293.721222 ) 
4 15 16 (894 -427.700134 285.043579 ) (894 -434.720276 280.352905 ) (896 -434.720276 280.352905 ) (896 -427.700134 285.043579 ) 
3 16 17 (894 -434.716339 280.352112 ) (894 -443 282 ) (894 -427.692932 285.045044 ) 
4 17 21 (552 -484 128 ) (894 -484 128 ) (894 -484 1024 ) (552 -484 1024 ) 
4 17 19 (552 -404 260 ) (552 -404 1024 ) (552 -396 1024 ) (552 -396 260 ) 
4 17 18 (552 0 128 ) (552 -396 128 ) (552 -396 1024 ) (552 0 1024 ) 
4 17 20 (552 -404 128 ) (552 -484 128 ) (552 -484 1024 ) (552 -404 1024 ) 
4 18 25 (544 -396 258 ) (544 -396 1024 ) (544 -380 1024 ) (544 -380 258 ) 
4 18 26 (544 -380 128 ) (544 -396 128 ) (544 -396 130 ) (544 -380 130 ) 
4 18 24 (544 0 128 ) (544 -380 128 ) (544 -380 1024 ) (544 0 1024 ) 
4 18 19 (544 -396 1024 ) (544 -396 260 ) (552 -396 260 ) (552 -396 1024 ) 
4 19 25 (544 -404 260 ) (544 -404 1024 ) (544 -396 1024 ) (544 -396 260 ) 
4 19 20 (544 -404 1024 ) (544 -404 260 ) (552 -404 260 ) (552 -404 1024 ) 
4 20 25 (544 -484 258 ) (544 -484 1024 ) (544 -404 1024 ) (544 -404 258 ) 
4 20 26 (544 -404 128 ) (544 -484 128 ) (544 -484 130 ) (544 -404 130 ) 
4 20 22 (544 -484 1024 ) (544 -484 260 ) (552 -484 260 ) (552 -484 1024 ) 
4 21 22 (552 -484 1024 ) (552 -484 260 ) (552 -492 260 ) (552 -492 1024 ) 
4 21 23 (552 -492 128 ) (552 -896 128 ) (552 -896 1024 ) (552 -492 1024 ) 
4 22 25 (544 -492 260 ) (544 -492 1024 ) (544 -484 1024 ) (544 -484 260 ) 
4 22 23 (544 -492 1024 ) (544 -492 260 ) (552 -492 260 ) (552 -492 1024 ) 
4 23 28 (544 -508 128 ) (544 -896 128 ) (544 -896 1024 ) (544 -508 1024 ) 
4 23 25 (544 -508 258 ) (544 -508 1024 ) (544 -492 1024 ) (544 -492 258 ) 
4 23 26 (544 -492 128 ) (544 -508 128 ) (544 -508 130 ) (544 -492 130 ) 
4 24 25 (536 -380 1024 ) (536 -380 258 ) (544 -380 258 ) (544 -380 1024 ) 
4 24 26 (536 -380 130 ) (536 -380 128 ) (544 -380 128 ) (544 -380 130 ) 
4 24 27 (536 0 128 ) (536 -380 128 ) (536 -380 1024 ) (536 0 1024 ) 
4 25 28 (544 -508 258 ) (544 -508 1024 ) (536 -508 1024 ) (536 -508 258 ) 
4 25 27 (536 -508 258 ) (536 -508 1024 ) (536 -380 1024 ) (536 -380 258 ) 
4 26 28 (536 -508 128 ) (544 -508 128 ) (544 -508 130 ) (536 -508 130 ) 
4 26 27 (536 -380 128 ) (536 -508 128 ) (536 -508 130 ) (536 -380 130 ) 
4 27 31 (0 -508 1024 ) (0 0 1024 ) (0 0 128 ) (0 -508 128 ) 
4 27 28 (0 -508 128 ) (536 -508 128 ) (536 -508 1024 ) (0 -508 1024 ) 
4 28 31 (0 -896 1024 ) (0 -508 1024 ) (0 -508 128 ) (0 -896 128 ) 
4 29 31 (0 0 128 ) (0 0 1024 ) (-1024 0 1024 ) (-1024 0 128 ) 
4 29 30 (-1024 0 128 ) (-1024 0 1024 ) (-1024 896 1024 ) (-1024 896 128 ) 
4 30 32 (-1024 0 128 ) (-1024 0 1024 ) (-1792 0 1024 ) (-1792 0 128 ) 
4 31 32 (-1024 0 1024 ) (-1024 0 128 ) (-1024 -896 128 ) (-1024 -896 1024 ) 
