22:10:31.310 INFO  Loading C:\Program Files (x86)\Steam\steamapps\sourcemods\Factum Solus\maps\funnelbridge.bsp
22:10:31.538 INFO  Using 'DStaticPropV6' for sprp version 6
22:10:31.545 WARN  Lump LUMP_CUBEMAPS is empty
22:10:31.566 WARN  Lump LUMP_CLIPPORTALVERTS is empty
22:10:31.567 WARN  Lump LUMP_DISPINFO is empty
22:10:31.567 WARN  Lump LUMP_DISP_VERTS is empty
22:10:31.575 WARN  Lump LUMP_DISP_TRIS is empty
22:10:31.578 WARN  Tried reading lump 'LUMP_DISP_MULTIBLEND', but it is not supported by the bsp's version
22:10:31.600 WARN  Lump LUMP_OVERLAYS is empty
22:10:31.604 WARN  Lump LUMP_OVERLAY_FADES is empty
22:10:31.666 WARN  Lump LUMP_OVERLAY_SYSTEM_LEVELS is empty
22:10:31.673 INFO  BSP version: 20
22:10:31.675 INFO  Game: Portal
22:10:31.731 INFO  No areaportals to reallocate...
22:10:31.741 INFO  No occluders to reallocate...
22:10:32.041 INFO  304 (28.0%) exact brushside->origface matches
22:10:32.054 INFO  0/0 (nondisp/disp) original faces left after exact brushside->origface matching
22:10:32.099 INFO  19 (1.7%) partial brushside->origface matches
22:10:32.115 INFO  Writing brushes and planes
22:10:32.474 INFO  Writing displacements
22:10:32.474 INFO  Writing entities
22:10:32.506 INFO  Writing func_details
22:10:32.537 INFO  Writing info_overlays
22:10:32.537 INFO  Writing prop_statics
22:10:32.553 INFO  Writing env_cubemaps
22:10:32.553 INFO  Writing func_ladders
22:10:32.568 INFO  Finished decompiling C:\Program Files (x86)\Steam\steamapps\sourcemods\Factum Solus\maps\funnelbridge.bsp.



Using shader api: shaderapiempty.dll
materialPath: C:\Program Files (x86)\Steam\steamapps\sourcemods\splitting\materials
Loading C:\Program Files (x86)\Steam\steamapps\sourcemods\splitting\mapsrc\funnelbridge_d.vmf
Map revision 1
material "factumsolus/textures/metal_p2_small_001b" not found.
Material not found!: FACTUMSOLUS/TEXTURES/METAL_P2_SMALL_001B
ConVarRef mat_reduceparticles doesn't point to an existing ConVar
"materials/glass/glasswindow_refract01.vtf": cached version doesn't exist
Could not locate GameData file 
fixing up env_cubemap materials on brush sides...
0...1...2...3...4...5...6...7...8...9...100...1...2...3...4...5...6...7...8...9...10Processing areas...done (0)
Building Faces...done (0)
Chop Details...done (0)
Find Visible Detail Sides...
Merged 16 detail faces...done (0)
Merging details...done (0)
FixTjuncs...
PruneNodes...
WriteBSP...
done (0)
writing C:\Program Files (x86)\Steam\steamapps\sourcemods\splitting\mapsrc\funnelbridge_d.prt...Building visibility clusters...
done (0)
Finding displacement neighbors...
Finding lightmap sample positions...
Displacement Alpha : 0...1...2...3...4...5...6...7...8...9...10
Building Physics collision data...
done (0) (56299 bytes)
Placing detail props : 0...1...2...3...4...5...6...7...8...9...10
Compacting texture/material tables...
Reduced 196 texinfos to 97
Reduced 25 texdatas to 21 (772 bytes to 566)
Writing C:\Program Files (x86)\Steam\steamapps\sourcemods\splitting\mapsrc\funnelbridge_d.bsp
0 seconds elapsed



2 threads
reading c:\program files (x86)\steam\steamapps\sourcemods\splitting\mapsrc\funnelbridge_d.bsp
reading c:\program files (x86)\steam\steamapps\sourcemods\splitting\mapsrc\funnelbridge_d.prt
  52 portalclusters
  87 numportals
0...1...2...3...4...5...6...7...8...9...100...1...2...3...4...5...6...7...8...9...10Optimized: 0 visible clusters (0.00%)
Total clusters visible: 1290
Average clusters visible: 24
Building PAS...
Average clusters audible: 42
visdatasize:1165  compressed from 832
writing c:\program files (x86)\steam\steamapps\sourcemods\splitting\mapsrc\funnelbridge_d.bsp
0 seconds elapsed



[Reading texlights from 'lights.rad']
[53 texlights parsed from 'lights.rad']

Loading c:\program files (x86)\steam\steamapps\sourcemods\splitting\mapsrc\funnelbridge_d.bsp
413 faces
48133 square feet [6931275.00 square inches]
0 Displacements
0 Square Feet [0.00 Square Inches]
413 patches before subdivision
5113 patches after subdivision
10 direct lights
0...1...2...3...4...5...6...7...8...9...100...1...2...3...4...5...6...7...8...9...10transfers 629662, max 367
transfer lists:   4.8 megs
0...1...2...3...4...5...6...7...8...9...10	Bounce #1 added RGB(26430, 33785, 37937)
0...1...2...3...4...5...6...7...8...9...10	Bounce #2 added RGB(6362, 8191, 8854)
0...1...2...3...4...5...6...7...8...9...10	Bounce #3 added RGB(1645, 2130, 2205)
0...1...2...3...4...5...6...7...8...9...10	Bounce #4 added RGB(446, 580, 574)
0...1...2...3...4...5...6...7...8...9...10	Bounce #5 added RGB(124, 162, 153)
0...1...2...3...4...5...6...7...8...9...10	Bounce #6 added RGB(35, 46, 41)
0...1...2...3...4...5...6...7...8...9...10	Bounce #7 added RGB(10, 13, 11)
0...1...2...3...4...5...6...7...8...9...10	Bounce #8 added RGB(3, 4, 3)
0...1...2...3...4...5...6...7...8...9...10	Bounce #9 added RGB(1, 1, 1)
0...1...2...3...4...5...6...7...8...9...10	Bounce #10 added RGB(0, 0, 0)
Build Patch/Sample Hash Table(s).....Done<0.0016 sec>
0...1...2...3...4...5...6...7...8...9...10FinalLightFace Done
0 of 8 (0% of) surface lights went in leaf ambient cubes.
0...1...2...3...4...5...6...7...8...9...10Writing leaf ambient...done
Computing static prop lighting : 00...1...2...3...4...5...6...7...8...9...10
Ready to Finish

Object names       Objects/Maxobjs  Memory / Maxmem  Fullness 
------------       ---------------  ---------------  -------- 
models                  15/4096          720/196608   ( 0.4%) 
brushes                152/32768        1824/393216   ( 0.5%) 
brushsides            1117/65536        8936/524288   ( 1.7%) 
planes                 826/65536       16520/1310720  ( 1.3%) 
vertexes               767/65536        9204/786432   ( 1.2%) 
nodes                  339/65536       10848/2097152  ( 0.5%) 
texinfos                97/12288        6984/884736   ( 0.8%) 
texdata                 21/2048          672/65536    ( 1.0%) 
dispinfos                0/0               0/0        ( 0.0%) 
disp_verts               0/0               0/0        ( 0.0%) 
disp_tris                0/0               0/0        ( 0.0%) 
disp_lmsamples           0/0               0/0        ( 0.0%) 
faces                  413/65536       23128/3670016  ( 0.6%) 
hdr faces                0/65536           0/3670016  ( 0.0%) 
origfaces              302/65536       16912/3670016  ( 0.5%) 
leaves                 355/65536       11360/2097152  ( 0.5%) 
leaffaces              455/65536         910/131072   ( 0.7%) 
leafbrushes            458/65536         916/131072   ( 0.7%) 
areas                    3/1024           24/8192     ( 0.3%) 
surfedges             3165/512000      12660/2048000  ( 0.6%) 
edges                 1874/256000       7496/1024000  ( 0.7%) 
LDR worldlights         10/16384         880/1441792  ( 0.1%) 
HDR worldlights          0/16384           0/1441792  ( 0.0%) 
leafwaterdata            0/32768           0/393216   ( 0.0%) 
waterstrips             30/131072        300/1310720  ( 0.0%) 
waterverts               0/131072          0/1572864  ( 0.0%) 
waterindices           510/131072       1020/262144   ( 0.4%) 
cubemapsamples           0/1024            0/16384    ( 0.0%) 
overlays                 0/1024            0/360448   ( 0.0%) 
LDR lightdata         [variable]      245452/0        ( 0.0%) 
HDR lightdata         [variable]           0/0        ( 0.0%) 
visdata               [variable]        1165/16777216 ( 0.0%) 
entdata               [variable]       12039/393216   ( 3.1%) 
LDR ambient table      355/65536        1420/262144   ( 0.5%) 
HDR ambient table      355/65536        1420/262144   ( 0.5%) 
LDR leaf ambient      1086/65536       30408/1835008  ( 1.7%) 
HDR leaf ambient       355/65536        9940/1835008  ( 0.5%) 
occluders                0/0               0/0        ( 0.0%) 
occluder polygons        0/0               0/0        ( 0.0%) 
occluder vert ind        0/0               0/0        ( 0.0%) 
detail props          [variable]           1/12       ( 8.3%) 
static props          [variable]           1/2088     ( 0.0%) 
pakfile               [variable]      250144/0        ( 0.0%) 
physics               [variable]       56299/4194304  ( 1.3%) 
physics terrain       [variable]           2/1048576  ( 0.0%) 

Level flags = 1

Total triangle count: 1156
Writing c:\program files (x86)\steam\steamapps\sourcemods\splitting\mapsrc\funnelbridge_d.bsp
4 seconds elapsed



[Reading texlights from 'lights.rad']
[53 texlights parsed from 'lights.rad']

Loading c:\program files (x86)\steam\steamapps\sourcemods\splitting\mapsrc\funnelbridge_d.bsp
413 faces
48133 square feet [6931275.00 square inches]
0 Displacements
0 Square Feet [0.00 Square Inches]
413 patches before subdivision
5113 patches after subdivision
10 direct lights
0...1...2...3...4...5...6...7...8...9...100...1...2...3...4...5...6...7...8...9...10transfers 629662, max 367
transfer lists:   4.8 megs
0...1...2...3...4...5...6...7...8...9...10	Bounce #1 added RGB(23183, 29622, 33355)
0...1...2...3...4...5...6...7...8...9...10	Bounce #2 added RGB(5517, 7096, 7699)
0...1...2...3...4...5...6...7...8...9...10	Bounce #3 added RGB(1420, 1836, 1908)
0...1...2...3...4...5...6...7...8...9...10	Bounce #4 added RGB(385, 500, 497)
0...1...2...3...4...5...6...7...8...9...10	Bounce #5 added RGB(107, 140, 133)
0...1...2...3...4...5...6...7...8...9...10	Bounce #6 added RGB(30, 40, 36)
0...1...2...3...4...5...6...7...8...9...10	Bounce #7 added RGB(9, 11, 10)
0...1...2...3...4...5...6...7...8...9...10	Bounce #8 added RGB(2, 3, 3)
0...1...2...3...4...5...6...7...8...9...10	Bounce #9 added RGB(1, 1, 1)
Build Patch/Sample Hash Table(s).....Done<0.0010 sec>
0...1...2...3...4...5...6...7...8...9...10FinalLightFace Done
0 of 8 (0% of) surface lights went in leaf ambient cubes.
0...1...2...3...4...5...6...7...8...9...10Writing leaf ambient...done
Computing static prop lighting : 00...1...2...3...4...5...6...7...8...9...10
Ready to Finish

Object names       Objects/Maxobjs  Memory / Maxmem  Fullness 
------------       ---------------  ---------------  -------- 
models                  15/4096          720/196608   ( 0.4%) 
brushes                152/32768        1824/393216   ( 0.5%) 
brushsides            1117/65536        8936/524288   ( 1.7%) 
planes                 826/65536       16520/1310720  ( 1.3%) 
vertexes               767/65536        9204/786432   ( 1.2%) 
nodes                  339/65536       10848/2097152  ( 0.5%) 
texinfos                97/12288        6984/884736   ( 0.8%) 
texdata                 21/2048          672/65536    ( 1.0%) 
dispinfos                0/0               0/0        ( 0.0%) 
disp_verts               0/0               0/0        ( 0.0%) 
disp_tris                0/0               0/0        ( 0.0%) 
disp_lmsamples           0/0               0/0        ( 0.0%) 
faces                  413/65536       23128/3670016  ( 0.6%) 
hdr faces              413/65536       23128/3670016  ( 0.6%) 
origfaces              302/65536       16912/3670016  ( 0.5%) 
leaves                 355/65536       11360/2097152  ( 0.5%) 
leaffaces              455/65536         910/131072   ( 0.7%) 
leafbrushes            458/65536         916/131072   ( 0.7%) 
areas                    3/1024           24/8192     ( 0.3%) 
surfedges             3165/512000      12660/2048000  ( 0.6%) 
edges                 1874/256000       7496/1024000  ( 0.7%) 
LDR worldlights         10/16384         880/1441792  ( 0.1%) 
HDR worldlights         10/16384         880/1441792  ( 0.1%) 
leafwaterdata            0/32768           0/393216   ( 0.0%) 
waterstrips             30/131072        300/1310720  ( 0.0%) 
waterverts               0/131072          0/1572864  ( 0.0%) 
waterindices           510/131072       1020/262144   ( 0.4%) 
cubemapsamples           0/1024            0/16384    ( 0.0%) 
overlays                 0/1024            0/360448   ( 0.0%) 
LDR lightdata         [variable]      245452/0        ( 0.0%) 
HDR lightdata         [variable]      245452/0        ( 0.0%) 
visdata               [variable]        1165/16777216 ( 0.0%) 
entdata               [variable]       12039/393216   ( 3.1%) 
LDR ambient table      355/65536        1420/262144   ( 0.5%) 
HDR ambient table      355/65536        1420/262144   ( 0.5%) 
LDR leaf ambient      1086/65536       30408/1835008  ( 1.7%) 
HDR leaf ambient      1084/65536       30352/1835008  ( 1.7%) 
occluders                0/0               0/0        ( 0.0%) 
occluder polygons        0/0               0/0        ( 0.0%) 
occluder vert ind        0/0               0/0        ( 0.0%) 
detail props          [variable]           1/12       ( 8.3%) 
static props          [variable]           1/2088     ( 0.0%) 
pakfile               [variable]      325588/0        ( 0.0%) 
physics               [variable]       56299/4194304  ( 1.3%) 
physics terrain       [variable]           2/1048576  ( 0.0%) 

Level flags = 3

Total triangle count: 1156
Writing c:\program files (x86)\steam\steamapps\sourcemods\splitting\mapsrc\funnelbridge_d.bsp
3 seconds elapsed
